[2023-07-09T18:59:48.603+0000] {processor.py:157} INFO - Started process (PID=45) to work on /home/airflow/.local/lib/python3.7/site-packages/airflow/example_dags/example_branch_operator.py
[2023-07-09T18:59:48.605+0000] {processor.py:826} INFO - Processing file /home/airflow/.local/lib/python3.7/site-packages/airflow/example_dags/example_branch_operator.py for tasks to queue
[2023-07-09T18:59:48.606+0000] {logging_mixin.py:149} INFO - [2023-07-09T18:59:48.606+0000] {dagbag.py:541} INFO - Filling up the DagBag from /home/airflow/.local/lib/python3.7/site-packages/airflow/example_dags/example_branch_operator.py
[2023-07-09T18:59:48.624+0000] {processor.py:836} INFO - DAG(s) dict_keys(['example_branch_operator']) retrieved from /home/airflow/.local/lib/python3.7/site-packages/airflow/example_dags/example_branch_operator.py
[2023-07-09T18:59:48.747+0000] {logging_mixin.py:149} INFO - [2023-07-09T18:59:48.747+0000] {manager.py:504} INFO - Created Permission View: can read on DAG:example_branch_operator
[2023-07-09T18:59:48.758+0000] {logging_mixin.py:149} INFO - [2023-07-09T18:59:48.758+0000] {manager.py:504} INFO - Created Permission View: can edit on DAG:example_branch_operator
[2023-07-09T18:59:48.766+0000] {logging_mixin.py:149} INFO - [2023-07-09T18:59:48.765+0000] {manager.py:504} INFO - Created Permission View: can delete on DAG:example_branch_operator
[2023-07-09T18:59:48.783+0000] {logging_mixin.py:149} INFO - [2023-07-09T18:59:48.783+0000] {dag.py:2726} INFO - Sync 1 DAGs
[2023-07-09T18:59:48.797+0000] {logging_mixin.py:149} INFO - [2023-07-09T18:59:48.797+0000] {dag.py:2747} INFO - Creating ORM DAG for example_branch_operator
[2023-07-09T18:59:48.810+0000] {logging_mixin.py:149} INFO - [2023-07-09T18:59:48.810+0000] {dag.py:3490} INFO - Setting next_dagrun for example_branch_operator to 2023-07-08T00:00:00+00:00, run_after=2023-07-09T00:00:00+00:00
[2023-07-09T18:59:48.829+0000] {processor.py:179} INFO - Processing /home/airflow/.local/lib/python3.7/site-packages/airflow/example_dags/example_branch_operator.py took 0.231 seconds
[2023-07-09T19:00:19.122+0000] {processor.py:157} INFO - Started process (PID=110) to work on /home/airflow/.local/lib/python3.7/site-packages/airflow/example_dags/example_branch_operator.py
[2023-07-09T19:00:19.123+0000] {processor.py:826} INFO - Processing file /home/airflow/.local/lib/python3.7/site-packages/airflow/example_dags/example_branch_operator.py for tasks to queue
[2023-07-09T19:00:19.124+0000] {logging_mixin.py:149} INFO - [2023-07-09T19:00:19.123+0000] {dagbag.py:541} INFO - Filling up the DagBag from /home/airflow/.local/lib/python3.7/site-packages/airflow/example_dags/example_branch_operator.py
[2023-07-09T19:00:19.132+0000] {processor.py:836} INFO - DAG(s) dict_keys(['example_branch_operator']) retrieved from /home/airflow/.local/lib/python3.7/site-packages/airflow/example_dags/example_branch_operator.py
[2023-07-09T19:00:19.157+0000] {logging_mixin.py:149} INFO - [2023-07-09T19:00:19.157+0000] {dag.py:2726} INFO - Sync 1 DAGs
[2023-07-09T19:00:19.183+0000] {logging_mixin.py:149} INFO - [2023-07-09T19:00:19.183+0000] {dag.py:3490} INFO - Setting next_dagrun for example_branch_operator to 2023-07-08T00:00:00+00:00, run_after=2023-07-09T00:00:00+00:00
[2023-07-09T19:00:19.202+0000] {processor.py:179} INFO - Processing /home/airflow/.local/lib/python3.7/site-packages/airflow/example_dags/example_branch_operator.py took 0.083 seconds
[2023-07-09T19:00:49.323+0000] {processor.py:157} INFO - Started process (PID=175) to work on /home/airflow/.local/lib/python3.7/site-packages/airflow/example_dags/example_branch_operator.py
[2023-07-09T19:00:49.324+0000] {processor.py:826} INFO - Processing file /home/airflow/.local/lib/python3.7/site-packages/airflow/example_dags/example_branch_operator.py for tasks to queue
[2023-07-09T19:00:49.325+0000] {logging_mixin.py:149} INFO - [2023-07-09T19:00:49.325+0000] {dagbag.py:541} INFO - Filling up the DagBag from /home/airflow/.local/lib/python3.7/site-packages/airflow/example_dags/example_branch_operator.py
[2023-07-09T19:00:49.334+0000] {processor.py:836} INFO - DAG(s) dict_keys(['example_branch_operator']) retrieved from /home/airflow/.local/lib/python3.7/site-packages/airflow/example_dags/example_branch_operator.py
[2023-07-09T19:00:49.359+0000] {logging_mixin.py:149} INFO - [2023-07-09T19:00:49.359+0000] {dag.py:2726} INFO - Sync 1 DAGs
[2023-07-09T19:00:49.386+0000] {logging_mixin.py:149} INFO - [2023-07-09T19:00:49.385+0000] {dag.py:3490} INFO - Setting next_dagrun for example_branch_operator to 2023-07-08T00:00:00+00:00, run_after=2023-07-09T00:00:00+00:00
[2023-07-09T19:00:49.405+0000] {processor.py:179} INFO - Processing /home/airflow/.local/lib/python3.7/site-packages/airflow/example_dags/example_branch_operator.py took 0.085 seconds
[2023-07-09T19:01:19.581+0000] {processor.py:157} INFO - Started process (PID=240) to work on /home/airflow/.local/lib/python3.7/site-packages/airflow/example_dags/example_branch_operator.py
[2023-07-09T19:01:19.583+0000] {processor.py:826} INFO - Processing file /home/airflow/.local/lib/python3.7/site-packages/airflow/example_dags/example_branch_operator.py for tasks to queue
[2023-07-09T19:01:19.583+0000] {logging_mixin.py:149} INFO - [2023-07-09T19:01:19.583+0000] {dagbag.py:541} INFO - Filling up the DagBag from /home/airflow/.local/lib/python3.7/site-packages/airflow/example_dags/example_branch_operator.py
[2023-07-09T19:01:19.592+0000] {processor.py:836} INFO - DAG(s) dict_keys(['example_branch_operator']) retrieved from /home/airflow/.local/lib/python3.7/site-packages/airflow/example_dags/example_branch_operator.py
[2023-07-09T19:01:19.618+0000] {logging_mixin.py:149} INFO - [2023-07-09T19:01:19.618+0000] {dag.py:2726} INFO - Sync 1 DAGs
[2023-07-09T19:01:19.644+0000] {logging_mixin.py:149} INFO - [2023-07-09T19:01:19.643+0000] {dag.py:3490} INFO - Setting next_dagrun for example_branch_operator to 2023-07-08T00:00:00+00:00, run_after=2023-07-09T00:00:00+00:00
[2023-07-09T19:01:19.662+0000] {processor.py:179} INFO - Processing /home/airflow/.local/lib/python3.7/site-packages/airflow/example_dags/example_branch_operator.py took 0.084 seconds
[2023-07-09T19:01:50.189+0000] {processor.py:157} INFO - Started process (PID=305) to work on /home/airflow/.local/lib/python3.7/site-packages/airflow/example_dags/example_branch_operator.py
[2023-07-09T19:01:50.190+0000] {processor.py:826} INFO - Processing file /home/airflow/.local/lib/python3.7/site-packages/airflow/example_dags/example_branch_operator.py for tasks to queue
[2023-07-09T19:01:50.191+0000] {logging_mixin.py:149} INFO - [2023-07-09T19:01:50.191+0000] {dagbag.py:541} INFO - Filling up the DagBag from /home/airflow/.local/lib/python3.7/site-packages/airflow/example_dags/example_branch_operator.py
[2023-07-09T19:01:50.199+0000] {processor.py:836} INFO - DAG(s) dict_keys(['example_branch_operator']) retrieved from /home/airflow/.local/lib/python3.7/site-packages/airflow/example_dags/example_branch_operator.py
[2023-07-09T19:01:50.224+0000] {logging_mixin.py:149} INFO - [2023-07-09T19:01:50.224+0000] {dag.py:2726} INFO - Sync 1 DAGs
[2023-07-09T19:01:50.249+0000] {logging_mixin.py:149} INFO - [2023-07-09T19:01:50.249+0000] {dag.py:3490} INFO - Setting next_dagrun for example_branch_operator to 2023-07-08T00:00:00+00:00, run_after=2023-07-09T00:00:00+00:00
[2023-07-09T19:01:50.268+0000] {processor.py:179} INFO - Processing /home/airflow/.local/lib/python3.7/site-packages/airflow/example_dags/example_branch_operator.py took 0.082 seconds
[2023-07-09T19:02:20.793+0000] {processor.py:157} INFO - Started process (PID=370) to work on /home/airflow/.local/lib/python3.7/site-packages/airflow/example_dags/example_branch_operator.py
[2023-07-09T19:02:20.794+0000] {processor.py:826} INFO - Processing file /home/airflow/.local/lib/python3.7/site-packages/airflow/example_dags/example_branch_operator.py for tasks to queue
[2023-07-09T19:02:20.795+0000] {logging_mixin.py:149} INFO - [2023-07-09T19:02:20.794+0000] {dagbag.py:541} INFO - Filling up the DagBag from /home/airflow/.local/lib/python3.7/site-packages/airflow/example_dags/example_branch_operator.py
[2023-07-09T19:02:20.804+0000] {processor.py:836} INFO - DAG(s) dict_keys(['example_branch_operator']) retrieved from /home/airflow/.local/lib/python3.7/site-packages/airflow/example_dags/example_branch_operator.py
[2023-07-09T19:02:20.838+0000] {logging_mixin.py:149} INFO - [2023-07-09T19:02:20.838+0000] {dag.py:2726} INFO - Sync 1 DAGs
[2023-07-09T19:02:20.869+0000] {logging_mixin.py:149} INFO - [2023-07-09T19:02:20.869+0000] {dag.py:3490} INFO - Setting next_dagrun for example_branch_operator to 2023-07-08T00:00:00+00:00, run_after=2023-07-09T00:00:00+00:00
[2023-07-09T19:02:20.889+0000] {processor.py:179} INFO - Processing /home/airflow/.local/lib/python3.7/site-packages/airflow/example_dags/example_branch_operator.py took 0.099 seconds
[2023-07-09T19:02:51.081+0000] {processor.py:157} INFO - Started process (PID=435) to work on /home/airflow/.local/lib/python3.7/site-packages/airflow/example_dags/example_branch_operator.py
[2023-07-09T19:02:51.082+0000] {processor.py:826} INFO - Processing file /home/airflow/.local/lib/python3.7/site-packages/airflow/example_dags/example_branch_operator.py for tasks to queue
[2023-07-09T19:02:51.083+0000] {logging_mixin.py:149} INFO - [2023-07-09T19:02:51.083+0000] {dagbag.py:541} INFO - Filling up the DagBag from /home/airflow/.local/lib/python3.7/site-packages/airflow/example_dags/example_branch_operator.py
[2023-07-09T19:02:51.093+0000] {processor.py:836} INFO - DAG(s) dict_keys(['example_branch_operator']) retrieved from /home/airflow/.local/lib/python3.7/site-packages/airflow/example_dags/example_branch_operator.py
[2023-07-09T19:02:51.123+0000] {logging_mixin.py:149} INFO - [2023-07-09T19:02:51.122+0000] {dag.py:2726} INFO - Sync 1 DAGs
[2023-07-09T19:02:51.153+0000] {logging_mixin.py:149} INFO - [2023-07-09T19:02:51.152+0000] {dag.py:3490} INFO - Setting next_dagrun for example_branch_operator to 2023-07-08T00:00:00+00:00, run_after=2023-07-09T00:00:00+00:00
[2023-07-09T19:02:51.175+0000] {processor.py:179} INFO - Processing /home/airflow/.local/lib/python3.7/site-packages/airflow/example_dags/example_branch_operator.py took 0.098 seconds
[2023-07-09T19:03:21.328+0000] {processor.py:157} INFO - Started process (PID=500) to work on /home/airflow/.local/lib/python3.7/site-packages/airflow/example_dags/example_branch_operator.py
[2023-07-09T19:03:21.329+0000] {processor.py:826} INFO - Processing file /home/airflow/.local/lib/python3.7/site-packages/airflow/example_dags/example_branch_operator.py for tasks to queue
[2023-07-09T19:03:21.330+0000] {logging_mixin.py:149} INFO - [2023-07-09T19:03:21.330+0000] {dagbag.py:541} INFO - Filling up the DagBag from /home/airflow/.local/lib/python3.7/site-packages/airflow/example_dags/example_branch_operator.py
[2023-07-09T19:03:21.339+0000] {processor.py:836} INFO - DAG(s) dict_keys(['example_branch_operator']) retrieved from /home/airflow/.local/lib/python3.7/site-packages/airflow/example_dags/example_branch_operator.py
[2023-07-09T19:03:21.366+0000] {logging_mixin.py:149} INFO - [2023-07-09T19:03:21.366+0000] {dag.py:2726} INFO - Sync 1 DAGs
[2023-07-09T19:03:21.396+0000] {logging_mixin.py:149} INFO - [2023-07-09T19:03:21.395+0000] {dag.py:3490} INFO - Setting next_dagrun for example_branch_operator to 2023-07-08T00:00:00+00:00, run_after=2023-07-09T00:00:00+00:00
[2023-07-09T19:03:21.418+0000] {processor.py:179} INFO - Processing /home/airflow/.local/lib/python3.7/site-packages/airflow/example_dags/example_branch_operator.py took 0.094 seconds
[2023-07-09T19:03:51.613+0000] {processor.py:157} INFO - Started process (PID=565) to work on /home/airflow/.local/lib/python3.7/site-packages/airflow/example_dags/example_branch_operator.py
[2023-07-09T19:03:51.614+0000] {processor.py:826} INFO - Processing file /home/airflow/.local/lib/python3.7/site-packages/airflow/example_dags/example_branch_operator.py for tasks to queue
[2023-07-09T19:03:51.615+0000] {logging_mixin.py:149} INFO - [2023-07-09T19:03:51.615+0000] {dagbag.py:541} INFO - Filling up the DagBag from /home/airflow/.local/lib/python3.7/site-packages/airflow/example_dags/example_branch_operator.py
[2023-07-09T19:03:51.624+0000] {processor.py:836} INFO - DAG(s) dict_keys(['example_branch_operator']) retrieved from /home/airflow/.local/lib/python3.7/site-packages/airflow/example_dags/example_branch_operator.py
[2023-07-09T19:03:51.652+0000] {logging_mixin.py:149} INFO - [2023-07-09T19:03:51.652+0000] {dag.py:2726} INFO - Sync 1 DAGs
[2023-07-09T19:03:51.680+0000] {logging_mixin.py:149} INFO - [2023-07-09T19:03:51.680+0000] {dag.py:3490} INFO - Setting next_dagrun for example_branch_operator to 2023-07-08T00:00:00+00:00, run_after=2023-07-09T00:00:00+00:00
[2023-07-09T19:03:51.699+0000] {processor.py:179} INFO - Processing /home/airflow/.local/lib/python3.7/site-packages/airflow/example_dags/example_branch_operator.py took 0.090 seconds
[2023-07-09T19:04:21.915+0000] {processor.py:157} INFO - Started process (PID=630) to work on /home/airflow/.local/lib/python3.7/site-packages/airflow/example_dags/example_branch_operator.py
[2023-07-09T19:04:21.917+0000] {processor.py:826} INFO - Processing file /home/airflow/.local/lib/python3.7/site-packages/airflow/example_dags/example_branch_operator.py for tasks to queue
[2023-07-09T19:04:21.917+0000] {logging_mixin.py:149} INFO - [2023-07-09T19:04:21.917+0000] {dagbag.py:541} INFO - Filling up the DagBag from /home/airflow/.local/lib/python3.7/site-packages/airflow/example_dags/example_branch_operator.py
[2023-07-09T19:04:21.926+0000] {processor.py:836} INFO - DAG(s) dict_keys(['example_branch_operator']) retrieved from /home/airflow/.local/lib/python3.7/site-packages/airflow/example_dags/example_branch_operator.py
[2023-07-09T19:04:21.952+0000] {logging_mixin.py:149} INFO - [2023-07-09T19:04:21.952+0000] {dag.py:2726} INFO - Sync 1 DAGs
[2023-07-09T19:04:21.978+0000] {logging_mixin.py:149} INFO - [2023-07-09T19:04:21.978+0000] {dag.py:3490} INFO - Setting next_dagrun for example_branch_operator to 2023-07-08T00:00:00+00:00, run_after=2023-07-09T00:00:00+00:00
[2023-07-09T19:04:21.997+0000] {processor.py:179} INFO - Processing /home/airflow/.local/lib/python3.7/site-packages/airflow/example_dags/example_branch_operator.py took 0.085 seconds
[2023-07-09T19:04:52.703+0000] {processor.py:157} INFO - Started process (PID=695) to work on /home/airflow/.local/lib/python3.7/site-packages/airflow/example_dags/example_branch_operator.py
[2023-07-09T19:04:52.704+0000] {processor.py:826} INFO - Processing file /home/airflow/.local/lib/python3.7/site-packages/airflow/example_dags/example_branch_operator.py for tasks to queue
[2023-07-09T19:04:52.705+0000] {logging_mixin.py:149} INFO - [2023-07-09T19:04:52.705+0000] {dagbag.py:541} INFO - Filling up the DagBag from /home/airflow/.local/lib/python3.7/site-packages/airflow/example_dags/example_branch_operator.py
[2023-07-09T19:04:52.717+0000] {processor.py:836} INFO - DAG(s) dict_keys(['example_branch_operator']) retrieved from /home/airflow/.local/lib/python3.7/site-packages/airflow/example_dags/example_branch_operator.py
[2023-07-09T19:04:52.742+0000] {logging_mixin.py:149} INFO - [2023-07-09T19:04:52.741+0000] {dag.py:2726} INFO - Sync 1 DAGs
[2023-07-09T19:04:52.767+0000] {logging_mixin.py:149} INFO - [2023-07-09T19:04:52.767+0000] {dag.py:3490} INFO - Setting next_dagrun for example_branch_operator to 2023-07-08T00:00:00+00:00, run_after=2023-07-09T00:00:00+00:00
[2023-07-09T19:04:52.786+0000] {processor.py:179} INFO - Processing /home/airflow/.local/lib/python3.7/site-packages/airflow/example_dags/example_branch_operator.py took 0.086 seconds
[2023-07-09T19:05:23.515+0000] {processor.py:157} INFO - Started process (PID=760) to work on /home/airflow/.local/lib/python3.7/site-packages/airflow/example_dags/example_branch_operator.py
[2023-07-09T19:05:23.516+0000] {processor.py:826} INFO - Processing file /home/airflow/.local/lib/python3.7/site-packages/airflow/example_dags/example_branch_operator.py for tasks to queue
[2023-07-09T19:05:23.517+0000] {logging_mixin.py:149} INFO - [2023-07-09T19:05:23.517+0000] {dagbag.py:541} INFO - Filling up the DagBag from /home/airflow/.local/lib/python3.7/site-packages/airflow/example_dags/example_branch_operator.py
[2023-07-09T19:05:23.526+0000] {processor.py:836} INFO - DAG(s) dict_keys(['example_branch_operator']) retrieved from /home/airflow/.local/lib/python3.7/site-packages/airflow/example_dags/example_branch_operator.py
[2023-07-09T19:05:23.562+0000] {logging_mixin.py:149} INFO - [2023-07-09T19:05:23.561+0000] {dag.py:2726} INFO - Sync 1 DAGs
[2023-07-09T19:05:23.589+0000] {logging_mixin.py:149} INFO - [2023-07-09T19:05:23.589+0000] {dag.py:3490} INFO - Setting next_dagrun for example_branch_operator to 2023-07-08T00:00:00+00:00, run_after=2023-07-09T00:00:00+00:00
[2023-07-09T19:05:23.612+0000] {processor.py:179} INFO - Processing /home/airflow/.local/lib/python3.7/site-packages/airflow/example_dags/example_branch_operator.py took 0.100 seconds
[2023-07-09T19:05:53.749+0000] {processor.py:157} INFO - Started process (PID=825) to work on /home/airflow/.local/lib/python3.7/site-packages/airflow/example_dags/example_branch_operator.py
[2023-07-09T19:05:53.750+0000] {processor.py:826} INFO - Processing file /home/airflow/.local/lib/python3.7/site-packages/airflow/example_dags/example_branch_operator.py for tasks to queue
[2023-07-09T19:05:53.751+0000] {logging_mixin.py:149} INFO - [2023-07-09T19:05:53.751+0000] {dagbag.py:541} INFO - Filling up the DagBag from /home/airflow/.local/lib/python3.7/site-packages/airflow/example_dags/example_branch_operator.py
[2023-07-09T19:05:53.761+0000] {processor.py:836} INFO - DAG(s) dict_keys(['example_branch_operator']) retrieved from /home/airflow/.local/lib/python3.7/site-packages/airflow/example_dags/example_branch_operator.py
[2023-07-09T19:05:53.786+0000] {logging_mixin.py:149} INFO - [2023-07-09T19:05:53.786+0000] {dag.py:2726} INFO - Sync 1 DAGs
[2023-07-09T19:05:53.822+0000] {logging_mixin.py:149} INFO - [2023-07-09T19:05:53.822+0000] {dag.py:3490} INFO - Setting next_dagrun for example_branch_operator to 2023-07-08T00:00:00+00:00, run_after=2023-07-09T00:00:00+00:00
[2023-07-09T19:05:53.840+0000] {processor.py:179} INFO - Processing /home/airflow/.local/lib/python3.7/site-packages/airflow/example_dags/example_branch_operator.py took 0.094 seconds
[2023-07-09T19:06:24.003+0000] {processor.py:157} INFO - Started process (PID=890) to work on /home/airflow/.local/lib/python3.7/site-packages/airflow/example_dags/example_branch_operator.py
[2023-07-09T19:06:24.004+0000] {processor.py:826} INFO - Processing file /home/airflow/.local/lib/python3.7/site-packages/airflow/example_dags/example_branch_operator.py for tasks to queue
[2023-07-09T19:06:24.004+0000] {logging_mixin.py:149} INFO - [2023-07-09T19:06:24.004+0000] {dagbag.py:541} INFO - Filling up the DagBag from /home/airflow/.local/lib/python3.7/site-packages/airflow/example_dags/example_branch_operator.py
[2023-07-09T19:06:24.014+0000] {processor.py:836} INFO - DAG(s) dict_keys(['example_branch_operator']) retrieved from /home/airflow/.local/lib/python3.7/site-packages/airflow/example_dags/example_branch_operator.py
[2023-07-09T19:06:24.044+0000] {logging_mixin.py:149} INFO - [2023-07-09T19:06:24.044+0000] {dag.py:2726} INFO - Sync 1 DAGs
[2023-07-09T19:06:24.072+0000] {logging_mixin.py:149} INFO - [2023-07-09T19:06:24.072+0000] {dag.py:3490} INFO - Setting next_dagrun for example_branch_operator to 2023-07-08T00:00:00+00:00, run_after=2023-07-09T00:00:00+00:00
[2023-07-09T19:06:24.091+0000] {processor.py:179} INFO - Processing /home/airflow/.local/lib/python3.7/site-packages/airflow/example_dags/example_branch_operator.py took 0.092 seconds
[2023-07-09T19:06:55.053+0000] {processor.py:157} INFO - Started process (PID=955) to work on /home/airflow/.local/lib/python3.7/site-packages/airflow/example_dags/example_branch_operator.py
[2023-07-09T19:06:55.054+0000] {processor.py:826} INFO - Processing file /home/airflow/.local/lib/python3.7/site-packages/airflow/example_dags/example_branch_operator.py for tasks to queue
[2023-07-09T19:06:55.055+0000] {logging_mixin.py:149} INFO - [2023-07-09T19:06:55.054+0000] {dagbag.py:541} INFO - Filling up the DagBag from /home/airflow/.local/lib/python3.7/site-packages/airflow/example_dags/example_branch_operator.py
[2023-07-09T19:06:55.065+0000] {processor.py:836} INFO - DAG(s) dict_keys(['example_branch_operator']) retrieved from /home/airflow/.local/lib/python3.7/site-packages/airflow/example_dags/example_branch_operator.py
[2023-07-09T19:06:55.094+0000] {logging_mixin.py:149} INFO - [2023-07-09T19:06:55.094+0000] {dag.py:2726} INFO - Sync 1 DAGs
[2023-07-09T19:06:55.122+0000] {logging_mixin.py:149} INFO - [2023-07-09T19:06:55.122+0000] {dag.py:3490} INFO - Setting next_dagrun for example_branch_operator to 2023-07-08T00:00:00+00:00, run_after=2023-07-09T00:00:00+00:00
[2023-07-09T19:06:55.144+0000] {processor.py:179} INFO - Processing /home/airflow/.local/lib/python3.7/site-packages/airflow/example_dags/example_branch_operator.py took 0.094 seconds
[2023-07-09T19:07:25.289+0000] {processor.py:157} INFO - Started process (PID=1020) to work on /home/airflow/.local/lib/python3.7/site-packages/airflow/example_dags/example_branch_operator.py
[2023-07-09T19:07:25.291+0000] {processor.py:826} INFO - Processing file /home/airflow/.local/lib/python3.7/site-packages/airflow/example_dags/example_branch_operator.py for tasks to queue
[2023-07-09T19:07:25.292+0000] {logging_mixin.py:149} INFO - [2023-07-09T19:07:25.291+0000] {dagbag.py:541} INFO - Filling up the DagBag from /home/airflow/.local/lib/python3.7/site-packages/airflow/example_dags/example_branch_operator.py
[2023-07-09T19:07:25.302+0000] {processor.py:836} INFO - DAG(s) dict_keys(['example_branch_operator']) retrieved from /home/airflow/.local/lib/python3.7/site-packages/airflow/example_dags/example_branch_operator.py
[2023-07-09T19:07:25.330+0000] {logging_mixin.py:149} INFO - [2023-07-09T19:07:25.329+0000] {dag.py:2726} INFO - Sync 1 DAGs
[2023-07-09T19:07:25.356+0000] {logging_mixin.py:149} INFO - [2023-07-09T19:07:25.356+0000] {dag.py:3490} INFO - Setting next_dagrun for example_branch_operator to 2023-07-08T00:00:00+00:00, run_after=2023-07-09T00:00:00+00:00
[2023-07-09T19:07:25.379+0000] {processor.py:179} INFO - Processing /home/airflow/.local/lib/python3.7/site-packages/airflow/example_dags/example_branch_operator.py took 0.096 seconds
[2023-07-09T19:07:55.444+0000] {processor.py:157} INFO - Started process (PID=1085) to work on /home/airflow/.local/lib/python3.7/site-packages/airflow/example_dags/example_branch_operator.py
[2023-07-09T19:07:55.446+0000] {processor.py:826} INFO - Processing file /home/airflow/.local/lib/python3.7/site-packages/airflow/example_dags/example_branch_operator.py for tasks to queue
[2023-07-09T19:07:55.446+0000] {logging_mixin.py:149} INFO - [2023-07-09T19:07:55.446+0000] {dagbag.py:541} INFO - Filling up the DagBag from /home/airflow/.local/lib/python3.7/site-packages/airflow/example_dags/example_branch_operator.py
[2023-07-09T19:07:55.455+0000] {processor.py:836} INFO - DAG(s) dict_keys(['example_branch_operator']) retrieved from /home/airflow/.local/lib/python3.7/site-packages/airflow/example_dags/example_branch_operator.py
[2023-07-09T19:07:55.480+0000] {logging_mixin.py:149} INFO - [2023-07-09T19:07:55.480+0000] {dag.py:2726} INFO - Sync 1 DAGs
[2023-07-09T19:07:55.511+0000] {logging_mixin.py:149} INFO - [2023-07-09T19:07:55.510+0000] {dag.py:3490} INFO - Setting next_dagrun for example_branch_operator to 2023-07-08T00:00:00+00:00, run_after=2023-07-09T00:00:00+00:00
[2023-07-09T19:07:55.532+0000] {processor.py:179} INFO - Processing /home/airflow/.local/lib/python3.7/site-packages/airflow/example_dags/example_branch_operator.py took 0.091 seconds
