[2023-07-09T18:59:51.706+0000] {processor.py:157} INFO - Started process (PID=65) to work on /home/airflow/.local/lib/python3.7/site-packages/airflow/example_dags/example_latest_only.py
[2023-07-09T18:59:51.707+0000] {processor.py:826} INFO - Processing file /home/airflow/.local/lib/python3.7/site-packages/airflow/example_dags/example_latest_only.py for tasks to queue
[2023-07-09T18:59:51.708+0000] {logging_mixin.py:149} INFO - [2023-07-09T18:59:51.708+0000] {dagbag.py:541} INFO - Filling up the DagBag from /home/airflow/.local/lib/python3.7/site-packages/airflow/example_dags/example_latest_only.py
[2023-07-09T18:59:51.718+0000] {processor.py:836} INFO - DAG(s) dict_keys(['latest_only']) retrieved from /home/airflow/.local/lib/python3.7/site-packages/airflow/example_dags/example_latest_only.py
[2023-07-09T18:59:51.823+0000] {logging_mixin.py:149} INFO - [2023-07-09T18:59:51.823+0000] {manager.py:504} INFO - Created Permission View: can read on DAG:latest_only
[2023-07-09T18:59:51.837+0000] {logging_mixin.py:149} INFO - [2023-07-09T18:59:51.837+0000] {manager.py:504} INFO - Created Permission View: can edit on DAG:latest_only
[2023-07-09T18:59:51.847+0000] {logging_mixin.py:149} INFO - [2023-07-09T18:59:51.846+0000] {manager.py:504} INFO - Created Permission View: can delete on DAG:latest_only
[2023-07-09T18:59:51.864+0000] {logging_mixin.py:149} INFO - [2023-07-09T18:59:51.864+0000] {dag.py:2726} INFO - Sync 1 DAGs
[2023-07-09T18:59:51.879+0000] {logging_mixin.py:149} INFO - [2023-07-09T18:59:51.879+0000] {dag.py:2747} INFO - Creating ORM DAG for latest_only
[2023-07-09T18:59:51.891+0000] {logging_mixin.py:149} INFO - [2023-07-09T18:59:51.890+0000] {dag.py:3490} INFO - Setting next_dagrun for latest_only to 2023-07-09T14:59:51.890707+00:00, run_after=2023-07-09T18:59:51.890707+00:00
[2023-07-09T18:59:51.910+0000] {processor.py:179} INFO - Processing /home/airflow/.local/lib/python3.7/site-packages/airflow/example_dags/example_latest_only.py took 0.208 seconds
[2023-07-09T19:00:22.223+0000] {processor.py:157} INFO - Started process (PID=130) to work on /home/airflow/.local/lib/python3.7/site-packages/airflow/example_dags/example_latest_only.py
[2023-07-09T19:00:22.224+0000] {processor.py:826} INFO - Processing file /home/airflow/.local/lib/python3.7/site-packages/airflow/example_dags/example_latest_only.py for tasks to queue
[2023-07-09T19:00:22.224+0000] {logging_mixin.py:149} INFO - [2023-07-09T19:00:22.224+0000] {dagbag.py:541} INFO - Filling up the DagBag from /home/airflow/.local/lib/python3.7/site-packages/airflow/example_dags/example_latest_only.py
[2023-07-09T19:00:22.229+0000] {processor.py:836} INFO - DAG(s) dict_keys(['latest_only']) retrieved from /home/airflow/.local/lib/python3.7/site-packages/airflow/example_dags/example_latest_only.py
[2023-07-09T19:00:22.253+0000] {logging_mixin.py:149} INFO - [2023-07-09T19:00:22.253+0000] {dag.py:2726} INFO - Sync 1 DAGs
[2023-07-09T19:00:22.285+0000] {logging_mixin.py:149} INFO - [2023-07-09T19:00:22.285+0000] {dag.py:3490} INFO - Setting next_dagrun for latest_only to 2023-07-09T15:00:22.284999+00:00, run_after=2023-07-09T19:00:22.284999+00:00
[2023-07-09T19:00:22.314+0000] {processor.py:179} INFO - Processing /home/airflow/.local/lib/python3.7/site-packages/airflow/example_dags/example_latest_only.py took 0.095 seconds
[2023-07-09T19:00:52.596+0000] {processor.py:157} INFO - Started process (PID=195) to work on /home/airflow/.local/lib/python3.7/site-packages/airflow/example_dags/example_latest_only.py
[2023-07-09T19:00:52.598+0000] {processor.py:826} INFO - Processing file /home/airflow/.local/lib/python3.7/site-packages/airflow/example_dags/example_latest_only.py for tasks to queue
[2023-07-09T19:00:52.599+0000] {logging_mixin.py:149} INFO - [2023-07-09T19:00:52.599+0000] {dagbag.py:541} INFO - Filling up the DagBag from /home/airflow/.local/lib/python3.7/site-packages/airflow/example_dags/example_latest_only.py
[2023-07-09T19:00:52.606+0000] {processor.py:836} INFO - DAG(s) dict_keys(['latest_only']) retrieved from /home/airflow/.local/lib/python3.7/site-packages/airflow/example_dags/example_latest_only.py
[2023-07-09T19:00:52.631+0000] {logging_mixin.py:149} INFO - [2023-07-09T19:00:52.631+0000] {dag.py:2726} INFO - Sync 1 DAGs
[2023-07-09T19:00:52.660+0000] {logging_mixin.py:149} INFO - [2023-07-09T19:00:52.660+0000] {dag.py:3490} INFO - Setting next_dagrun for latest_only to 2023-07-09T15:00:52.659978+00:00, run_after=2023-07-09T19:00:52.659978+00:00
[2023-07-09T19:00:52.681+0000] {processor.py:179} INFO - Processing /home/airflow/.local/lib/python3.7/site-packages/airflow/example_dags/example_latest_only.py took 0.089 seconds
[2023-07-09T19:01:23.615+0000] {processor.py:157} INFO - Started process (PID=260) to work on /home/airflow/.local/lib/python3.7/site-packages/airflow/example_dags/example_latest_only.py
[2023-07-09T19:01:23.617+0000] {processor.py:826} INFO - Processing file /home/airflow/.local/lib/python3.7/site-packages/airflow/example_dags/example_latest_only.py for tasks to queue
[2023-07-09T19:01:23.617+0000] {logging_mixin.py:149} INFO - [2023-07-09T19:01:23.617+0000] {dagbag.py:541} INFO - Filling up the DagBag from /home/airflow/.local/lib/python3.7/site-packages/airflow/example_dags/example_latest_only.py
[2023-07-09T19:01:23.622+0000] {processor.py:836} INFO - DAG(s) dict_keys(['latest_only']) retrieved from /home/airflow/.local/lib/python3.7/site-packages/airflow/example_dags/example_latest_only.py
[2023-07-09T19:01:23.644+0000] {logging_mixin.py:149} INFO - [2023-07-09T19:01:23.644+0000] {dag.py:2726} INFO - Sync 1 DAGs
[2023-07-09T19:01:23.669+0000] {logging_mixin.py:149} INFO - [2023-07-09T19:01:23.668+0000] {dag.py:3490} INFO - Setting next_dagrun for latest_only to 2023-07-09T15:01:23.668622+00:00, run_after=2023-07-09T19:01:23.668622+00:00
[2023-07-09T19:01:23.688+0000] {processor.py:179} INFO - Processing /home/airflow/.local/lib/python3.7/site-packages/airflow/example_dags/example_latest_only.py took 0.076 seconds
[2023-07-09T19:01:54.186+0000] {processor.py:157} INFO - Started process (PID=325) to work on /home/airflow/.local/lib/python3.7/site-packages/airflow/example_dags/example_latest_only.py
[2023-07-09T19:01:54.187+0000] {processor.py:826} INFO - Processing file /home/airflow/.local/lib/python3.7/site-packages/airflow/example_dags/example_latest_only.py for tasks to queue
[2023-07-09T19:01:54.187+0000] {logging_mixin.py:149} INFO - [2023-07-09T19:01:54.187+0000] {dagbag.py:541} INFO - Filling up the DagBag from /home/airflow/.local/lib/python3.7/site-packages/airflow/example_dags/example_latest_only.py
[2023-07-09T19:01:54.192+0000] {processor.py:836} INFO - DAG(s) dict_keys(['latest_only']) retrieved from /home/airflow/.local/lib/python3.7/site-packages/airflow/example_dags/example_latest_only.py
[2023-07-09T19:01:54.215+0000] {logging_mixin.py:149} INFO - [2023-07-09T19:01:54.215+0000] {dag.py:2726} INFO - Sync 1 DAGs
[2023-07-09T19:01:54.239+0000] {logging_mixin.py:149} INFO - [2023-07-09T19:01:54.239+0000] {dag.py:3490} INFO - Setting next_dagrun for latest_only to 2023-07-09T15:01:54.239566+00:00, run_after=2023-07-09T19:01:54.239566+00:00
[2023-07-09T19:01:54.258+0000] {processor.py:179} INFO - Processing /home/airflow/.local/lib/python3.7/site-packages/airflow/example_dags/example_latest_only.py took 0.075 seconds
[2023-07-09T19:02:24.917+0000] {processor.py:157} INFO - Started process (PID=390) to work on /home/airflow/.local/lib/python3.7/site-packages/airflow/example_dags/example_latest_only.py
[2023-07-09T19:02:24.918+0000] {processor.py:826} INFO - Processing file /home/airflow/.local/lib/python3.7/site-packages/airflow/example_dags/example_latest_only.py for tasks to queue
[2023-07-09T19:02:24.919+0000] {logging_mixin.py:149} INFO - [2023-07-09T19:02:24.918+0000] {dagbag.py:541} INFO - Filling up the DagBag from /home/airflow/.local/lib/python3.7/site-packages/airflow/example_dags/example_latest_only.py
[2023-07-09T19:02:24.924+0000] {processor.py:836} INFO - DAG(s) dict_keys(['latest_only']) retrieved from /home/airflow/.local/lib/python3.7/site-packages/airflow/example_dags/example_latest_only.py
[2023-07-09T19:02:24.949+0000] {logging_mixin.py:149} INFO - [2023-07-09T19:02:24.949+0000] {dag.py:2726} INFO - Sync 1 DAGs
[2023-07-09T19:02:24.974+0000] {logging_mixin.py:149} INFO - [2023-07-09T19:02:24.974+0000] {dag.py:3490} INFO - Setting next_dagrun for latest_only to 2023-07-09T15:02:24.974480+00:00, run_after=2023-07-09T19:02:24.974480+00:00
[2023-07-09T19:02:24.994+0000] {processor.py:179} INFO - Processing /home/airflow/.local/lib/python3.7/site-packages/airflow/example_dags/example_latest_only.py took 0.080 seconds
[2023-07-09T19:02:55.143+0000] {processor.py:157} INFO - Started process (PID=455) to work on /home/airflow/.local/lib/python3.7/site-packages/airflow/example_dags/example_latest_only.py
[2023-07-09T19:02:55.144+0000] {processor.py:826} INFO - Processing file /home/airflow/.local/lib/python3.7/site-packages/airflow/example_dags/example_latest_only.py for tasks to queue
[2023-07-09T19:02:55.145+0000] {logging_mixin.py:149} INFO - [2023-07-09T19:02:55.145+0000] {dagbag.py:541} INFO - Filling up the DagBag from /home/airflow/.local/lib/python3.7/site-packages/airflow/example_dags/example_latest_only.py
[2023-07-09T19:02:55.151+0000] {processor.py:836} INFO - DAG(s) dict_keys(['latest_only']) retrieved from /home/airflow/.local/lib/python3.7/site-packages/airflow/example_dags/example_latest_only.py
[2023-07-09T19:02:55.177+0000] {logging_mixin.py:149} INFO - [2023-07-09T19:02:55.177+0000] {dag.py:2726} INFO - Sync 1 DAGs
[2023-07-09T19:02:55.206+0000] {logging_mixin.py:149} INFO - [2023-07-09T19:02:55.206+0000] {dag.py:3490} INFO - Setting next_dagrun for latest_only to 2023-07-09T15:02:55.205805+00:00, run_after=2023-07-09T19:02:55.205805+00:00
[2023-07-09T19:02:55.226+0000] {processor.py:179} INFO - Processing /home/airflow/.local/lib/python3.7/site-packages/airflow/example_dags/example_latest_only.py took 0.087 seconds
[2023-07-09T19:03:25.271+0000] {processor.py:157} INFO - Started process (PID=520) to work on /home/airflow/.local/lib/python3.7/site-packages/airflow/example_dags/example_latest_only.py
[2023-07-09T19:03:25.271+0000] {processor.py:826} INFO - Processing file /home/airflow/.local/lib/python3.7/site-packages/airflow/example_dags/example_latest_only.py for tasks to queue
[2023-07-09T19:03:25.272+0000] {logging_mixin.py:149} INFO - [2023-07-09T19:03:25.272+0000] {dagbag.py:541} INFO - Filling up the DagBag from /home/airflow/.local/lib/python3.7/site-packages/airflow/example_dags/example_latest_only.py
[2023-07-09T19:03:25.277+0000] {processor.py:836} INFO - DAG(s) dict_keys(['latest_only']) retrieved from /home/airflow/.local/lib/python3.7/site-packages/airflow/example_dags/example_latest_only.py
[2023-07-09T19:03:25.302+0000] {logging_mixin.py:149} INFO - [2023-07-09T19:03:25.302+0000] {dag.py:2726} INFO - Sync 1 DAGs
[2023-07-09T19:03:25.330+0000] {logging_mixin.py:149} INFO - [2023-07-09T19:03:25.329+0000] {dag.py:3490} INFO - Setting next_dagrun for latest_only to 2023-07-09T15:03:25.329570+00:00, run_after=2023-07-09T19:03:25.329570+00:00
[2023-07-09T19:03:25.351+0000] {processor.py:179} INFO - Processing /home/airflow/.local/lib/python3.7/site-packages/airflow/example_dags/example_latest_only.py took 0.084 seconds
[2023-07-09T19:03:55.412+0000] {processor.py:157} INFO - Started process (PID=584) to work on /home/airflow/.local/lib/python3.7/site-packages/airflow/example_dags/example_latest_only.py
[2023-07-09T19:03:55.413+0000] {processor.py:826} INFO - Processing file /home/airflow/.local/lib/python3.7/site-packages/airflow/example_dags/example_latest_only.py for tasks to queue
[2023-07-09T19:03:55.414+0000] {logging_mixin.py:149} INFO - [2023-07-09T19:03:55.414+0000] {dagbag.py:541} INFO - Filling up the DagBag from /home/airflow/.local/lib/python3.7/site-packages/airflow/example_dags/example_latest_only.py
[2023-07-09T19:03:55.420+0000] {processor.py:836} INFO - DAG(s) dict_keys(['latest_only']) retrieved from /home/airflow/.local/lib/python3.7/site-packages/airflow/example_dags/example_latest_only.py
[2023-07-09T19:03:55.445+0000] {logging_mixin.py:149} INFO - [2023-07-09T19:03:55.445+0000] {dag.py:2726} INFO - Sync 1 DAGs
[2023-07-09T19:03:55.475+0000] {logging_mixin.py:149} INFO - [2023-07-09T19:03:55.475+0000] {dag.py:3490} INFO - Setting next_dagrun for latest_only to 2023-07-09T15:03:55.475106+00:00, run_after=2023-07-09T19:03:55.475106+00:00
[2023-07-09T19:03:55.503+0000] {processor.py:179} INFO - Processing /home/airflow/.local/lib/python3.7/site-packages/airflow/example_dags/example_latest_only.py took 0.095 seconds
[2023-07-09T19:04:25.845+0000] {processor.py:157} INFO - Started process (PID=649) to work on /home/airflow/.local/lib/python3.7/site-packages/airflow/example_dags/example_latest_only.py
[2023-07-09T19:04:25.846+0000] {processor.py:826} INFO - Processing file /home/airflow/.local/lib/python3.7/site-packages/airflow/example_dags/example_latest_only.py for tasks to queue
[2023-07-09T19:04:25.847+0000] {logging_mixin.py:149} INFO - [2023-07-09T19:04:25.847+0000] {dagbag.py:541} INFO - Filling up the DagBag from /home/airflow/.local/lib/python3.7/site-packages/airflow/example_dags/example_latest_only.py
[2023-07-09T19:04:25.853+0000] {processor.py:836} INFO - DAG(s) dict_keys(['latest_only']) retrieved from /home/airflow/.local/lib/python3.7/site-packages/airflow/example_dags/example_latest_only.py
[2023-07-09T19:04:25.879+0000] {logging_mixin.py:149} INFO - [2023-07-09T19:04:25.879+0000] {dag.py:2726} INFO - Sync 1 DAGs
[2023-07-09T19:04:25.908+0000] {logging_mixin.py:149} INFO - [2023-07-09T19:04:25.908+0000] {dag.py:3490} INFO - Setting next_dagrun for latest_only to 2023-07-09T15:04:25.908093+00:00, run_after=2023-07-09T19:04:25.908093+00:00
[2023-07-09T19:04:25.934+0000] {processor.py:179} INFO - Processing /home/airflow/.local/lib/python3.7/site-packages/airflow/example_dags/example_latest_only.py took 0.094 seconds
[2023-07-09T19:04:56.544+0000] {processor.py:157} INFO - Started process (PID=714) to work on /home/airflow/.local/lib/python3.7/site-packages/airflow/example_dags/example_latest_only.py
[2023-07-09T19:04:56.545+0000] {processor.py:826} INFO - Processing file /home/airflow/.local/lib/python3.7/site-packages/airflow/example_dags/example_latest_only.py for tasks to queue
[2023-07-09T19:04:56.545+0000] {logging_mixin.py:149} INFO - [2023-07-09T19:04:56.545+0000] {dagbag.py:541} INFO - Filling up the DagBag from /home/airflow/.local/lib/python3.7/site-packages/airflow/example_dags/example_latest_only.py
[2023-07-09T19:04:56.551+0000] {processor.py:836} INFO - DAG(s) dict_keys(['latest_only']) retrieved from /home/airflow/.local/lib/python3.7/site-packages/airflow/example_dags/example_latest_only.py
[2023-07-09T19:04:56.575+0000] {logging_mixin.py:149} INFO - [2023-07-09T19:04:56.574+0000] {dag.py:2726} INFO - Sync 1 DAGs
[2023-07-09T19:04:56.601+0000] {logging_mixin.py:149} INFO - [2023-07-09T19:04:56.601+0000] {dag.py:3490} INFO - Setting next_dagrun for latest_only to 2023-07-09T15:04:56.601342+00:00, run_after=2023-07-09T19:04:56.601342+00:00
[2023-07-09T19:04:56.623+0000] {processor.py:179} INFO - Processing /home/airflow/.local/lib/python3.7/site-packages/airflow/example_dags/example_latest_only.py took 0.083 seconds
[2023-07-09T19:05:26.689+0000] {processor.py:157} INFO - Started process (PID=779) to work on /home/airflow/.local/lib/python3.7/site-packages/airflow/example_dags/example_latest_only.py
[2023-07-09T19:05:26.690+0000] {processor.py:826} INFO - Processing file /home/airflow/.local/lib/python3.7/site-packages/airflow/example_dags/example_latest_only.py for tasks to queue
[2023-07-09T19:05:26.691+0000] {logging_mixin.py:149} INFO - [2023-07-09T19:05:26.690+0000] {dagbag.py:541} INFO - Filling up the DagBag from /home/airflow/.local/lib/python3.7/site-packages/airflow/example_dags/example_latest_only.py
[2023-07-09T19:05:26.696+0000] {processor.py:836} INFO - DAG(s) dict_keys(['latest_only']) retrieved from /home/airflow/.local/lib/python3.7/site-packages/airflow/example_dags/example_latest_only.py
[2023-07-09T19:05:26.718+0000] {logging_mixin.py:149} INFO - [2023-07-09T19:05:26.718+0000] {dag.py:2726} INFO - Sync 1 DAGs
[2023-07-09T19:05:26.742+0000] {logging_mixin.py:149} INFO - [2023-07-09T19:05:26.742+0000] {dag.py:3490} INFO - Setting next_dagrun for latest_only to 2023-07-09T15:05:26.742489+00:00, run_after=2023-07-09T19:05:26.742489+00:00
[2023-07-09T19:05:26.762+0000] {processor.py:179} INFO - Processing /home/airflow/.local/lib/python3.7/site-packages/airflow/example_dags/example_latest_only.py took 0.076 seconds
[2023-07-09T19:05:57.681+0000] {processor.py:157} INFO - Started process (PID=844) to work on /home/airflow/.local/lib/python3.7/site-packages/airflow/example_dags/example_latest_only.py
[2023-07-09T19:05:57.682+0000] {processor.py:826} INFO - Processing file /home/airflow/.local/lib/python3.7/site-packages/airflow/example_dags/example_latest_only.py for tasks to queue
[2023-07-09T19:05:57.682+0000] {logging_mixin.py:149} INFO - [2023-07-09T19:05:57.682+0000] {dagbag.py:541} INFO - Filling up the DagBag from /home/airflow/.local/lib/python3.7/site-packages/airflow/example_dags/example_latest_only.py
[2023-07-09T19:05:57.687+0000] {processor.py:836} INFO - DAG(s) dict_keys(['latest_only']) retrieved from /home/airflow/.local/lib/python3.7/site-packages/airflow/example_dags/example_latest_only.py
[2023-07-09T19:05:57.712+0000] {logging_mixin.py:149} INFO - [2023-07-09T19:05:57.711+0000] {dag.py:2726} INFO - Sync 1 DAGs
[2023-07-09T19:05:57.741+0000] {logging_mixin.py:149} INFO - [2023-07-09T19:05:57.741+0000] {dag.py:3490} INFO - Setting next_dagrun for latest_only to 2023-07-09T15:05:57.740886+00:00, run_after=2023-07-09T19:05:57.740886+00:00
[2023-07-09T19:05:57.766+0000] {processor.py:179} INFO - Processing /home/airflow/.local/lib/python3.7/site-packages/airflow/example_dags/example_latest_only.py took 0.088 seconds
[2023-07-09T19:06:27.840+0000] {processor.py:157} INFO - Started process (PID=909) to work on /home/airflow/.local/lib/python3.7/site-packages/airflow/example_dags/example_latest_only.py
[2023-07-09T19:06:27.841+0000] {processor.py:826} INFO - Processing file /home/airflow/.local/lib/python3.7/site-packages/airflow/example_dags/example_latest_only.py for tasks to queue
[2023-07-09T19:06:27.842+0000] {logging_mixin.py:149} INFO - [2023-07-09T19:06:27.842+0000] {dagbag.py:541} INFO - Filling up the DagBag from /home/airflow/.local/lib/python3.7/site-packages/airflow/example_dags/example_latest_only.py
[2023-07-09T19:06:27.847+0000] {processor.py:836} INFO - DAG(s) dict_keys(['latest_only']) retrieved from /home/airflow/.local/lib/python3.7/site-packages/airflow/example_dags/example_latest_only.py
[2023-07-09T19:06:27.871+0000] {logging_mixin.py:149} INFO - [2023-07-09T19:06:27.870+0000] {dag.py:2726} INFO - Sync 1 DAGs
[2023-07-09T19:06:27.896+0000] {logging_mixin.py:149} INFO - [2023-07-09T19:06:27.895+0000] {dag.py:3490} INFO - Setting next_dagrun for latest_only to 2023-07-09T15:06:27.895737+00:00, run_after=2023-07-09T19:06:27.895737+00:00
[2023-07-09T19:06:27.914+0000] {processor.py:179} INFO - Processing /home/airflow/.local/lib/python3.7/site-packages/airflow/example_dags/example_latest_only.py took 0.078 seconds
[2023-07-09T19:06:58.010+0000] {processor.py:157} INFO - Started process (PID=974) to work on /home/airflow/.local/lib/python3.7/site-packages/airflow/example_dags/example_latest_only.py
[2023-07-09T19:06:58.012+0000] {processor.py:826} INFO - Processing file /home/airflow/.local/lib/python3.7/site-packages/airflow/example_dags/example_latest_only.py for tasks to queue
[2023-07-09T19:06:58.013+0000] {logging_mixin.py:149} INFO - [2023-07-09T19:06:58.013+0000] {dagbag.py:541} INFO - Filling up the DagBag from /home/airflow/.local/lib/python3.7/site-packages/airflow/example_dags/example_latest_only.py
[2023-07-09T19:06:58.018+0000] {processor.py:836} INFO - DAG(s) dict_keys(['latest_only']) retrieved from /home/airflow/.local/lib/python3.7/site-packages/airflow/example_dags/example_latest_only.py
[2023-07-09T19:06:58.044+0000] {logging_mixin.py:149} INFO - [2023-07-09T19:06:58.044+0000] {dag.py:2726} INFO - Sync 1 DAGs
[2023-07-09T19:06:58.072+0000] {logging_mixin.py:149} INFO - [2023-07-09T19:06:58.072+0000] {dag.py:3490} INFO - Setting next_dagrun for latest_only to 2023-07-09T15:06:58.071847+00:00, run_after=2023-07-09T19:06:58.071847+00:00
[2023-07-09T19:06:58.097+0000] {processor.py:179} INFO - Processing /home/airflow/.local/lib/python3.7/site-packages/airflow/example_dags/example_latest_only.py took 0.091 seconds
[2023-07-09T19:07:28.245+0000] {processor.py:157} INFO - Started process (PID=1039) to work on /home/airflow/.local/lib/python3.7/site-packages/airflow/example_dags/example_latest_only.py
[2023-07-09T19:07:28.246+0000] {processor.py:826} INFO - Processing file /home/airflow/.local/lib/python3.7/site-packages/airflow/example_dags/example_latest_only.py for tasks to queue
[2023-07-09T19:07:28.247+0000] {logging_mixin.py:149} INFO - [2023-07-09T19:07:28.247+0000] {dagbag.py:541} INFO - Filling up the DagBag from /home/airflow/.local/lib/python3.7/site-packages/airflow/example_dags/example_latest_only.py
[2023-07-09T19:07:28.252+0000] {processor.py:836} INFO - DAG(s) dict_keys(['latest_only']) retrieved from /home/airflow/.local/lib/python3.7/site-packages/airflow/example_dags/example_latest_only.py
[2023-07-09T19:07:28.275+0000] {logging_mixin.py:149} INFO - [2023-07-09T19:07:28.275+0000] {dag.py:2726} INFO - Sync 1 DAGs
[2023-07-09T19:07:28.305+0000] {logging_mixin.py:149} INFO - [2023-07-09T19:07:28.305+0000] {dag.py:3490} INFO - Setting next_dagrun for latest_only to 2023-07-09T15:07:28.304956+00:00, run_after=2023-07-09T19:07:28.304956+00:00
[2023-07-09T19:07:28.329+0000] {processor.py:179} INFO - Processing /home/airflow/.local/lib/python3.7/site-packages/airflow/example_dags/example_latest_only.py took 0.087 seconds
[2023-07-09T19:07:58.415+0000] {processor.py:157} INFO - Started process (PID=1104) to work on /home/airflow/.local/lib/python3.7/site-packages/airflow/example_dags/example_latest_only.py
[2023-07-09T19:07:58.416+0000] {processor.py:826} INFO - Processing file /home/airflow/.local/lib/python3.7/site-packages/airflow/example_dags/example_latest_only.py for tasks to queue
[2023-07-09T19:07:58.417+0000] {logging_mixin.py:149} INFO - [2023-07-09T19:07:58.417+0000] {dagbag.py:541} INFO - Filling up the DagBag from /home/airflow/.local/lib/python3.7/site-packages/airflow/example_dags/example_latest_only.py
[2023-07-09T19:07:58.423+0000] {processor.py:836} INFO - DAG(s) dict_keys(['latest_only']) retrieved from /home/airflow/.local/lib/python3.7/site-packages/airflow/example_dags/example_latest_only.py
[2023-07-09T19:07:58.445+0000] {logging_mixin.py:149} INFO - [2023-07-09T19:07:58.445+0000] {dag.py:2726} INFO - Sync 1 DAGs
[2023-07-09T19:07:58.468+0000] {logging_mixin.py:149} INFO - [2023-07-09T19:07:58.468+0000] {dag.py:3490} INFO - Setting next_dagrun for latest_only to 2023-07-09T15:07:58.468189+00:00, run_after=2023-07-09T19:07:58.468189+00:00
[2023-07-09T19:07:58.489+0000] {processor.py:179} INFO - Processing /home/airflow/.local/lib/python3.7/site-packages/airflow/example_dags/example_latest_only.py took 0.077 seconds
