[2023-07-09T18:59:47.625+0000] {processor.py:157} INFO - Started process (PID=39) to work on /home/airflow/.local/lib/python3.7/site-packages/airflow/example_dags/example_datasets.py
[2023-07-09T18:59:47.625+0000] {processor.py:826} INFO - Processing file /home/airflow/.local/lib/python3.7/site-packages/airflow/example_dags/example_datasets.py for tasks to queue
[2023-07-09T18:59:47.626+0000] {logging_mixin.py:149} INFO - [2023-07-09T18:59:47.626+0000] {dagbag.py:541} INFO - Filling up the DagBag from /home/airflow/.local/lib/python3.7/site-packages/airflow/example_dags/example_datasets.py
[2023-07-09T18:59:47.640+0000] {processor.py:836} INFO - DAG(s) dict_keys(['dataset_produces_1', 'dataset_produces_2', 'dataset_consumes_1_never_scheduled', 'dataset_consumes_1_and_2', 'dataset_consumes_unknown_never_scheduled', 'dataset_consumes_1']) retrieved from /home/airflow/.local/lib/python3.7/site-packages/airflow/example_dags/example_datasets.py
[2023-07-09T18:59:47.744+0000] {logging_mixin.py:149} INFO - [2023-07-09T18:59:47.744+0000] {manager.py:504} INFO - Created Permission View: can read on DAG:dataset_produces_1
[2023-07-09T18:59:47.755+0000] {logging_mixin.py:149} INFO - [2023-07-09T18:59:47.755+0000] {manager.py:504} INFO - Created Permission View: can edit on DAG:dataset_produces_1
[2023-07-09T18:59:47.762+0000] {logging_mixin.py:149} INFO - [2023-07-09T18:59:47.761+0000] {manager.py:504} INFO - Created Permission View: can delete on DAG:dataset_produces_1
[2023-07-09T18:59:47.790+0000] {logging_mixin.py:149} INFO - [2023-07-09T18:59:47.790+0000] {manager.py:504} INFO - Created Permission View: can read on DAG:dataset_produces_2
[2023-07-09T18:59:47.797+0000] {logging_mixin.py:149} INFO - [2023-07-09T18:59:47.797+0000] {manager.py:504} INFO - Created Permission View: can edit on DAG:dataset_produces_2
[2023-07-09T18:59:47.804+0000] {logging_mixin.py:149} INFO - [2023-07-09T18:59:47.804+0000] {manager.py:504} INFO - Created Permission View: can delete on DAG:dataset_produces_2
[2023-07-09T18:59:47.827+0000] {logging_mixin.py:149} INFO - [2023-07-09T18:59:47.827+0000] {manager.py:504} INFO - Created Permission View: can read on DAG:dataset_consumes_1_never_scheduled
[2023-07-09T18:59:47.835+0000] {logging_mixin.py:149} INFO - [2023-07-09T18:59:47.835+0000] {manager.py:504} INFO - Created Permission View: can edit on DAG:dataset_consumes_1_never_scheduled
[2023-07-09T18:59:47.842+0000] {logging_mixin.py:149} INFO - [2023-07-09T18:59:47.842+0000] {manager.py:504} INFO - Created Permission View: can delete on DAG:dataset_consumes_1_never_scheduled
[2023-07-09T18:59:47.862+0000] {logging_mixin.py:149} INFO - [2023-07-09T18:59:47.862+0000] {manager.py:504} INFO - Created Permission View: can read on DAG:dataset_consumes_1_and_2
[2023-07-09T18:59:47.870+0000] {logging_mixin.py:149} INFO - [2023-07-09T18:59:47.870+0000] {manager.py:504} INFO - Created Permission View: can edit on DAG:dataset_consumes_1_and_2
[2023-07-09T18:59:47.877+0000] {logging_mixin.py:149} INFO - [2023-07-09T18:59:47.876+0000] {manager.py:504} INFO - Created Permission View: can delete on DAG:dataset_consumes_1_and_2
[2023-07-09T18:59:47.896+0000] {logging_mixin.py:149} INFO - [2023-07-09T18:59:47.896+0000] {manager.py:504} INFO - Created Permission View: can read on DAG:dataset_consumes_unknown_never_scheduled
[2023-07-09T18:59:47.903+0000] {logging_mixin.py:149} INFO - [2023-07-09T18:59:47.903+0000] {manager.py:504} INFO - Created Permission View: can edit on DAG:dataset_consumes_unknown_never_scheduled
[2023-07-09T18:59:47.909+0000] {logging_mixin.py:149} INFO - [2023-07-09T18:59:47.909+0000] {manager.py:504} INFO - Created Permission View: can delete on DAG:dataset_consumes_unknown_never_scheduled
[2023-07-09T18:59:47.926+0000] {logging_mixin.py:149} INFO - [2023-07-09T18:59:47.925+0000] {manager.py:504} INFO - Created Permission View: can read on DAG:dataset_consumes_1
[2023-07-09T18:59:47.932+0000] {logging_mixin.py:149} INFO - [2023-07-09T18:59:47.932+0000] {manager.py:504} INFO - Created Permission View: can edit on DAG:dataset_consumes_1
[2023-07-09T18:59:47.939+0000] {logging_mixin.py:149} INFO - [2023-07-09T18:59:47.939+0000] {manager.py:504} INFO - Created Permission View: can delete on DAG:dataset_consumes_1
[2023-07-09T18:59:47.944+0000] {logging_mixin.py:149} INFO - [2023-07-09T18:59:47.944+0000] {dag.py:2726} INFO - Sync 6 DAGs
[2023-07-09T18:59:47.956+0000] {logging_mixin.py:149} INFO - [2023-07-09T18:59:47.956+0000] {dag.py:2747} INFO - Creating ORM DAG for dataset_consumes_1_never_scheduled
[2023-07-09T18:59:47.957+0000] {logging_mixin.py:149} INFO - [2023-07-09T18:59:47.957+0000] {dag.py:2747} INFO - Creating ORM DAG for dataset_consumes_unknown_never_scheduled
[2023-07-09T18:59:47.957+0000] {logging_mixin.py:149} INFO - [2023-07-09T18:59:47.957+0000] {dag.py:2747} INFO - Creating ORM DAG for dataset_consumes_1
[2023-07-09T18:59:47.958+0000] {logging_mixin.py:149} INFO - [2023-07-09T18:59:47.957+0000] {dag.py:2747} INFO - Creating ORM DAG for dataset_consumes_1_and_2
[2023-07-09T18:59:47.958+0000] {logging_mixin.py:149} INFO - [2023-07-09T18:59:47.958+0000] {dag.py:2747} INFO - Creating ORM DAG for dataset_produces_2
[2023-07-09T18:59:47.958+0000] {logging_mixin.py:149} INFO - [2023-07-09T18:59:47.958+0000] {dag.py:2747} INFO - Creating ORM DAG for dataset_produces_1
[2023-07-09T18:59:47.969+0000] {logging_mixin.py:149} INFO - [2023-07-09T18:59:47.969+0000] {dag.py:3490} INFO - Setting next_dagrun for dataset_consumes_1 to None, run_after=None
[2023-07-09T18:59:47.970+0000] {logging_mixin.py:149} INFO - [2023-07-09T18:59:47.970+0000] {dag.py:3490} INFO - Setting next_dagrun for dataset_consumes_1_and_2 to None, run_after=None
[2023-07-09T18:59:47.970+0000] {logging_mixin.py:149} INFO - [2023-07-09T18:59:47.970+0000] {dag.py:3490} INFO - Setting next_dagrun for dataset_consumes_1_never_scheduled to None, run_after=None
[2023-07-09T18:59:47.971+0000] {logging_mixin.py:149} INFO - [2023-07-09T18:59:47.970+0000] {dag.py:3490} INFO - Setting next_dagrun for dataset_consumes_unknown_never_scheduled to None, run_after=None
[2023-07-09T18:59:47.972+0000] {logging_mixin.py:149} INFO - [2023-07-09T18:59:47.972+0000] {dag.py:3490} INFO - Setting next_dagrun for dataset_produces_1 to 2023-07-08T00:00:00+00:00, run_after=2023-07-09T00:00:00+00:00
[2023-07-09T18:59:47.973+0000] {logging_mixin.py:149} INFO - [2023-07-09T18:59:47.973+0000] {dag.py:3490} INFO - Setting next_dagrun for dataset_produces_2 to None, run_after=None
[2023-07-09T18:59:48.028+0000] {processor.py:179} INFO - Processing /home/airflow/.local/lib/python3.7/site-packages/airflow/example_dags/example_datasets.py took 0.406 seconds
[2023-07-09T19:00:18.800+0000] {processor.py:157} INFO - Started process (PID=104) to work on /home/airflow/.local/lib/python3.7/site-packages/airflow/example_dags/example_datasets.py
[2023-07-09T19:00:18.809+0000] {processor.py:826} INFO - Processing file /home/airflow/.local/lib/python3.7/site-packages/airflow/example_dags/example_datasets.py for tasks to queue
[2023-07-09T19:00:18.809+0000] {logging_mixin.py:149} INFO - [2023-07-09T19:00:18.809+0000] {dagbag.py:541} INFO - Filling up the DagBag from /home/airflow/.local/lib/python3.7/site-packages/airflow/example_dags/example_datasets.py
[2023-07-09T19:00:18.818+0000] {processor.py:836} INFO - DAG(s) dict_keys(['dataset_produces_1', 'dataset_consumes_1_never_scheduled', 'dataset_consumes_1', 'dataset_consumes_1_and_2', 'dataset_consumes_unknown_never_scheduled', 'dataset_produces_2']) retrieved from /home/airflow/.local/lib/python3.7/site-packages/airflow/example_dags/example_datasets.py
[2023-07-09T19:00:18.855+0000] {logging_mixin.py:149} INFO - [2023-07-09T19:00:18.854+0000] {dag.py:2726} INFO - Sync 6 DAGs
[2023-07-09T19:00:18.879+0000] {logging_mixin.py:149} INFO - [2023-07-09T19:00:18.879+0000] {dag.py:3490} INFO - Setting next_dagrun for dataset_consumes_1 to None, run_after=None
[2023-07-09T19:00:18.882+0000] {logging_mixin.py:149} INFO - [2023-07-09T19:00:18.882+0000] {dag.py:3490} INFO - Setting next_dagrun for dataset_consumes_1_and_2 to None, run_after=None
[2023-07-09T19:00:18.883+0000] {logging_mixin.py:149} INFO - [2023-07-09T19:00:18.883+0000] {dag.py:3490} INFO - Setting next_dagrun for dataset_consumes_1_never_scheduled to None, run_after=None
[2023-07-09T19:00:18.884+0000] {logging_mixin.py:149} INFO - [2023-07-09T19:00:18.884+0000] {dag.py:3490} INFO - Setting next_dagrun for dataset_consumes_unknown_never_scheduled to None, run_after=None
[2023-07-09T19:00:18.887+0000] {logging_mixin.py:149} INFO - [2023-07-09T19:00:18.887+0000] {dag.py:3490} INFO - Setting next_dagrun for dataset_produces_1 to 2023-07-08T00:00:00+00:00, run_after=2023-07-09T00:00:00+00:00
[2023-07-09T19:00:18.889+0000] {logging_mixin.py:149} INFO - [2023-07-09T19:00:18.889+0000] {dag.py:3490} INFO - Setting next_dagrun for dataset_produces_2 to None, run_after=None
[2023-07-09T19:00:18.922+0000] {processor.py:179} INFO - Processing /home/airflow/.local/lib/python3.7/site-packages/airflow/example_dags/example_datasets.py took 0.127 seconds
[2023-07-09T19:00:48.998+0000] {processor.py:157} INFO - Started process (PID=169) to work on /home/airflow/.local/lib/python3.7/site-packages/airflow/example_dags/example_datasets.py
[2023-07-09T19:00:48.999+0000] {processor.py:826} INFO - Processing file /home/airflow/.local/lib/python3.7/site-packages/airflow/example_dags/example_datasets.py for tasks to queue
[2023-07-09T19:00:49.000+0000] {logging_mixin.py:149} INFO - [2023-07-09T19:00:49.000+0000] {dagbag.py:541} INFO - Filling up the DagBag from /home/airflow/.local/lib/python3.7/site-packages/airflow/example_dags/example_datasets.py
[2023-07-09T19:00:49.008+0000] {processor.py:836} INFO - DAG(s) dict_keys(['dataset_produces_1', 'dataset_consumes_unknown_never_scheduled', 'dataset_produces_2', 'dataset_consumes_1', 'dataset_consumes_1_never_scheduled', 'dataset_consumes_1_and_2']) retrieved from /home/airflow/.local/lib/python3.7/site-packages/airflow/example_dags/example_datasets.py
[2023-07-09T19:00:49.045+0000] {logging_mixin.py:149} INFO - [2023-07-09T19:00:49.045+0000] {dag.py:2726} INFO - Sync 6 DAGs
[2023-07-09T19:00:49.072+0000] {logging_mixin.py:149} INFO - [2023-07-09T19:00:49.072+0000] {dag.py:3490} INFO - Setting next_dagrun for dataset_consumes_1 to None, run_after=None
[2023-07-09T19:00:49.075+0000] {logging_mixin.py:149} INFO - [2023-07-09T19:00:49.075+0000] {dag.py:3490} INFO - Setting next_dagrun for dataset_consumes_1_and_2 to None, run_after=None
[2023-07-09T19:00:49.076+0000] {logging_mixin.py:149} INFO - [2023-07-09T19:00:49.076+0000] {dag.py:3490} INFO - Setting next_dagrun for dataset_consumes_1_never_scheduled to None, run_after=None
[2023-07-09T19:00:49.078+0000] {logging_mixin.py:149} INFO - [2023-07-09T19:00:49.077+0000] {dag.py:3490} INFO - Setting next_dagrun for dataset_consumes_unknown_never_scheduled to None, run_after=None
[2023-07-09T19:00:49.081+0000] {logging_mixin.py:149} INFO - [2023-07-09T19:00:49.081+0000] {dag.py:3490} INFO - Setting next_dagrun for dataset_produces_1 to 2023-07-08T00:00:00+00:00, run_after=2023-07-09T00:00:00+00:00
[2023-07-09T19:00:49.083+0000] {logging_mixin.py:149} INFO - [2023-07-09T19:00:49.082+0000] {dag.py:3490} INFO - Setting next_dagrun for dataset_produces_2 to None, run_after=None
[2023-07-09T19:00:49.115+0000] {processor.py:179} INFO - Processing /home/airflow/.local/lib/python3.7/site-packages/airflow/example_dags/example_datasets.py took 0.120 seconds
[2023-07-09T19:01:19.240+0000] {processor.py:157} INFO - Started process (PID=234) to work on /home/airflow/.local/lib/python3.7/site-packages/airflow/example_dags/example_datasets.py
[2023-07-09T19:01:19.243+0000] {processor.py:826} INFO - Processing file /home/airflow/.local/lib/python3.7/site-packages/airflow/example_dags/example_datasets.py for tasks to queue
[2023-07-09T19:01:19.244+0000] {logging_mixin.py:149} INFO - [2023-07-09T19:01:19.244+0000] {dagbag.py:541} INFO - Filling up the DagBag from /home/airflow/.local/lib/python3.7/site-packages/airflow/example_dags/example_datasets.py
[2023-07-09T19:01:19.253+0000] {processor.py:836} INFO - DAG(s) dict_keys(['dataset_consumes_1_and_2', 'dataset_consumes_1', 'dataset_produces_1', 'dataset_produces_2', 'dataset_consumes_1_never_scheduled', 'dataset_consumes_unknown_never_scheduled']) retrieved from /home/airflow/.local/lib/python3.7/site-packages/airflow/example_dags/example_datasets.py
[2023-07-09T19:01:19.292+0000] {logging_mixin.py:149} INFO - [2023-07-09T19:01:19.291+0000] {dag.py:2726} INFO - Sync 6 DAGs
[2023-07-09T19:01:19.317+0000] {logging_mixin.py:149} INFO - [2023-07-09T19:01:19.317+0000] {dag.py:3490} INFO - Setting next_dagrun for dataset_consumes_1 to None, run_after=None
[2023-07-09T19:01:19.320+0000] {logging_mixin.py:149} INFO - [2023-07-09T19:01:19.320+0000] {dag.py:3490} INFO - Setting next_dagrun for dataset_consumes_1_and_2 to None, run_after=None
[2023-07-09T19:01:19.321+0000] {logging_mixin.py:149} INFO - [2023-07-09T19:01:19.321+0000] {dag.py:3490} INFO - Setting next_dagrun for dataset_consumes_1_never_scheduled to None, run_after=None
[2023-07-09T19:01:19.323+0000] {logging_mixin.py:149} INFO - [2023-07-09T19:01:19.323+0000] {dag.py:3490} INFO - Setting next_dagrun for dataset_consumes_unknown_never_scheduled to None, run_after=None
[2023-07-09T19:01:19.326+0000] {logging_mixin.py:149} INFO - [2023-07-09T19:01:19.326+0000] {dag.py:3490} INFO - Setting next_dagrun for dataset_produces_1 to 2023-07-08T00:00:00+00:00, run_after=2023-07-09T00:00:00+00:00
[2023-07-09T19:01:19.328+0000] {logging_mixin.py:149} INFO - [2023-07-09T19:01:19.327+0000] {dag.py:3490} INFO - Setting next_dagrun for dataset_produces_2 to None, run_after=None
[2023-07-09T19:01:19.361+0000] {processor.py:179} INFO - Processing /home/airflow/.local/lib/python3.7/site-packages/airflow/example_dags/example_datasets.py took 0.123 seconds
[2023-07-09T19:01:49.875+0000] {processor.py:157} INFO - Started process (PID=299) to work on /home/airflow/.local/lib/python3.7/site-packages/airflow/example_dags/example_datasets.py
[2023-07-09T19:01:49.878+0000] {processor.py:826} INFO - Processing file /home/airflow/.local/lib/python3.7/site-packages/airflow/example_dags/example_datasets.py for tasks to queue
[2023-07-09T19:01:49.879+0000] {logging_mixin.py:149} INFO - [2023-07-09T19:01:49.879+0000] {dagbag.py:541} INFO - Filling up the DagBag from /home/airflow/.local/lib/python3.7/site-packages/airflow/example_dags/example_datasets.py
[2023-07-09T19:01:49.887+0000] {processor.py:836} INFO - DAG(s) dict_keys(['dataset_consumes_unknown_never_scheduled', 'dataset_consumes_1', 'dataset_produces_2', 'dataset_consumes_1_and_2', 'dataset_consumes_1_never_scheduled', 'dataset_produces_1']) retrieved from /home/airflow/.local/lib/python3.7/site-packages/airflow/example_dags/example_datasets.py
[2023-07-09T19:01:49.924+0000] {logging_mixin.py:149} INFO - [2023-07-09T19:01:49.923+0000] {dag.py:2726} INFO - Sync 6 DAGs
[2023-07-09T19:01:49.948+0000] {logging_mixin.py:149} INFO - [2023-07-09T19:01:49.948+0000] {dag.py:3490} INFO - Setting next_dagrun for dataset_consumes_1 to None, run_after=None
[2023-07-09T19:01:49.951+0000] {logging_mixin.py:149} INFO - [2023-07-09T19:01:49.951+0000] {dag.py:3490} INFO - Setting next_dagrun for dataset_consumes_1_and_2 to None, run_after=None
[2023-07-09T19:01:49.952+0000] {logging_mixin.py:149} INFO - [2023-07-09T19:01:49.952+0000] {dag.py:3490} INFO - Setting next_dagrun for dataset_consumes_1_never_scheduled to None, run_after=None
[2023-07-09T19:01:49.954+0000] {logging_mixin.py:149} INFO - [2023-07-09T19:01:49.954+0000] {dag.py:3490} INFO - Setting next_dagrun for dataset_consumes_unknown_never_scheduled to None, run_after=None
[2023-07-09T19:01:49.957+0000] {logging_mixin.py:149} INFO - [2023-07-09T19:01:49.957+0000] {dag.py:3490} INFO - Setting next_dagrun for dataset_produces_1 to 2023-07-08T00:00:00+00:00, run_after=2023-07-09T00:00:00+00:00
[2023-07-09T19:01:49.959+0000] {logging_mixin.py:149} INFO - [2023-07-09T19:01:49.958+0000] {dag.py:3490} INFO - Setting next_dagrun for dataset_produces_2 to None, run_after=None
[2023-07-09T19:01:49.990+0000] {processor.py:179} INFO - Processing /home/airflow/.local/lib/python3.7/site-packages/airflow/example_dags/example_datasets.py took 0.118 seconds
[2023-07-09T19:02:20.441+0000] {processor.py:157} INFO - Started process (PID=364) to work on /home/airflow/.local/lib/python3.7/site-packages/airflow/example_dags/example_datasets.py
[2023-07-09T19:02:20.444+0000] {processor.py:826} INFO - Processing file /home/airflow/.local/lib/python3.7/site-packages/airflow/example_dags/example_datasets.py for tasks to queue
[2023-07-09T19:02:20.445+0000] {logging_mixin.py:149} INFO - [2023-07-09T19:02:20.445+0000] {dagbag.py:541} INFO - Filling up the DagBag from /home/airflow/.local/lib/python3.7/site-packages/airflow/example_dags/example_datasets.py
[2023-07-09T19:02:20.454+0000] {processor.py:836} INFO - DAG(s) dict_keys(['dataset_produces_1', 'dataset_consumes_1_and_2', 'dataset_consumes_1', 'dataset_consumes_1_never_scheduled', 'dataset_produces_2', 'dataset_consumes_unknown_never_scheduled']) retrieved from /home/airflow/.local/lib/python3.7/site-packages/airflow/example_dags/example_datasets.py
[2023-07-09T19:02:20.494+0000] {logging_mixin.py:149} INFO - [2023-07-09T19:02:20.494+0000] {dag.py:2726} INFO - Sync 6 DAGs
[2023-07-09T19:02:20.526+0000] {logging_mixin.py:149} INFO - [2023-07-09T19:02:20.526+0000] {dag.py:3490} INFO - Setting next_dagrun for dataset_consumes_1 to None, run_after=None
[2023-07-09T19:02:20.530+0000] {logging_mixin.py:149} INFO - [2023-07-09T19:02:20.530+0000] {dag.py:3490} INFO - Setting next_dagrun for dataset_consumes_1_and_2 to None, run_after=None
[2023-07-09T19:02:20.532+0000] {logging_mixin.py:149} INFO - [2023-07-09T19:02:20.532+0000] {dag.py:3490} INFO - Setting next_dagrun for dataset_consumes_1_never_scheduled to None, run_after=None
[2023-07-09T19:02:20.533+0000] {logging_mixin.py:149} INFO - [2023-07-09T19:02:20.533+0000] {dag.py:3490} INFO - Setting next_dagrun for dataset_consumes_unknown_never_scheduled to None, run_after=None
[2023-07-09T19:02:20.536+0000] {logging_mixin.py:149} INFO - [2023-07-09T19:02:20.536+0000] {dag.py:3490} INFO - Setting next_dagrun for dataset_produces_1 to 2023-07-08T00:00:00+00:00, run_after=2023-07-09T00:00:00+00:00
[2023-07-09T19:02:20.537+0000] {logging_mixin.py:149} INFO - [2023-07-09T19:02:20.537+0000] {dag.py:3490} INFO - Setting next_dagrun for dataset_produces_2 to None, run_after=None
[2023-07-09T19:02:20.574+0000] {processor.py:179} INFO - Processing /home/airflow/.local/lib/python3.7/site-packages/airflow/example_dags/example_datasets.py took 0.135 seconds
[2023-07-09T19:02:50.723+0000] {processor.py:157} INFO - Started process (PID=429) to work on /home/airflow/.local/lib/python3.7/site-packages/airflow/example_dags/example_datasets.py
[2023-07-09T19:02:50.726+0000] {processor.py:826} INFO - Processing file /home/airflow/.local/lib/python3.7/site-packages/airflow/example_dags/example_datasets.py for tasks to queue
[2023-07-09T19:02:50.726+0000] {logging_mixin.py:149} INFO - [2023-07-09T19:02:50.726+0000] {dagbag.py:541} INFO - Filling up the DagBag from /home/airflow/.local/lib/python3.7/site-packages/airflow/example_dags/example_datasets.py
[2023-07-09T19:02:50.736+0000] {processor.py:836} INFO - DAG(s) dict_keys(['dataset_produces_1', 'dataset_produces_2', 'dataset_consumes_1_and_2', 'dataset_consumes_1', 'dataset_consumes_1_never_scheduled', 'dataset_consumes_unknown_never_scheduled']) retrieved from /home/airflow/.local/lib/python3.7/site-packages/airflow/example_dags/example_datasets.py
[2023-07-09T19:02:50.778+0000] {logging_mixin.py:149} INFO - [2023-07-09T19:02:50.778+0000] {dag.py:2726} INFO - Sync 6 DAGs
[2023-07-09T19:02:50.807+0000] {logging_mixin.py:149} INFO - [2023-07-09T19:02:50.807+0000] {dag.py:3490} INFO - Setting next_dagrun for dataset_consumes_1 to None, run_after=None
[2023-07-09T19:02:50.811+0000] {logging_mixin.py:149} INFO - [2023-07-09T19:02:50.811+0000] {dag.py:3490} INFO - Setting next_dagrun for dataset_consumes_1_and_2 to None, run_after=None
[2023-07-09T19:02:50.813+0000] {logging_mixin.py:149} INFO - [2023-07-09T19:02:50.813+0000] {dag.py:3490} INFO - Setting next_dagrun for dataset_consumes_1_never_scheduled to None, run_after=None
[2023-07-09T19:02:50.814+0000] {logging_mixin.py:149} INFO - [2023-07-09T19:02:50.814+0000] {dag.py:3490} INFO - Setting next_dagrun for dataset_consumes_unknown_never_scheduled to None, run_after=None
[2023-07-09T19:02:50.816+0000] {logging_mixin.py:149} INFO - [2023-07-09T19:02:50.816+0000] {dag.py:3490} INFO - Setting next_dagrun for dataset_produces_1 to 2023-07-08T00:00:00+00:00, run_after=2023-07-09T00:00:00+00:00
[2023-07-09T19:02:50.818+0000] {logging_mixin.py:149} INFO - [2023-07-09T19:02:50.818+0000] {dag.py:3490} INFO - Setting next_dagrun for dataset_produces_2 to None, run_after=None
[2023-07-09T19:02:50.852+0000] {processor.py:179} INFO - Processing /home/airflow/.local/lib/python3.7/site-packages/airflow/example_dags/example_datasets.py took 0.133 seconds
[2023-07-09T19:03:20.970+0000] {processor.py:157} INFO - Started process (PID=494) to work on /home/airflow/.local/lib/python3.7/site-packages/airflow/example_dags/example_datasets.py
[2023-07-09T19:03:20.973+0000] {processor.py:826} INFO - Processing file /home/airflow/.local/lib/python3.7/site-packages/airflow/example_dags/example_datasets.py for tasks to queue
[2023-07-09T19:03:20.973+0000] {logging_mixin.py:149} INFO - [2023-07-09T19:03:20.973+0000] {dagbag.py:541} INFO - Filling up the DagBag from /home/airflow/.local/lib/python3.7/site-packages/airflow/example_dags/example_datasets.py
[2023-07-09T19:03:20.984+0000] {processor.py:836} INFO - DAG(s) dict_keys(['dataset_consumes_unknown_never_scheduled', 'dataset_consumes_1_never_scheduled', 'dataset_consumes_1_and_2', 'dataset_produces_2', 'dataset_consumes_1', 'dataset_produces_1']) retrieved from /home/airflow/.local/lib/python3.7/site-packages/airflow/example_dags/example_datasets.py
[2023-07-09T19:03:21.029+0000] {logging_mixin.py:149} INFO - [2023-07-09T19:03:21.028+0000] {dag.py:2726} INFO - Sync 6 DAGs
[2023-07-09T19:03:21.057+0000] {logging_mixin.py:149} INFO - [2023-07-09T19:03:21.057+0000] {dag.py:3490} INFO - Setting next_dagrun for dataset_consumes_1 to None, run_after=None
[2023-07-09T19:03:21.061+0000] {logging_mixin.py:149} INFO - [2023-07-09T19:03:21.061+0000] {dag.py:3490} INFO - Setting next_dagrun for dataset_consumes_1_and_2 to None, run_after=None
[2023-07-09T19:03:21.062+0000] {logging_mixin.py:149} INFO - [2023-07-09T19:03:21.062+0000] {dag.py:3490} INFO - Setting next_dagrun for dataset_consumes_1_never_scheduled to None, run_after=None
[2023-07-09T19:03:21.064+0000] {logging_mixin.py:149} INFO - [2023-07-09T19:03:21.064+0000] {dag.py:3490} INFO - Setting next_dagrun for dataset_consumes_unknown_never_scheduled to None, run_after=None
[2023-07-09T19:03:21.066+0000] {logging_mixin.py:149} INFO - [2023-07-09T19:03:21.066+0000] {dag.py:3490} INFO - Setting next_dagrun for dataset_produces_1 to 2023-07-08T00:00:00+00:00, run_after=2023-07-09T00:00:00+00:00
[2023-07-09T19:03:21.068+0000] {logging_mixin.py:149} INFO - [2023-07-09T19:03:21.068+0000] {dag.py:3490} INFO - Setting next_dagrun for dataset_produces_2 to None, run_after=None
[2023-07-09T19:03:21.103+0000] {processor.py:179} INFO - Processing /home/airflow/.local/lib/python3.7/site-packages/airflow/example_dags/example_datasets.py took 0.137 seconds
[2023-07-09T19:03:51.278+0000] {processor.py:157} INFO - Started process (PID=559) to work on /home/airflow/.local/lib/python3.7/site-packages/airflow/example_dags/example_datasets.py
[2023-07-09T19:03:51.280+0000] {processor.py:826} INFO - Processing file /home/airflow/.local/lib/python3.7/site-packages/airflow/example_dags/example_datasets.py for tasks to queue
[2023-07-09T19:03:51.281+0000] {logging_mixin.py:149} INFO - [2023-07-09T19:03:51.281+0000] {dagbag.py:541} INFO - Filling up the DagBag from /home/airflow/.local/lib/python3.7/site-packages/airflow/example_dags/example_datasets.py
[2023-07-09T19:03:51.289+0000] {processor.py:836} INFO - DAG(s) dict_keys(['dataset_produces_1', 'dataset_consumes_1_and_2', 'dataset_consumes_1', 'dataset_produces_2', 'dataset_consumes_unknown_never_scheduled', 'dataset_consumes_1_never_scheduled']) retrieved from /home/airflow/.local/lib/python3.7/site-packages/airflow/example_dags/example_datasets.py
[2023-07-09T19:03:51.326+0000] {logging_mixin.py:149} INFO - [2023-07-09T19:03:51.326+0000] {dag.py:2726} INFO - Sync 6 DAGs
[2023-07-09T19:03:51.351+0000] {logging_mixin.py:149} INFO - [2023-07-09T19:03:51.351+0000] {dag.py:3490} INFO - Setting next_dagrun for dataset_consumes_1 to None, run_after=None
[2023-07-09T19:03:51.354+0000] {logging_mixin.py:149} INFO - [2023-07-09T19:03:51.354+0000] {dag.py:3490} INFO - Setting next_dagrun for dataset_consumes_1_and_2 to None, run_after=None
[2023-07-09T19:03:51.355+0000] {logging_mixin.py:149} INFO - [2023-07-09T19:03:51.355+0000] {dag.py:3490} INFO - Setting next_dagrun for dataset_consumes_1_never_scheduled to None, run_after=None
[2023-07-09T19:03:51.356+0000] {logging_mixin.py:149} INFO - [2023-07-09T19:03:51.356+0000] {dag.py:3490} INFO - Setting next_dagrun for dataset_consumes_unknown_never_scheduled to None, run_after=None
[2023-07-09T19:03:51.359+0000] {logging_mixin.py:149} INFO - [2023-07-09T19:03:51.359+0000] {dag.py:3490} INFO - Setting next_dagrun for dataset_produces_1 to 2023-07-08T00:00:00+00:00, run_after=2023-07-09T00:00:00+00:00
[2023-07-09T19:03:51.361+0000] {logging_mixin.py:149} INFO - [2023-07-09T19:03:51.361+0000] {dag.py:3490} INFO - Setting next_dagrun for dataset_produces_2 to None, run_after=None
[2023-07-09T19:03:51.392+0000] {processor.py:179} INFO - Processing /home/airflow/.local/lib/python3.7/site-packages/airflow/example_dags/example_datasets.py took 0.119 seconds
[2023-07-09T19:04:21.570+0000] {processor.py:157} INFO - Started process (PID=624) to work on /home/airflow/.local/lib/python3.7/site-packages/airflow/example_dags/example_datasets.py
[2023-07-09T19:04:21.573+0000] {processor.py:826} INFO - Processing file /home/airflow/.local/lib/python3.7/site-packages/airflow/example_dags/example_datasets.py for tasks to queue
[2023-07-09T19:04:21.574+0000] {logging_mixin.py:149} INFO - [2023-07-09T19:04:21.574+0000] {dagbag.py:541} INFO - Filling up the DagBag from /home/airflow/.local/lib/python3.7/site-packages/airflow/example_dags/example_datasets.py
[2023-07-09T19:04:21.582+0000] {processor.py:836} INFO - DAG(s) dict_keys(['dataset_consumes_1_never_scheduled', 'dataset_produces_1', 'dataset_consumes_unknown_never_scheduled', 'dataset_consumes_1', 'dataset_consumes_1_and_2', 'dataset_produces_2']) retrieved from /home/airflow/.local/lib/python3.7/site-packages/airflow/example_dags/example_datasets.py
[2023-07-09T19:04:21.620+0000] {logging_mixin.py:149} INFO - [2023-07-09T19:04:21.620+0000] {dag.py:2726} INFO - Sync 6 DAGs
[2023-07-09T19:04:21.646+0000] {logging_mixin.py:149} INFO - [2023-07-09T19:04:21.646+0000] {dag.py:3490} INFO - Setting next_dagrun for dataset_consumes_1 to None, run_after=None
[2023-07-09T19:04:21.649+0000] {logging_mixin.py:149} INFO - [2023-07-09T19:04:21.649+0000] {dag.py:3490} INFO - Setting next_dagrun for dataset_consumes_1_and_2 to None, run_after=None
[2023-07-09T19:04:21.651+0000] {logging_mixin.py:149} INFO - [2023-07-09T19:04:21.650+0000] {dag.py:3490} INFO - Setting next_dagrun for dataset_consumes_1_never_scheduled to None, run_after=None
[2023-07-09T19:04:21.654+0000] {logging_mixin.py:149} INFO - [2023-07-09T19:04:21.654+0000] {dag.py:3490} INFO - Setting next_dagrun for dataset_consumes_unknown_never_scheduled to None, run_after=None
[2023-07-09T19:04:21.658+0000] {logging_mixin.py:149} INFO - [2023-07-09T19:04:21.657+0000] {dag.py:3490} INFO - Setting next_dagrun for dataset_produces_1 to 2023-07-08T00:00:00+00:00, run_after=2023-07-09T00:00:00+00:00
[2023-07-09T19:04:21.660+0000] {logging_mixin.py:149} INFO - [2023-07-09T19:04:21.660+0000] {dag.py:3490} INFO - Setting next_dagrun for dataset_produces_2 to None, run_after=None
[2023-07-09T19:04:21.703+0000] {processor.py:179} INFO - Processing /home/airflow/.local/lib/python3.7/site-packages/airflow/example_dags/example_datasets.py took 0.136 seconds
[2023-07-09T19:04:52.358+0000] {processor.py:157} INFO - Started process (PID=689) to work on /home/airflow/.local/lib/python3.7/site-packages/airflow/example_dags/example_datasets.py
[2023-07-09T19:04:52.362+0000] {processor.py:826} INFO - Processing file /home/airflow/.local/lib/python3.7/site-packages/airflow/example_dags/example_datasets.py for tasks to queue
[2023-07-09T19:04:52.362+0000] {logging_mixin.py:149} INFO - [2023-07-09T19:04:52.362+0000] {dagbag.py:541} INFO - Filling up the DagBag from /home/airflow/.local/lib/python3.7/site-packages/airflow/example_dags/example_datasets.py
[2023-07-09T19:04:52.371+0000] {processor.py:836} INFO - DAG(s) dict_keys(['dataset_consumes_unknown_never_scheduled', 'dataset_produces_2', 'dataset_produces_1', 'dataset_consumes_1', 'dataset_consumes_1_and_2', 'dataset_consumes_1_never_scheduled']) retrieved from /home/airflow/.local/lib/python3.7/site-packages/airflow/example_dags/example_datasets.py
[2023-07-09T19:04:52.410+0000] {logging_mixin.py:149} INFO - [2023-07-09T19:04:52.410+0000] {dag.py:2726} INFO - Sync 6 DAGs
[2023-07-09T19:04:52.437+0000] {logging_mixin.py:149} INFO - [2023-07-09T19:04:52.437+0000] {dag.py:3490} INFO - Setting next_dagrun for dataset_consumes_1 to None, run_after=None
[2023-07-09T19:04:52.441+0000] {logging_mixin.py:149} INFO - [2023-07-09T19:04:52.441+0000] {dag.py:3490} INFO - Setting next_dagrun for dataset_consumes_1_and_2 to None, run_after=None
[2023-07-09T19:04:52.443+0000] {logging_mixin.py:149} INFO - [2023-07-09T19:04:52.443+0000] {dag.py:3490} INFO - Setting next_dagrun for dataset_consumes_1_never_scheduled to None, run_after=None
[2023-07-09T19:04:52.445+0000] {logging_mixin.py:149} INFO - [2023-07-09T19:04:52.445+0000] {dag.py:3490} INFO - Setting next_dagrun for dataset_consumes_unknown_never_scheduled to None, run_after=None
[2023-07-09T19:04:52.448+0000] {logging_mixin.py:149} INFO - [2023-07-09T19:04:52.448+0000] {dag.py:3490} INFO - Setting next_dagrun for dataset_produces_1 to 2023-07-08T00:00:00+00:00, run_after=2023-07-09T00:00:00+00:00
[2023-07-09T19:04:52.450+0000] {logging_mixin.py:149} INFO - [2023-07-09T19:04:52.450+0000] {dag.py:3490} INFO - Setting next_dagrun for dataset_produces_2 to None, run_after=None
[2023-07-09T19:04:52.486+0000] {processor.py:179} INFO - Processing /home/airflow/.local/lib/python3.7/site-packages/airflow/example_dags/example_datasets.py took 0.131 seconds
[2023-07-09T19:05:23.023+0000] {processor.py:157} INFO - Started process (PID=754) to work on /home/airflow/.local/lib/python3.7/site-packages/airflow/example_dags/example_datasets.py
[2023-07-09T19:05:23.026+0000] {processor.py:826} INFO - Processing file /home/airflow/.local/lib/python3.7/site-packages/airflow/example_dags/example_datasets.py for tasks to queue
[2023-07-09T19:05:23.027+0000] {logging_mixin.py:149} INFO - [2023-07-09T19:05:23.027+0000] {dagbag.py:541} INFO - Filling up the DagBag from /home/airflow/.local/lib/python3.7/site-packages/airflow/example_dags/example_datasets.py
[2023-07-09T19:05:23.036+0000] {processor.py:836} INFO - DAG(s) dict_keys(['dataset_consumes_1_never_scheduled', 'dataset_consumes_1_and_2', 'dataset_consumes_1', 'dataset_produces_1', 'dataset_consumes_unknown_never_scheduled', 'dataset_produces_2']) retrieved from /home/airflow/.local/lib/python3.7/site-packages/airflow/example_dags/example_datasets.py
[2023-07-09T19:05:23.090+0000] {logging_mixin.py:149} INFO - [2023-07-09T19:05:23.090+0000] {dag.py:2726} INFO - Sync 6 DAGs
[2023-07-09T19:05:23.123+0000] {logging_mixin.py:149} INFO - [2023-07-09T19:05:23.123+0000] {dag.py:3490} INFO - Setting next_dagrun for dataset_consumes_1 to None, run_after=None
[2023-07-09T19:05:23.128+0000] {logging_mixin.py:149} INFO - [2023-07-09T19:05:23.128+0000] {dag.py:3490} INFO - Setting next_dagrun for dataset_consumes_1_and_2 to None, run_after=None
[2023-07-09T19:05:23.131+0000] {logging_mixin.py:149} INFO - [2023-07-09T19:05:23.131+0000] {dag.py:3490} INFO - Setting next_dagrun for dataset_consumes_1_never_scheduled to None, run_after=None
[2023-07-09T19:05:23.133+0000] {logging_mixin.py:149} INFO - [2023-07-09T19:05:23.133+0000] {dag.py:3490} INFO - Setting next_dagrun for dataset_consumes_unknown_never_scheduled to None, run_after=None
[2023-07-09T19:05:23.137+0000] {logging_mixin.py:149} INFO - [2023-07-09T19:05:23.137+0000] {dag.py:3490} INFO - Setting next_dagrun for dataset_produces_1 to 2023-07-08T00:00:00+00:00, run_after=2023-07-09T00:00:00+00:00
[2023-07-09T19:05:23.138+0000] {logging_mixin.py:149} INFO - [2023-07-09T19:05:23.138+0000] {dag.py:3490} INFO - Setting next_dagrun for dataset_produces_2 to None, run_after=None
[2023-07-09T19:05:23.183+0000] {processor.py:179} INFO - Processing /home/airflow/.local/lib/python3.7/site-packages/airflow/example_dags/example_datasets.py took 0.164 seconds
[2023-07-09T19:05:53.342+0000] {processor.py:157} INFO - Started process (PID=819) to work on /home/airflow/.local/lib/python3.7/site-packages/airflow/example_dags/example_datasets.py
[2023-07-09T19:05:53.345+0000] {processor.py:826} INFO - Processing file /home/airflow/.local/lib/python3.7/site-packages/airflow/example_dags/example_datasets.py for tasks to queue
[2023-07-09T19:05:53.346+0000] {logging_mixin.py:149} INFO - [2023-07-09T19:05:53.346+0000] {dagbag.py:541} INFO - Filling up the DagBag from /home/airflow/.local/lib/python3.7/site-packages/airflow/example_dags/example_datasets.py
[2023-07-09T19:05:53.354+0000] {processor.py:836} INFO - DAG(s) dict_keys(['dataset_consumes_1', 'dataset_consumes_1_never_scheduled', 'dataset_consumes_1_and_2', 'dataset_produces_1', 'dataset_consumes_unknown_never_scheduled', 'dataset_produces_2']) retrieved from /home/airflow/.local/lib/python3.7/site-packages/airflow/example_dags/example_datasets.py
[2023-07-09T19:05:53.395+0000] {logging_mixin.py:149} INFO - [2023-07-09T19:05:53.395+0000] {dag.py:2726} INFO - Sync 6 DAGs
[2023-07-09T19:05:53.422+0000] {logging_mixin.py:149} INFO - [2023-07-09T19:05:53.422+0000] {dag.py:3490} INFO - Setting next_dagrun for dataset_consumes_1 to None, run_after=None
[2023-07-09T19:05:53.426+0000] {logging_mixin.py:149} INFO - [2023-07-09T19:05:53.426+0000] {dag.py:3490} INFO - Setting next_dagrun for dataset_consumes_1_and_2 to None, run_after=None
[2023-07-09T19:05:53.428+0000] {logging_mixin.py:149} INFO - [2023-07-09T19:05:53.427+0000] {dag.py:3490} INFO - Setting next_dagrun for dataset_consumes_1_never_scheduled to None, run_after=None
[2023-07-09T19:05:53.429+0000] {logging_mixin.py:149} INFO - [2023-07-09T19:05:53.429+0000] {dag.py:3490} INFO - Setting next_dagrun for dataset_consumes_unknown_never_scheduled to None, run_after=None
[2023-07-09T19:05:53.431+0000] {logging_mixin.py:149} INFO - [2023-07-09T19:05:53.431+0000] {dag.py:3490} INFO - Setting next_dagrun for dataset_produces_1 to 2023-07-08T00:00:00+00:00, run_after=2023-07-09T00:00:00+00:00
[2023-07-09T19:05:53.433+0000] {logging_mixin.py:149} INFO - [2023-07-09T19:05:53.433+0000] {dag.py:3490} INFO - Setting next_dagrun for dataset_produces_2 to None, run_after=None
[2023-07-09T19:05:53.472+0000] {processor.py:179} INFO - Processing /home/airflow/.local/lib/python3.7/site-packages/airflow/example_dags/example_datasets.py took 0.133 seconds
[2023-07-09T19:06:23.656+0000] {processor.py:157} INFO - Started process (PID=884) to work on /home/airflow/.local/lib/python3.7/site-packages/airflow/example_dags/example_datasets.py
[2023-07-09T19:06:23.659+0000] {processor.py:826} INFO - Processing file /home/airflow/.local/lib/python3.7/site-packages/airflow/example_dags/example_datasets.py for tasks to queue
[2023-07-09T19:06:23.660+0000] {logging_mixin.py:149} INFO - [2023-07-09T19:06:23.660+0000] {dagbag.py:541} INFO - Filling up the DagBag from /home/airflow/.local/lib/python3.7/site-packages/airflow/example_dags/example_datasets.py
[2023-07-09T19:06:23.672+0000] {processor.py:836} INFO - DAG(s) dict_keys(['dataset_consumes_1', 'dataset_consumes_unknown_never_scheduled', 'dataset_produces_2', 'dataset_produces_1', 'dataset_consumes_1_never_scheduled', 'dataset_consumes_1_and_2']) retrieved from /home/airflow/.local/lib/python3.7/site-packages/airflow/example_dags/example_datasets.py
[2023-07-09T19:06:23.717+0000] {logging_mixin.py:149} INFO - [2023-07-09T19:06:23.717+0000] {dag.py:2726} INFO - Sync 6 DAGs
[2023-07-09T19:06:23.747+0000] {logging_mixin.py:149} INFO - [2023-07-09T19:06:23.747+0000] {dag.py:3490} INFO - Setting next_dagrun for dataset_consumes_1 to None, run_after=None
[2023-07-09T19:06:23.751+0000] {logging_mixin.py:149} INFO - [2023-07-09T19:06:23.751+0000] {dag.py:3490} INFO - Setting next_dagrun for dataset_consumes_1_and_2 to None, run_after=None
[2023-07-09T19:06:23.752+0000] {logging_mixin.py:149} INFO - [2023-07-09T19:06:23.752+0000] {dag.py:3490} INFO - Setting next_dagrun for dataset_consumes_1_never_scheduled to None, run_after=None
[2023-07-09T19:06:23.754+0000] {logging_mixin.py:149} INFO - [2023-07-09T19:06:23.753+0000] {dag.py:3490} INFO - Setting next_dagrun for dataset_consumes_unknown_never_scheduled to None, run_after=None
[2023-07-09T19:06:23.756+0000] {logging_mixin.py:149} INFO - [2023-07-09T19:06:23.756+0000] {dag.py:3490} INFO - Setting next_dagrun for dataset_produces_1 to 2023-07-08T00:00:00+00:00, run_after=2023-07-09T00:00:00+00:00
[2023-07-09T19:06:23.758+0000] {logging_mixin.py:149} INFO - [2023-07-09T19:06:23.758+0000] {dag.py:3490} INFO - Setting next_dagrun for dataset_produces_2 to None, run_after=None
[2023-07-09T19:06:23.795+0000] {processor.py:179} INFO - Processing /home/airflow/.local/lib/python3.7/site-packages/airflow/example_dags/example_datasets.py took 0.142 seconds
[2023-07-09T19:06:54.641+0000] {processor.py:157} INFO - Started process (PID=949) to work on /home/airflow/.local/lib/python3.7/site-packages/airflow/example_dags/example_datasets.py
[2023-07-09T19:06:54.644+0000] {processor.py:826} INFO - Processing file /home/airflow/.local/lib/python3.7/site-packages/airflow/example_dags/example_datasets.py for tasks to queue
[2023-07-09T19:06:54.645+0000] {logging_mixin.py:149} INFO - [2023-07-09T19:06:54.645+0000] {dagbag.py:541} INFO - Filling up the DagBag from /home/airflow/.local/lib/python3.7/site-packages/airflow/example_dags/example_datasets.py
[2023-07-09T19:06:54.658+0000] {processor.py:836} INFO - DAG(s) dict_keys(['dataset_consumes_1_never_scheduled', 'dataset_produces_2', 'dataset_consumes_1', 'dataset_produces_1', 'dataset_consumes_1_and_2', 'dataset_consumes_unknown_never_scheduled']) retrieved from /home/airflow/.local/lib/python3.7/site-packages/airflow/example_dags/example_datasets.py
[2023-07-09T19:06:54.715+0000] {logging_mixin.py:149} INFO - [2023-07-09T19:06:54.715+0000] {dag.py:2726} INFO - Sync 6 DAGs
[2023-07-09T19:06:54.755+0000] {logging_mixin.py:149} INFO - [2023-07-09T19:06:54.755+0000] {dag.py:3490} INFO - Setting next_dagrun for dataset_consumes_1 to None, run_after=None
[2023-07-09T19:06:54.760+0000] {logging_mixin.py:149} INFO - [2023-07-09T19:06:54.759+0000] {dag.py:3490} INFO - Setting next_dagrun for dataset_consumes_1_and_2 to None, run_after=None
[2023-07-09T19:06:54.761+0000] {logging_mixin.py:149} INFO - [2023-07-09T19:06:54.761+0000] {dag.py:3490} INFO - Setting next_dagrun for dataset_consumes_1_never_scheduled to None, run_after=None
[2023-07-09T19:06:54.762+0000] {logging_mixin.py:149} INFO - [2023-07-09T19:06:54.762+0000] {dag.py:3490} INFO - Setting next_dagrun for dataset_consumes_unknown_never_scheduled to None, run_after=None
[2023-07-09T19:06:54.765+0000] {logging_mixin.py:149} INFO - [2023-07-09T19:06:54.765+0000] {dag.py:3490} INFO - Setting next_dagrun for dataset_produces_1 to 2023-07-08T00:00:00+00:00, run_after=2023-07-09T00:00:00+00:00
[2023-07-09T19:06:54.767+0000] {logging_mixin.py:149} INFO - [2023-07-09T19:06:54.767+0000] {dag.py:3490} INFO - Setting next_dagrun for dataset_produces_2 to None, run_after=None
[2023-07-09T19:06:54.814+0000] {processor.py:179} INFO - Processing /home/airflow/.local/lib/python3.7/site-packages/airflow/example_dags/example_datasets.py took 0.179 seconds
[2023-07-09T19:07:24.864+0000] {processor.py:157} INFO - Started process (PID=1015) to work on /home/airflow/.local/lib/python3.7/site-packages/airflow/example_dags/example_datasets.py
[2023-07-09T19:07:24.865+0000] {processor.py:826} INFO - Processing file /home/airflow/.local/lib/python3.7/site-packages/airflow/example_dags/example_datasets.py for tasks to queue
[2023-07-09T19:07:24.865+0000] {logging_mixin.py:149} INFO - [2023-07-09T19:07:24.865+0000] {dagbag.py:541} INFO - Filling up the DagBag from /home/airflow/.local/lib/python3.7/site-packages/airflow/example_dags/example_datasets.py
[2023-07-09T19:07:24.874+0000] {processor.py:836} INFO - DAG(s) dict_keys(['dataset_consumes_1', 'dataset_consumes_1_and_2', 'dataset_produces_1', 'dataset_consumes_1_never_scheduled', 'dataset_produces_2', 'dataset_consumes_unknown_never_scheduled']) retrieved from /home/airflow/.local/lib/python3.7/site-packages/airflow/example_dags/example_datasets.py
[2023-07-09T19:07:24.915+0000] {logging_mixin.py:149} INFO - [2023-07-09T19:07:24.915+0000] {dag.py:2726} INFO - Sync 6 DAGs
[2023-07-09T19:07:24.941+0000] {logging_mixin.py:149} INFO - [2023-07-09T19:07:24.941+0000] {dag.py:3490} INFO - Setting next_dagrun for dataset_consumes_1 to None, run_after=None
[2023-07-09T19:07:24.945+0000] {logging_mixin.py:149} INFO - [2023-07-09T19:07:24.945+0000] {dag.py:3490} INFO - Setting next_dagrun for dataset_consumes_1_and_2 to None, run_after=None
[2023-07-09T19:07:24.946+0000] {logging_mixin.py:149} INFO - [2023-07-09T19:07:24.946+0000] {dag.py:3490} INFO - Setting next_dagrun for dataset_consumes_1_never_scheduled to None, run_after=None
[2023-07-09T19:07:24.947+0000] {logging_mixin.py:149} INFO - [2023-07-09T19:07:24.947+0000] {dag.py:3490} INFO - Setting next_dagrun for dataset_consumes_unknown_never_scheduled to None, run_after=None
[2023-07-09T19:07:24.949+0000] {logging_mixin.py:149} INFO - [2023-07-09T19:07:24.949+0000] {dag.py:3490} INFO - Setting next_dagrun for dataset_produces_1 to 2023-07-08T00:00:00+00:00, run_after=2023-07-09T00:00:00+00:00
[2023-07-09T19:07:24.951+0000] {logging_mixin.py:149} INFO - [2023-07-09T19:07:24.950+0000] {dag.py:3490} INFO - Setting next_dagrun for dataset_produces_2 to None, run_after=None
[2023-07-09T19:07:24.984+0000] {processor.py:179} INFO - Processing /home/airflow/.local/lib/python3.7/site-packages/airflow/example_dags/example_datasets.py took 0.124 seconds
[2023-07-09T19:07:55.037+0000] {processor.py:157} INFO - Started process (PID=1080) to work on /home/airflow/.local/lib/python3.7/site-packages/airflow/example_dags/example_datasets.py
[2023-07-09T19:07:55.039+0000] {processor.py:826} INFO - Processing file /home/airflow/.local/lib/python3.7/site-packages/airflow/example_dags/example_datasets.py for tasks to queue
[2023-07-09T19:07:55.039+0000] {logging_mixin.py:149} INFO - [2023-07-09T19:07:55.039+0000] {dagbag.py:541} INFO - Filling up the DagBag from /home/airflow/.local/lib/python3.7/site-packages/airflow/example_dags/example_datasets.py
[2023-07-09T19:07:55.048+0000] {processor.py:836} INFO - DAG(s) dict_keys(['dataset_consumes_1_and_2', 'dataset_consumes_1_never_scheduled', 'dataset_produces_1', 'dataset_produces_2', 'dataset_consumes_unknown_never_scheduled', 'dataset_consumes_1']) retrieved from /home/airflow/.local/lib/python3.7/site-packages/airflow/example_dags/example_datasets.py
[2023-07-09T19:07:55.084+0000] {logging_mixin.py:149} INFO - [2023-07-09T19:07:55.084+0000] {dag.py:2726} INFO - Sync 6 DAGs
[2023-07-09T19:07:55.109+0000] {logging_mixin.py:149} INFO - [2023-07-09T19:07:55.109+0000] {dag.py:3490} INFO - Setting next_dagrun for dataset_consumes_1 to None, run_after=None
[2023-07-09T19:07:55.111+0000] {logging_mixin.py:149} INFO - [2023-07-09T19:07:55.111+0000] {dag.py:3490} INFO - Setting next_dagrun for dataset_consumes_1_and_2 to None, run_after=None
[2023-07-09T19:07:55.113+0000] {logging_mixin.py:149} INFO - [2023-07-09T19:07:55.112+0000] {dag.py:3490} INFO - Setting next_dagrun for dataset_consumes_1_never_scheduled to None, run_after=None
[2023-07-09T19:07:55.113+0000] {logging_mixin.py:149} INFO - [2023-07-09T19:07:55.113+0000] {dag.py:3490} INFO - Setting next_dagrun for dataset_consumes_unknown_never_scheduled to None, run_after=None
[2023-07-09T19:07:55.116+0000] {logging_mixin.py:149} INFO - [2023-07-09T19:07:55.116+0000] {dag.py:3490} INFO - Setting next_dagrun for dataset_produces_1 to 2023-07-08T00:00:00+00:00, run_after=2023-07-09T00:00:00+00:00
[2023-07-09T19:07:55.117+0000] {logging_mixin.py:149} INFO - [2023-07-09T19:07:55.117+0000] {dag.py:3490} INFO - Setting next_dagrun for dataset_produces_2 to None, run_after=None
[2023-07-09T19:07:55.150+0000] {processor.py:179} INFO - Processing /home/airflow/.local/lib/python3.7/site-packages/airflow/example_dags/example_datasets.py took 0.116 seconds
