[2023-07-09T18:59:51.465+0000] {processor.py:157} INFO - Started process (PID=63) to work on /home/airflow/.local/lib/python3.7/site-packages/airflow/example_dags/example_short_circuit_operator.py
[2023-07-09T18:59:51.465+0000] {processor.py:826} INFO - Processing file /home/airflow/.local/lib/python3.7/site-packages/airflow/example_dags/example_short_circuit_operator.py for tasks to queue
[2023-07-09T18:59:51.466+0000] {logging_mixin.py:149} INFO - [2023-07-09T18:59:51.466+0000] {dagbag.py:541} INFO - Filling up the DagBag from /home/airflow/.local/lib/python3.7/site-packages/airflow/example_dags/example_short_circuit_operator.py
[2023-07-09T18:59:51.477+0000] {processor.py:836} INFO - DAG(s) dict_keys(['example_short_circuit_operator']) retrieved from /home/airflow/.local/lib/python3.7/site-packages/airflow/example_dags/example_short_circuit_operator.py
[2023-07-09T18:59:51.608+0000] {logging_mixin.py:149} INFO - [2023-07-09T18:59:51.608+0000] {manager.py:504} INFO - Created Permission View: can read on DAG:example_short_circuit_operator
[2023-07-09T18:59:51.619+0000] {logging_mixin.py:149} INFO - [2023-07-09T18:59:51.619+0000] {manager.py:504} INFO - Created Permission View: can edit on DAG:example_short_circuit_operator
[2023-07-09T18:59:51.627+0000] {logging_mixin.py:149} INFO - [2023-07-09T18:59:51.627+0000] {manager.py:504} INFO - Created Permission View: can delete on DAG:example_short_circuit_operator
[2023-07-09T18:59:51.644+0000] {logging_mixin.py:149} INFO - [2023-07-09T18:59:51.644+0000] {dag.py:2726} INFO - Sync 1 DAGs
[2023-07-09T18:59:51.656+0000] {logging_mixin.py:149} INFO - [2023-07-09T18:59:51.656+0000] {dag.py:2747} INFO - Creating ORM DAG for example_short_circuit_operator
[2023-07-09T18:59:51.667+0000] {logging_mixin.py:149} INFO - [2023-07-09T18:59:51.666+0000] {dag.py:3490} INFO - Setting next_dagrun for example_short_circuit_operator to 2023-07-08T18:59:51.666612+00:00, run_after=2023-07-09T18:59:51.666612+00:00
[2023-07-09T18:59:51.685+0000] {processor.py:179} INFO - Processing /home/airflow/.local/lib/python3.7/site-packages/airflow/example_dags/example_short_circuit_operator.py took 0.223 seconds
[2023-07-09T19:00:22.127+0000] {processor.py:157} INFO - Started process (PID=128) to work on /home/airflow/.local/lib/python3.7/site-packages/airflow/example_dags/example_short_circuit_operator.py
[2023-07-09T19:00:22.128+0000] {processor.py:826} INFO - Processing file /home/airflow/.local/lib/python3.7/site-packages/airflow/example_dags/example_short_circuit_operator.py for tasks to queue
[2023-07-09T19:00:22.128+0000] {logging_mixin.py:149} INFO - [2023-07-09T19:00:22.128+0000] {dagbag.py:541} INFO - Filling up the DagBag from /home/airflow/.local/lib/python3.7/site-packages/airflow/example_dags/example_short_circuit_operator.py
[2023-07-09T19:00:22.136+0000] {processor.py:836} INFO - DAG(s) dict_keys(['example_short_circuit_operator']) retrieved from /home/airflow/.local/lib/python3.7/site-packages/airflow/example_dags/example_short_circuit_operator.py
[2023-07-09T19:00:22.162+0000] {logging_mixin.py:149} INFO - [2023-07-09T19:00:22.162+0000] {dag.py:2726} INFO - Sync 1 DAGs
[2023-07-09T19:00:22.186+0000] {logging_mixin.py:149} INFO - [2023-07-09T19:00:22.186+0000] {dag.py:3490} INFO - Setting next_dagrun for example_short_circuit_operator to 2023-07-08T19:00:22.186582+00:00, run_after=2023-07-09T19:00:22.186582+00:00
[2023-07-09T19:00:22.205+0000] {processor.py:179} INFO - Processing /home/airflow/.local/lib/python3.7/site-packages/airflow/example_dags/example_short_circuit_operator.py took 0.081 seconds
[2023-07-09T19:00:52.454+0000] {processor.py:157} INFO - Started process (PID=193) to work on /home/airflow/.local/lib/python3.7/site-packages/airflow/example_dags/example_short_circuit_operator.py
[2023-07-09T19:00:52.455+0000] {processor.py:826} INFO - Processing file /home/airflow/.local/lib/python3.7/site-packages/airflow/example_dags/example_short_circuit_operator.py for tasks to queue
[2023-07-09T19:00:52.456+0000] {logging_mixin.py:149} INFO - [2023-07-09T19:00:52.456+0000] {dagbag.py:541} INFO - Filling up the DagBag from /home/airflow/.local/lib/python3.7/site-packages/airflow/example_dags/example_short_circuit_operator.py
[2023-07-09T19:00:52.464+0000] {processor.py:836} INFO - DAG(s) dict_keys(['example_short_circuit_operator']) retrieved from /home/airflow/.local/lib/python3.7/site-packages/airflow/example_dags/example_short_circuit_operator.py
[2023-07-09T19:00:52.494+0000] {logging_mixin.py:149} INFO - [2023-07-09T19:00:52.493+0000] {dag.py:2726} INFO - Sync 1 DAGs
[2023-07-09T19:00:52.535+0000] {logging_mixin.py:149} INFO - [2023-07-09T19:00:52.534+0000] {dag.py:3490} INFO - Setting next_dagrun for example_short_circuit_operator to 2023-07-08T19:00:52.534018+00:00, run_after=2023-07-09T19:00:52.534018+00:00
[2023-07-09T19:00:52.569+0000] {processor.py:179} INFO - Processing /home/airflow/.local/lib/python3.7/site-packages/airflow/example_dags/example_short_circuit_operator.py took 0.118 seconds
[2023-07-09T19:01:23.517+0000] {processor.py:157} INFO - Started process (PID=258) to work on /home/airflow/.local/lib/python3.7/site-packages/airflow/example_dags/example_short_circuit_operator.py
[2023-07-09T19:01:23.519+0000] {processor.py:826} INFO - Processing file /home/airflow/.local/lib/python3.7/site-packages/airflow/example_dags/example_short_circuit_operator.py for tasks to queue
[2023-07-09T19:01:23.519+0000] {logging_mixin.py:149} INFO - [2023-07-09T19:01:23.519+0000] {dagbag.py:541} INFO - Filling up the DagBag from /home/airflow/.local/lib/python3.7/site-packages/airflow/example_dags/example_short_circuit_operator.py
[2023-07-09T19:01:23.529+0000] {processor.py:836} INFO - DAG(s) dict_keys(['example_short_circuit_operator']) retrieved from /home/airflow/.local/lib/python3.7/site-packages/airflow/example_dags/example_short_circuit_operator.py
[2023-07-09T19:01:23.556+0000] {logging_mixin.py:149} INFO - [2023-07-09T19:01:23.556+0000] {dag.py:2726} INFO - Sync 1 DAGs
[2023-07-09T19:01:23.581+0000] {logging_mixin.py:149} INFO - [2023-07-09T19:01:23.580+0000] {dag.py:3490} INFO - Setting next_dagrun for example_short_circuit_operator to 2023-07-08T19:01:23.580714+00:00, run_after=2023-07-09T19:01:23.580714+00:00
[2023-07-09T19:01:23.600+0000] {processor.py:179} INFO - Processing /home/airflow/.local/lib/python3.7/site-packages/airflow/example_dags/example_short_circuit_operator.py took 0.085 seconds
[2023-07-09T19:01:54.094+0000] {processor.py:157} INFO - Started process (PID=323) to work on /home/airflow/.local/lib/python3.7/site-packages/airflow/example_dags/example_short_circuit_operator.py
[2023-07-09T19:01:54.095+0000] {processor.py:826} INFO - Processing file /home/airflow/.local/lib/python3.7/site-packages/airflow/example_dags/example_short_circuit_operator.py for tasks to queue
[2023-07-09T19:01:54.096+0000] {logging_mixin.py:149} INFO - [2023-07-09T19:01:54.096+0000] {dagbag.py:541} INFO - Filling up the DagBag from /home/airflow/.local/lib/python3.7/site-packages/airflow/example_dags/example_short_circuit_operator.py
[2023-07-09T19:01:54.103+0000] {processor.py:836} INFO - DAG(s) dict_keys(['example_short_circuit_operator']) retrieved from /home/airflow/.local/lib/python3.7/site-packages/airflow/example_dags/example_short_circuit_operator.py
[2023-07-09T19:01:54.128+0000] {logging_mixin.py:149} INFO - [2023-07-09T19:01:54.128+0000] {dag.py:2726} INFO - Sync 1 DAGs
[2023-07-09T19:01:54.152+0000] {logging_mixin.py:149} INFO - [2023-07-09T19:01:54.152+0000] {dag.py:3490} INFO - Setting next_dagrun for example_short_circuit_operator to 2023-07-08T19:01:54.151923+00:00, run_after=2023-07-09T19:01:54.151923+00:00
[2023-07-09T19:01:54.170+0000] {processor.py:179} INFO - Processing /home/airflow/.local/lib/python3.7/site-packages/airflow/example_dags/example_short_circuit_operator.py took 0.079 seconds
[2023-07-09T19:02:24.818+0000] {processor.py:157} INFO - Started process (PID=388) to work on /home/airflow/.local/lib/python3.7/site-packages/airflow/example_dags/example_short_circuit_operator.py
[2023-07-09T19:02:24.819+0000] {processor.py:826} INFO - Processing file /home/airflow/.local/lib/python3.7/site-packages/airflow/example_dags/example_short_circuit_operator.py for tasks to queue
[2023-07-09T19:02:24.820+0000] {logging_mixin.py:149} INFO - [2023-07-09T19:02:24.820+0000] {dagbag.py:541} INFO - Filling up the DagBag from /home/airflow/.local/lib/python3.7/site-packages/airflow/example_dags/example_short_circuit_operator.py
[2023-07-09T19:02:24.830+0000] {processor.py:836} INFO - DAG(s) dict_keys(['example_short_circuit_operator']) retrieved from /home/airflow/.local/lib/python3.7/site-packages/airflow/example_dags/example_short_circuit_operator.py
[2023-07-09T19:02:24.856+0000] {logging_mixin.py:149} INFO - [2023-07-09T19:02:24.856+0000] {dag.py:2726} INFO - Sync 1 DAGs
[2023-07-09T19:02:24.881+0000] {logging_mixin.py:149} INFO - [2023-07-09T19:02:24.881+0000] {dag.py:3490} INFO - Setting next_dagrun for example_short_circuit_operator to 2023-07-08T19:02:24.881237+00:00, run_after=2023-07-09T19:02:24.881237+00:00
[2023-07-09T19:02:24.901+0000] {processor.py:179} INFO - Processing /home/airflow/.local/lib/python3.7/site-packages/airflow/example_dags/example_short_circuit_operator.py took 0.086 seconds
[2023-07-09T19:02:54.942+0000] {processor.py:157} INFO - Started process (PID=453) to work on /home/airflow/.local/lib/python3.7/site-packages/airflow/example_dags/example_short_circuit_operator.py
[2023-07-09T19:02:54.943+0000] {processor.py:826} INFO - Processing file /home/airflow/.local/lib/python3.7/site-packages/airflow/example_dags/example_short_circuit_operator.py for tasks to queue
[2023-07-09T19:02:54.944+0000] {logging_mixin.py:149} INFO - [2023-07-09T19:02:54.943+0000] {dagbag.py:541} INFO - Filling up the DagBag from /home/airflow/.local/lib/python3.7/site-packages/airflow/example_dags/example_short_circuit_operator.py
[2023-07-09T19:02:54.951+0000] {processor.py:836} INFO - DAG(s) dict_keys(['example_short_circuit_operator']) retrieved from /home/airflow/.local/lib/python3.7/site-packages/airflow/example_dags/example_short_circuit_operator.py
[2023-07-09T19:02:54.978+0000] {logging_mixin.py:149} INFO - [2023-07-09T19:02:54.978+0000] {dag.py:2726} INFO - Sync 1 DAGs
[2023-07-09T19:02:55.002+0000] {logging_mixin.py:149} INFO - [2023-07-09T19:02:55.002+0000] {dag.py:3490} INFO - Setting next_dagrun for example_short_circuit_operator to 2023-07-08T19:02:55.002531+00:00, run_after=2023-07-09T19:02:55.002531+00:00
[2023-07-09T19:02:55.023+0000] {processor.py:179} INFO - Processing /home/airflow/.local/lib/python3.7/site-packages/airflow/example_dags/example_short_circuit_operator.py took 0.084 seconds
[2023-07-09T19:03:25.061+0000] {processor.py:157} INFO - Started process (PID=517) to work on /home/airflow/.local/lib/python3.7/site-packages/airflow/example_dags/example_short_circuit_operator.py
[2023-07-09T19:03:25.062+0000] {processor.py:826} INFO - Processing file /home/airflow/.local/lib/python3.7/site-packages/airflow/example_dags/example_short_circuit_operator.py for tasks to queue
[2023-07-09T19:03:25.064+0000] {logging_mixin.py:149} INFO - [2023-07-09T19:03:25.063+0000] {dagbag.py:541} INFO - Filling up the DagBag from /home/airflow/.local/lib/python3.7/site-packages/airflow/example_dags/example_short_circuit_operator.py
[2023-07-09T19:03:25.072+0000] {processor.py:836} INFO - DAG(s) dict_keys(['example_short_circuit_operator']) retrieved from /home/airflow/.local/lib/python3.7/site-packages/airflow/example_dags/example_short_circuit_operator.py
[2023-07-09T19:03:25.100+0000] {logging_mixin.py:149} INFO - [2023-07-09T19:03:25.100+0000] {dag.py:2726} INFO - Sync 1 DAGs
[2023-07-09T19:03:25.125+0000] {logging_mixin.py:149} INFO - [2023-07-09T19:03:25.124+0000] {dag.py:3490} INFO - Setting next_dagrun for example_short_circuit_operator to 2023-07-08T19:03:25.124664+00:00, run_after=2023-07-09T19:03:25.124664+00:00
[2023-07-09T19:03:25.143+0000] {processor.py:179} INFO - Processing /home/airflow/.local/lib/python3.7/site-packages/airflow/example_dags/example_short_circuit_operator.py took 0.086 seconds
[2023-07-09T19:03:55.308+0000] {processor.py:157} INFO - Started process (PID=582) to work on /home/airflow/.local/lib/python3.7/site-packages/airflow/example_dags/example_short_circuit_operator.py
[2023-07-09T19:03:55.309+0000] {processor.py:826} INFO - Processing file /home/airflow/.local/lib/python3.7/site-packages/airflow/example_dags/example_short_circuit_operator.py for tasks to queue
[2023-07-09T19:03:55.310+0000] {logging_mixin.py:149} INFO - [2023-07-09T19:03:55.310+0000] {dagbag.py:541} INFO - Filling up the DagBag from /home/airflow/.local/lib/python3.7/site-packages/airflow/example_dags/example_short_circuit_operator.py
[2023-07-09T19:03:55.317+0000] {processor.py:836} INFO - DAG(s) dict_keys(['example_short_circuit_operator']) retrieved from /home/airflow/.local/lib/python3.7/site-packages/airflow/example_dags/example_short_circuit_operator.py
[2023-07-09T19:03:55.343+0000] {logging_mixin.py:149} INFO - [2023-07-09T19:03:55.342+0000] {dag.py:2726} INFO - Sync 1 DAGs
[2023-07-09T19:03:55.367+0000] {logging_mixin.py:149} INFO - [2023-07-09T19:03:55.367+0000] {dag.py:3490} INFO - Setting next_dagrun for example_short_circuit_operator to 2023-07-08T19:03:55.367565+00:00, run_after=2023-07-09T19:03:55.367565+00:00
[2023-07-09T19:03:55.391+0000] {processor.py:179} INFO - Processing /home/airflow/.local/lib/python3.7/site-packages/airflow/example_dags/example_short_circuit_operator.py took 0.086 seconds
[2023-07-09T19:04:25.733+0000] {processor.py:157} INFO - Started process (PID=647) to work on /home/airflow/.local/lib/python3.7/site-packages/airflow/example_dags/example_short_circuit_operator.py
[2023-07-09T19:04:25.734+0000] {processor.py:826} INFO - Processing file /home/airflow/.local/lib/python3.7/site-packages/airflow/example_dags/example_short_circuit_operator.py for tasks to queue
[2023-07-09T19:04:25.735+0000] {logging_mixin.py:149} INFO - [2023-07-09T19:04:25.735+0000] {dagbag.py:541} INFO - Filling up the DagBag from /home/airflow/.local/lib/python3.7/site-packages/airflow/example_dags/example_short_circuit_operator.py
[2023-07-09T19:04:25.744+0000] {processor.py:836} INFO - DAG(s) dict_keys(['example_short_circuit_operator']) retrieved from /home/airflow/.local/lib/python3.7/site-packages/airflow/example_dags/example_short_circuit_operator.py
[2023-07-09T19:04:25.773+0000] {logging_mixin.py:149} INFO - [2023-07-09T19:04:25.773+0000] {dag.py:2726} INFO - Sync 1 DAGs
[2023-07-09T19:04:25.805+0000] {logging_mixin.py:149} INFO - [2023-07-09T19:04:25.805+0000] {dag.py:3490} INFO - Setting next_dagrun for example_short_circuit_operator to 2023-07-08T19:04:25.805275+00:00, run_after=2023-07-09T19:04:25.805275+00:00
[2023-07-09T19:04:25.826+0000] {processor.py:179} INFO - Processing /home/airflow/.local/lib/python3.7/site-packages/airflow/example_dags/example_short_circuit_operator.py took 0.096 seconds
[2023-07-09T19:04:56.442+0000] {processor.py:157} INFO - Started process (PID=712) to work on /home/airflow/.local/lib/python3.7/site-packages/airflow/example_dags/example_short_circuit_operator.py
[2023-07-09T19:04:56.444+0000] {processor.py:826} INFO - Processing file /home/airflow/.local/lib/python3.7/site-packages/airflow/example_dags/example_short_circuit_operator.py for tasks to queue
[2023-07-09T19:04:56.444+0000] {logging_mixin.py:149} INFO - [2023-07-09T19:04:56.444+0000] {dagbag.py:541} INFO - Filling up the DagBag from /home/airflow/.local/lib/python3.7/site-packages/airflow/example_dags/example_short_circuit_operator.py
[2023-07-09T19:04:56.453+0000] {processor.py:836} INFO - DAG(s) dict_keys(['example_short_circuit_operator']) retrieved from /home/airflow/.local/lib/python3.7/site-packages/airflow/example_dags/example_short_circuit_operator.py
[2023-07-09T19:04:56.479+0000] {logging_mixin.py:149} INFO - [2023-07-09T19:04:56.479+0000] {dag.py:2726} INFO - Sync 1 DAGs
[2023-07-09T19:04:56.504+0000] {logging_mixin.py:149} INFO - [2023-07-09T19:04:56.504+0000] {dag.py:3490} INFO - Setting next_dagrun for example_short_circuit_operator to 2023-07-08T19:04:56.504368+00:00, run_after=2023-07-09T19:04:56.504368+00:00
[2023-07-09T19:04:56.524+0000] {processor.py:179} INFO - Processing /home/airflow/.local/lib/python3.7/site-packages/airflow/example_dags/example_short_circuit_operator.py took 0.085 seconds
[2023-07-09T19:05:26.586+0000] {processor.py:157} INFO - Started process (PID=777) to work on /home/airflow/.local/lib/python3.7/site-packages/airflow/example_dags/example_short_circuit_operator.py
[2023-07-09T19:05:26.587+0000] {processor.py:826} INFO - Processing file /home/airflow/.local/lib/python3.7/site-packages/airflow/example_dags/example_short_circuit_operator.py for tasks to queue
[2023-07-09T19:05:26.588+0000] {logging_mixin.py:149} INFO - [2023-07-09T19:05:26.588+0000] {dagbag.py:541} INFO - Filling up the DagBag from /home/airflow/.local/lib/python3.7/site-packages/airflow/example_dags/example_short_circuit_operator.py
[2023-07-09T19:05:26.597+0000] {processor.py:836} INFO - DAG(s) dict_keys(['example_short_circuit_operator']) retrieved from /home/airflow/.local/lib/python3.7/site-packages/airflow/example_dags/example_short_circuit_operator.py
[2023-07-09T19:05:26.625+0000] {logging_mixin.py:149} INFO - [2023-07-09T19:05:26.625+0000] {dag.py:2726} INFO - Sync 1 DAGs
[2023-07-09T19:05:26.650+0000] {logging_mixin.py:149} INFO - [2023-07-09T19:05:26.650+0000] {dag.py:3490} INFO - Setting next_dagrun for example_short_circuit_operator to 2023-07-08T19:05:26.650353+00:00, run_after=2023-07-09T19:05:26.650353+00:00
[2023-07-09T19:05:26.669+0000] {processor.py:179} INFO - Processing /home/airflow/.local/lib/python3.7/site-packages/airflow/example_dags/example_short_circuit_operator.py took 0.088 seconds
[2023-07-09T19:05:57.577+0000] {processor.py:157} INFO - Started process (PID=842) to work on /home/airflow/.local/lib/python3.7/site-packages/airflow/example_dags/example_short_circuit_operator.py
[2023-07-09T19:05:57.578+0000] {processor.py:826} INFO - Processing file /home/airflow/.local/lib/python3.7/site-packages/airflow/example_dags/example_short_circuit_operator.py for tasks to queue
[2023-07-09T19:05:57.578+0000] {logging_mixin.py:149} INFO - [2023-07-09T19:05:57.578+0000] {dagbag.py:541} INFO - Filling up the DagBag from /home/airflow/.local/lib/python3.7/site-packages/airflow/example_dags/example_short_circuit_operator.py
[2023-07-09T19:05:57.587+0000] {processor.py:836} INFO - DAG(s) dict_keys(['example_short_circuit_operator']) retrieved from /home/airflow/.local/lib/python3.7/site-packages/airflow/example_dags/example_short_circuit_operator.py
[2023-07-09T19:05:57.615+0000] {logging_mixin.py:149} INFO - [2023-07-09T19:05:57.615+0000] {dag.py:2726} INFO - Sync 1 DAGs
[2023-07-09T19:05:57.638+0000] {logging_mixin.py:149} INFO - [2023-07-09T19:05:57.638+0000] {dag.py:3490} INFO - Setting next_dagrun for example_short_circuit_operator to 2023-07-08T19:05:57.638082+00:00, run_after=2023-07-09T19:05:57.638082+00:00
[2023-07-09T19:05:57.664+0000] {processor.py:179} INFO - Processing /home/airflow/.local/lib/python3.7/site-packages/airflow/example_dags/example_short_circuit_operator.py took 0.091 seconds
[2023-07-09T19:06:27.742+0000] {processor.py:157} INFO - Started process (PID=907) to work on /home/airflow/.local/lib/python3.7/site-packages/airflow/example_dags/example_short_circuit_operator.py
[2023-07-09T19:06:27.743+0000] {processor.py:826} INFO - Processing file /home/airflow/.local/lib/python3.7/site-packages/airflow/example_dags/example_short_circuit_operator.py for tasks to queue
[2023-07-09T19:06:27.744+0000] {logging_mixin.py:149} INFO - [2023-07-09T19:06:27.744+0000] {dagbag.py:541} INFO - Filling up the DagBag from /home/airflow/.local/lib/python3.7/site-packages/airflow/example_dags/example_short_circuit_operator.py
[2023-07-09T19:06:27.751+0000] {processor.py:836} INFO - DAG(s) dict_keys(['example_short_circuit_operator']) retrieved from /home/airflow/.local/lib/python3.7/site-packages/airflow/example_dags/example_short_circuit_operator.py
[2023-07-09T19:06:27.777+0000] {logging_mixin.py:149} INFO - [2023-07-09T19:06:27.777+0000] {dag.py:2726} INFO - Sync 1 DAGs
[2023-07-09T19:06:27.801+0000] {logging_mixin.py:149} INFO - [2023-07-09T19:06:27.801+0000] {dag.py:3490} INFO - Setting next_dagrun for example_short_circuit_operator to 2023-07-08T19:06:27.800905+00:00, run_after=2023-07-09T19:06:27.800905+00:00
[2023-07-09T19:06:27.819+0000] {processor.py:179} INFO - Processing /home/airflow/.local/lib/python3.7/site-packages/airflow/example_dags/example_short_circuit_operator.py took 0.080 seconds
[2023-07-09T19:06:57.891+0000] {processor.py:157} INFO - Started process (PID=972) to work on /home/airflow/.local/lib/python3.7/site-packages/airflow/example_dags/example_short_circuit_operator.py
[2023-07-09T19:06:57.892+0000] {processor.py:826} INFO - Processing file /home/airflow/.local/lib/python3.7/site-packages/airflow/example_dags/example_short_circuit_operator.py for tasks to queue
[2023-07-09T19:06:57.893+0000] {logging_mixin.py:149} INFO - [2023-07-09T19:06:57.892+0000] {dagbag.py:541} INFO - Filling up the DagBag from /home/airflow/.local/lib/python3.7/site-packages/airflow/example_dags/example_short_circuit_operator.py
[2023-07-09T19:06:57.902+0000] {processor.py:836} INFO - DAG(s) dict_keys(['example_short_circuit_operator']) retrieved from /home/airflow/.local/lib/python3.7/site-packages/airflow/example_dags/example_short_circuit_operator.py
[2023-07-09T19:06:57.933+0000] {logging_mixin.py:149} INFO - [2023-07-09T19:06:57.933+0000] {dag.py:2726} INFO - Sync 1 DAGs
[2023-07-09T19:06:57.963+0000] {logging_mixin.py:149} INFO - [2023-07-09T19:06:57.963+0000] {dag.py:3490} INFO - Setting next_dagrun for example_short_circuit_operator to 2023-07-08T19:06:57.963312+00:00, run_after=2023-07-09T19:06:57.963312+00:00
[2023-07-09T19:06:57.990+0000] {processor.py:179} INFO - Processing /home/airflow/.local/lib/python3.7/site-packages/airflow/example_dags/example_short_circuit_operator.py took 0.103 seconds
[2023-07-09T19:07:28.147+0000] {processor.py:157} INFO - Started process (PID=1037) to work on /home/airflow/.local/lib/python3.7/site-packages/airflow/example_dags/example_short_circuit_operator.py
[2023-07-09T19:07:28.148+0000] {processor.py:826} INFO - Processing file /home/airflow/.local/lib/python3.7/site-packages/airflow/example_dags/example_short_circuit_operator.py for tasks to queue
[2023-07-09T19:07:28.149+0000] {logging_mixin.py:149} INFO - [2023-07-09T19:07:28.149+0000] {dagbag.py:541} INFO - Filling up the DagBag from /home/airflow/.local/lib/python3.7/site-packages/airflow/example_dags/example_short_circuit_operator.py
[2023-07-09T19:07:28.157+0000] {processor.py:836} INFO - DAG(s) dict_keys(['example_short_circuit_operator']) retrieved from /home/airflow/.local/lib/python3.7/site-packages/airflow/example_dags/example_short_circuit_operator.py
[2023-07-09T19:07:28.184+0000] {logging_mixin.py:149} INFO - [2023-07-09T19:07:28.183+0000] {dag.py:2726} INFO - Sync 1 DAGs
[2023-07-09T19:07:28.209+0000] {logging_mixin.py:149} INFO - [2023-07-09T19:07:28.209+0000] {dag.py:3490} INFO - Setting next_dagrun for example_short_circuit_operator to 2023-07-08T19:07:28.209151+00:00, run_after=2023-07-09T19:07:28.209151+00:00
[2023-07-09T19:07:28.227+0000] {processor.py:179} INFO - Processing /home/airflow/.local/lib/python3.7/site-packages/airflow/example_dags/example_short_circuit_operator.py took 0.083 seconds
[2023-07-09T19:07:58.318+0000] {processor.py:157} INFO - Started process (PID=1102) to work on /home/airflow/.local/lib/python3.7/site-packages/airflow/example_dags/example_short_circuit_operator.py
[2023-07-09T19:07:58.319+0000] {processor.py:826} INFO - Processing file /home/airflow/.local/lib/python3.7/site-packages/airflow/example_dags/example_short_circuit_operator.py for tasks to queue
[2023-07-09T19:07:58.320+0000] {logging_mixin.py:149} INFO - [2023-07-09T19:07:58.320+0000] {dagbag.py:541} INFO - Filling up the DagBag from /home/airflow/.local/lib/python3.7/site-packages/airflow/example_dags/example_short_circuit_operator.py
[2023-07-09T19:07:58.328+0000] {processor.py:836} INFO - DAG(s) dict_keys(['example_short_circuit_operator']) retrieved from /home/airflow/.local/lib/python3.7/site-packages/airflow/example_dags/example_short_circuit_operator.py
[2023-07-09T19:07:58.353+0000] {logging_mixin.py:149} INFO - [2023-07-09T19:07:58.353+0000] {dag.py:2726} INFO - Sync 1 DAGs
[2023-07-09T19:07:58.377+0000] {logging_mixin.py:149} INFO - [2023-07-09T19:07:58.377+0000] {dag.py:3490} INFO - Setting next_dagrun for example_short_circuit_operator to 2023-07-08T19:07:58.377503+00:00, run_after=2023-07-09T19:07:58.377503+00:00
[2023-07-09T19:07:58.397+0000] {processor.py:179} INFO - Processing /home/airflow/.local/lib/python3.7/site-packages/airflow/example_dags/example_short_circuit_operator.py took 0.082 seconds
