[2023-07-09T18:59:46.338+0000] {processor.py:157} INFO - Started process (PID=32) to work on /home/airflow/.local/lib/python3.7/site-packages/airflow/example_dags/example_branch_python_dop_operator_3.py
[2023-07-09T18:59:46.340+0000] {processor.py:826} INFO - Processing file /home/airflow/.local/lib/python3.7/site-packages/airflow/example_dags/example_branch_python_dop_operator_3.py for tasks to queue
[2023-07-09T18:59:46.340+0000] {logging_mixin.py:149} INFO - [2023-07-09T18:59:46.340+0000] {dagbag.py:541} INFO - Filling up the DagBag from /home/airflow/.local/lib/python3.7/site-packages/airflow/example_dags/example_branch_python_dop_operator_3.py
[2023-07-09T18:59:46.358+0000] {processor.py:836} INFO - DAG(s) dict_keys(['example_branch_dop_operator_v3']) retrieved from /home/airflow/.local/lib/python3.7/site-packages/airflow/example_dags/example_branch_python_dop_operator_3.py
[2023-07-09T18:59:46.574+0000] {logging_mixin.py:149} INFO - [2023-07-09T18:59:46.574+0000] {manager.py:504} INFO - Created Permission View: can read on DAG:example_branch_dop_operator_v3
[2023-07-09T18:59:46.587+0000] {logging_mixin.py:149} INFO - [2023-07-09T18:59:46.587+0000] {manager.py:504} INFO - Created Permission View: can edit on DAG:example_branch_dop_operator_v3
[2023-07-09T18:59:46.595+0000] {logging_mixin.py:149} INFO - [2023-07-09T18:59:46.595+0000] {manager.py:504} INFO - Created Permission View: can delete on DAG:example_branch_dop_operator_v3
[2023-07-09T18:59:46.611+0000] {logging_mixin.py:149} INFO - [2023-07-09T18:59:46.611+0000] {dag.py:2726} INFO - Sync 1 DAGs
[2023-07-09T18:59:46.625+0000] {logging_mixin.py:149} INFO - [2023-07-09T18:59:46.625+0000] {dag.py:2747} INFO - Creating ORM DAG for example_branch_dop_operator_v3
[2023-07-09T18:59:46.642+0000] {logging_mixin.py:149} INFO - [2023-07-09T18:59:46.642+0000] {dag.py:3490} INFO - Setting next_dagrun for example_branch_dop_operator_v3 to 2023-07-09T18:58:00+00:00, run_after=2023-07-09T18:59:00+00:00
[2023-07-09T18:59:46.663+0000] {processor.py:179} INFO - Processing /home/airflow/.local/lib/python3.7/site-packages/airflow/example_dags/example_branch_python_dop_operator_3.py took 0.331 seconds
[2023-07-09T19:00:17.364+0000] {processor.py:157} INFO - Started process (PID=97) to work on /home/airflow/.local/lib/python3.7/site-packages/airflow/example_dags/example_branch_python_dop_operator_3.py
[2023-07-09T19:00:17.365+0000] {processor.py:826} INFO - Processing file /home/airflow/.local/lib/python3.7/site-packages/airflow/example_dags/example_branch_python_dop_operator_3.py for tasks to queue
[2023-07-09T19:00:17.366+0000] {logging_mixin.py:149} INFO - [2023-07-09T19:00:17.366+0000] {dagbag.py:541} INFO - Filling up the DagBag from /home/airflow/.local/lib/python3.7/site-packages/airflow/example_dags/example_branch_python_dop_operator_3.py
[2023-07-09T19:00:17.374+0000] {processor.py:836} INFO - DAG(s) dict_keys(['example_branch_dop_operator_v3']) retrieved from /home/airflow/.local/lib/python3.7/site-packages/airflow/example_dags/example_branch_python_dop_operator_3.py
[2023-07-09T19:00:17.397+0000] {logging_mixin.py:149} INFO - [2023-07-09T19:00:17.397+0000] {dag.py:2726} INFO - Sync 1 DAGs
[2023-07-09T19:00:17.426+0000] {logging_mixin.py:149} INFO - [2023-07-09T19:00:17.426+0000] {dag.py:3490} INFO - Setting next_dagrun for example_branch_dop_operator_v3 to 2023-07-09T18:59:00+00:00, run_after=2023-07-09T19:00:00+00:00
[2023-07-09T19:00:17.446+0000] {processor.py:179} INFO - Processing /home/airflow/.local/lib/python3.7/site-packages/airflow/example_dags/example_branch_python_dop_operator_3.py took 0.085 seconds
[2023-07-09T19:00:47.546+0000] {processor.py:157} INFO - Started process (PID=162) to work on /home/airflow/.local/lib/python3.7/site-packages/airflow/example_dags/example_branch_python_dop_operator_3.py
[2023-07-09T19:00:47.548+0000] {processor.py:826} INFO - Processing file /home/airflow/.local/lib/python3.7/site-packages/airflow/example_dags/example_branch_python_dop_operator_3.py for tasks to queue
[2023-07-09T19:00:47.548+0000] {logging_mixin.py:149} INFO - [2023-07-09T19:00:47.548+0000] {dagbag.py:541} INFO - Filling up the DagBag from /home/airflow/.local/lib/python3.7/site-packages/airflow/example_dags/example_branch_python_dop_operator_3.py
[2023-07-09T19:00:47.556+0000] {processor.py:836} INFO - DAG(s) dict_keys(['example_branch_dop_operator_v3']) retrieved from /home/airflow/.local/lib/python3.7/site-packages/airflow/example_dags/example_branch_python_dop_operator_3.py
[2023-07-09T19:00:47.579+0000] {logging_mixin.py:149} INFO - [2023-07-09T19:00:47.579+0000] {dag.py:2726} INFO - Sync 1 DAGs
[2023-07-09T19:00:47.607+0000] {logging_mixin.py:149} INFO - [2023-07-09T19:00:47.607+0000] {dag.py:3490} INFO - Setting next_dagrun for example_branch_dop_operator_v3 to 2023-07-09T18:59:00+00:00, run_after=2023-07-09T19:00:00+00:00
[2023-07-09T19:00:47.624+0000] {processor.py:179} INFO - Processing /home/airflow/.local/lib/python3.7/site-packages/airflow/example_dags/example_branch_python_dop_operator_3.py took 0.081 seconds
[2023-07-09T19:01:17.746+0000] {processor.py:157} INFO - Started process (PID=227) to work on /home/airflow/.local/lib/python3.7/site-packages/airflow/example_dags/example_branch_python_dop_operator_3.py
[2023-07-09T19:01:17.749+0000] {processor.py:826} INFO - Processing file /home/airflow/.local/lib/python3.7/site-packages/airflow/example_dags/example_branch_python_dop_operator_3.py for tasks to queue
[2023-07-09T19:01:17.750+0000] {logging_mixin.py:149} INFO - [2023-07-09T19:01:17.750+0000] {dagbag.py:541} INFO - Filling up the DagBag from /home/airflow/.local/lib/python3.7/site-packages/airflow/example_dags/example_branch_python_dop_operator_3.py
[2023-07-09T19:01:17.758+0000] {processor.py:836} INFO - DAG(s) dict_keys(['example_branch_dop_operator_v3']) retrieved from /home/airflow/.local/lib/python3.7/site-packages/airflow/example_dags/example_branch_python_dop_operator_3.py
[2023-07-09T19:01:17.849+0000] {logging_mixin.py:149} INFO - [2023-07-09T19:01:17.849+0000] {dag.py:2726} INFO - Sync 1 DAGs
[2023-07-09T19:01:17.878+0000] {logging_mixin.py:149} INFO - [2023-07-09T19:01:17.878+0000] {dag.py:3490} INFO - Setting next_dagrun for example_branch_dop_operator_v3 to 2023-07-09T19:00:00+00:00, run_after=2023-07-09T19:01:00+00:00
[2023-07-09T19:01:17.897+0000] {processor.py:179} INFO - Processing /home/airflow/.local/lib/python3.7/site-packages/airflow/example_dags/example_branch_python_dop_operator_3.py took 0.155 seconds
[2023-07-09T19:01:48.405+0000] {processor.py:157} INFO - Started process (PID=292) to work on /home/airflow/.local/lib/python3.7/site-packages/airflow/example_dags/example_branch_python_dop_operator_3.py
[2023-07-09T19:01:48.408+0000] {processor.py:826} INFO - Processing file /home/airflow/.local/lib/python3.7/site-packages/airflow/example_dags/example_branch_python_dop_operator_3.py for tasks to queue
[2023-07-09T19:01:48.409+0000] {logging_mixin.py:149} INFO - [2023-07-09T19:01:48.409+0000] {dagbag.py:541} INFO - Filling up the DagBag from /home/airflow/.local/lib/python3.7/site-packages/airflow/example_dags/example_branch_python_dop_operator_3.py
[2023-07-09T19:01:48.417+0000] {processor.py:836} INFO - DAG(s) dict_keys(['example_branch_dop_operator_v3']) retrieved from /home/airflow/.local/lib/python3.7/site-packages/airflow/example_dags/example_branch_python_dop_operator_3.py
[2023-07-09T19:01:48.439+0000] {logging_mixin.py:149} INFO - [2023-07-09T19:01:48.439+0000] {dag.py:2726} INFO - Sync 1 DAGs
[2023-07-09T19:01:48.468+0000] {logging_mixin.py:149} INFO - [2023-07-09T19:01:48.468+0000] {dag.py:3490} INFO - Setting next_dagrun for example_branch_dop_operator_v3 to 2023-07-09T19:00:00+00:00, run_after=2023-07-09T19:01:00+00:00
[2023-07-09T19:01:48.485+0000] {processor.py:179} INFO - Processing /home/airflow/.local/lib/python3.7/site-packages/airflow/example_dags/example_branch_python_dop_operator_3.py took 0.083 seconds
[2023-07-09T19:02:18.976+0000] {processor.py:157} INFO - Started process (PID=357) to work on /home/airflow/.local/lib/python3.7/site-packages/airflow/example_dags/example_branch_python_dop_operator_3.py
[2023-07-09T19:02:18.979+0000] {processor.py:826} INFO - Processing file /home/airflow/.local/lib/python3.7/site-packages/airflow/example_dags/example_branch_python_dop_operator_3.py for tasks to queue
[2023-07-09T19:02:18.980+0000] {logging_mixin.py:149} INFO - [2023-07-09T19:02:18.980+0000] {dagbag.py:541} INFO - Filling up the DagBag from /home/airflow/.local/lib/python3.7/site-packages/airflow/example_dags/example_branch_python_dop_operator_3.py
[2023-07-09T19:02:18.987+0000] {processor.py:836} INFO - DAG(s) dict_keys(['example_branch_dop_operator_v3']) retrieved from /home/airflow/.local/lib/python3.7/site-packages/airflow/example_dags/example_branch_python_dop_operator_3.py
[2023-07-09T19:02:19.010+0000] {logging_mixin.py:149} INFO - [2023-07-09T19:02:19.010+0000] {dag.py:2726} INFO - Sync 1 DAGs
[2023-07-09T19:02:19.037+0000] {logging_mixin.py:149} INFO - [2023-07-09T19:02:19.037+0000] {dag.py:3490} INFO - Setting next_dagrun for example_branch_dop_operator_v3 to 2023-07-09T19:01:00+00:00, run_after=2023-07-09T19:02:00+00:00
[2023-07-09T19:02:19.058+0000] {processor.py:179} INFO - Processing /home/airflow/.local/lib/python3.7/site-packages/airflow/example_dags/example_branch_python_dop_operator_3.py took 0.085 seconds
[2023-07-09T19:02:49.170+0000] {processor.py:157} INFO - Started process (PID=422) to work on /home/airflow/.local/lib/python3.7/site-packages/airflow/example_dags/example_branch_python_dop_operator_3.py
[2023-07-09T19:02:49.171+0000] {processor.py:826} INFO - Processing file /home/airflow/.local/lib/python3.7/site-packages/airflow/example_dags/example_branch_python_dop_operator_3.py for tasks to queue
[2023-07-09T19:02:49.172+0000] {logging_mixin.py:149} INFO - [2023-07-09T19:02:49.171+0000] {dagbag.py:541} INFO - Filling up the DagBag from /home/airflow/.local/lib/python3.7/site-packages/airflow/example_dags/example_branch_python_dop_operator_3.py
[2023-07-09T19:02:49.180+0000] {processor.py:836} INFO - DAG(s) dict_keys(['example_branch_dop_operator_v3']) retrieved from /home/airflow/.local/lib/python3.7/site-packages/airflow/example_dags/example_branch_python_dop_operator_3.py
[2023-07-09T19:02:49.206+0000] {logging_mixin.py:149} INFO - [2023-07-09T19:02:49.206+0000] {dag.py:2726} INFO - Sync 1 DAGs
[2023-07-09T19:02:49.243+0000] {logging_mixin.py:149} INFO - [2023-07-09T19:02:49.243+0000] {dag.py:3490} INFO - Setting next_dagrun for example_branch_dop_operator_v3 to 2023-07-09T19:01:00+00:00, run_after=2023-07-09T19:02:00+00:00
[2023-07-09T19:02:49.269+0000] {processor.py:179} INFO - Processing /home/airflow/.local/lib/python3.7/site-packages/airflow/example_dags/example_branch_python_dop_operator_3.py took 0.103 seconds
[2023-07-09T19:03:19.459+0000] {processor.py:157} INFO - Started process (PID=487) to work on /home/airflow/.local/lib/python3.7/site-packages/airflow/example_dags/example_branch_python_dop_operator_3.py
[2023-07-09T19:03:19.462+0000] {processor.py:826} INFO - Processing file /home/airflow/.local/lib/python3.7/site-packages/airflow/example_dags/example_branch_python_dop_operator_3.py for tasks to queue
[2023-07-09T19:03:19.463+0000] {logging_mixin.py:149} INFO - [2023-07-09T19:03:19.462+0000] {dagbag.py:541} INFO - Filling up the DagBag from /home/airflow/.local/lib/python3.7/site-packages/airflow/example_dags/example_branch_python_dop_operator_3.py
[2023-07-09T19:03:19.472+0000] {processor.py:836} INFO - DAG(s) dict_keys(['example_branch_dop_operator_v3']) retrieved from /home/airflow/.local/lib/python3.7/site-packages/airflow/example_dags/example_branch_python_dop_operator_3.py
[2023-07-09T19:03:19.501+0000] {logging_mixin.py:149} INFO - [2023-07-09T19:03:19.501+0000] {dag.py:2726} INFO - Sync 1 DAGs
[2023-07-09T19:03:19.536+0000] {logging_mixin.py:149} INFO - [2023-07-09T19:03:19.536+0000] {dag.py:3490} INFO - Setting next_dagrun for example_branch_dop_operator_v3 to 2023-07-09T19:02:00+00:00, run_after=2023-07-09T19:03:00+00:00
[2023-07-09T19:03:19.564+0000] {processor.py:179} INFO - Processing /home/airflow/.local/lib/python3.7/site-packages/airflow/example_dags/example_branch_python_dop_operator_3.py took 0.109 seconds
[2023-07-09T19:03:49.724+0000] {processor.py:157} INFO - Started process (PID=552) to work on /home/airflow/.local/lib/python3.7/site-packages/airflow/example_dags/example_branch_python_dop_operator_3.py
[2023-07-09T19:03:49.725+0000] {processor.py:826} INFO - Processing file /home/airflow/.local/lib/python3.7/site-packages/airflow/example_dags/example_branch_python_dop_operator_3.py for tasks to queue
[2023-07-09T19:03:49.726+0000] {logging_mixin.py:149} INFO - [2023-07-09T19:03:49.726+0000] {dagbag.py:541} INFO - Filling up the DagBag from /home/airflow/.local/lib/python3.7/site-packages/airflow/example_dags/example_branch_python_dop_operator_3.py
[2023-07-09T19:03:49.736+0000] {processor.py:836} INFO - DAG(s) dict_keys(['example_branch_dop_operator_v3']) retrieved from /home/airflow/.local/lib/python3.7/site-packages/airflow/example_dags/example_branch_python_dop_operator_3.py
[2023-07-09T19:03:49.807+0000] {logging_mixin.py:149} INFO - [2023-07-09T19:03:49.807+0000] {dag.py:2726} INFO - Sync 1 DAGs
[2023-07-09T19:03:49.841+0000] {logging_mixin.py:149} INFO - [2023-07-09T19:03:49.841+0000] {dag.py:3490} INFO - Setting next_dagrun for example_branch_dop_operator_v3 to 2023-07-09T19:02:00+00:00, run_after=2023-07-09T19:03:00+00:00
[2023-07-09T19:03:49.863+0000] {processor.py:179} INFO - Processing /home/airflow/.local/lib/python3.7/site-packages/airflow/example_dags/example_branch_python_dop_operator_3.py took 0.144 seconds
[2023-07-09T19:04:20.085+0000] {processor.py:157} INFO - Started process (PID=617) to work on /home/airflow/.local/lib/python3.7/site-packages/airflow/example_dags/example_branch_python_dop_operator_3.py
[2023-07-09T19:04:20.088+0000] {processor.py:826} INFO - Processing file /home/airflow/.local/lib/python3.7/site-packages/airflow/example_dags/example_branch_python_dop_operator_3.py for tasks to queue
[2023-07-09T19:04:20.089+0000] {logging_mixin.py:149} INFO - [2023-07-09T19:04:20.088+0000] {dagbag.py:541} INFO - Filling up the DagBag from /home/airflow/.local/lib/python3.7/site-packages/airflow/example_dags/example_branch_python_dop_operator_3.py
[2023-07-09T19:04:20.096+0000] {processor.py:836} INFO - DAG(s) dict_keys(['example_branch_dop_operator_v3']) retrieved from /home/airflow/.local/lib/python3.7/site-packages/airflow/example_dags/example_branch_python_dop_operator_3.py
[2023-07-09T19:04:20.144+0000] {logging_mixin.py:149} INFO - [2023-07-09T19:04:20.144+0000] {dag.py:2726} INFO - Sync 1 DAGs
[2023-07-09T19:04:20.177+0000] {logging_mixin.py:149} INFO - [2023-07-09T19:04:20.177+0000] {dag.py:3490} INFO - Setting next_dagrun for example_branch_dop_operator_v3 to 2023-07-09T19:03:00+00:00, run_after=2023-07-09T19:04:00+00:00
[2023-07-09T19:04:20.197+0000] {processor.py:179} INFO - Processing /home/airflow/.local/lib/python3.7/site-packages/airflow/example_dags/example_branch_python_dop_operator_3.py took 0.115 seconds
[2023-07-09T19:04:50.923+0000] {processor.py:157} INFO - Started process (PID=682) to work on /home/airflow/.local/lib/python3.7/site-packages/airflow/example_dags/example_branch_python_dop_operator_3.py
[2023-07-09T19:04:50.926+0000] {processor.py:826} INFO - Processing file /home/airflow/.local/lib/python3.7/site-packages/airflow/example_dags/example_branch_python_dop_operator_3.py for tasks to queue
[2023-07-09T19:04:50.927+0000] {logging_mixin.py:149} INFO - [2023-07-09T19:04:50.927+0000] {dagbag.py:541} INFO - Filling up the DagBag from /home/airflow/.local/lib/python3.7/site-packages/airflow/example_dags/example_branch_python_dop_operator_3.py
[2023-07-09T19:04:50.935+0000] {processor.py:836} INFO - DAG(s) dict_keys(['example_branch_dop_operator_v3']) retrieved from /home/airflow/.local/lib/python3.7/site-packages/airflow/example_dags/example_branch_python_dop_operator_3.py
[2023-07-09T19:04:50.961+0000] {logging_mixin.py:149} INFO - [2023-07-09T19:04:50.961+0000] {dag.py:2726} INFO - Sync 1 DAGs
[2023-07-09T19:04:50.995+0000] {logging_mixin.py:149} INFO - [2023-07-09T19:04:50.995+0000] {dag.py:3490} INFO - Setting next_dagrun for example_branch_dop_operator_v3 to 2023-07-09T19:03:00+00:00, run_after=2023-07-09T19:04:00+00:00
[2023-07-09T19:04:51.019+0000] {processor.py:179} INFO - Processing /home/airflow/.local/lib/python3.7/site-packages/airflow/example_dags/example_branch_python_dop_operator_3.py took 0.099 seconds
[2023-07-09T19:05:21.578+0000] {processor.py:157} INFO - Started process (PID=747) to work on /home/airflow/.local/lib/python3.7/site-packages/airflow/example_dags/example_branch_python_dop_operator_3.py
[2023-07-09T19:05:21.579+0000] {processor.py:826} INFO - Processing file /home/airflow/.local/lib/python3.7/site-packages/airflow/example_dags/example_branch_python_dop_operator_3.py for tasks to queue
[2023-07-09T19:05:21.581+0000] {logging_mixin.py:149} INFO - [2023-07-09T19:05:21.580+0000] {dagbag.py:541} INFO - Filling up the DagBag from /home/airflow/.local/lib/python3.7/site-packages/airflow/example_dags/example_branch_python_dop_operator_3.py
[2023-07-09T19:05:21.594+0000] {processor.py:836} INFO - DAG(s) dict_keys(['example_branch_dop_operator_v3']) retrieved from /home/airflow/.local/lib/python3.7/site-packages/airflow/example_dags/example_branch_python_dop_operator_3.py
[2023-07-09T19:05:21.625+0000] {logging_mixin.py:149} INFO - [2023-07-09T19:05:21.624+0000] {dag.py:2726} INFO - Sync 1 DAGs
[2023-07-09T19:05:21.656+0000] {logging_mixin.py:149} INFO - [2023-07-09T19:05:21.656+0000] {dag.py:3490} INFO - Setting next_dagrun for example_branch_dop_operator_v3 to 2023-07-09T19:04:00+00:00, run_after=2023-07-09T19:05:00+00:00
[2023-07-09T19:05:21.679+0000] {processor.py:179} INFO - Processing /home/airflow/.local/lib/python3.7/site-packages/airflow/example_dags/example_branch_python_dop_operator_3.py took 0.106 seconds
[2023-07-09T19:05:51.887+0000] {processor.py:157} INFO - Started process (PID=812) to work on /home/airflow/.local/lib/python3.7/site-packages/airflow/example_dags/example_branch_python_dop_operator_3.py
[2023-07-09T19:05:51.890+0000] {processor.py:826} INFO - Processing file /home/airflow/.local/lib/python3.7/site-packages/airflow/example_dags/example_branch_python_dop_operator_3.py for tasks to queue
[2023-07-09T19:05:51.891+0000] {logging_mixin.py:149} INFO - [2023-07-09T19:05:51.891+0000] {dagbag.py:541} INFO - Filling up the DagBag from /home/airflow/.local/lib/python3.7/site-packages/airflow/example_dags/example_branch_python_dop_operator_3.py
[2023-07-09T19:05:51.900+0000] {processor.py:836} INFO - DAG(s) dict_keys(['example_branch_dop_operator_v3']) retrieved from /home/airflow/.local/lib/python3.7/site-packages/airflow/example_dags/example_branch_python_dop_operator_3.py
[2023-07-09T19:05:51.930+0000] {logging_mixin.py:149} INFO - [2023-07-09T19:05:51.930+0000] {dag.py:2726} INFO - Sync 1 DAGs
[2023-07-09T19:05:51.961+0000] {logging_mixin.py:149} INFO - [2023-07-09T19:05:51.961+0000] {dag.py:3490} INFO - Setting next_dagrun for example_branch_dop_operator_v3 to 2023-07-09T19:04:00+00:00, run_after=2023-07-09T19:05:00+00:00
[2023-07-09T19:05:51.982+0000] {processor.py:179} INFO - Processing /home/airflow/.local/lib/python3.7/site-packages/airflow/example_dags/example_branch_python_dop_operator_3.py took 0.099 seconds
[2023-07-09T19:06:22.006+0000] {processor.py:157} INFO - Started process (PID=877) to work on /home/airflow/.local/lib/python3.7/site-packages/airflow/example_dags/example_branch_python_dop_operator_3.py
[2023-07-09T19:06:22.008+0000] {processor.py:826} INFO - Processing file /home/airflow/.local/lib/python3.7/site-packages/airflow/example_dags/example_branch_python_dop_operator_3.py for tasks to queue
[2023-07-09T19:06:22.008+0000] {logging_mixin.py:149} INFO - [2023-07-09T19:06:22.008+0000] {dagbag.py:541} INFO - Filling up the DagBag from /home/airflow/.local/lib/python3.7/site-packages/airflow/example_dags/example_branch_python_dop_operator_3.py
[2023-07-09T19:06:22.016+0000] {processor.py:836} INFO - DAG(s) dict_keys(['example_branch_dop_operator_v3']) retrieved from /home/airflow/.local/lib/python3.7/site-packages/airflow/example_dags/example_branch_python_dop_operator_3.py
[2023-07-09T19:06:22.039+0000] {logging_mixin.py:149} INFO - [2023-07-09T19:06:22.039+0000] {dag.py:2726} INFO - Sync 1 DAGs
[2023-07-09T19:06:22.070+0000] {logging_mixin.py:149} INFO - [2023-07-09T19:06:22.070+0000] {dag.py:3490} INFO - Setting next_dagrun for example_branch_dop_operator_v3 to 2023-07-09T19:05:00+00:00, run_after=2023-07-09T19:06:00+00:00
[2023-07-09T19:06:22.094+0000] {processor.py:179} INFO - Processing /home/airflow/.local/lib/python3.7/site-packages/airflow/example_dags/example_branch_python_dop_operator_3.py took 0.091 seconds
[2023-07-09T19:06:52.183+0000] {processor.py:157} INFO - Started process (PID=942) to work on /home/airflow/.local/lib/python3.7/site-packages/airflow/example_dags/example_branch_python_dop_operator_3.py
[2023-07-09T19:06:52.186+0000] {processor.py:826} INFO - Processing file /home/airflow/.local/lib/python3.7/site-packages/airflow/example_dags/example_branch_python_dop_operator_3.py for tasks to queue
[2023-07-09T19:06:52.186+0000] {logging_mixin.py:149} INFO - [2023-07-09T19:06:52.186+0000] {dagbag.py:541} INFO - Filling up the DagBag from /home/airflow/.local/lib/python3.7/site-packages/airflow/example_dags/example_branch_python_dop_operator_3.py
[2023-07-09T19:06:52.194+0000] {processor.py:836} INFO - DAG(s) dict_keys(['example_branch_dop_operator_v3']) retrieved from /home/airflow/.local/lib/python3.7/site-packages/airflow/example_dags/example_branch_python_dop_operator_3.py
[2023-07-09T19:06:52.217+0000] {logging_mixin.py:149} INFO - [2023-07-09T19:06:52.217+0000] {dag.py:2726} INFO - Sync 1 DAGs
[2023-07-09T19:06:52.245+0000] {logging_mixin.py:149} INFO - [2023-07-09T19:06:52.245+0000] {dag.py:3490} INFO - Setting next_dagrun for example_branch_dop_operator_v3 to 2023-07-09T19:05:00+00:00, run_after=2023-07-09T19:06:00+00:00
[2023-07-09T19:06:52.264+0000] {processor.py:179} INFO - Processing /home/airflow/.local/lib/python3.7/site-packages/airflow/example_dags/example_branch_python_dop_operator_3.py took 0.084 seconds
[2023-07-09T19:07:22.362+0000] {processor.py:157} INFO - Started process (PID=1007) to work on /home/airflow/.local/lib/python3.7/site-packages/airflow/example_dags/example_branch_python_dop_operator_3.py
[2023-07-09T19:07:22.365+0000] {processor.py:826} INFO - Processing file /home/airflow/.local/lib/python3.7/site-packages/airflow/example_dags/example_branch_python_dop_operator_3.py for tasks to queue
[2023-07-09T19:07:22.366+0000] {logging_mixin.py:149} INFO - [2023-07-09T19:07:22.366+0000] {dagbag.py:541} INFO - Filling up the DagBag from /home/airflow/.local/lib/python3.7/site-packages/airflow/example_dags/example_branch_python_dop_operator_3.py
[2023-07-09T19:07:22.373+0000] {processor.py:836} INFO - DAG(s) dict_keys(['example_branch_dop_operator_v3']) retrieved from /home/airflow/.local/lib/python3.7/site-packages/airflow/example_dags/example_branch_python_dop_operator_3.py
[2023-07-09T19:07:22.396+0000] {logging_mixin.py:149} INFO - [2023-07-09T19:07:22.396+0000] {dag.py:2726} INFO - Sync 1 DAGs
[2023-07-09T19:07:22.424+0000] {logging_mixin.py:149} INFO - [2023-07-09T19:07:22.424+0000] {dag.py:3490} INFO - Setting next_dagrun for example_branch_dop_operator_v3 to 2023-07-09T19:06:00+00:00, run_after=2023-07-09T19:07:00+00:00
[2023-07-09T19:07:22.442+0000] {processor.py:179} INFO - Processing /home/airflow/.local/lib/python3.7/site-packages/airflow/example_dags/example_branch_python_dop_operator_3.py took 0.082 seconds
[2023-07-09T19:07:52.489+0000] {processor.py:157} INFO - Started process (PID=1072) to work on /home/airflow/.local/lib/python3.7/site-packages/airflow/example_dags/example_branch_python_dop_operator_3.py
[2023-07-09T19:07:52.493+0000] {processor.py:826} INFO - Processing file /home/airflow/.local/lib/python3.7/site-packages/airflow/example_dags/example_branch_python_dop_operator_3.py for tasks to queue
[2023-07-09T19:07:52.493+0000] {logging_mixin.py:149} INFO - [2023-07-09T19:07:52.493+0000] {dagbag.py:541} INFO - Filling up the DagBag from /home/airflow/.local/lib/python3.7/site-packages/airflow/example_dags/example_branch_python_dop_operator_3.py
[2023-07-09T19:07:52.501+0000] {processor.py:836} INFO - DAG(s) dict_keys(['example_branch_dop_operator_v3']) retrieved from /home/airflow/.local/lib/python3.7/site-packages/airflow/example_dags/example_branch_python_dop_operator_3.py
[2023-07-09T19:07:52.534+0000] {logging_mixin.py:149} INFO - [2023-07-09T19:07:52.533+0000] {dag.py:2726} INFO - Sync 1 DAGs
[2023-07-09T19:07:52.568+0000] {logging_mixin.py:149} INFO - [2023-07-09T19:07:52.568+0000] {dag.py:3490} INFO - Setting next_dagrun for example_branch_dop_operator_v3 to 2023-07-09T19:06:00+00:00, run_after=2023-07-09T19:07:00+00:00
[2023-07-09T19:07:52.597+0000] {processor.py:179} INFO - Processing /home/airflow/.local/lib/python3.7/site-packages/airflow/example_dags/example_branch_python_dop_operator_3.py took 0.111 seconds
