[2023-07-09T18:59:47.230+0000] {processor.py:157} INFO - Started process (PID=37) to work on /home/airflow/.local/lib/python3.7/site-packages/airflow/example_dags/example_bash_operator.py
[2023-07-09T18:59:47.231+0000] {processor.py:826} INFO - Processing file /home/airflow/.local/lib/python3.7/site-packages/airflow/example_dags/example_bash_operator.py for tasks to queue
[2023-07-09T18:59:47.232+0000] {logging_mixin.py:149} INFO - [2023-07-09T18:59:47.232+0000] {dagbag.py:541} INFO - Filling up the DagBag from /home/airflow/.local/lib/python3.7/site-packages/airflow/example_dags/example_bash_operator.py
[2023-07-09T18:59:47.251+0000] {processor.py:836} INFO - DAG(s) dict_keys(['example_bash_operator']) retrieved from /home/airflow/.local/lib/python3.7/site-packages/airflow/example_dags/example_bash_operator.py
[2023-07-09T18:59:47.508+0000] {logging_mixin.py:149} INFO - [2023-07-09T18:59:47.507+0000] {manager.py:504} INFO - Created Permission View: can read on DAG:example_bash_operator
[2023-07-09T18:59:47.523+0000] {logging_mixin.py:149} INFO - [2023-07-09T18:59:47.523+0000] {manager.py:504} INFO - Created Permission View: can edit on DAG:example_bash_operator
[2023-07-09T18:59:47.533+0000] {logging_mixin.py:149} INFO - [2023-07-09T18:59:47.532+0000] {manager.py:504} INFO - Created Permission View: can delete on DAG:example_bash_operator
[2023-07-09T18:59:47.550+0000] {logging_mixin.py:149} INFO - [2023-07-09T18:59:47.550+0000] {dag.py:2726} INFO - Sync 1 DAGs
[2023-07-09T18:59:47.563+0000] {logging_mixin.py:149} INFO - [2023-07-09T18:59:47.563+0000] {dag.py:2747} INFO - Creating ORM DAG for example_bash_operator
[2023-07-09T18:59:47.576+0000] {logging_mixin.py:149} INFO - [2023-07-09T18:59:47.576+0000] {dag.py:3490} INFO - Setting next_dagrun for example_bash_operator to 2023-07-08T00:00:00+00:00, run_after=2023-07-09T00:00:00+00:00
[2023-07-09T18:59:47.609+0000] {processor.py:179} INFO - Processing /home/airflow/.local/lib/python3.7/site-packages/airflow/example_dags/example_bash_operator.py took 0.383 seconds
[2023-07-09T19:00:17.668+0000] {processor.py:157} INFO - Started process (PID=102) to work on /home/airflow/.local/lib/python3.7/site-packages/airflow/example_dags/example_bash_operator.py
[2023-07-09T19:00:17.669+0000] {processor.py:826} INFO - Processing file /home/airflow/.local/lib/python3.7/site-packages/airflow/example_dags/example_bash_operator.py for tasks to queue
[2023-07-09T19:00:17.669+0000] {logging_mixin.py:149} INFO - [2023-07-09T19:00:17.669+0000] {dagbag.py:541} INFO - Filling up the DagBag from /home/airflow/.local/lib/python3.7/site-packages/airflow/example_dags/example_bash_operator.py
[2023-07-09T19:00:17.682+0000] {processor.py:836} INFO - DAG(s) dict_keys(['example_bash_operator']) retrieved from /home/airflow/.local/lib/python3.7/site-packages/airflow/example_dags/example_bash_operator.py
[2023-07-09T19:00:17.720+0000] {logging_mixin.py:149} INFO - [2023-07-09T19:00:17.720+0000] {dag.py:2726} INFO - Sync 1 DAGs
[2023-07-09T19:00:17.745+0000] {logging_mixin.py:149} INFO - [2023-07-09T19:00:17.745+0000] {dag.py:3490} INFO - Setting next_dagrun for example_bash_operator to 2023-07-08T00:00:00+00:00, run_after=2023-07-09T00:00:00+00:00
[2023-07-09T19:00:17.764+0000] {processor.py:179} INFO - Processing /home/airflow/.local/lib/python3.7/site-packages/airflow/example_dags/example_bash_operator.py took 0.099 seconds
[2023-07-09T19:00:47.824+0000] {processor.py:157} INFO - Started process (PID=167) to work on /home/airflow/.local/lib/python3.7/site-packages/airflow/example_dags/example_bash_operator.py
[2023-07-09T19:00:47.825+0000] {processor.py:826} INFO - Processing file /home/airflow/.local/lib/python3.7/site-packages/airflow/example_dags/example_bash_operator.py for tasks to queue
[2023-07-09T19:00:47.826+0000] {logging_mixin.py:149} INFO - [2023-07-09T19:00:47.826+0000] {dagbag.py:541} INFO - Filling up the DagBag from /home/airflow/.local/lib/python3.7/site-packages/airflow/example_dags/example_bash_operator.py
[2023-07-09T19:00:47.841+0000] {processor.py:836} INFO - DAG(s) dict_keys(['example_bash_operator']) retrieved from /home/airflow/.local/lib/python3.7/site-packages/airflow/example_dags/example_bash_operator.py
[2023-07-09T19:00:47.879+0000] {logging_mixin.py:149} INFO - [2023-07-09T19:00:47.879+0000] {dag.py:2726} INFO - Sync 1 DAGs
[2023-07-09T19:00:47.907+0000] {logging_mixin.py:149} INFO - [2023-07-09T19:00:47.907+0000] {dag.py:3490} INFO - Setting next_dagrun for example_bash_operator to 2023-07-08T00:00:00+00:00, run_after=2023-07-09T00:00:00+00:00
[2023-07-09T19:00:47.928+0000] {processor.py:179} INFO - Processing /home/airflow/.local/lib/python3.7/site-packages/airflow/example_dags/example_bash_operator.py took 0.107 seconds
[2023-07-09T19:01:18.106+0000] {processor.py:157} INFO - Started process (PID=232) to work on /home/airflow/.local/lib/python3.7/site-packages/airflow/example_dags/example_bash_operator.py
[2023-07-09T19:01:18.107+0000] {processor.py:826} INFO - Processing file /home/airflow/.local/lib/python3.7/site-packages/airflow/example_dags/example_bash_operator.py for tasks to queue
[2023-07-09T19:01:18.107+0000] {logging_mixin.py:149} INFO - [2023-07-09T19:01:18.107+0000] {dagbag.py:541} INFO - Filling up the DagBag from /home/airflow/.local/lib/python3.7/site-packages/airflow/example_dags/example_bash_operator.py
[2023-07-09T19:01:18.121+0000] {processor.py:836} INFO - DAG(s) dict_keys(['example_bash_operator']) retrieved from /home/airflow/.local/lib/python3.7/site-packages/airflow/example_dags/example_bash_operator.py
[2023-07-09T19:01:18.160+0000] {logging_mixin.py:149} INFO - [2023-07-09T19:01:18.160+0000] {dag.py:2726} INFO - Sync 1 DAGs
[2023-07-09T19:01:18.187+0000] {logging_mixin.py:149} INFO - [2023-07-09T19:01:18.186+0000] {dag.py:3490} INFO - Setting next_dagrun for example_bash_operator to 2023-07-08T00:00:00+00:00, run_after=2023-07-09T00:00:00+00:00
[2023-07-09T19:01:18.205+0000] {processor.py:179} INFO - Processing /home/airflow/.local/lib/python3.7/site-packages/airflow/example_dags/example_bash_operator.py took 0.102 seconds
[2023-07-09T19:01:48.701+0000] {processor.py:157} INFO - Started process (PID=297) to work on /home/airflow/.local/lib/python3.7/site-packages/airflow/example_dags/example_bash_operator.py
[2023-07-09T19:01:48.702+0000] {processor.py:826} INFO - Processing file /home/airflow/.local/lib/python3.7/site-packages/airflow/example_dags/example_bash_operator.py for tasks to queue
[2023-07-09T19:01:48.703+0000] {logging_mixin.py:149} INFO - [2023-07-09T19:01:48.703+0000] {dagbag.py:541} INFO - Filling up the DagBag from /home/airflow/.local/lib/python3.7/site-packages/airflow/example_dags/example_bash_operator.py
[2023-07-09T19:01:48.717+0000] {processor.py:836} INFO - DAG(s) dict_keys(['example_bash_operator']) retrieved from /home/airflow/.local/lib/python3.7/site-packages/airflow/example_dags/example_bash_operator.py
[2023-07-09T19:01:48.756+0000] {logging_mixin.py:149} INFO - [2023-07-09T19:01:48.756+0000] {dag.py:2726} INFO - Sync 1 DAGs
[2023-07-09T19:01:48.783+0000] {logging_mixin.py:149} INFO - [2023-07-09T19:01:48.783+0000] {dag.py:3490} INFO - Setting next_dagrun for example_bash_operator to 2023-07-08T00:00:00+00:00, run_after=2023-07-09T00:00:00+00:00
[2023-07-09T19:01:48.801+0000] {processor.py:179} INFO - Processing /home/airflow/.local/lib/python3.7/site-packages/airflow/example_dags/example_bash_operator.py took 0.103 seconds
[2023-07-09T19:02:19.315+0000] {processor.py:157} INFO - Started process (PID=362) to work on /home/airflow/.local/lib/python3.7/site-packages/airflow/example_dags/example_bash_operator.py
[2023-07-09T19:02:19.316+0000] {processor.py:826} INFO - Processing file /home/airflow/.local/lib/python3.7/site-packages/airflow/example_dags/example_bash_operator.py for tasks to queue
[2023-07-09T19:02:19.317+0000] {logging_mixin.py:149} INFO - [2023-07-09T19:02:19.316+0000] {dagbag.py:541} INFO - Filling up the DagBag from /home/airflow/.local/lib/python3.7/site-packages/airflow/example_dags/example_bash_operator.py
[2023-07-09T19:02:19.330+0000] {processor.py:836} INFO - DAG(s) dict_keys(['example_bash_operator']) retrieved from /home/airflow/.local/lib/python3.7/site-packages/airflow/example_dags/example_bash_operator.py
[2023-07-09T19:02:19.368+0000] {logging_mixin.py:149} INFO - [2023-07-09T19:02:19.368+0000] {dag.py:2726} INFO - Sync 1 DAGs
[2023-07-09T19:02:19.394+0000] {logging_mixin.py:149} INFO - [2023-07-09T19:02:19.393+0000] {dag.py:3490} INFO - Setting next_dagrun for example_bash_operator to 2023-07-08T00:00:00+00:00, run_after=2023-07-09T00:00:00+00:00
[2023-07-09T19:02:19.413+0000] {processor.py:179} INFO - Processing /home/airflow/.local/lib/python3.7/site-packages/airflow/example_dags/example_bash_operator.py took 0.101 seconds
[2023-07-09T19:02:49.592+0000] {processor.py:157} INFO - Started process (PID=427) to work on /home/airflow/.local/lib/python3.7/site-packages/airflow/example_dags/example_bash_operator.py
[2023-07-09T19:02:49.594+0000] {processor.py:826} INFO - Processing file /home/airflow/.local/lib/python3.7/site-packages/airflow/example_dags/example_bash_operator.py for tasks to queue
[2023-07-09T19:02:49.595+0000] {logging_mixin.py:149} INFO - [2023-07-09T19:02:49.594+0000] {dagbag.py:541} INFO - Filling up the DagBag from /home/airflow/.local/lib/python3.7/site-packages/airflow/example_dags/example_bash_operator.py
[2023-07-09T19:02:49.613+0000] {processor.py:836} INFO - DAG(s) dict_keys(['example_bash_operator']) retrieved from /home/airflow/.local/lib/python3.7/site-packages/airflow/example_dags/example_bash_operator.py
[2023-07-09T19:02:49.652+0000] {logging_mixin.py:149} INFO - [2023-07-09T19:02:49.652+0000] {dag.py:2726} INFO - Sync 1 DAGs
[2023-07-09T19:02:49.679+0000] {logging_mixin.py:149} INFO - [2023-07-09T19:02:49.679+0000] {dag.py:3490} INFO - Setting next_dagrun for example_bash_operator to 2023-07-08T00:00:00+00:00, run_after=2023-07-09T00:00:00+00:00
[2023-07-09T19:02:49.700+0000] {processor.py:179} INFO - Processing /home/airflow/.local/lib/python3.7/site-packages/airflow/example_dags/example_bash_operator.py took 0.111 seconds
[2023-07-09T19:03:19.850+0000] {processor.py:157} INFO - Started process (PID=492) to work on /home/airflow/.local/lib/python3.7/site-packages/airflow/example_dags/example_bash_operator.py
[2023-07-09T19:03:19.851+0000] {processor.py:826} INFO - Processing file /home/airflow/.local/lib/python3.7/site-packages/airflow/example_dags/example_bash_operator.py for tasks to queue
[2023-07-09T19:03:19.852+0000] {logging_mixin.py:149} INFO - [2023-07-09T19:03:19.852+0000] {dagbag.py:541} INFO - Filling up the DagBag from /home/airflow/.local/lib/python3.7/site-packages/airflow/example_dags/example_bash_operator.py
[2023-07-09T19:03:19.867+0000] {processor.py:836} INFO - DAG(s) dict_keys(['example_bash_operator']) retrieved from /home/airflow/.local/lib/python3.7/site-packages/airflow/example_dags/example_bash_operator.py
[2023-07-09T19:03:19.904+0000] {logging_mixin.py:149} INFO - [2023-07-09T19:03:19.904+0000] {dag.py:2726} INFO - Sync 1 DAGs
[2023-07-09T19:03:19.930+0000] {logging_mixin.py:149} INFO - [2023-07-09T19:03:19.930+0000] {dag.py:3490} INFO - Setting next_dagrun for example_bash_operator to 2023-07-08T00:00:00+00:00, run_after=2023-07-09T00:00:00+00:00
[2023-07-09T19:03:19.948+0000] {processor.py:179} INFO - Processing /home/airflow/.local/lib/python3.7/site-packages/airflow/example_dags/example_bash_operator.py took 0.100 seconds
[2023-07-09T19:03:50.151+0000] {processor.py:157} INFO - Started process (PID=557) to work on /home/airflow/.local/lib/python3.7/site-packages/airflow/example_dags/example_bash_operator.py
[2023-07-09T19:03:50.153+0000] {processor.py:826} INFO - Processing file /home/airflow/.local/lib/python3.7/site-packages/airflow/example_dags/example_bash_operator.py for tasks to queue
[2023-07-09T19:03:50.153+0000] {logging_mixin.py:149} INFO - [2023-07-09T19:03:50.153+0000] {dagbag.py:541} INFO - Filling up the DagBag from /home/airflow/.local/lib/python3.7/site-packages/airflow/example_dags/example_bash_operator.py
[2023-07-09T19:03:50.167+0000] {processor.py:836} INFO - DAG(s) dict_keys(['example_bash_operator']) retrieved from /home/airflow/.local/lib/python3.7/site-packages/airflow/example_dags/example_bash_operator.py
[2023-07-09T19:03:50.203+0000] {logging_mixin.py:149} INFO - [2023-07-09T19:03:50.203+0000] {dag.py:2726} INFO - Sync 1 DAGs
[2023-07-09T19:03:50.233+0000] {logging_mixin.py:149} INFO - [2023-07-09T19:03:50.232+0000] {dag.py:3490} INFO - Setting next_dagrun for example_bash_operator to 2023-07-08T00:00:00+00:00, run_after=2023-07-09T00:00:00+00:00
[2023-07-09T19:03:50.251+0000] {processor.py:179} INFO - Processing /home/airflow/.local/lib/python3.7/site-packages/airflow/example_dags/example_bash_operator.py took 0.102 seconds
[2023-07-09T19:04:20.410+0000] {processor.py:157} INFO - Started process (PID=622) to work on /home/airflow/.local/lib/python3.7/site-packages/airflow/example_dags/example_bash_operator.py
[2023-07-09T19:04:20.412+0000] {processor.py:826} INFO - Processing file /home/airflow/.local/lib/python3.7/site-packages/airflow/example_dags/example_bash_operator.py for tasks to queue
[2023-07-09T19:04:20.413+0000] {logging_mixin.py:149} INFO - [2023-07-09T19:04:20.413+0000] {dagbag.py:541} INFO - Filling up the DagBag from /home/airflow/.local/lib/python3.7/site-packages/airflow/example_dags/example_bash_operator.py
[2023-07-09T19:04:20.431+0000] {processor.py:836} INFO - DAG(s) dict_keys(['example_bash_operator']) retrieved from /home/airflow/.local/lib/python3.7/site-packages/airflow/example_dags/example_bash_operator.py
[2023-07-09T19:04:20.471+0000] {logging_mixin.py:149} INFO - [2023-07-09T19:04:20.471+0000] {dag.py:2726} INFO - Sync 1 DAGs
[2023-07-09T19:04:20.503+0000] {logging_mixin.py:149} INFO - [2023-07-09T19:04:20.503+0000] {dag.py:3490} INFO - Setting next_dagrun for example_bash_operator to 2023-07-08T00:00:00+00:00, run_after=2023-07-09T00:00:00+00:00
[2023-07-09T19:04:20.525+0000] {processor.py:179} INFO - Processing /home/airflow/.local/lib/python3.7/site-packages/airflow/example_dags/example_bash_operator.py took 0.118 seconds
[2023-07-09T19:04:51.232+0000] {processor.py:157} INFO - Started process (PID=687) to work on /home/airflow/.local/lib/python3.7/site-packages/airflow/example_dags/example_bash_operator.py
[2023-07-09T19:04:51.233+0000] {processor.py:826} INFO - Processing file /home/airflow/.local/lib/python3.7/site-packages/airflow/example_dags/example_bash_operator.py for tasks to queue
[2023-07-09T19:04:51.234+0000] {logging_mixin.py:149} INFO - [2023-07-09T19:04:51.233+0000] {dagbag.py:541} INFO - Filling up the DagBag from /home/airflow/.local/lib/python3.7/site-packages/airflow/example_dags/example_bash_operator.py
[2023-07-09T19:04:51.247+0000] {processor.py:836} INFO - DAG(s) dict_keys(['example_bash_operator']) retrieved from /home/airflow/.local/lib/python3.7/site-packages/airflow/example_dags/example_bash_operator.py
[2023-07-09T19:04:51.289+0000] {logging_mixin.py:149} INFO - [2023-07-09T19:04:51.288+0000] {dag.py:2726} INFO - Sync 1 DAGs
[2023-07-09T19:04:51.315+0000] {logging_mixin.py:149} INFO - [2023-07-09T19:04:51.314+0000] {dag.py:3490} INFO - Setting next_dagrun for example_bash_operator to 2023-07-08T00:00:00+00:00, run_after=2023-07-09T00:00:00+00:00
[2023-07-09T19:04:51.334+0000] {processor.py:179} INFO - Processing /home/airflow/.local/lib/python3.7/site-packages/airflow/example_dags/example_bash_operator.py took 0.105 seconds
[2023-07-09T19:05:21.898+0000] {processor.py:157} INFO - Started process (PID=752) to work on /home/airflow/.local/lib/python3.7/site-packages/airflow/example_dags/example_bash_operator.py
[2023-07-09T19:05:21.900+0000] {processor.py:826} INFO - Processing file /home/airflow/.local/lib/python3.7/site-packages/airflow/example_dags/example_bash_operator.py for tasks to queue
[2023-07-09T19:05:21.901+0000] {logging_mixin.py:149} INFO - [2023-07-09T19:05:21.901+0000] {dagbag.py:541} INFO - Filling up the DagBag from /home/airflow/.local/lib/python3.7/site-packages/airflow/example_dags/example_bash_operator.py
[2023-07-09T19:05:21.920+0000] {processor.py:836} INFO - DAG(s) dict_keys(['example_bash_operator']) retrieved from /home/airflow/.local/lib/python3.7/site-packages/airflow/example_dags/example_bash_operator.py
[2023-07-09T19:05:21.958+0000] {logging_mixin.py:149} INFO - [2023-07-09T19:05:21.958+0000] {dag.py:2726} INFO - Sync 1 DAGs
[2023-07-09T19:05:21.984+0000] {logging_mixin.py:149} INFO - [2023-07-09T19:05:21.984+0000] {dag.py:3490} INFO - Setting next_dagrun for example_bash_operator to 2023-07-08T00:00:00+00:00, run_after=2023-07-09T00:00:00+00:00
[2023-07-09T19:05:22.002+0000] {processor.py:179} INFO - Processing /home/airflow/.local/lib/python3.7/site-packages/airflow/example_dags/example_bash_operator.py took 0.107 seconds
[2023-07-09T19:05:52.212+0000] {processor.py:157} INFO - Started process (PID=817) to work on /home/airflow/.local/lib/python3.7/site-packages/airflow/example_dags/example_bash_operator.py
[2023-07-09T19:05:52.213+0000] {processor.py:826} INFO - Processing file /home/airflow/.local/lib/python3.7/site-packages/airflow/example_dags/example_bash_operator.py for tasks to queue
[2023-07-09T19:05:52.214+0000] {logging_mixin.py:149} INFO - [2023-07-09T19:05:52.214+0000] {dagbag.py:541} INFO - Filling up the DagBag from /home/airflow/.local/lib/python3.7/site-packages/airflow/example_dags/example_bash_operator.py
[2023-07-09T19:05:52.228+0000] {processor.py:836} INFO - DAG(s) dict_keys(['example_bash_operator']) retrieved from /home/airflow/.local/lib/python3.7/site-packages/airflow/example_dags/example_bash_operator.py
[2023-07-09T19:05:52.269+0000] {logging_mixin.py:149} INFO - [2023-07-09T19:05:52.269+0000] {dag.py:2726} INFO - Sync 1 DAGs
[2023-07-09T19:05:52.298+0000] {logging_mixin.py:149} INFO - [2023-07-09T19:05:52.298+0000] {dag.py:3490} INFO - Setting next_dagrun for example_bash_operator to 2023-07-08T00:00:00+00:00, run_after=2023-07-09T00:00:00+00:00
[2023-07-09T19:05:52.319+0000] {processor.py:179} INFO - Processing /home/airflow/.local/lib/python3.7/site-packages/airflow/example_dags/example_bash_operator.py took 0.110 seconds
[2023-07-09T19:06:22.527+0000] {processor.py:157} INFO - Started process (PID=882) to work on /home/airflow/.local/lib/python3.7/site-packages/airflow/example_dags/example_bash_operator.py
[2023-07-09T19:06:22.528+0000] {processor.py:826} INFO - Processing file /home/airflow/.local/lib/python3.7/site-packages/airflow/example_dags/example_bash_operator.py for tasks to queue
[2023-07-09T19:06:22.529+0000] {logging_mixin.py:149} INFO - [2023-07-09T19:06:22.529+0000] {dagbag.py:541} INFO - Filling up the DagBag from /home/airflow/.local/lib/python3.7/site-packages/airflow/example_dags/example_bash_operator.py
[2023-07-09T19:06:22.547+0000] {processor.py:836} INFO - DAG(s) dict_keys(['example_bash_operator']) retrieved from /home/airflow/.local/lib/python3.7/site-packages/airflow/example_dags/example_bash_operator.py
[2023-07-09T19:06:22.593+0000] {logging_mixin.py:149} INFO - [2023-07-09T19:06:22.593+0000] {dag.py:2726} INFO - Sync 1 DAGs
[2023-07-09T19:06:22.627+0000] {logging_mixin.py:149} INFO - [2023-07-09T19:06:22.627+0000] {dag.py:3490} INFO - Setting next_dagrun for example_bash_operator to 2023-07-08T00:00:00+00:00, run_after=2023-07-09T00:00:00+00:00
[2023-07-09T19:06:22.647+0000] {processor.py:179} INFO - Processing /home/airflow/.local/lib/python3.7/site-packages/airflow/example_dags/example_bash_operator.py took 0.124 seconds
[2023-07-09T19:06:53.397+0000] {processor.py:157} INFO - Started process (PID=947) to work on /home/airflow/.local/lib/python3.7/site-packages/airflow/example_dags/example_bash_operator.py
[2023-07-09T19:06:53.399+0000] {processor.py:826} INFO - Processing file /home/airflow/.local/lib/python3.7/site-packages/airflow/example_dags/example_bash_operator.py for tasks to queue
[2023-07-09T19:06:53.399+0000] {logging_mixin.py:149} INFO - [2023-07-09T19:06:53.399+0000] {dagbag.py:541} INFO - Filling up the DagBag from /home/airflow/.local/lib/python3.7/site-packages/airflow/example_dags/example_bash_operator.py
[2023-07-09T19:06:53.420+0000] {processor.py:836} INFO - DAG(s) dict_keys(['example_bash_operator']) retrieved from /home/airflow/.local/lib/python3.7/site-packages/airflow/example_dags/example_bash_operator.py
[2023-07-09T19:06:53.480+0000] {logging_mixin.py:149} INFO - [2023-07-09T19:06:53.480+0000] {dag.py:2726} INFO - Sync 1 DAGs
[2023-07-09T19:06:53.516+0000] {logging_mixin.py:149} INFO - [2023-07-09T19:06:53.515+0000] {dag.py:3490} INFO - Setting next_dagrun for example_bash_operator to 2023-07-08T00:00:00+00:00, run_after=2023-07-09T00:00:00+00:00
[2023-07-09T19:06:53.545+0000] {processor.py:179} INFO - Processing /home/airflow/.local/lib/python3.7/site-packages/airflow/example_dags/example_bash_operator.py took 0.152 seconds
[2023-07-09T19:07:23.581+0000] {processor.py:157} INFO - Started process (PID=1011) to work on /home/airflow/.local/lib/python3.7/site-packages/airflow/example_dags/example_bash_operator.py
[2023-07-09T19:07:23.584+0000] {processor.py:826} INFO - Processing file /home/airflow/.local/lib/python3.7/site-packages/airflow/example_dags/example_bash_operator.py for tasks to queue
[2023-07-09T19:07:23.584+0000] {logging_mixin.py:149} INFO - [2023-07-09T19:07:23.584+0000] {dagbag.py:541} INFO - Filling up the DagBag from /home/airflow/.local/lib/python3.7/site-packages/airflow/example_dags/example_bash_operator.py
[2023-07-09T19:07:23.602+0000] {processor.py:836} INFO - DAG(s) dict_keys(['example_bash_operator']) retrieved from /home/airflow/.local/lib/python3.7/site-packages/airflow/example_dags/example_bash_operator.py
[2023-07-09T19:07:23.646+0000] {logging_mixin.py:149} INFO - [2023-07-09T19:07:23.645+0000] {dag.py:2726} INFO - Sync 1 DAGs
[2023-07-09T19:07:23.674+0000] {logging_mixin.py:149} INFO - [2023-07-09T19:07:23.673+0000] {dag.py:3490} INFO - Setting next_dagrun for example_bash_operator to 2023-07-08T00:00:00+00:00, run_after=2023-07-09T00:00:00+00:00
[2023-07-09T19:07:23.695+0000] {processor.py:179} INFO - Processing /home/airflow/.local/lib/python3.7/site-packages/airflow/example_dags/example_bash_operator.py took 0.119 seconds
[2023-07-09T19:07:53.741+0000] {processor.py:157} INFO - Started process (PID=1076) to work on /home/airflow/.local/lib/python3.7/site-packages/airflow/example_dags/example_bash_operator.py
[2023-07-09T19:07:53.743+0000] {processor.py:826} INFO - Processing file /home/airflow/.local/lib/python3.7/site-packages/airflow/example_dags/example_bash_operator.py for tasks to queue
[2023-07-09T19:07:53.743+0000] {logging_mixin.py:149} INFO - [2023-07-09T19:07:53.743+0000] {dagbag.py:541} INFO - Filling up the DagBag from /home/airflow/.local/lib/python3.7/site-packages/airflow/example_dags/example_bash_operator.py
[2023-07-09T19:07:53.756+0000] {processor.py:836} INFO - DAG(s) dict_keys(['example_bash_operator']) retrieved from /home/airflow/.local/lib/python3.7/site-packages/airflow/example_dags/example_bash_operator.py
[2023-07-09T19:07:53.792+0000] {logging_mixin.py:149} INFO - [2023-07-09T19:07:53.792+0000] {dag.py:2726} INFO - Sync 1 DAGs
[2023-07-09T19:07:53.817+0000] {logging_mixin.py:149} INFO - [2023-07-09T19:07:53.816+0000] {dag.py:3490} INFO - Setting next_dagrun for example_bash_operator to 2023-07-08T00:00:00+00:00, run_after=2023-07-09T00:00:00+00:00
[2023-07-09T19:07:53.837+0000] {processor.py:179} INFO - Processing /home/airflow/.local/lib/python3.7/site-packages/airflow/example_dags/example_bash_operator.py took 0.099 seconds
