[2023-07-09T18:59:51.928+0000] {processor.py:157} INFO - Started process (PID=67) to work on /home/airflow/.local/lib/python3.7/site-packages/airflow/example_dags/example_nested_branch_dag.py
[2023-07-09T18:59:51.929+0000] {processor.py:826} INFO - Processing file /home/airflow/.local/lib/python3.7/site-packages/airflow/example_dags/example_nested_branch_dag.py for tasks to queue
[2023-07-09T18:59:51.929+0000] {logging_mixin.py:149} INFO - [2023-07-09T18:59:51.929+0000] {dagbag.py:541} INFO - Filling up the DagBag from /home/airflow/.local/lib/python3.7/site-packages/airflow/example_dags/example_nested_branch_dag.py
[2023-07-09T18:59:51.941+0000] {processor.py:836} INFO - DAG(s) dict_keys(['example_nested_branch_dag']) retrieved from /home/airflow/.local/lib/python3.7/site-packages/airflow/example_dags/example_nested_branch_dag.py
[2023-07-09T18:59:52.052+0000] {logging_mixin.py:149} INFO - [2023-07-09T18:59:52.052+0000] {manager.py:504} INFO - Created Permission View: can read on DAG:example_nested_branch_dag
[2023-07-09T18:59:52.063+0000] {logging_mixin.py:149} INFO - [2023-07-09T18:59:52.063+0000] {manager.py:504} INFO - Created Permission View: can edit on DAG:example_nested_branch_dag
[2023-07-09T18:59:52.072+0000] {logging_mixin.py:149} INFO - [2023-07-09T18:59:52.072+0000] {manager.py:504} INFO - Created Permission View: can delete on DAG:example_nested_branch_dag
[2023-07-09T18:59:52.087+0000] {logging_mixin.py:149} INFO - [2023-07-09T18:59:52.086+0000] {dag.py:2726} INFO - Sync 1 DAGs
[2023-07-09T18:59:52.099+0000] {logging_mixin.py:149} INFO - [2023-07-09T18:59:52.099+0000] {dag.py:2747} INFO - Creating ORM DAG for example_nested_branch_dag
[2023-07-09T18:59:52.111+0000] {logging_mixin.py:149} INFO - [2023-07-09T18:59:52.111+0000] {dag.py:3490} INFO - Setting next_dagrun for example_nested_branch_dag to 2023-07-08T00:00:00+00:00, run_after=2023-07-09T00:00:00+00:00
[2023-07-09T18:59:52.140+0000] {processor.py:179} INFO - Processing /home/airflow/.local/lib/python3.7/site-packages/airflow/example_dags/example_nested_branch_dag.py took 0.216 seconds
[2023-07-09T19:00:22.454+0000] {processor.py:157} INFO - Started process (PID=132) to work on /home/airflow/.local/lib/python3.7/site-packages/airflow/example_dags/example_nested_branch_dag.py
[2023-07-09T19:00:22.455+0000] {processor.py:826} INFO - Processing file /home/airflow/.local/lib/python3.7/site-packages/airflow/example_dags/example_nested_branch_dag.py for tasks to queue
[2023-07-09T19:00:22.456+0000] {logging_mixin.py:149} INFO - [2023-07-09T19:00:22.456+0000] {dagbag.py:541} INFO - Filling up the DagBag from /home/airflow/.local/lib/python3.7/site-packages/airflow/example_dags/example_nested_branch_dag.py
[2023-07-09T19:00:22.468+0000] {processor.py:836} INFO - DAG(s) dict_keys(['example_nested_branch_dag']) retrieved from /home/airflow/.local/lib/python3.7/site-packages/airflow/example_dags/example_nested_branch_dag.py
[2023-07-09T19:00:22.504+0000] {logging_mixin.py:149} INFO - [2023-07-09T19:00:22.504+0000] {dag.py:2726} INFO - Sync 1 DAGs
[2023-07-09T19:00:22.540+0000] {logging_mixin.py:149} INFO - [2023-07-09T19:00:22.540+0000] {dag.py:3490} INFO - Setting next_dagrun for example_nested_branch_dag to 2023-07-08T00:00:00+00:00, run_after=2023-07-09T00:00:00+00:00
[2023-07-09T19:00:22.568+0000] {processor.py:179} INFO - Processing /home/airflow/.local/lib/python3.7/site-packages/airflow/example_dags/example_nested_branch_dag.py took 0.117 seconds
[2023-07-09T19:00:52.699+0000] {processor.py:157} INFO - Started process (PID=197) to work on /home/airflow/.local/lib/python3.7/site-packages/airflow/example_dags/example_nested_branch_dag.py
[2023-07-09T19:00:52.700+0000] {processor.py:826} INFO - Processing file /home/airflow/.local/lib/python3.7/site-packages/airflow/example_dags/example_nested_branch_dag.py for tasks to queue
[2023-07-09T19:00:52.701+0000] {logging_mixin.py:149} INFO - [2023-07-09T19:00:52.700+0000] {dagbag.py:541} INFO - Filling up the DagBag from /home/airflow/.local/lib/python3.7/site-packages/airflow/example_dags/example_nested_branch_dag.py
[2023-07-09T19:00:52.710+0000] {processor.py:836} INFO - DAG(s) dict_keys(['example_nested_branch_dag']) retrieved from /home/airflow/.local/lib/python3.7/site-packages/airflow/example_dags/example_nested_branch_dag.py
[2023-07-09T19:00:52.735+0000] {logging_mixin.py:149} INFO - [2023-07-09T19:00:52.735+0000] {dag.py:2726} INFO - Sync 1 DAGs
[2023-07-09T19:00:52.764+0000] {logging_mixin.py:149} INFO - [2023-07-09T19:00:52.764+0000] {dag.py:3490} INFO - Setting next_dagrun for example_nested_branch_dag to 2023-07-08T00:00:00+00:00, run_after=2023-07-09T00:00:00+00:00
[2023-07-09T19:00:52.785+0000] {processor.py:179} INFO - Processing /home/airflow/.local/lib/python3.7/site-packages/airflow/example_dags/example_nested_branch_dag.py took 0.090 seconds
[2023-07-09T19:01:23.705+0000] {processor.py:157} INFO - Started process (PID=262) to work on /home/airflow/.local/lib/python3.7/site-packages/airflow/example_dags/example_nested_branch_dag.py
[2023-07-09T19:01:23.706+0000] {processor.py:826} INFO - Processing file /home/airflow/.local/lib/python3.7/site-packages/airflow/example_dags/example_nested_branch_dag.py for tasks to queue
[2023-07-09T19:01:23.707+0000] {logging_mixin.py:149} INFO - [2023-07-09T19:01:23.706+0000] {dagbag.py:541} INFO - Filling up the DagBag from /home/airflow/.local/lib/python3.7/site-packages/airflow/example_dags/example_nested_branch_dag.py
[2023-07-09T19:01:23.716+0000] {processor.py:836} INFO - DAG(s) dict_keys(['example_nested_branch_dag']) retrieved from /home/airflow/.local/lib/python3.7/site-packages/airflow/example_dags/example_nested_branch_dag.py
[2023-07-09T19:01:23.741+0000] {logging_mixin.py:149} INFO - [2023-07-09T19:01:23.741+0000] {dag.py:2726} INFO - Sync 1 DAGs
[2023-07-09T19:01:23.766+0000] {logging_mixin.py:149} INFO - [2023-07-09T19:01:23.766+0000] {dag.py:3490} INFO - Setting next_dagrun for example_nested_branch_dag to 2023-07-08T00:00:00+00:00, run_after=2023-07-09T00:00:00+00:00
[2023-07-09T19:01:23.785+0000] {processor.py:179} INFO - Processing /home/airflow/.local/lib/python3.7/site-packages/airflow/example_dags/example_nested_branch_dag.py took 0.083 seconds
[2023-07-09T19:01:54.274+0000] {processor.py:157} INFO - Started process (PID=327) to work on /home/airflow/.local/lib/python3.7/site-packages/airflow/example_dags/example_nested_branch_dag.py
[2023-07-09T19:01:54.275+0000] {processor.py:826} INFO - Processing file /home/airflow/.local/lib/python3.7/site-packages/airflow/example_dags/example_nested_branch_dag.py for tasks to queue
[2023-07-09T19:01:54.276+0000] {logging_mixin.py:149} INFO - [2023-07-09T19:01:54.276+0000] {dagbag.py:541} INFO - Filling up the DagBag from /home/airflow/.local/lib/python3.7/site-packages/airflow/example_dags/example_nested_branch_dag.py
[2023-07-09T19:01:54.286+0000] {processor.py:836} INFO - DAG(s) dict_keys(['example_nested_branch_dag']) retrieved from /home/airflow/.local/lib/python3.7/site-packages/airflow/example_dags/example_nested_branch_dag.py
[2023-07-09T19:01:54.309+0000] {logging_mixin.py:149} INFO - [2023-07-09T19:01:54.309+0000] {dag.py:2726} INFO - Sync 1 DAGs
[2023-07-09T19:01:54.334+0000] {logging_mixin.py:149} INFO - [2023-07-09T19:01:54.334+0000] {dag.py:3490} INFO - Setting next_dagrun for example_nested_branch_dag to 2023-07-08T00:00:00+00:00, run_after=2023-07-09T00:00:00+00:00
[2023-07-09T19:01:54.353+0000] {processor.py:179} INFO - Processing /home/airflow/.local/lib/python3.7/site-packages/airflow/example_dags/example_nested_branch_dag.py took 0.082 seconds
[2023-07-09T19:02:25.010+0000] {processor.py:157} INFO - Started process (PID=392) to work on /home/airflow/.local/lib/python3.7/site-packages/airflow/example_dags/example_nested_branch_dag.py
[2023-07-09T19:02:25.011+0000] {processor.py:826} INFO - Processing file /home/airflow/.local/lib/python3.7/site-packages/airflow/example_dags/example_nested_branch_dag.py for tasks to queue
[2023-07-09T19:02:25.012+0000] {logging_mixin.py:149} INFO - [2023-07-09T19:02:25.011+0000] {dagbag.py:541} INFO - Filling up the DagBag from /home/airflow/.local/lib/python3.7/site-packages/airflow/example_dags/example_nested_branch_dag.py
[2023-07-09T19:02:25.020+0000] {processor.py:836} INFO - DAG(s) dict_keys(['example_nested_branch_dag']) retrieved from /home/airflow/.local/lib/python3.7/site-packages/airflow/example_dags/example_nested_branch_dag.py
[2023-07-09T19:02:25.045+0000] {logging_mixin.py:149} INFO - [2023-07-09T19:02:25.044+0000] {dag.py:2726} INFO - Sync 1 DAGs
[2023-07-09T19:02:25.071+0000] {logging_mixin.py:149} INFO - [2023-07-09T19:02:25.070+0000] {dag.py:3490} INFO - Setting next_dagrun for example_nested_branch_dag to 2023-07-08T00:00:00+00:00, run_after=2023-07-09T00:00:00+00:00
[2023-07-09T19:02:25.091+0000] {processor.py:179} INFO - Processing /home/airflow/.local/lib/python3.7/site-packages/airflow/example_dags/example_nested_branch_dag.py took 0.085 seconds
[2023-07-09T19:02:55.248+0000] {processor.py:157} INFO - Started process (PID=457) to work on /home/airflow/.local/lib/python3.7/site-packages/airflow/example_dags/example_nested_branch_dag.py
[2023-07-09T19:02:55.250+0000] {processor.py:826} INFO - Processing file /home/airflow/.local/lib/python3.7/site-packages/airflow/example_dags/example_nested_branch_dag.py for tasks to queue
[2023-07-09T19:02:55.250+0000] {logging_mixin.py:149} INFO - [2023-07-09T19:02:55.250+0000] {dagbag.py:541} INFO - Filling up the DagBag from /home/airflow/.local/lib/python3.7/site-packages/airflow/example_dags/example_nested_branch_dag.py
[2023-07-09T19:02:55.261+0000] {processor.py:836} INFO - DAG(s) dict_keys(['example_nested_branch_dag']) retrieved from /home/airflow/.local/lib/python3.7/site-packages/airflow/example_dags/example_nested_branch_dag.py
[2023-07-09T19:02:55.288+0000] {logging_mixin.py:149} INFO - [2023-07-09T19:02:55.288+0000] {dag.py:2726} INFO - Sync 1 DAGs
[2023-07-09T19:02:55.322+0000] {logging_mixin.py:149} INFO - [2023-07-09T19:02:55.322+0000] {dag.py:3490} INFO - Setting next_dagrun for example_nested_branch_dag to 2023-07-08T00:00:00+00:00, run_after=2023-07-09T00:00:00+00:00
[2023-07-09T19:02:55.343+0000] {processor.py:179} INFO - Processing /home/airflow/.local/lib/python3.7/site-packages/airflow/example_dags/example_nested_branch_dag.py took 0.099 seconds
[2023-07-09T19:03:25.465+0000] {processor.py:157} INFO - Started process (PID=522) to work on /home/airflow/.local/lib/python3.7/site-packages/airflow/example_dags/example_nested_branch_dag.py
[2023-07-09T19:03:25.466+0000] {processor.py:826} INFO - Processing file /home/airflow/.local/lib/python3.7/site-packages/airflow/example_dags/example_nested_branch_dag.py for tasks to queue
[2023-07-09T19:03:25.466+0000] {logging_mixin.py:149} INFO - [2023-07-09T19:03:25.466+0000] {dagbag.py:541} INFO - Filling up the DagBag from /home/airflow/.local/lib/python3.7/site-packages/airflow/example_dags/example_nested_branch_dag.py
[2023-07-09T19:03:25.476+0000] {processor.py:836} INFO - DAG(s) dict_keys(['example_nested_branch_dag']) retrieved from /home/airflow/.local/lib/python3.7/site-packages/airflow/example_dags/example_nested_branch_dag.py
[2023-07-09T19:03:25.502+0000] {logging_mixin.py:149} INFO - [2023-07-09T19:03:25.502+0000] {dag.py:2726} INFO - Sync 1 DAGs
[2023-07-09T19:03:25.536+0000] {logging_mixin.py:149} INFO - [2023-07-09T19:03:25.535+0000] {dag.py:3490} INFO - Setting next_dagrun for example_nested_branch_dag to 2023-07-08T00:00:00+00:00, run_after=2023-07-09T00:00:00+00:00
[2023-07-09T19:03:25.558+0000] {processor.py:179} INFO - Processing /home/airflow/.local/lib/python3.7/site-packages/airflow/example_dags/example_nested_branch_dag.py took 0.098 seconds
[2023-07-09T19:03:55.673+0000] {processor.py:157} INFO - Started process (PID=587) to work on /home/airflow/.local/lib/python3.7/site-packages/airflow/example_dags/example_nested_branch_dag.py
[2023-07-09T19:03:55.674+0000] {processor.py:826} INFO - Processing file /home/airflow/.local/lib/python3.7/site-packages/airflow/example_dags/example_nested_branch_dag.py for tasks to queue
[2023-07-09T19:03:55.675+0000] {logging_mixin.py:149} INFO - [2023-07-09T19:03:55.675+0000] {dagbag.py:541} INFO - Filling up the DagBag from /home/airflow/.local/lib/python3.7/site-packages/airflow/example_dags/example_nested_branch_dag.py
[2023-07-09T19:03:55.689+0000] {processor.py:836} INFO - DAG(s) dict_keys(['example_nested_branch_dag']) retrieved from /home/airflow/.local/lib/python3.7/site-packages/airflow/example_dags/example_nested_branch_dag.py
[2023-07-09T19:03:55.722+0000] {logging_mixin.py:149} INFO - [2023-07-09T19:03:55.722+0000] {dag.py:2726} INFO - Sync 1 DAGs
[2023-07-09T19:03:55.763+0000] {logging_mixin.py:149} INFO - [2023-07-09T19:03:55.762+0000] {dag.py:3490} INFO - Setting next_dagrun for example_nested_branch_dag to 2023-07-08T00:00:00+00:00, run_after=2023-07-09T00:00:00+00:00
[2023-07-09T19:03:55.786+0000] {processor.py:179} INFO - Processing /home/airflow/.local/lib/python3.7/site-packages/airflow/example_dags/example_nested_branch_dag.py took 0.118 seconds
[2023-07-09T19:04:25.959+0000] {processor.py:157} INFO - Started process (PID=651) to work on /home/airflow/.local/lib/python3.7/site-packages/airflow/example_dags/example_nested_branch_dag.py
[2023-07-09T19:04:25.960+0000] {processor.py:826} INFO - Processing file /home/airflow/.local/lib/python3.7/site-packages/airflow/example_dags/example_nested_branch_dag.py for tasks to queue
[2023-07-09T19:04:25.961+0000] {logging_mixin.py:149} INFO - [2023-07-09T19:04:25.961+0000] {dagbag.py:541} INFO - Filling up the DagBag from /home/airflow/.local/lib/python3.7/site-packages/airflow/example_dags/example_nested_branch_dag.py
[2023-07-09T19:04:25.973+0000] {processor.py:836} INFO - DAG(s) dict_keys(['example_nested_branch_dag']) retrieved from /home/airflow/.local/lib/python3.7/site-packages/airflow/example_dags/example_nested_branch_dag.py
[2023-07-09T19:04:26.003+0000] {logging_mixin.py:149} INFO - [2023-07-09T19:04:26.002+0000] {dag.py:2726} INFO - Sync 1 DAGs
[2023-07-09T19:04:26.032+0000] {logging_mixin.py:149} INFO - [2023-07-09T19:04:26.032+0000] {dag.py:3490} INFO - Setting next_dagrun for example_nested_branch_dag to 2023-07-08T00:00:00+00:00, run_after=2023-07-09T00:00:00+00:00
[2023-07-09T19:04:26.054+0000] {processor.py:179} INFO - Processing /home/airflow/.local/lib/python3.7/site-packages/airflow/example_dags/example_nested_branch_dag.py took 0.099 seconds
[2023-07-09T19:04:56.641+0000] {processor.py:157} INFO - Started process (PID=716) to work on /home/airflow/.local/lib/python3.7/site-packages/airflow/example_dags/example_nested_branch_dag.py
[2023-07-09T19:04:56.642+0000] {processor.py:826} INFO - Processing file /home/airflow/.local/lib/python3.7/site-packages/airflow/example_dags/example_nested_branch_dag.py for tasks to queue
[2023-07-09T19:04:56.643+0000] {logging_mixin.py:149} INFO - [2023-07-09T19:04:56.643+0000] {dagbag.py:541} INFO - Filling up the DagBag from /home/airflow/.local/lib/python3.7/site-packages/airflow/example_dags/example_nested_branch_dag.py
[2023-07-09T19:04:56.654+0000] {processor.py:836} INFO - DAG(s) dict_keys(['example_nested_branch_dag']) retrieved from /home/airflow/.local/lib/python3.7/site-packages/airflow/example_dags/example_nested_branch_dag.py
[2023-07-09T19:04:56.743+0000] {logging_mixin.py:149} INFO - [2023-07-09T19:04:56.743+0000] {dag.py:2726} INFO - Sync 1 DAGs
[2023-07-09T19:04:56.771+0000] {logging_mixin.py:149} INFO - [2023-07-09T19:04:56.771+0000] {dag.py:3490} INFO - Setting next_dagrun for example_nested_branch_dag to 2023-07-08T00:00:00+00:00, run_after=2023-07-09T00:00:00+00:00
[2023-07-09T19:04:56.795+0000] {processor.py:179} INFO - Processing /home/airflow/.local/lib/python3.7/site-packages/airflow/example_dags/example_nested_branch_dag.py took 0.157 seconds
[2023-07-09T19:05:26.882+0000] {processor.py:157} INFO - Started process (PID=781) to work on /home/airflow/.local/lib/python3.7/site-packages/airflow/example_dags/example_nested_branch_dag.py
[2023-07-09T19:05:26.883+0000] {processor.py:826} INFO - Processing file /home/airflow/.local/lib/python3.7/site-packages/airflow/example_dags/example_nested_branch_dag.py for tasks to queue
[2023-07-09T19:05:26.884+0000] {logging_mixin.py:149} INFO - [2023-07-09T19:05:26.884+0000] {dagbag.py:541} INFO - Filling up the DagBag from /home/airflow/.local/lib/python3.7/site-packages/airflow/example_dags/example_nested_branch_dag.py
[2023-07-09T19:05:26.894+0000] {processor.py:836} INFO - DAG(s) dict_keys(['example_nested_branch_dag']) retrieved from /home/airflow/.local/lib/python3.7/site-packages/airflow/example_dags/example_nested_branch_dag.py
[2023-07-09T19:05:26.918+0000] {logging_mixin.py:149} INFO - [2023-07-09T19:05:26.918+0000] {dag.py:2726} INFO - Sync 1 DAGs
[2023-07-09T19:05:26.946+0000] {logging_mixin.py:149} INFO - [2023-07-09T19:05:26.945+0000] {dag.py:3490} INFO - Setting next_dagrun for example_nested_branch_dag to 2023-07-08T00:00:00+00:00, run_after=2023-07-09T00:00:00+00:00
[2023-07-09T19:05:26.971+0000] {processor.py:179} INFO - Processing /home/airflow/.local/lib/python3.7/site-packages/airflow/example_dags/example_nested_branch_dag.py took 0.092 seconds
[2023-07-09T19:05:57.786+0000] {processor.py:157} INFO - Started process (PID=846) to work on /home/airflow/.local/lib/python3.7/site-packages/airflow/example_dags/example_nested_branch_dag.py
[2023-07-09T19:05:57.787+0000] {processor.py:826} INFO - Processing file /home/airflow/.local/lib/python3.7/site-packages/airflow/example_dags/example_nested_branch_dag.py for tasks to queue
[2023-07-09T19:05:57.787+0000] {logging_mixin.py:149} INFO - [2023-07-09T19:05:57.787+0000] {dagbag.py:541} INFO - Filling up the DagBag from /home/airflow/.local/lib/python3.7/site-packages/airflow/example_dags/example_nested_branch_dag.py
[2023-07-09T19:05:57.799+0000] {processor.py:836} INFO - DAG(s) dict_keys(['example_nested_branch_dag']) retrieved from /home/airflow/.local/lib/python3.7/site-packages/airflow/example_dags/example_nested_branch_dag.py
[2023-07-09T19:05:57.823+0000] {logging_mixin.py:149} INFO - [2023-07-09T19:05:57.823+0000] {dag.py:2726} INFO - Sync 1 DAGs
[2023-07-09T19:05:57.849+0000] {logging_mixin.py:149} INFO - [2023-07-09T19:05:57.849+0000] {dag.py:3490} INFO - Setting next_dagrun for example_nested_branch_dag to 2023-07-08T00:00:00+00:00, run_after=2023-07-09T00:00:00+00:00
[2023-07-09T19:05:57.868+0000] {processor.py:179} INFO - Processing /home/airflow/.local/lib/python3.7/site-packages/airflow/example_dags/example_nested_branch_dag.py took 0.087 seconds
[2023-07-09T19:06:27.931+0000] {processor.py:157} INFO - Started process (PID=911) to work on /home/airflow/.local/lib/python3.7/site-packages/airflow/example_dags/example_nested_branch_dag.py
[2023-07-09T19:06:27.932+0000] {processor.py:826} INFO - Processing file /home/airflow/.local/lib/python3.7/site-packages/airflow/example_dags/example_nested_branch_dag.py for tasks to queue
[2023-07-09T19:06:27.933+0000] {logging_mixin.py:149} INFO - [2023-07-09T19:06:27.932+0000] {dagbag.py:541} INFO - Filling up the DagBag from /home/airflow/.local/lib/python3.7/site-packages/airflow/example_dags/example_nested_branch_dag.py
[2023-07-09T19:06:27.942+0000] {processor.py:836} INFO - DAG(s) dict_keys(['example_nested_branch_dag']) retrieved from /home/airflow/.local/lib/python3.7/site-packages/airflow/example_dags/example_nested_branch_dag.py
[2023-07-09T19:06:27.967+0000] {logging_mixin.py:149} INFO - [2023-07-09T19:06:27.967+0000] {dag.py:2726} INFO - Sync 1 DAGs
[2023-07-09T19:06:27.992+0000] {logging_mixin.py:149} INFO - [2023-07-09T19:06:27.992+0000] {dag.py:3490} INFO - Setting next_dagrun for example_nested_branch_dag to 2023-07-08T00:00:00+00:00, run_after=2023-07-09T00:00:00+00:00
[2023-07-09T19:06:28.011+0000] {processor.py:179} INFO - Processing /home/airflow/.local/lib/python3.7/site-packages/airflow/example_dags/example_nested_branch_dag.py took 0.083 seconds
[2023-07-09T19:06:58.116+0000] {processor.py:157} INFO - Started process (PID=976) to work on /home/airflow/.local/lib/python3.7/site-packages/airflow/example_dags/example_nested_branch_dag.py
[2023-07-09T19:06:58.117+0000] {processor.py:826} INFO - Processing file /home/airflow/.local/lib/python3.7/site-packages/airflow/example_dags/example_nested_branch_dag.py for tasks to queue
[2023-07-09T19:06:58.118+0000] {logging_mixin.py:149} INFO - [2023-07-09T19:06:58.118+0000] {dagbag.py:541} INFO - Filling up the DagBag from /home/airflow/.local/lib/python3.7/site-packages/airflow/example_dags/example_nested_branch_dag.py
[2023-07-09T19:06:58.132+0000] {processor.py:836} INFO - DAG(s) dict_keys(['example_nested_branch_dag']) retrieved from /home/airflow/.local/lib/python3.7/site-packages/airflow/example_dags/example_nested_branch_dag.py
[2023-07-09T19:06:58.160+0000] {logging_mixin.py:149} INFO - [2023-07-09T19:06:58.160+0000] {dag.py:2726} INFO - Sync 1 DAGs
[2023-07-09T19:06:58.189+0000] {logging_mixin.py:149} INFO - [2023-07-09T19:06:58.188+0000] {dag.py:3490} INFO - Setting next_dagrun for example_nested_branch_dag to 2023-07-08T00:00:00+00:00, run_after=2023-07-09T00:00:00+00:00
[2023-07-09T19:06:58.217+0000] {processor.py:179} INFO - Processing /home/airflow/.local/lib/python3.7/site-packages/airflow/example_dags/example_nested_branch_dag.py took 0.105 seconds
[2023-07-09T19:07:28.437+0000] {processor.py:157} INFO - Started process (PID=1041) to work on /home/airflow/.local/lib/python3.7/site-packages/airflow/example_dags/example_nested_branch_dag.py
[2023-07-09T19:07:28.438+0000] {processor.py:826} INFO - Processing file /home/airflow/.local/lib/python3.7/site-packages/airflow/example_dags/example_nested_branch_dag.py for tasks to queue
[2023-07-09T19:07:28.439+0000] {logging_mixin.py:149} INFO - [2023-07-09T19:07:28.439+0000] {dagbag.py:541} INFO - Filling up the DagBag from /home/airflow/.local/lib/python3.7/site-packages/airflow/example_dags/example_nested_branch_dag.py
[2023-07-09T19:07:28.449+0000] {processor.py:836} INFO - DAG(s) dict_keys(['example_nested_branch_dag']) retrieved from /home/airflow/.local/lib/python3.7/site-packages/airflow/example_dags/example_nested_branch_dag.py
[2023-07-09T19:07:28.475+0000] {logging_mixin.py:149} INFO - [2023-07-09T19:07:28.475+0000] {dag.py:2726} INFO - Sync 1 DAGs
[2023-07-09T19:07:28.499+0000] {logging_mixin.py:149} INFO - [2023-07-09T19:07:28.499+0000] {dag.py:3490} INFO - Setting next_dagrun for example_nested_branch_dag to 2023-07-08T00:00:00+00:00, run_after=2023-07-09T00:00:00+00:00
[2023-07-09T19:07:28.518+0000] {processor.py:179} INFO - Processing /home/airflow/.local/lib/python3.7/site-packages/airflow/example_dags/example_nested_branch_dag.py took 0.084 seconds
[2023-07-09T19:07:58.600+0000] {processor.py:157} INFO - Started process (PID=1106) to work on /home/airflow/.local/lib/python3.7/site-packages/airflow/example_dags/example_nested_branch_dag.py
[2023-07-09T19:07:58.601+0000] {processor.py:826} INFO - Processing file /home/airflow/.local/lib/python3.7/site-packages/airflow/example_dags/example_nested_branch_dag.py for tasks to queue
[2023-07-09T19:07:58.602+0000] {logging_mixin.py:149} INFO - [2023-07-09T19:07:58.602+0000] {dagbag.py:541} INFO - Filling up the DagBag from /home/airflow/.local/lib/python3.7/site-packages/airflow/example_dags/example_nested_branch_dag.py
[2023-07-09T19:07:58.612+0000] {processor.py:836} INFO - DAG(s) dict_keys(['example_nested_branch_dag']) retrieved from /home/airflow/.local/lib/python3.7/site-packages/airflow/example_dags/example_nested_branch_dag.py
[2023-07-09T19:07:58.637+0000] {logging_mixin.py:149} INFO - [2023-07-09T19:07:58.637+0000] {dag.py:2726} INFO - Sync 1 DAGs
[2023-07-09T19:07:58.663+0000] {logging_mixin.py:149} INFO - [2023-07-09T19:07:58.662+0000] {dag.py:3490} INFO - Setting next_dagrun for example_nested_branch_dag to 2023-07-08T00:00:00+00:00, run_after=2023-07-09T00:00:00+00:00
[2023-07-09T19:07:58.682+0000] {processor.py:179} INFO - Processing /home/airflow/.local/lib/python3.7/site-packages/airflow/example_dags/example_nested_branch_dag.py took 0.084 seconds
