[2023-07-09T18:59:50.483+0000] {processor.py:157} INFO - Started process (PID=57) to work on /home/airflow/.local/lib/python3.7/site-packages/airflow/example_dags/example_latest_only_with_trigger.py
[2023-07-09T18:59:50.484+0000] {processor.py:826} INFO - Processing file /home/airflow/.local/lib/python3.7/site-packages/airflow/example_dags/example_latest_only_with_trigger.py for tasks to queue
[2023-07-09T18:59:50.485+0000] {logging_mixin.py:149} INFO - [2023-07-09T18:59:50.485+0000] {dagbag.py:541} INFO - Filling up the DagBag from /home/airflow/.local/lib/python3.7/site-packages/airflow/example_dags/example_latest_only_with_trigger.py
[2023-07-09T18:59:50.498+0000] {processor.py:836} INFO - DAG(s) dict_keys(['latest_only_with_trigger']) retrieved from /home/airflow/.local/lib/python3.7/site-packages/airflow/example_dags/example_latest_only_with_trigger.py
[2023-07-09T18:59:50.635+0000] {logging_mixin.py:149} INFO - [2023-07-09T18:59:50.634+0000] {manager.py:504} INFO - Created Permission View: can read on DAG:latest_only_with_trigger
[2023-07-09T18:59:50.647+0000] {logging_mixin.py:149} INFO - [2023-07-09T18:59:50.647+0000] {manager.py:504} INFO - Created Permission View: can edit on DAG:latest_only_with_trigger
[2023-07-09T18:59:50.656+0000] {logging_mixin.py:149} INFO - [2023-07-09T18:59:50.656+0000] {manager.py:504} INFO - Created Permission View: can delete on DAG:latest_only_with_trigger
[2023-07-09T18:59:50.673+0000] {logging_mixin.py:149} INFO - [2023-07-09T18:59:50.673+0000] {dag.py:2726} INFO - Sync 1 DAGs
[2023-07-09T18:59:50.687+0000] {logging_mixin.py:149} INFO - [2023-07-09T18:59:50.687+0000] {dag.py:2747} INFO - Creating ORM DAG for latest_only_with_trigger
[2023-07-09T18:59:50.700+0000] {logging_mixin.py:149} INFO - [2023-07-09T18:59:50.700+0000] {dag.py:3490} INFO - Setting next_dagrun for latest_only_with_trigger to 2023-07-09T14:59:50.699686+00:00, run_after=2023-07-09T18:59:50.699686+00:00
[2023-07-09T18:59:50.723+0000] {processor.py:179} INFO - Processing /home/airflow/.local/lib/python3.7/site-packages/airflow/example_dags/example_latest_only_with_trigger.py took 0.244 seconds
[2023-07-09T19:00:20.773+0000] {processor.py:157} INFO - Started process (PID=121) to work on /home/airflow/.local/lib/python3.7/site-packages/airflow/example_dags/example_latest_only_with_trigger.py
[2023-07-09T19:00:20.775+0000] {processor.py:826} INFO - Processing file /home/airflow/.local/lib/python3.7/site-packages/airflow/example_dags/example_latest_only_with_trigger.py for tasks to queue
[2023-07-09T19:00:20.775+0000] {logging_mixin.py:149} INFO - [2023-07-09T19:00:20.775+0000] {dagbag.py:541} INFO - Filling up the DagBag from /home/airflow/.local/lib/python3.7/site-packages/airflow/example_dags/example_latest_only_with_trigger.py
[2023-07-09T19:00:20.781+0000] {processor.py:836} INFO - DAG(s) dict_keys(['latest_only_with_trigger']) retrieved from /home/airflow/.local/lib/python3.7/site-packages/airflow/example_dags/example_latest_only_with_trigger.py
[2023-07-09T19:00:20.804+0000] {logging_mixin.py:149} INFO - [2023-07-09T19:00:20.803+0000] {dag.py:2726} INFO - Sync 1 DAGs
[2023-07-09T19:00:20.828+0000] {logging_mixin.py:149} INFO - [2023-07-09T19:00:20.828+0000] {dag.py:3490} INFO - Setting next_dagrun for latest_only_with_trigger to 2023-07-09T15:00:20.828104+00:00, run_after=2023-07-09T19:00:20.828104+00:00
[2023-07-09T19:00:20.854+0000] {processor.py:179} INFO - Processing /home/airflow/.local/lib/python3.7/site-packages/airflow/example_dags/example_latest_only_with_trigger.py took 0.085 seconds
[2023-07-09T19:00:50.880+0000] {processor.py:157} INFO - Started process (PID=186) to work on /home/airflow/.local/lib/python3.7/site-packages/airflow/example_dags/example_latest_only_with_trigger.py
[2023-07-09T19:00:50.881+0000] {processor.py:826} INFO - Processing file /home/airflow/.local/lib/python3.7/site-packages/airflow/example_dags/example_latest_only_with_trigger.py for tasks to queue
[2023-07-09T19:00:50.881+0000] {logging_mixin.py:149} INFO - [2023-07-09T19:00:50.881+0000] {dagbag.py:541} INFO - Filling up the DagBag from /home/airflow/.local/lib/python3.7/site-packages/airflow/example_dags/example_latest_only_with_trigger.py
[2023-07-09T19:00:50.887+0000] {processor.py:836} INFO - DAG(s) dict_keys(['latest_only_with_trigger']) retrieved from /home/airflow/.local/lib/python3.7/site-packages/airflow/example_dags/example_latest_only_with_trigger.py
[2023-07-09T19:00:50.910+0000] {logging_mixin.py:149} INFO - [2023-07-09T19:00:50.910+0000] {dag.py:2726} INFO - Sync 1 DAGs
[2023-07-09T19:00:50.933+0000] {logging_mixin.py:149} INFO - [2023-07-09T19:00:50.932+0000] {dag.py:3490} INFO - Setting next_dagrun for latest_only_with_trigger to 2023-07-09T15:00:50.932666+00:00, run_after=2023-07-09T19:00:50.932666+00:00
[2023-07-09T19:00:50.951+0000] {processor.py:179} INFO - Processing /home/airflow/.local/lib/python3.7/site-packages/airflow/example_dags/example_latest_only_with_trigger.py took 0.074 seconds
[2023-07-09T19:01:21.060+0000] {processor.py:157} INFO - Started process (PID=251) to work on /home/airflow/.local/lib/python3.7/site-packages/airflow/example_dags/example_latest_only_with_trigger.py
[2023-07-09T19:01:21.062+0000] {processor.py:826} INFO - Processing file /home/airflow/.local/lib/python3.7/site-packages/airflow/example_dags/example_latest_only_with_trigger.py for tasks to queue
[2023-07-09T19:01:21.063+0000] {logging_mixin.py:149} INFO - [2023-07-09T19:01:21.063+0000] {dagbag.py:541} INFO - Filling up the DagBag from /home/airflow/.local/lib/python3.7/site-packages/airflow/example_dags/example_latest_only_with_trigger.py
[2023-07-09T19:01:21.073+0000] {processor.py:836} INFO - DAG(s) dict_keys(['latest_only_with_trigger']) retrieved from /home/airflow/.local/lib/python3.7/site-packages/airflow/example_dags/example_latest_only_with_trigger.py
[2023-07-09T19:01:21.103+0000] {logging_mixin.py:149} INFO - [2023-07-09T19:01:21.103+0000] {dag.py:2726} INFO - Sync 1 DAGs
[2023-07-09T19:01:21.138+0000] {logging_mixin.py:149} INFO - [2023-07-09T19:01:21.138+0000] {dag.py:3490} INFO - Setting next_dagrun for latest_only_with_trigger to 2023-07-09T15:01:21.137681+00:00, run_after=2023-07-09T19:01:21.137681+00:00
[2023-07-09T19:01:21.161+0000] {processor.py:179} INFO - Processing /home/airflow/.local/lib/python3.7/site-packages/airflow/example_dags/example_latest_only_with_trigger.py took 0.105 seconds
[2023-07-09T19:01:51.654+0000] {processor.py:157} INFO - Started process (PID=316) to work on /home/airflow/.local/lib/python3.7/site-packages/airflow/example_dags/example_latest_only_with_trigger.py
[2023-07-09T19:01:51.655+0000] {processor.py:826} INFO - Processing file /home/airflow/.local/lib/python3.7/site-packages/airflow/example_dags/example_latest_only_with_trigger.py for tasks to queue
[2023-07-09T19:01:51.655+0000] {logging_mixin.py:149} INFO - [2023-07-09T19:01:51.655+0000] {dagbag.py:541} INFO - Filling up the DagBag from /home/airflow/.local/lib/python3.7/site-packages/airflow/example_dags/example_latest_only_with_trigger.py
[2023-07-09T19:01:51.661+0000] {processor.py:836} INFO - DAG(s) dict_keys(['latest_only_with_trigger']) retrieved from /home/airflow/.local/lib/python3.7/site-packages/airflow/example_dags/example_latest_only_with_trigger.py
[2023-07-09T19:01:51.684+0000] {logging_mixin.py:149} INFO - [2023-07-09T19:01:51.684+0000] {dag.py:2726} INFO - Sync 1 DAGs
[2023-07-09T19:01:51.707+0000] {logging_mixin.py:149} INFO - [2023-07-09T19:01:51.707+0000] {dag.py:3490} INFO - Setting next_dagrun for latest_only_with_trigger to 2023-07-09T15:01:51.707134+00:00, run_after=2023-07-09T19:01:51.707134+00:00
[2023-07-09T19:01:51.725+0000] {processor.py:179} INFO - Processing /home/airflow/.local/lib/python3.7/site-packages/airflow/example_dags/example_latest_only_with_trigger.py took 0.074 seconds
[2023-07-09T19:02:22.456+0000] {processor.py:157} INFO - Started process (PID=381) to work on /home/airflow/.local/lib/python3.7/site-packages/airflow/example_dags/example_latest_only_with_trigger.py
[2023-07-09T19:02:22.457+0000] {processor.py:826} INFO - Processing file /home/airflow/.local/lib/python3.7/site-packages/airflow/example_dags/example_latest_only_with_trigger.py for tasks to queue
[2023-07-09T19:02:22.458+0000] {logging_mixin.py:149} INFO - [2023-07-09T19:02:22.458+0000] {dagbag.py:541} INFO - Filling up the DagBag from /home/airflow/.local/lib/python3.7/site-packages/airflow/example_dags/example_latest_only_with_trigger.py
[2023-07-09T19:02:22.465+0000] {processor.py:836} INFO - DAG(s) dict_keys(['latest_only_with_trigger']) retrieved from /home/airflow/.local/lib/python3.7/site-packages/airflow/example_dags/example_latest_only_with_trigger.py
[2023-07-09T19:02:22.489+0000] {logging_mixin.py:149} INFO - [2023-07-09T19:02:22.489+0000] {dag.py:2726} INFO - Sync 1 DAGs
[2023-07-09T19:02:22.517+0000] {logging_mixin.py:149} INFO - [2023-07-09T19:02:22.516+0000] {dag.py:3490} INFO - Setting next_dagrun for latest_only_with_trigger to 2023-07-09T15:02:22.516423+00:00, run_after=2023-07-09T19:02:22.516423+00:00
[2023-07-09T19:02:22.556+0000] {processor.py:179} INFO - Processing /home/airflow/.local/lib/python3.7/site-packages/airflow/example_dags/example_latest_only_with_trigger.py took 0.103 seconds
[2023-07-09T19:02:52.595+0000] {processor.py:157} INFO - Started process (PID=446) to work on /home/airflow/.local/lib/python3.7/site-packages/airflow/example_dags/example_latest_only_with_trigger.py
[2023-07-09T19:02:52.596+0000] {processor.py:826} INFO - Processing file /home/airflow/.local/lib/python3.7/site-packages/airflow/example_dags/example_latest_only_with_trigger.py for tasks to queue
[2023-07-09T19:02:52.597+0000] {logging_mixin.py:149} INFO - [2023-07-09T19:02:52.597+0000] {dagbag.py:541} INFO - Filling up the DagBag from /home/airflow/.local/lib/python3.7/site-packages/airflow/example_dags/example_latest_only_with_trigger.py
[2023-07-09T19:02:52.604+0000] {processor.py:836} INFO - DAG(s) dict_keys(['latest_only_with_trigger']) retrieved from /home/airflow/.local/lib/python3.7/site-packages/airflow/example_dags/example_latest_only_with_trigger.py
[2023-07-09T19:02:52.630+0000] {logging_mixin.py:149} INFO - [2023-07-09T19:02:52.630+0000] {dag.py:2726} INFO - Sync 1 DAGs
[2023-07-09T19:02:52.657+0000] {logging_mixin.py:149} INFO - [2023-07-09T19:02:52.657+0000] {dag.py:3490} INFO - Setting next_dagrun for latest_only_with_trigger to 2023-07-09T15:02:52.657037+00:00, run_after=2023-07-09T19:02:52.657037+00:00
[2023-07-09T19:02:52.678+0000] {processor.py:179} INFO - Processing /home/airflow/.local/lib/python3.7/site-packages/airflow/example_dags/example_latest_only_with_trigger.py took 0.087 seconds
[2023-07-09T19:03:22.807+0000] {processor.py:157} INFO - Started process (PID=511) to work on /home/airflow/.local/lib/python3.7/site-packages/airflow/example_dags/example_latest_only_with_trigger.py
[2023-07-09T19:03:22.808+0000] {processor.py:826} INFO - Processing file /home/airflow/.local/lib/python3.7/site-packages/airflow/example_dags/example_latest_only_with_trigger.py for tasks to queue
[2023-07-09T19:03:22.808+0000] {logging_mixin.py:149} INFO - [2023-07-09T19:03:22.808+0000] {dagbag.py:541} INFO - Filling up the DagBag from /home/airflow/.local/lib/python3.7/site-packages/airflow/example_dags/example_latest_only_with_trigger.py
[2023-07-09T19:03:22.814+0000] {processor.py:836} INFO - DAG(s) dict_keys(['latest_only_with_trigger']) retrieved from /home/airflow/.local/lib/python3.7/site-packages/airflow/example_dags/example_latest_only_with_trigger.py
[2023-07-09T19:03:22.838+0000] {logging_mixin.py:149} INFO - [2023-07-09T19:03:22.837+0000] {dag.py:2726} INFO - Sync 1 DAGs
[2023-07-09T19:03:22.861+0000] {logging_mixin.py:149} INFO - [2023-07-09T19:03:22.861+0000] {dag.py:3490} INFO - Setting next_dagrun for latest_only_with_trigger to 2023-07-09T15:03:22.860843+00:00, run_after=2023-07-09T19:03:22.860843+00:00
[2023-07-09T19:03:22.880+0000] {processor.py:179} INFO - Processing /home/airflow/.local/lib/python3.7/site-packages/airflow/example_dags/example_latest_only_with_trigger.py took 0.077 seconds
[2023-07-09T19:03:53.075+0000] {processor.py:157} INFO - Started process (PID=576) to work on /home/airflow/.local/lib/python3.7/site-packages/airflow/example_dags/example_latest_only_with_trigger.py
[2023-07-09T19:03:53.077+0000] {processor.py:826} INFO - Processing file /home/airflow/.local/lib/python3.7/site-packages/airflow/example_dags/example_latest_only_with_trigger.py for tasks to queue
[2023-07-09T19:03:53.078+0000] {logging_mixin.py:149} INFO - [2023-07-09T19:03:53.078+0000] {dagbag.py:541} INFO - Filling up the DagBag from /home/airflow/.local/lib/python3.7/site-packages/airflow/example_dags/example_latest_only_with_trigger.py
[2023-07-09T19:03:53.084+0000] {processor.py:836} INFO - DAG(s) dict_keys(['latest_only_with_trigger']) retrieved from /home/airflow/.local/lib/python3.7/site-packages/airflow/example_dags/example_latest_only_with_trigger.py
[2023-07-09T19:03:53.109+0000] {logging_mixin.py:149} INFO - [2023-07-09T19:03:53.109+0000] {dag.py:2726} INFO - Sync 1 DAGs
[2023-07-09T19:03:53.135+0000] {logging_mixin.py:149} INFO - [2023-07-09T19:03:53.135+0000] {dag.py:3490} INFO - Setting next_dagrun for latest_only_with_trigger to 2023-07-09T15:03:53.134877+00:00, run_after=2023-07-09T19:03:53.134877+00:00
[2023-07-09T19:03:53.155+0000] {processor.py:179} INFO - Processing /home/airflow/.local/lib/python3.7/site-packages/airflow/example_dags/example_latest_only_with_trigger.py took 0.083 seconds
[2023-07-09T19:04:23.387+0000] {processor.py:157} INFO - Started process (PID=641) to work on /home/airflow/.local/lib/python3.7/site-packages/airflow/example_dags/example_latest_only_with_trigger.py
[2023-07-09T19:04:23.389+0000] {processor.py:826} INFO - Processing file /home/airflow/.local/lib/python3.7/site-packages/airflow/example_dags/example_latest_only_with_trigger.py for tasks to queue
[2023-07-09T19:04:23.390+0000] {logging_mixin.py:149} INFO - [2023-07-09T19:04:23.389+0000] {dagbag.py:541} INFO - Filling up the DagBag from /home/airflow/.local/lib/python3.7/site-packages/airflow/example_dags/example_latest_only_with_trigger.py
[2023-07-09T19:04:23.396+0000] {processor.py:836} INFO - DAG(s) dict_keys(['latest_only_with_trigger']) retrieved from /home/airflow/.local/lib/python3.7/site-packages/airflow/example_dags/example_latest_only_with_trigger.py
[2023-07-09T19:04:23.418+0000] {logging_mixin.py:149} INFO - [2023-07-09T19:04:23.418+0000] {dag.py:2726} INFO - Sync 1 DAGs
[2023-07-09T19:04:23.443+0000] {logging_mixin.py:149} INFO - [2023-07-09T19:04:23.443+0000] {dag.py:3490} INFO - Setting next_dagrun for latest_only_with_trigger to 2023-07-09T15:04:23.442790+00:00, run_after=2023-07-09T19:04:23.442790+00:00
[2023-07-09T19:04:23.461+0000] {processor.py:179} INFO - Processing /home/airflow/.local/lib/python3.7/site-packages/airflow/example_dags/example_latest_only_with_trigger.py took 0.078 seconds
[2023-07-09T19:04:54.203+0000] {processor.py:157} INFO - Started process (PID=706) to work on /home/airflow/.local/lib/python3.7/site-packages/airflow/example_dags/example_latest_only_with_trigger.py
[2023-07-09T19:04:54.204+0000] {processor.py:826} INFO - Processing file /home/airflow/.local/lib/python3.7/site-packages/airflow/example_dags/example_latest_only_with_trigger.py for tasks to queue
[2023-07-09T19:04:54.205+0000] {logging_mixin.py:149} INFO - [2023-07-09T19:04:54.204+0000] {dagbag.py:541} INFO - Filling up the DagBag from /home/airflow/.local/lib/python3.7/site-packages/airflow/example_dags/example_latest_only_with_trigger.py
[2023-07-09T19:04:54.212+0000] {processor.py:836} INFO - DAG(s) dict_keys(['latest_only_with_trigger']) retrieved from /home/airflow/.local/lib/python3.7/site-packages/airflow/example_dags/example_latest_only_with_trigger.py
[2023-07-09T19:04:54.242+0000] {logging_mixin.py:149} INFO - [2023-07-09T19:04:54.242+0000] {dag.py:2726} INFO - Sync 1 DAGs
[2023-07-09T19:04:54.272+0000] {logging_mixin.py:149} INFO - [2023-07-09T19:04:54.272+0000] {dag.py:3490} INFO - Setting next_dagrun for latest_only_with_trigger to 2023-07-09T15:04:54.272449+00:00, run_after=2023-07-09T19:04:54.272449+00:00
[2023-07-09T19:04:54.296+0000] {processor.py:179} INFO - Processing /home/airflow/.local/lib/python3.7/site-packages/airflow/example_dags/example_latest_only_with_trigger.py took 0.097 seconds
[2023-07-09T19:05:25.224+0000] {processor.py:157} INFO - Started process (PID=771) to work on /home/airflow/.local/lib/python3.7/site-packages/airflow/example_dags/example_latest_only_with_trigger.py
[2023-07-09T19:05:25.226+0000] {processor.py:826} INFO - Processing file /home/airflow/.local/lib/python3.7/site-packages/airflow/example_dags/example_latest_only_with_trigger.py for tasks to queue
[2023-07-09T19:05:25.227+0000] {logging_mixin.py:149} INFO - [2023-07-09T19:05:25.227+0000] {dagbag.py:541} INFO - Filling up the DagBag from /home/airflow/.local/lib/python3.7/site-packages/airflow/example_dags/example_latest_only_with_trigger.py
[2023-07-09T19:05:25.233+0000] {processor.py:836} INFO - DAG(s) dict_keys(['latest_only_with_trigger']) retrieved from /home/airflow/.local/lib/python3.7/site-packages/airflow/example_dags/example_latest_only_with_trigger.py
[2023-07-09T19:05:25.261+0000] {logging_mixin.py:149} INFO - [2023-07-09T19:05:25.260+0000] {dag.py:2726} INFO - Sync 1 DAGs
[2023-07-09T19:05:25.287+0000] {logging_mixin.py:149} INFO - [2023-07-09T19:05:25.287+0000] {dag.py:3490} INFO - Setting next_dagrun for latest_only_with_trigger to 2023-07-09T15:05:25.287314+00:00, run_after=2023-07-09T19:05:25.287314+00:00
[2023-07-09T19:05:25.315+0000] {processor.py:179} INFO - Processing /home/airflow/.local/lib/python3.7/site-packages/airflow/example_dags/example_latest_only_with_trigger.py took 0.094 seconds
[2023-07-09T19:05:56.247+0000] {processor.py:157} INFO - Started process (PID=836) to work on /home/airflow/.local/lib/python3.7/site-packages/airflow/example_dags/example_latest_only_with_trigger.py
[2023-07-09T19:05:56.250+0000] {processor.py:826} INFO - Processing file /home/airflow/.local/lib/python3.7/site-packages/airflow/example_dags/example_latest_only_with_trigger.py for tasks to queue
[2023-07-09T19:05:56.250+0000] {logging_mixin.py:149} INFO - [2023-07-09T19:05:56.250+0000] {dagbag.py:541} INFO - Filling up the DagBag from /home/airflow/.local/lib/python3.7/site-packages/airflow/example_dags/example_latest_only_with_trigger.py
[2023-07-09T19:05:56.256+0000] {processor.py:836} INFO - DAG(s) dict_keys(['latest_only_with_trigger']) retrieved from /home/airflow/.local/lib/python3.7/site-packages/airflow/example_dags/example_latest_only_with_trigger.py
[2023-07-09T19:05:56.279+0000] {logging_mixin.py:149} INFO - [2023-07-09T19:05:56.278+0000] {dag.py:2726} INFO - Sync 1 DAGs
[2023-07-09T19:05:56.303+0000] {logging_mixin.py:149} INFO - [2023-07-09T19:05:56.302+0000] {dag.py:3490} INFO - Setting next_dagrun for latest_only_with_trigger to 2023-07-09T15:05:56.302652+00:00, run_after=2023-07-09T19:05:56.302652+00:00
[2023-07-09T19:05:56.324+0000] {processor.py:179} INFO - Processing /home/airflow/.local/lib/python3.7/site-packages/airflow/example_dags/example_latest_only_with_trigger.py took 0.080 seconds
[2023-07-09T19:06:26.519+0000] {processor.py:157} INFO - Started process (PID=901) to work on /home/airflow/.local/lib/python3.7/site-packages/airflow/example_dags/example_latest_only_with_trigger.py
[2023-07-09T19:06:26.522+0000] {processor.py:826} INFO - Processing file /home/airflow/.local/lib/python3.7/site-packages/airflow/example_dags/example_latest_only_with_trigger.py for tasks to queue
[2023-07-09T19:06:26.522+0000] {logging_mixin.py:149} INFO - [2023-07-09T19:06:26.522+0000] {dagbag.py:541} INFO - Filling up the DagBag from /home/airflow/.local/lib/python3.7/site-packages/airflow/example_dags/example_latest_only_with_trigger.py
[2023-07-09T19:06:26.528+0000] {processor.py:836} INFO - DAG(s) dict_keys(['latest_only_with_trigger']) retrieved from /home/airflow/.local/lib/python3.7/site-packages/airflow/example_dags/example_latest_only_with_trigger.py
[2023-07-09T19:06:26.552+0000] {logging_mixin.py:149} INFO - [2023-07-09T19:06:26.552+0000] {dag.py:2726} INFO - Sync 1 DAGs
[2023-07-09T19:06:26.583+0000] {logging_mixin.py:149} INFO - [2023-07-09T19:06:26.583+0000] {dag.py:3490} INFO - Setting next_dagrun for latest_only_with_trigger to 2023-07-09T15:06:26.583101+00:00, run_after=2023-07-09T19:06:26.583101+00:00
[2023-07-09T19:06:26.605+0000] {processor.py:179} INFO - Processing /home/airflow/.local/lib/python3.7/site-packages/airflow/example_dags/example_latest_only_with_trigger.py took 0.089 seconds
[2023-07-09T19:06:56.643+0000] {processor.py:157} INFO - Started process (PID=966) to work on /home/airflow/.local/lib/python3.7/site-packages/airflow/example_dags/example_latest_only_with_trigger.py
[2023-07-09T19:06:56.646+0000] {processor.py:826} INFO - Processing file /home/airflow/.local/lib/python3.7/site-packages/airflow/example_dags/example_latest_only_with_trigger.py for tasks to queue
[2023-07-09T19:06:56.647+0000] {logging_mixin.py:149} INFO - [2023-07-09T19:06:56.647+0000] {dagbag.py:541} INFO - Filling up the DagBag from /home/airflow/.local/lib/python3.7/site-packages/airflow/example_dags/example_latest_only_with_trigger.py
[2023-07-09T19:06:56.652+0000] {processor.py:836} INFO - DAG(s) dict_keys(['latest_only_with_trigger']) retrieved from /home/airflow/.local/lib/python3.7/site-packages/airflow/example_dags/example_latest_only_with_trigger.py
[2023-07-09T19:06:56.676+0000] {logging_mixin.py:149} INFO - [2023-07-09T19:06:56.676+0000] {dag.py:2726} INFO - Sync 1 DAGs
[2023-07-09T19:06:56.701+0000] {logging_mixin.py:149} INFO - [2023-07-09T19:06:56.701+0000] {dag.py:3490} INFO - Setting next_dagrun for latest_only_with_trigger to 2023-07-09T15:06:56.701049+00:00, run_after=2023-07-09T19:06:56.701049+00:00
[2023-07-09T19:06:56.720+0000] {processor.py:179} INFO - Processing /home/airflow/.local/lib/python3.7/site-packages/airflow/example_dags/example_latest_only_with_trigger.py took 0.081 seconds
[2023-07-09T19:07:26.848+0000] {processor.py:157} INFO - Started process (PID=1031) to work on /home/airflow/.local/lib/python3.7/site-packages/airflow/example_dags/example_latest_only_with_trigger.py
[2023-07-09T19:07:26.852+0000] {processor.py:826} INFO - Processing file /home/airflow/.local/lib/python3.7/site-packages/airflow/example_dags/example_latest_only_with_trigger.py for tasks to queue
[2023-07-09T19:07:26.853+0000] {logging_mixin.py:149} INFO - [2023-07-09T19:07:26.852+0000] {dagbag.py:541} INFO - Filling up the DagBag from /home/airflow/.local/lib/python3.7/site-packages/airflow/example_dags/example_latest_only_with_trigger.py
[2023-07-09T19:07:26.859+0000] {processor.py:836} INFO - DAG(s) dict_keys(['latest_only_with_trigger']) retrieved from /home/airflow/.local/lib/python3.7/site-packages/airflow/example_dags/example_latest_only_with_trigger.py
[2023-07-09T19:07:26.892+0000] {logging_mixin.py:149} INFO - [2023-07-09T19:07:26.892+0000] {dag.py:2726} INFO - Sync 1 DAGs
[2023-07-09T19:07:26.918+0000] {logging_mixin.py:149} INFO - [2023-07-09T19:07:26.917+0000] {dag.py:3490} INFO - Setting next_dagrun for latest_only_with_trigger to 2023-07-09T15:07:26.917686+00:00, run_after=2023-07-09T19:07:26.917686+00:00
[2023-07-09T19:07:26.940+0000] {processor.py:179} INFO - Processing /home/airflow/.local/lib/python3.7/site-packages/airflow/example_dags/example_latest_only_with_trigger.py took 0.094 seconds
[2023-07-09T19:07:57.066+0000] {processor.py:157} INFO - Started process (PID=1096) to work on /home/airflow/.local/lib/python3.7/site-packages/airflow/example_dags/example_latest_only_with_trigger.py
[2023-07-09T19:07:57.070+0000] {processor.py:826} INFO - Processing file /home/airflow/.local/lib/python3.7/site-packages/airflow/example_dags/example_latest_only_with_trigger.py for tasks to queue
[2023-07-09T19:07:57.070+0000] {logging_mixin.py:149} INFO - [2023-07-09T19:07:57.070+0000] {dagbag.py:541} INFO - Filling up the DagBag from /home/airflow/.local/lib/python3.7/site-packages/airflow/example_dags/example_latest_only_with_trigger.py
[2023-07-09T19:07:57.076+0000] {processor.py:836} INFO - DAG(s) dict_keys(['latest_only_with_trigger']) retrieved from /home/airflow/.local/lib/python3.7/site-packages/airflow/example_dags/example_latest_only_with_trigger.py
[2023-07-09T19:07:57.098+0000] {logging_mixin.py:149} INFO - [2023-07-09T19:07:57.098+0000] {dag.py:2726} INFO - Sync 1 DAGs
[2023-07-09T19:07:57.122+0000] {logging_mixin.py:149} INFO - [2023-07-09T19:07:57.122+0000] {dag.py:3490} INFO - Setting next_dagrun for latest_only_with_trigger to 2023-07-09T15:07:57.121787+00:00, run_after=2023-07-09T19:07:57.121787+00:00
[2023-07-09T19:07:57.144+0000] {processor.py:179} INFO - Processing /home/airflow/.local/lib/python3.7/site-packages/airflow/example_dags/example_latest_only_with_trigger.py took 0.081 seconds
