[2023-07-09T18:59:51.726+0000] {processor.py:157} INFO - Started process (PID=66) to work on /home/airflow/.local/lib/python3.7/site-packages/airflow/example_dags/example_dynamic_task_mapping_with_no_taskflow_operators.py
[2023-07-09T18:59:51.727+0000] {processor.py:826} INFO - Processing file /home/airflow/.local/lib/python3.7/site-packages/airflow/example_dags/example_dynamic_task_mapping_with_no_taskflow_operators.py for tasks to queue
[2023-07-09T18:59:51.728+0000] {logging_mixin.py:149} INFO - [2023-07-09T18:59:51.728+0000] {dagbag.py:541} INFO - Filling up the DagBag from /home/airflow/.local/lib/python3.7/site-packages/airflow/example_dags/example_dynamic_task_mapping_with_no_taskflow_operators.py
[2023-07-09T18:59:51.738+0000] {processor.py:836} INFO - DAG(s) dict_keys(['example_dynamic_task_mapping_with_no_taskflow_operators']) retrieved from /home/airflow/.local/lib/python3.7/site-packages/airflow/example_dags/example_dynamic_task_mapping_with_no_taskflow_operators.py
[2023-07-09T18:59:51.842+0000] {logging_mixin.py:149} INFO - [2023-07-09T18:59:51.842+0000] {manager.py:504} INFO - Created Permission View: can read on DAG:example_dynamic_task_mapping_with_no_taskflow_operators
[2023-07-09T18:59:51.855+0000] {logging_mixin.py:149} INFO - [2023-07-09T18:59:51.855+0000] {manager.py:504} INFO - Created Permission View: can edit on DAG:example_dynamic_task_mapping_with_no_taskflow_operators
[2023-07-09T18:59:51.863+0000] {logging_mixin.py:149} INFO - [2023-07-09T18:59:51.862+0000] {manager.py:504} INFO - Created Permission View: can delete on DAG:example_dynamic_task_mapping_with_no_taskflow_operators
[2023-07-09T18:59:51.880+0000] {logging_mixin.py:149} INFO - [2023-07-09T18:59:51.880+0000] {dag.py:2726} INFO - Sync 1 DAGs
[2023-07-09T18:59:51.893+0000] {logging_mixin.py:149} INFO - [2023-07-09T18:59:51.893+0000] {dag.py:2747} INFO - Creating ORM DAG for example_dynamic_task_mapping_with_no_taskflow_operators
[2023-07-09T18:59:51.905+0000] {logging_mixin.py:149} INFO - [2023-07-09T18:59:51.905+0000] {dag.py:3490} INFO - Setting next_dagrun for example_dynamic_task_mapping_with_no_taskflow_operators to 2023-07-08T18:59:51.904984+00:00, run_after=2023-07-09T18:59:51.904984+00:00
[2023-07-09T18:59:51.922+0000] {processor.py:179} INFO - Processing /home/airflow/.local/lib/python3.7/site-packages/airflow/example_dags/example_dynamic_task_mapping_with_no_taskflow_operators.py took 0.199 seconds
[2023-07-09T19:00:22.327+0000] {processor.py:157} INFO - Started process (PID=131) to work on /home/airflow/.local/lib/python3.7/site-packages/airflow/example_dags/example_dynamic_task_mapping_with_no_taskflow_operators.py
[2023-07-09T19:00:22.328+0000] {processor.py:826} INFO - Processing file /home/airflow/.local/lib/python3.7/site-packages/airflow/example_dags/example_dynamic_task_mapping_with_no_taskflow_operators.py for tasks to queue
[2023-07-09T19:00:22.329+0000] {logging_mixin.py:149} INFO - [2023-07-09T19:00:22.329+0000] {dagbag.py:541} INFO - Filling up the DagBag from /home/airflow/.local/lib/python3.7/site-packages/airflow/example_dags/example_dynamic_task_mapping_with_no_taskflow_operators.py
[2023-07-09T19:00:22.337+0000] {processor.py:836} INFO - DAG(s) dict_keys(['example_dynamic_task_mapping_with_no_taskflow_operators']) retrieved from /home/airflow/.local/lib/python3.7/site-packages/airflow/example_dags/example_dynamic_task_mapping_with_no_taskflow_operators.py
[2023-07-09T19:00:22.364+0000] {logging_mixin.py:149} INFO - [2023-07-09T19:00:22.364+0000] {dag.py:2726} INFO - Sync 1 DAGs
[2023-07-09T19:00:22.399+0000] {logging_mixin.py:149} INFO - [2023-07-09T19:00:22.399+0000] {dag.py:3490} INFO - Setting next_dagrun for example_dynamic_task_mapping_with_no_taskflow_operators to 2023-07-08T19:00:22.399055+00:00, run_after=2023-07-09T19:00:22.399055+00:00
[2023-07-09T19:00:22.432+0000] {processor.py:179} INFO - Processing /home/airflow/.local/lib/python3.7/site-packages/airflow/example_dags/example_dynamic_task_mapping_with_no_taskflow_operators.py took 0.109 seconds
[2023-07-09T19:00:52.665+0000] {processor.py:157} INFO - Started process (PID=196) to work on /home/airflow/.local/lib/python3.7/site-packages/airflow/example_dags/example_dynamic_task_mapping_with_no_taskflow_operators.py
[2023-07-09T19:00:52.666+0000] {processor.py:826} INFO - Processing file /home/airflow/.local/lib/python3.7/site-packages/airflow/example_dags/example_dynamic_task_mapping_with_no_taskflow_operators.py for tasks to queue
[2023-07-09T19:00:52.668+0000] {logging_mixin.py:149} INFO - [2023-07-09T19:00:52.667+0000] {dagbag.py:541} INFO - Filling up the DagBag from /home/airflow/.local/lib/python3.7/site-packages/airflow/example_dags/example_dynamic_task_mapping_with_no_taskflow_operators.py
[2023-07-09T19:00:52.675+0000] {processor.py:836} INFO - DAG(s) dict_keys(['example_dynamic_task_mapping_with_no_taskflow_operators']) retrieved from /home/airflow/.local/lib/python3.7/site-packages/airflow/example_dags/example_dynamic_task_mapping_with_no_taskflow_operators.py
[2023-07-09T19:00:52.698+0000] {logging_mixin.py:149} INFO - [2023-07-09T19:00:52.698+0000] {dag.py:2726} INFO - Sync 1 DAGs
[2023-07-09T19:00:52.723+0000] {logging_mixin.py:149} INFO - [2023-07-09T19:00:52.723+0000] {dag.py:3490} INFO - Setting next_dagrun for example_dynamic_task_mapping_with_no_taskflow_operators to 2023-07-08T19:00:52.723037+00:00, run_after=2023-07-09T19:00:52.723037+00:00
[2023-07-09T19:00:52.742+0000] {processor.py:179} INFO - Processing /home/airflow/.local/lib/python3.7/site-packages/airflow/example_dags/example_dynamic_task_mapping_with_no_taskflow_operators.py took 0.080 seconds
[2023-07-09T19:01:23.679+0000] {processor.py:157} INFO - Started process (PID=261) to work on /home/airflow/.local/lib/python3.7/site-packages/airflow/example_dags/example_dynamic_task_mapping_with_no_taskflow_operators.py
[2023-07-09T19:01:23.680+0000] {processor.py:826} INFO - Processing file /home/airflow/.local/lib/python3.7/site-packages/airflow/example_dags/example_dynamic_task_mapping_with_no_taskflow_operators.py for tasks to queue
[2023-07-09T19:01:23.681+0000] {logging_mixin.py:149} INFO - [2023-07-09T19:01:23.681+0000] {dagbag.py:541} INFO - Filling up the DagBag from /home/airflow/.local/lib/python3.7/site-packages/airflow/example_dags/example_dynamic_task_mapping_with_no_taskflow_operators.py
[2023-07-09T19:01:23.687+0000] {processor.py:836} INFO - DAG(s) dict_keys(['example_dynamic_task_mapping_with_no_taskflow_operators']) retrieved from /home/airflow/.local/lib/python3.7/site-packages/airflow/example_dags/example_dynamic_task_mapping_with_no_taskflow_operators.py
[2023-07-09T19:01:23.710+0000] {logging_mixin.py:149} INFO - [2023-07-09T19:01:23.710+0000] {dag.py:2726} INFO - Sync 1 DAGs
[2023-07-09T19:01:23.734+0000] {logging_mixin.py:149} INFO - [2023-07-09T19:01:23.733+0000] {dag.py:3490} INFO - Setting next_dagrun for example_dynamic_task_mapping_with_no_taskflow_operators to 2023-07-08T19:01:23.733615+00:00, run_after=2023-07-09T19:01:23.733615+00:00
[2023-07-09T19:01:23.752+0000] {processor.py:179} INFO - Processing /home/airflow/.local/lib/python3.7/site-packages/airflow/example_dags/example_dynamic_task_mapping_with_no_taskflow_operators.py took 0.076 seconds
[2023-07-09T19:01:54.248+0000] {processor.py:157} INFO - Started process (PID=326) to work on /home/airflow/.local/lib/python3.7/site-packages/airflow/example_dags/example_dynamic_task_mapping_with_no_taskflow_operators.py
[2023-07-09T19:01:54.249+0000] {processor.py:826} INFO - Processing file /home/airflow/.local/lib/python3.7/site-packages/airflow/example_dags/example_dynamic_task_mapping_with_no_taskflow_operators.py for tasks to queue
[2023-07-09T19:01:54.249+0000] {logging_mixin.py:149} INFO - [2023-07-09T19:01:54.249+0000] {dagbag.py:541} INFO - Filling up the DagBag from /home/airflow/.local/lib/python3.7/site-packages/airflow/example_dags/example_dynamic_task_mapping_with_no_taskflow_operators.py
[2023-07-09T19:01:54.255+0000] {processor.py:836} INFO - DAG(s) dict_keys(['example_dynamic_task_mapping_with_no_taskflow_operators']) retrieved from /home/airflow/.local/lib/python3.7/site-packages/airflow/example_dags/example_dynamic_task_mapping_with_no_taskflow_operators.py
[2023-07-09T19:01:54.277+0000] {logging_mixin.py:149} INFO - [2023-07-09T19:01:54.276+0000] {dag.py:2726} INFO - Sync 1 DAGs
[2023-07-09T19:01:54.301+0000] {logging_mixin.py:149} INFO - [2023-07-09T19:01:54.301+0000] {dag.py:3490} INFO - Setting next_dagrun for example_dynamic_task_mapping_with_no_taskflow_operators to 2023-07-08T19:01:54.300974+00:00, run_after=2023-07-09T19:01:54.300974+00:00
[2023-07-09T19:01:54.318+0000] {processor.py:179} INFO - Processing /home/airflow/.local/lib/python3.7/site-packages/airflow/example_dags/example_dynamic_task_mapping_with_no_taskflow_operators.py took 0.074 seconds
[2023-07-09T19:02:24.977+0000] {processor.py:157} INFO - Started process (PID=391) to work on /home/airflow/.local/lib/python3.7/site-packages/airflow/example_dags/example_dynamic_task_mapping_with_no_taskflow_operators.py
[2023-07-09T19:02:24.978+0000] {processor.py:826} INFO - Processing file /home/airflow/.local/lib/python3.7/site-packages/airflow/example_dags/example_dynamic_task_mapping_with_no_taskflow_operators.py for tasks to queue
[2023-07-09T19:02:24.979+0000] {logging_mixin.py:149} INFO - [2023-07-09T19:02:24.978+0000] {dagbag.py:541} INFO - Filling up the DagBag from /home/airflow/.local/lib/python3.7/site-packages/airflow/example_dags/example_dynamic_task_mapping_with_no_taskflow_operators.py
[2023-07-09T19:02:24.985+0000] {processor.py:836} INFO - DAG(s) dict_keys(['example_dynamic_task_mapping_with_no_taskflow_operators']) retrieved from /home/airflow/.local/lib/python3.7/site-packages/airflow/example_dags/example_dynamic_task_mapping_with_no_taskflow_operators.py
[2023-07-09T19:02:25.006+0000] {logging_mixin.py:149} INFO - [2023-07-09T19:02:25.006+0000] {dag.py:2726} INFO - Sync 1 DAGs
[2023-07-09T19:02:25.031+0000] {logging_mixin.py:149} INFO - [2023-07-09T19:02:25.031+0000] {dag.py:3490} INFO - Setting next_dagrun for example_dynamic_task_mapping_with_no_taskflow_operators to 2023-07-08T19:02:25.031115+00:00, run_after=2023-07-09T19:02:25.031115+00:00
[2023-07-09T19:02:25.049+0000] {processor.py:179} INFO - Processing /home/airflow/.local/lib/python3.7/site-packages/airflow/example_dags/example_dynamic_task_mapping_with_no_taskflow_operators.py took 0.076 seconds
[2023-07-09T19:02:55.223+0000] {processor.py:157} INFO - Started process (PID=456) to work on /home/airflow/.local/lib/python3.7/site-packages/airflow/example_dags/example_dynamic_task_mapping_with_no_taskflow_operators.py
[2023-07-09T19:02:55.224+0000] {processor.py:826} INFO - Processing file /home/airflow/.local/lib/python3.7/site-packages/airflow/example_dags/example_dynamic_task_mapping_with_no_taskflow_operators.py for tasks to queue
[2023-07-09T19:02:55.224+0000] {logging_mixin.py:149} INFO - [2023-07-09T19:02:55.224+0000] {dagbag.py:541} INFO - Filling up the DagBag from /home/airflow/.local/lib/python3.7/site-packages/airflow/example_dags/example_dynamic_task_mapping_with_no_taskflow_operators.py
[2023-07-09T19:02:55.232+0000] {processor.py:836} INFO - DAG(s) dict_keys(['example_dynamic_task_mapping_with_no_taskflow_operators']) retrieved from /home/airflow/.local/lib/python3.7/site-packages/airflow/example_dags/example_dynamic_task_mapping_with_no_taskflow_operators.py
[2023-07-09T19:02:55.257+0000] {logging_mixin.py:149} INFO - [2023-07-09T19:02:55.257+0000] {dag.py:2726} INFO - Sync 1 DAGs
[2023-07-09T19:02:55.286+0000] {logging_mixin.py:149} INFO - [2023-07-09T19:02:55.286+0000] {dag.py:3490} INFO - Setting next_dagrun for example_dynamic_task_mapping_with_no_taskflow_operators to 2023-07-08T19:02:55.286344+00:00, run_after=2023-07-09T19:02:55.286344+00:00
[2023-07-09T19:02:55.306+0000] {processor.py:179} INFO - Processing /home/airflow/.local/lib/python3.7/site-packages/airflow/example_dags/example_dynamic_task_mapping_with_no_taskflow_operators.py took 0.087 seconds
[2023-07-09T19:03:25.370+0000] {processor.py:157} INFO - Started process (PID=521) to work on /home/airflow/.local/lib/python3.7/site-packages/airflow/example_dags/example_dynamic_task_mapping_with_no_taskflow_operators.py
[2023-07-09T19:03:25.371+0000] {processor.py:826} INFO - Processing file /home/airflow/.local/lib/python3.7/site-packages/airflow/example_dags/example_dynamic_task_mapping_with_no_taskflow_operators.py for tasks to queue
[2023-07-09T19:03:25.371+0000] {logging_mixin.py:149} INFO - [2023-07-09T19:03:25.371+0000] {dagbag.py:541} INFO - Filling up the DagBag from /home/airflow/.local/lib/python3.7/site-packages/airflow/example_dags/example_dynamic_task_mapping_with_no_taskflow_operators.py
[2023-07-09T19:03:25.378+0000] {processor.py:836} INFO - DAG(s) dict_keys(['example_dynamic_task_mapping_with_no_taskflow_operators']) retrieved from /home/airflow/.local/lib/python3.7/site-packages/airflow/example_dags/example_dynamic_task_mapping_with_no_taskflow_operators.py
[2023-07-09T19:03:25.401+0000] {logging_mixin.py:149} INFO - [2023-07-09T19:03:25.401+0000] {dag.py:2726} INFO - Sync 1 DAGs
[2023-07-09T19:03:25.426+0000] {logging_mixin.py:149} INFO - [2023-07-09T19:03:25.426+0000] {dag.py:3490} INFO - Setting next_dagrun for example_dynamic_task_mapping_with_no_taskflow_operators to 2023-07-08T19:03:25.425906+00:00, run_after=2023-07-09T19:03:25.425906+00:00
[2023-07-09T19:03:25.447+0000] {processor.py:179} INFO - Processing /home/airflow/.local/lib/python3.7/site-packages/airflow/example_dags/example_dynamic_task_mapping_with_no_taskflow_operators.py took 0.081 seconds
[2023-07-09T19:03:55.525+0000] {processor.py:157} INFO - Started process (PID=585) to work on /home/airflow/.local/lib/python3.7/site-packages/airflow/example_dags/example_dynamic_task_mapping_with_no_taskflow_operators.py
[2023-07-09T19:03:55.526+0000] {processor.py:826} INFO - Processing file /home/airflow/.local/lib/python3.7/site-packages/airflow/example_dags/example_dynamic_task_mapping_with_no_taskflow_operators.py for tasks to queue
[2023-07-09T19:03:55.528+0000] {logging_mixin.py:149} INFO - [2023-07-09T19:03:55.527+0000] {dagbag.py:541} INFO - Filling up the DagBag from /home/airflow/.local/lib/python3.7/site-packages/airflow/example_dags/example_dynamic_task_mapping_with_no_taskflow_operators.py
[2023-07-09T19:03:55.540+0000] {processor.py:836} INFO - DAG(s) dict_keys(['example_dynamic_task_mapping_with_no_taskflow_operators']) retrieved from /home/airflow/.local/lib/python3.7/site-packages/airflow/example_dags/example_dynamic_task_mapping_with_no_taskflow_operators.py
[2023-07-09T19:03:55.576+0000] {logging_mixin.py:149} INFO - [2023-07-09T19:03:55.576+0000] {dag.py:2726} INFO - Sync 1 DAGs
[2023-07-09T19:03:55.613+0000] {logging_mixin.py:149} INFO - [2023-07-09T19:03:55.613+0000] {dag.py:3490} INFO - Setting next_dagrun for example_dynamic_task_mapping_with_no_taskflow_operators to 2023-07-08T19:03:55.613012+00:00, run_after=2023-07-09T19:03:55.613012+00:00
[2023-07-09T19:03:55.643+0000] {processor.py:179} INFO - Processing /home/airflow/.local/lib/python3.7/site-packages/airflow/example_dags/example_dynamic_task_mapping_with_no_taskflow_operators.py took 0.122 seconds
[2023-07-09T19:04:25.871+0000] {processor.py:157} INFO - Started process (PID=650) to work on /home/airflow/.local/lib/python3.7/site-packages/airflow/example_dags/example_dynamic_task_mapping_with_no_taskflow_operators.py
[2023-07-09T19:04:25.872+0000] {processor.py:826} INFO - Processing file /home/airflow/.local/lib/python3.7/site-packages/airflow/example_dags/example_dynamic_task_mapping_with_no_taskflow_operators.py for tasks to queue
[2023-07-09T19:04:25.873+0000] {logging_mixin.py:149} INFO - [2023-07-09T19:04:25.873+0000] {dagbag.py:541} INFO - Filling up the DagBag from /home/airflow/.local/lib/python3.7/site-packages/airflow/example_dags/example_dynamic_task_mapping_with_no_taskflow_operators.py
[2023-07-09T19:04:25.881+0000] {processor.py:836} INFO - DAG(s) dict_keys(['example_dynamic_task_mapping_with_no_taskflow_operators']) retrieved from /home/airflow/.local/lib/python3.7/site-packages/airflow/example_dags/example_dynamic_task_mapping_with_no_taskflow_operators.py
[2023-07-09T19:04:25.905+0000] {logging_mixin.py:149} INFO - [2023-07-09T19:04:25.905+0000] {dag.py:2726} INFO - Sync 1 DAGs
[2023-07-09T19:04:25.938+0000] {logging_mixin.py:149} INFO - [2023-07-09T19:04:25.938+0000] {dag.py:3490} INFO - Setting next_dagrun for example_dynamic_task_mapping_with_no_taskflow_operators to 2023-07-08T19:04:25.938543+00:00, run_after=2023-07-09T19:04:25.938543+00:00
[2023-07-09T19:04:25.966+0000] {processor.py:179} INFO - Processing /home/airflow/.local/lib/python3.7/site-packages/airflow/example_dags/example_dynamic_task_mapping_with_no_taskflow_operators.py took 0.098 seconds
[2023-07-09T19:04:56.573+0000] {processor.py:157} INFO - Started process (PID=715) to work on /home/airflow/.local/lib/python3.7/site-packages/airflow/example_dags/example_dynamic_task_mapping_with_no_taskflow_operators.py
[2023-07-09T19:04:56.575+0000] {processor.py:826} INFO - Processing file /home/airflow/.local/lib/python3.7/site-packages/airflow/example_dags/example_dynamic_task_mapping_with_no_taskflow_operators.py for tasks to queue
[2023-07-09T19:04:56.576+0000] {logging_mixin.py:149} INFO - [2023-07-09T19:04:56.576+0000] {dagbag.py:541} INFO - Filling up the DagBag from /home/airflow/.local/lib/python3.7/site-packages/airflow/example_dags/example_dynamic_task_mapping_with_no_taskflow_operators.py
[2023-07-09T19:04:56.583+0000] {processor.py:836} INFO - DAG(s) dict_keys(['example_dynamic_task_mapping_with_no_taskflow_operators']) retrieved from /home/airflow/.local/lib/python3.7/site-packages/airflow/example_dags/example_dynamic_task_mapping_with_no_taskflow_operators.py
[2023-07-09T19:04:56.606+0000] {logging_mixin.py:149} INFO - [2023-07-09T19:04:56.606+0000] {dag.py:2726} INFO - Sync 1 DAGs
[2023-07-09T19:04:56.632+0000] {logging_mixin.py:149} INFO - [2023-07-09T19:04:56.632+0000] {dag.py:3490} INFO - Setting next_dagrun for example_dynamic_task_mapping_with_no_taskflow_operators to 2023-07-08T19:04:56.632384+00:00, run_after=2023-07-09T19:04:56.632384+00:00
[2023-07-09T19:04:56.653+0000] {processor.py:179} INFO - Processing /home/airflow/.local/lib/python3.7/site-packages/airflow/example_dags/example_dynamic_task_mapping_with_no_taskflow_operators.py took 0.083 seconds
[2023-07-09T19:05:26.777+0000] {processor.py:157} INFO - Started process (PID=780) to work on /home/airflow/.local/lib/python3.7/site-packages/airflow/example_dags/example_dynamic_task_mapping_with_no_taskflow_operators.py
[2023-07-09T19:05:26.779+0000] {processor.py:826} INFO - Processing file /home/airflow/.local/lib/python3.7/site-packages/airflow/example_dags/example_dynamic_task_mapping_with_no_taskflow_operators.py for tasks to queue
[2023-07-09T19:05:26.780+0000] {logging_mixin.py:149} INFO - [2023-07-09T19:05:26.780+0000] {dagbag.py:541} INFO - Filling up the DagBag from /home/airflow/.local/lib/python3.7/site-packages/airflow/example_dags/example_dynamic_task_mapping_with_no_taskflow_operators.py
[2023-07-09T19:05:26.789+0000] {processor.py:836} INFO - DAG(s) dict_keys(['example_dynamic_task_mapping_with_no_taskflow_operators']) retrieved from /home/airflow/.local/lib/python3.7/site-packages/airflow/example_dags/example_dynamic_task_mapping_with_no_taskflow_operators.py
[2023-07-09T19:05:26.818+0000] {logging_mixin.py:149} INFO - [2023-07-09T19:05:26.818+0000] {dag.py:2726} INFO - Sync 1 DAGs
[2023-07-09T19:05:26.848+0000] {logging_mixin.py:149} INFO - [2023-07-09T19:05:26.848+0000] {dag.py:3490} INFO - Setting next_dagrun for example_dynamic_task_mapping_with_no_taskflow_operators to 2023-07-08T19:05:26.847752+00:00, run_after=2023-07-09T19:05:26.847752+00:00
[2023-07-09T19:05:26.866+0000] {processor.py:179} INFO - Processing /home/airflow/.local/lib/python3.7/site-packages/airflow/example_dags/example_dynamic_task_mapping_with_no_taskflow_operators.py took 0.093 seconds
[2023-07-09T19:05:57.756+0000] {processor.py:157} INFO - Started process (PID=845) to work on /home/airflow/.local/lib/python3.7/site-packages/airflow/example_dags/example_dynamic_task_mapping_with_no_taskflow_operators.py
[2023-07-09T19:05:57.758+0000] {processor.py:826} INFO - Processing file /home/airflow/.local/lib/python3.7/site-packages/airflow/example_dags/example_dynamic_task_mapping_with_no_taskflow_operators.py for tasks to queue
[2023-07-09T19:05:57.759+0000] {logging_mixin.py:149} INFO - [2023-07-09T19:05:57.758+0000] {dagbag.py:541} INFO - Filling up the DagBag from /home/airflow/.local/lib/python3.7/site-packages/airflow/example_dags/example_dynamic_task_mapping_with_no_taskflow_operators.py
[2023-07-09T19:05:57.766+0000] {processor.py:836} INFO - DAG(s) dict_keys(['example_dynamic_task_mapping_with_no_taskflow_operators']) retrieved from /home/airflow/.local/lib/python3.7/site-packages/airflow/example_dags/example_dynamic_task_mapping_with_no_taskflow_operators.py
[2023-07-09T19:05:57.791+0000] {logging_mixin.py:149} INFO - [2023-07-09T19:05:57.791+0000] {dag.py:2726} INFO - Sync 1 DAGs
[2023-07-09T19:05:57.817+0000] {logging_mixin.py:149} INFO - [2023-07-09T19:05:57.817+0000] {dag.py:3490} INFO - Setting next_dagrun for example_dynamic_task_mapping_with_no_taskflow_operators to 2023-07-08T19:05:57.817058+00:00, run_after=2023-07-09T19:05:57.817058+00:00
[2023-07-09T19:05:57.835+0000] {processor.py:179} INFO - Processing /home/airflow/.local/lib/python3.7/site-packages/airflow/example_dags/example_dynamic_task_mapping_with_no_taskflow_operators.py took 0.081 seconds
[2023-07-09T19:06:27.877+0000] {processor.py:157} INFO - Started process (PID=910) to work on /home/airflow/.local/lib/python3.7/site-packages/airflow/example_dags/example_dynamic_task_mapping_with_no_taskflow_operators.py
[2023-07-09T19:06:27.879+0000] {processor.py:826} INFO - Processing file /home/airflow/.local/lib/python3.7/site-packages/airflow/example_dags/example_dynamic_task_mapping_with_no_taskflow_operators.py for tasks to queue
[2023-07-09T19:06:27.879+0000] {logging_mixin.py:149} INFO - [2023-07-09T19:06:27.879+0000] {dagbag.py:541} INFO - Filling up the DagBag from /home/airflow/.local/lib/python3.7/site-packages/airflow/example_dags/example_dynamic_task_mapping_with_no_taskflow_operators.py
[2023-07-09T19:06:27.885+0000] {processor.py:836} INFO - DAG(s) dict_keys(['example_dynamic_task_mapping_with_no_taskflow_operators']) retrieved from /home/airflow/.local/lib/python3.7/site-packages/airflow/example_dags/example_dynamic_task_mapping_with_no_taskflow_operators.py
[2023-07-09T19:06:27.908+0000] {logging_mixin.py:149} INFO - [2023-07-09T19:06:27.907+0000] {dag.py:2726} INFO - Sync 1 DAGs
[2023-07-09T19:06:27.932+0000] {logging_mixin.py:149} INFO - [2023-07-09T19:06:27.932+0000] {dag.py:3490} INFO - Setting next_dagrun for example_dynamic_task_mapping_with_no_taskflow_operators to 2023-07-08T19:06:27.932170+00:00, run_after=2023-07-09T19:06:27.932170+00:00
[2023-07-09T19:06:27.951+0000] {processor.py:179} INFO - Processing /home/airflow/.local/lib/python3.7/site-packages/airflow/example_dags/example_dynamic_task_mapping_with_no_taskflow_operators.py took 0.076 seconds
[2023-07-09T19:06:58.056+0000] {processor.py:157} INFO - Started process (PID=975) to work on /home/airflow/.local/lib/python3.7/site-packages/airflow/example_dags/example_dynamic_task_mapping_with_no_taskflow_operators.py
[2023-07-09T19:06:58.057+0000] {processor.py:826} INFO - Processing file /home/airflow/.local/lib/python3.7/site-packages/airflow/example_dags/example_dynamic_task_mapping_with_no_taskflow_operators.py for tasks to queue
[2023-07-09T19:06:58.058+0000] {logging_mixin.py:149} INFO - [2023-07-09T19:06:58.058+0000] {dagbag.py:541} INFO - Filling up the DagBag from /home/airflow/.local/lib/python3.7/site-packages/airflow/example_dags/example_dynamic_task_mapping_with_no_taskflow_operators.py
[2023-07-09T19:06:58.064+0000] {processor.py:836} INFO - DAG(s) dict_keys(['example_dynamic_task_mapping_with_no_taskflow_operators']) retrieved from /home/airflow/.local/lib/python3.7/site-packages/airflow/example_dags/example_dynamic_task_mapping_with_no_taskflow_operators.py
[2023-07-09T19:06:58.091+0000] {logging_mixin.py:149} INFO - [2023-07-09T19:06:58.091+0000] {dag.py:2726} INFO - Sync 1 DAGs
[2023-07-09T19:06:58.118+0000] {logging_mixin.py:149} INFO - [2023-07-09T19:06:58.118+0000] {dag.py:3490} INFO - Setting next_dagrun for example_dynamic_task_mapping_with_no_taskflow_operators to 2023-07-08T19:06:58.118499+00:00, run_after=2023-07-09T19:06:58.118499+00:00
[2023-07-09T19:06:58.142+0000] {processor.py:179} INFO - Processing /home/airflow/.local/lib/python3.7/site-packages/airflow/example_dags/example_dynamic_task_mapping_with_no_taskflow_operators.py took 0.090 seconds
[2023-07-09T19:07:28.349+0000] {processor.py:157} INFO - Started process (PID=1040) to work on /home/airflow/.local/lib/python3.7/site-packages/airflow/example_dags/example_dynamic_task_mapping_with_no_taskflow_operators.py
[2023-07-09T19:07:28.350+0000] {processor.py:826} INFO - Processing file /home/airflow/.local/lib/python3.7/site-packages/airflow/example_dags/example_dynamic_task_mapping_with_no_taskflow_operators.py for tasks to queue
[2023-07-09T19:07:28.352+0000] {logging_mixin.py:149} INFO - [2023-07-09T19:07:28.351+0000] {dagbag.py:541} INFO - Filling up the DagBag from /home/airflow/.local/lib/python3.7/site-packages/airflow/example_dags/example_dynamic_task_mapping_with_no_taskflow_operators.py
[2023-07-09T19:07:28.360+0000] {processor.py:836} INFO - DAG(s) dict_keys(['example_dynamic_task_mapping_with_no_taskflow_operators']) retrieved from /home/airflow/.local/lib/python3.7/site-packages/airflow/example_dags/example_dynamic_task_mapping_with_no_taskflow_operators.py
[2023-07-09T19:07:28.380+0000] {logging_mixin.py:149} INFO - [2023-07-09T19:07:28.380+0000] {dag.py:2726} INFO - Sync 1 DAGs
[2023-07-09T19:07:28.404+0000] {logging_mixin.py:149} INFO - [2023-07-09T19:07:28.404+0000] {dag.py:3490} INFO - Setting next_dagrun for example_dynamic_task_mapping_with_no_taskflow_operators to 2023-07-08T19:07:28.404355+00:00, run_after=2023-07-09T19:07:28.404355+00:00
[2023-07-09T19:07:28.422+0000] {processor.py:179} INFO - Processing /home/airflow/.local/lib/python3.7/site-packages/airflow/example_dags/example_dynamic_task_mapping_with_no_taskflow_operators.py took 0.077 seconds
[2023-07-09T19:07:58.504+0000] {processor.py:157} INFO - Started process (PID=1105) to work on /home/airflow/.local/lib/python3.7/site-packages/airflow/example_dags/example_dynamic_task_mapping_with_no_taskflow_operators.py
[2023-07-09T19:07:58.505+0000] {processor.py:826} INFO - Processing file /home/airflow/.local/lib/python3.7/site-packages/airflow/example_dags/example_dynamic_task_mapping_with_no_taskflow_operators.py for tasks to queue
[2023-07-09T19:07:58.506+0000] {logging_mixin.py:149} INFO - [2023-07-09T19:07:58.505+0000] {dagbag.py:541} INFO - Filling up the DagBag from /home/airflow/.local/lib/python3.7/site-packages/airflow/example_dags/example_dynamic_task_mapping_with_no_taskflow_operators.py
[2023-07-09T19:07:58.512+0000] {processor.py:836} INFO - DAG(s) dict_keys(['example_dynamic_task_mapping_with_no_taskflow_operators']) retrieved from /home/airflow/.local/lib/python3.7/site-packages/airflow/example_dags/example_dynamic_task_mapping_with_no_taskflow_operators.py
[2023-07-09T19:07:58.535+0000] {logging_mixin.py:149} INFO - [2023-07-09T19:07:58.535+0000] {dag.py:2726} INFO - Sync 1 DAGs
[2023-07-09T19:07:58.564+0000] {logging_mixin.py:149} INFO - [2023-07-09T19:07:58.564+0000] {dag.py:3490} INFO - Setting next_dagrun for example_dynamic_task_mapping_with_no_taskflow_operators to 2023-07-08T19:07:58.564165+00:00, run_after=2023-07-09T19:07:58.564165+00:00
[2023-07-09T19:07:58.584+0000] {processor.py:179} INFO - Processing /home/airflow/.local/lib/python3.7/site-packages/airflow/example_dags/example_dynamic_task_mapping_with_no_taskflow_operators.py took 0.083 seconds
