[2023-07-09T18:59:46.341+0000] {processor.py:157} INFO - Started process (PID=33) to work on /home/airflow/.local/lib/python3.7/site-packages/airflow/example_dags/example_skip_dag.py
[2023-07-09T18:59:46.342+0000] {processor.py:826} INFO - Processing file /home/airflow/.local/lib/python3.7/site-packages/airflow/example_dags/example_skip_dag.py for tasks to queue
[2023-07-09T18:59:46.343+0000] {logging_mixin.py:149} INFO - [2023-07-09T18:59:46.343+0000] {dagbag.py:541} INFO - Filling up the DagBag from /home/airflow/.local/lib/python3.7/site-packages/airflow/example_dags/example_skip_dag.py
[2023-07-09T18:59:46.358+0000] {processor.py:836} INFO - DAG(s) dict_keys(['example_skip_dag']) retrieved from /home/airflow/.local/lib/python3.7/site-packages/airflow/example_dags/example_skip_dag.py
[2023-07-09T18:59:46.575+0000] {logging_mixin.py:149} INFO - [2023-07-09T18:59:46.574+0000] {manager.py:504} INFO - Created Permission View: can read on DAG:example_skip_dag
[2023-07-09T18:59:46.588+0000] {logging_mixin.py:149} INFO - [2023-07-09T18:59:46.588+0000] {manager.py:504} INFO - Created Permission View: can edit on DAG:example_skip_dag
[2023-07-09T18:59:46.596+0000] {logging_mixin.py:149} INFO - [2023-07-09T18:59:46.596+0000] {manager.py:504} INFO - Created Permission View: can delete on DAG:example_skip_dag
[2023-07-09T18:59:46.612+0000] {logging_mixin.py:149} INFO - [2023-07-09T18:59:46.612+0000] {dag.py:2726} INFO - Sync 1 DAGs
[2023-07-09T18:59:46.625+0000] {logging_mixin.py:149} INFO - [2023-07-09T18:59:46.625+0000] {dag.py:2747} INFO - Creating ORM DAG for example_skip_dag
[2023-07-09T18:59:46.638+0000] {logging_mixin.py:149} INFO - [2023-07-09T18:59:46.638+0000] {dag.py:3490} INFO - Setting next_dagrun for example_skip_dag to 2023-07-08T18:59:46.638040+00:00, run_after=2023-07-09T18:59:46.638040+00:00
[2023-07-09T18:59:46.661+0000] {processor.py:179} INFO - Processing /home/airflow/.local/lib/python3.7/site-packages/airflow/example_dags/example_skip_dag.py took 0.322 seconds
[2023-07-09T19:00:17.369+0000] {processor.py:157} INFO - Started process (PID=98) to work on /home/airflow/.local/lib/python3.7/site-packages/airflow/example_dags/example_skip_dag.py
[2023-07-09T19:00:17.370+0000] {processor.py:826} INFO - Processing file /home/airflow/.local/lib/python3.7/site-packages/airflow/example_dags/example_skip_dag.py for tasks to queue
[2023-07-09T19:00:17.371+0000] {logging_mixin.py:149} INFO - [2023-07-09T19:00:17.371+0000] {dagbag.py:541} INFO - Filling up the DagBag from /home/airflow/.local/lib/python3.7/site-packages/airflow/example_dags/example_skip_dag.py
[2023-07-09T19:00:17.377+0000] {processor.py:836} INFO - DAG(s) dict_keys(['example_skip_dag']) retrieved from /home/airflow/.local/lib/python3.7/site-packages/airflow/example_dags/example_skip_dag.py
[2023-07-09T19:00:17.401+0000] {logging_mixin.py:149} INFO - [2023-07-09T19:00:17.400+0000] {dag.py:2726} INFO - Sync 1 DAGs
[2023-07-09T19:00:17.423+0000] {logging_mixin.py:149} INFO - [2023-07-09T19:00:17.423+0000] {dag.py:3490} INFO - Setting next_dagrun for example_skip_dag to 2023-07-08T19:00:17.423592+00:00, run_after=2023-07-09T19:00:17.423592+00:00
[2023-07-09T19:00:17.442+0000] {processor.py:179} INFO - Processing /home/airflow/.local/lib/python3.7/site-packages/airflow/example_dags/example_skip_dag.py took 0.076 seconds
[2023-07-09T19:00:47.552+0000] {processor.py:157} INFO - Started process (PID=163) to work on /home/airflow/.local/lib/python3.7/site-packages/airflow/example_dags/example_skip_dag.py
[2023-07-09T19:00:47.553+0000] {processor.py:826} INFO - Processing file /home/airflow/.local/lib/python3.7/site-packages/airflow/example_dags/example_skip_dag.py for tasks to queue
[2023-07-09T19:00:47.553+0000] {logging_mixin.py:149} INFO - [2023-07-09T19:00:47.553+0000] {dagbag.py:541} INFO - Filling up the DagBag from /home/airflow/.local/lib/python3.7/site-packages/airflow/example_dags/example_skip_dag.py
[2023-07-09T19:00:47.559+0000] {processor.py:836} INFO - DAG(s) dict_keys(['example_skip_dag']) retrieved from /home/airflow/.local/lib/python3.7/site-packages/airflow/example_dags/example_skip_dag.py
[2023-07-09T19:00:47.582+0000] {logging_mixin.py:149} INFO - [2023-07-09T19:00:47.582+0000] {dag.py:2726} INFO - Sync 1 DAGs
[2023-07-09T19:00:47.605+0000] {logging_mixin.py:149} INFO - [2023-07-09T19:00:47.605+0000] {dag.py:3490} INFO - Setting next_dagrun for example_skip_dag to 2023-07-08T19:00:47.605364+00:00, run_after=2023-07-09T19:00:47.605364+00:00
[2023-07-09T19:00:47.623+0000] {processor.py:179} INFO - Processing /home/airflow/.local/lib/python3.7/site-packages/airflow/example_dags/example_skip_dag.py took 0.074 seconds
[2023-07-09T19:01:17.751+0000] {processor.py:157} INFO - Started process (PID=228) to work on /home/airflow/.local/lib/python3.7/site-packages/airflow/example_dags/example_skip_dag.py
[2023-07-09T19:01:17.752+0000] {processor.py:826} INFO - Processing file /home/airflow/.local/lib/python3.7/site-packages/airflow/example_dags/example_skip_dag.py for tasks to queue
[2023-07-09T19:01:17.753+0000] {logging_mixin.py:149} INFO - [2023-07-09T19:01:17.753+0000] {dagbag.py:541} INFO - Filling up the DagBag from /home/airflow/.local/lib/python3.7/site-packages/airflow/example_dags/example_skip_dag.py
[2023-07-09T19:01:17.759+0000] {processor.py:836} INFO - DAG(s) dict_keys(['example_skip_dag']) retrieved from /home/airflow/.local/lib/python3.7/site-packages/airflow/example_dags/example_skip_dag.py
[2023-07-09T19:01:17.849+0000] {logging_mixin.py:149} INFO - [2023-07-09T19:01:17.849+0000] {dag.py:2726} INFO - Sync 1 DAGs
[2023-07-09T19:01:17.874+0000] {logging_mixin.py:149} INFO - [2023-07-09T19:01:17.874+0000] {dag.py:3490} INFO - Setting next_dagrun for example_skip_dag to 2023-07-08T19:01:17.874421+00:00, run_after=2023-07-09T19:01:17.874421+00:00
[2023-07-09T19:01:17.893+0000] {processor.py:179} INFO - Processing /home/airflow/.local/lib/python3.7/site-packages/airflow/example_dags/example_skip_dag.py took 0.144 seconds
[2023-07-09T19:01:48.410+0000] {processor.py:157} INFO - Started process (PID=293) to work on /home/airflow/.local/lib/python3.7/site-packages/airflow/example_dags/example_skip_dag.py
[2023-07-09T19:01:48.411+0000] {processor.py:826} INFO - Processing file /home/airflow/.local/lib/python3.7/site-packages/airflow/example_dags/example_skip_dag.py for tasks to queue
[2023-07-09T19:01:48.412+0000] {logging_mixin.py:149} INFO - [2023-07-09T19:01:48.411+0000] {dagbag.py:541} INFO - Filling up the DagBag from /home/airflow/.local/lib/python3.7/site-packages/airflow/example_dags/example_skip_dag.py
[2023-07-09T19:01:48.419+0000] {processor.py:836} INFO - DAG(s) dict_keys(['example_skip_dag']) retrieved from /home/airflow/.local/lib/python3.7/site-packages/airflow/example_dags/example_skip_dag.py
[2023-07-09T19:01:48.441+0000] {logging_mixin.py:149} INFO - [2023-07-09T19:01:48.441+0000] {dag.py:2726} INFO - Sync 1 DAGs
[2023-07-09T19:01:48.466+0000] {logging_mixin.py:149} INFO - [2023-07-09T19:01:48.466+0000] {dag.py:3490} INFO - Setting next_dagrun for example_skip_dag to 2023-07-08T19:01:48.466125+00:00, run_after=2023-07-09T19:01:48.466125+00:00
[2023-07-09T19:01:48.485+0000] {processor.py:179} INFO - Processing /home/airflow/.local/lib/python3.7/site-packages/airflow/example_dags/example_skip_dag.py took 0.077 seconds
[2023-07-09T19:02:18.981+0000] {processor.py:157} INFO - Started process (PID=358) to work on /home/airflow/.local/lib/python3.7/site-packages/airflow/example_dags/example_skip_dag.py
[2023-07-09T19:02:18.982+0000] {processor.py:826} INFO - Processing file /home/airflow/.local/lib/python3.7/site-packages/airflow/example_dags/example_skip_dag.py for tasks to queue
[2023-07-09T19:02:18.983+0000] {logging_mixin.py:149} INFO - [2023-07-09T19:02:18.982+0000] {dagbag.py:541} INFO - Filling up the DagBag from /home/airflow/.local/lib/python3.7/site-packages/airflow/example_dags/example_skip_dag.py
[2023-07-09T19:02:18.989+0000] {processor.py:836} INFO - DAG(s) dict_keys(['example_skip_dag']) retrieved from /home/airflow/.local/lib/python3.7/site-packages/airflow/example_dags/example_skip_dag.py
[2023-07-09T19:02:19.010+0000] {logging_mixin.py:149} INFO - [2023-07-09T19:02:19.010+0000] {dag.py:2726} INFO - Sync 1 DAGs
[2023-07-09T19:02:19.033+0000] {logging_mixin.py:149} INFO - [2023-07-09T19:02:19.033+0000] {dag.py:3490} INFO - Setting next_dagrun for example_skip_dag to 2023-07-08T19:02:19.033293+00:00, run_after=2023-07-09T19:02:19.033293+00:00
[2023-07-09T19:02:19.053+0000] {processor.py:179} INFO - Processing /home/airflow/.local/lib/python3.7/site-packages/airflow/example_dags/example_skip_dag.py took 0.075 seconds
[2023-07-09T19:02:49.175+0000] {processor.py:157} INFO - Started process (PID=423) to work on /home/airflow/.local/lib/python3.7/site-packages/airflow/example_dags/example_skip_dag.py
[2023-07-09T19:02:49.176+0000] {processor.py:826} INFO - Processing file /home/airflow/.local/lib/python3.7/site-packages/airflow/example_dags/example_skip_dag.py for tasks to queue
[2023-07-09T19:02:49.177+0000] {logging_mixin.py:149} INFO - [2023-07-09T19:02:49.176+0000] {dagbag.py:541} INFO - Filling up the DagBag from /home/airflow/.local/lib/python3.7/site-packages/airflow/example_dags/example_skip_dag.py
[2023-07-09T19:02:49.185+0000] {processor.py:836} INFO - DAG(s) dict_keys(['example_skip_dag']) retrieved from /home/airflow/.local/lib/python3.7/site-packages/airflow/example_dags/example_skip_dag.py
[2023-07-09T19:02:49.212+0000] {logging_mixin.py:149} INFO - [2023-07-09T19:02:49.212+0000] {dag.py:2726} INFO - Sync 1 DAGs
[2023-07-09T19:02:49.247+0000] {logging_mixin.py:149} INFO - [2023-07-09T19:02:49.247+0000] {dag.py:3490} INFO - Setting next_dagrun for example_skip_dag to 2023-07-08T19:02:49.247056+00:00, run_after=2023-07-09T19:02:49.247056+00:00
[2023-07-09T19:02:49.271+0000] {processor.py:179} INFO - Processing /home/airflow/.local/lib/python3.7/site-packages/airflow/example_dags/example_skip_dag.py took 0.099 seconds
[2023-07-09T19:03:19.464+0000] {processor.py:157} INFO - Started process (PID=488) to work on /home/airflow/.local/lib/python3.7/site-packages/airflow/example_dags/example_skip_dag.py
[2023-07-09T19:03:19.465+0000] {processor.py:826} INFO - Processing file /home/airflow/.local/lib/python3.7/site-packages/airflow/example_dags/example_skip_dag.py for tasks to queue
[2023-07-09T19:03:19.466+0000] {logging_mixin.py:149} INFO - [2023-07-09T19:03:19.466+0000] {dagbag.py:541} INFO - Filling up the DagBag from /home/airflow/.local/lib/python3.7/site-packages/airflow/example_dags/example_skip_dag.py
[2023-07-09T19:03:19.474+0000] {processor.py:836} INFO - DAG(s) dict_keys(['example_skip_dag']) retrieved from /home/airflow/.local/lib/python3.7/site-packages/airflow/example_dags/example_skip_dag.py
[2023-07-09T19:03:19.502+0000] {logging_mixin.py:149} INFO - [2023-07-09T19:03:19.501+0000] {dag.py:2726} INFO - Sync 1 DAGs
[2023-07-09T19:03:19.530+0000] {logging_mixin.py:149} INFO - [2023-07-09T19:03:19.530+0000] {dag.py:3490} INFO - Setting next_dagrun for example_skip_dag to 2023-07-08T19:03:19.529655+00:00, run_after=2023-07-09T19:03:19.529655+00:00
[2023-07-09T19:03:19.555+0000] {processor.py:179} INFO - Processing /home/airflow/.local/lib/python3.7/site-packages/airflow/example_dags/example_skip_dag.py took 0.095 seconds
[2023-07-09T19:03:49.730+0000] {processor.py:157} INFO - Started process (PID=553) to work on /home/airflow/.local/lib/python3.7/site-packages/airflow/example_dags/example_skip_dag.py
[2023-07-09T19:03:49.731+0000] {processor.py:826} INFO - Processing file /home/airflow/.local/lib/python3.7/site-packages/airflow/example_dags/example_skip_dag.py for tasks to queue
[2023-07-09T19:03:49.732+0000] {logging_mixin.py:149} INFO - [2023-07-09T19:03:49.732+0000] {dagbag.py:541} INFO - Filling up the DagBag from /home/airflow/.local/lib/python3.7/site-packages/airflow/example_dags/example_skip_dag.py
[2023-07-09T19:03:49.741+0000] {processor.py:836} INFO - DAG(s) dict_keys(['example_skip_dag']) retrieved from /home/airflow/.local/lib/python3.7/site-packages/airflow/example_dags/example_skip_dag.py
[2023-07-09T19:03:49.807+0000] {logging_mixin.py:149} INFO - [2023-07-09T19:03:49.807+0000] {dag.py:2726} INFO - Sync 1 DAGs
[2023-07-09T19:03:49.837+0000] {logging_mixin.py:149} INFO - [2023-07-09T19:03:49.837+0000] {dag.py:3490} INFO - Setting next_dagrun for example_skip_dag to 2023-07-08T19:03:49.836960+00:00, run_after=2023-07-09T19:03:49.836960+00:00
[2023-07-09T19:03:49.860+0000] {processor.py:179} INFO - Processing /home/airflow/.local/lib/python3.7/site-packages/airflow/example_dags/example_skip_dag.py took 0.135 seconds
[2023-07-09T19:04:20.130+0000] {processor.py:157} INFO - Started process (PID=618) to work on /home/airflow/.local/lib/python3.7/site-packages/airflow/example_dags/example_skip_dag.py
[2023-07-09T19:04:20.131+0000] {processor.py:826} INFO - Processing file /home/airflow/.local/lib/python3.7/site-packages/airflow/example_dags/example_skip_dag.py for tasks to queue
[2023-07-09T19:04:20.131+0000] {logging_mixin.py:149} INFO - [2023-07-09T19:04:20.131+0000] {dagbag.py:541} INFO - Filling up the DagBag from /home/airflow/.local/lib/python3.7/site-packages/airflow/example_dags/example_skip_dag.py
[2023-07-09T19:04:20.139+0000] {processor.py:836} INFO - DAG(s) dict_keys(['example_skip_dag']) retrieved from /home/airflow/.local/lib/python3.7/site-packages/airflow/example_dags/example_skip_dag.py
[2023-07-09T19:04:20.164+0000] {logging_mixin.py:149} INFO - [2023-07-09T19:04:20.164+0000] {dag.py:2726} INFO - Sync 1 DAGs
[2023-07-09T19:04:20.192+0000] {logging_mixin.py:149} INFO - [2023-07-09T19:04:20.192+0000] {dag.py:3490} INFO - Setting next_dagrun for example_skip_dag to 2023-07-08T19:04:20.192125+00:00, run_after=2023-07-09T19:04:20.192125+00:00
[2023-07-09T19:04:20.213+0000] {processor.py:179} INFO - Processing /home/airflow/.local/lib/python3.7/site-packages/airflow/example_dags/example_skip_dag.py took 0.086 seconds
[2023-07-09T19:04:50.928+0000] {processor.py:157} INFO - Started process (PID=683) to work on /home/airflow/.local/lib/python3.7/site-packages/airflow/example_dags/example_skip_dag.py
[2023-07-09T19:04:50.930+0000] {processor.py:826} INFO - Processing file /home/airflow/.local/lib/python3.7/site-packages/airflow/example_dags/example_skip_dag.py for tasks to queue
[2023-07-09T19:04:50.930+0000] {logging_mixin.py:149} INFO - [2023-07-09T19:04:50.930+0000] {dagbag.py:541} INFO - Filling up the DagBag from /home/airflow/.local/lib/python3.7/site-packages/airflow/example_dags/example_skip_dag.py
[2023-07-09T19:04:50.937+0000] {processor.py:836} INFO - DAG(s) dict_keys(['example_skip_dag']) retrieved from /home/airflow/.local/lib/python3.7/site-packages/airflow/example_dags/example_skip_dag.py
[2023-07-09T19:04:50.963+0000] {logging_mixin.py:149} INFO - [2023-07-09T19:04:50.963+0000] {dag.py:2726} INFO - Sync 1 DAGs
[2023-07-09T19:04:50.989+0000] {logging_mixin.py:149} INFO - [2023-07-09T19:04:50.989+0000] {dag.py:3490} INFO - Setting next_dagrun for example_skip_dag to 2023-07-08T19:04:50.989288+00:00, run_after=2023-07-09T19:04:50.989288+00:00
[2023-07-09T19:04:51.019+0000] {processor.py:179} INFO - Processing /home/airflow/.local/lib/python3.7/site-packages/airflow/example_dags/example_skip_dag.py took 0.094 seconds
[2023-07-09T19:05:21.588+0000] {processor.py:157} INFO - Started process (PID=748) to work on /home/airflow/.local/lib/python3.7/site-packages/airflow/example_dags/example_skip_dag.py
[2023-07-09T19:05:21.589+0000] {processor.py:826} INFO - Processing file /home/airflow/.local/lib/python3.7/site-packages/airflow/example_dags/example_skip_dag.py for tasks to queue
[2023-07-09T19:05:21.590+0000] {logging_mixin.py:149} INFO - [2023-07-09T19:05:21.590+0000] {dagbag.py:541} INFO - Filling up the DagBag from /home/airflow/.local/lib/python3.7/site-packages/airflow/example_dags/example_skip_dag.py
[2023-07-09T19:05:21.600+0000] {processor.py:836} INFO - DAG(s) dict_keys(['example_skip_dag']) retrieved from /home/airflow/.local/lib/python3.7/site-packages/airflow/example_dags/example_skip_dag.py
[2023-07-09T19:05:21.630+0000] {logging_mixin.py:149} INFO - [2023-07-09T19:05:21.629+0000] {dag.py:2726} INFO - Sync 1 DAGs
[2023-07-09T19:05:21.657+0000] {logging_mixin.py:149} INFO - [2023-07-09T19:05:21.657+0000] {dag.py:3490} INFO - Setting next_dagrun for example_skip_dag to 2023-07-08T19:05:21.657159+00:00, run_after=2023-07-09T19:05:21.657159+00:00
[2023-07-09T19:05:21.679+0000] {processor.py:179} INFO - Processing /home/airflow/.local/lib/python3.7/site-packages/airflow/example_dags/example_skip_dag.py took 0.096 seconds
[2023-07-09T19:05:51.894+0000] {processor.py:157} INFO - Started process (PID=813) to work on /home/airflow/.local/lib/python3.7/site-packages/airflow/example_dags/example_skip_dag.py
[2023-07-09T19:05:51.896+0000] {processor.py:826} INFO - Processing file /home/airflow/.local/lib/python3.7/site-packages/airflow/example_dags/example_skip_dag.py for tasks to queue
[2023-07-09T19:05:51.897+0000] {logging_mixin.py:149} INFO - [2023-07-09T19:05:51.897+0000] {dagbag.py:541} INFO - Filling up the DagBag from /home/airflow/.local/lib/python3.7/site-packages/airflow/example_dags/example_skip_dag.py
[2023-07-09T19:05:51.905+0000] {processor.py:836} INFO - DAG(s) dict_keys(['example_skip_dag']) retrieved from /home/airflow/.local/lib/python3.7/site-packages/airflow/example_dags/example_skip_dag.py
[2023-07-09T19:05:51.932+0000] {logging_mixin.py:149} INFO - [2023-07-09T19:05:51.932+0000] {dag.py:2726} INFO - Sync 1 DAGs
[2023-07-09T19:05:51.959+0000] {logging_mixin.py:149} INFO - [2023-07-09T19:05:51.959+0000] {dag.py:3490} INFO - Setting next_dagrun for example_skip_dag to 2023-07-08T19:05:51.959178+00:00, run_after=2023-07-09T19:05:51.959178+00:00
[2023-07-09T19:05:51.982+0000] {processor.py:179} INFO - Processing /home/airflow/.local/lib/python3.7/site-packages/airflow/example_dags/example_skip_dag.py took 0.092 seconds
[2023-07-09T19:06:22.011+0000] {processor.py:157} INFO - Started process (PID=878) to work on /home/airflow/.local/lib/python3.7/site-packages/airflow/example_dags/example_skip_dag.py
[2023-07-09T19:06:22.012+0000] {processor.py:826} INFO - Processing file /home/airflow/.local/lib/python3.7/site-packages/airflow/example_dags/example_skip_dag.py for tasks to queue
[2023-07-09T19:06:22.012+0000] {logging_mixin.py:149} INFO - [2023-07-09T19:06:22.012+0000] {dagbag.py:541} INFO - Filling up the DagBag from /home/airflow/.local/lib/python3.7/site-packages/airflow/example_dags/example_skip_dag.py
[2023-07-09T19:06:22.019+0000] {processor.py:836} INFO - DAG(s) dict_keys(['example_skip_dag']) retrieved from /home/airflow/.local/lib/python3.7/site-packages/airflow/example_dags/example_skip_dag.py
[2023-07-09T19:06:22.043+0000] {logging_mixin.py:149} INFO - [2023-07-09T19:06:22.043+0000] {dag.py:2726} INFO - Sync 1 DAGs
[2023-07-09T19:06:22.070+0000] {logging_mixin.py:149} INFO - [2023-07-09T19:06:22.070+0000] {dag.py:3490} INFO - Setting next_dagrun for example_skip_dag to 2023-07-08T19:06:22.070247+00:00, run_after=2023-07-09T19:06:22.070247+00:00
[2023-07-09T19:06:22.094+0000] {processor.py:179} INFO - Processing /home/airflow/.local/lib/python3.7/site-packages/airflow/example_dags/example_skip_dag.py took 0.086 seconds
[2023-07-09T19:06:52.187+0000] {processor.py:157} INFO - Started process (PID=943) to work on /home/airflow/.local/lib/python3.7/site-packages/airflow/example_dags/example_skip_dag.py
[2023-07-09T19:06:52.188+0000] {processor.py:826} INFO - Processing file /home/airflow/.local/lib/python3.7/site-packages/airflow/example_dags/example_skip_dag.py for tasks to queue
[2023-07-09T19:06:52.189+0000] {logging_mixin.py:149} INFO - [2023-07-09T19:06:52.189+0000] {dagbag.py:541} INFO - Filling up the DagBag from /home/airflow/.local/lib/python3.7/site-packages/airflow/example_dags/example_skip_dag.py
[2023-07-09T19:06:52.196+0000] {processor.py:836} INFO - DAG(s) dict_keys(['example_skip_dag']) retrieved from /home/airflow/.local/lib/python3.7/site-packages/airflow/example_dags/example_skip_dag.py
[2023-07-09T19:06:52.218+0000] {logging_mixin.py:149} INFO - [2023-07-09T19:06:52.218+0000] {dag.py:2726} INFO - Sync 1 DAGs
[2023-07-09T19:06:52.241+0000] {logging_mixin.py:149} INFO - [2023-07-09T19:06:52.241+0000] {dag.py:3490} INFO - Setting next_dagrun for example_skip_dag to 2023-07-08T19:06:52.241427+00:00, run_after=2023-07-09T19:06:52.241427+00:00
[2023-07-09T19:06:52.261+0000] {processor.py:179} INFO - Processing /home/airflow/.local/lib/python3.7/site-packages/airflow/example_dags/example_skip_dag.py took 0.076 seconds
[2023-07-09T19:07:22.367+0000] {processor.py:157} INFO - Started process (PID=1008) to work on /home/airflow/.local/lib/python3.7/site-packages/airflow/example_dags/example_skip_dag.py
[2023-07-09T19:07:22.368+0000] {processor.py:826} INFO - Processing file /home/airflow/.local/lib/python3.7/site-packages/airflow/example_dags/example_skip_dag.py for tasks to queue
[2023-07-09T19:07:22.369+0000] {logging_mixin.py:149} INFO - [2023-07-09T19:07:22.369+0000] {dagbag.py:541} INFO - Filling up the DagBag from /home/airflow/.local/lib/python3.7/site-packages/airflow/example_dags/example_skip_dag.py
[2023-07-09T19:07:22.376+0000] {processor.py:836} INFO - DAG(s) dict_keys(['example_skip_dag']) retrieved from /home/airflow/.local/lib/python3.7/site-packages/airflow/example_dags/example_skip_dag.py
[2023-07-09T19:07:22.398+0000] {logging_mixin.py:149} INFO - [2023-07-09T19:07:22.398+0000] {dag.py:2726} INFO - Sync 1 DAGs
[2023-07-09T19:07:22.422+0000] {logging_mixin.py:149} INFO - [2023-07-09T19:07:22.422+0000] {dag.py:3490} INFO - Setting next_dagrun for example_skip_dag to 2023-07-08T19:07:22.421965+00:00, run_after=2023-07-09T19:07:22.421965+00:00
[2023-07-09T19:07:22.441+0000] {processor.py:179} INFO - Processing /home/airflow/.local/lib/python3.7/site-packages/airflow/example_dags/example_skip_dag.py took 0.076 seconds
[2023-07-09T19:07:52.497+0000] {processor.py:157} INFO - Started process (PID=1073) to work on /home/airflow/.local/lib/python3.7/site-packages/airflow/example_dags/example_skip_dag.py
[2023-07-09T19:07:52.499+0000] {processor.py:826} INFO - Processing file /home/airflow/.local/lib/python3.7/site-packages/airflow/example_dags/example_skip_dag.py for tasks to queue
[2023-07-09T19:07:52.499+0000] {logging_mixin.py:149} INFO - [2023-07-09T19:07:52.499+0000] {dagbag.py:541} INFO - Filling up the DagBag from /home/airflow/.local/lib/python3.7/site-packages/airflow/example_dags/example_skip_dag.py
[2023-07-09T19:07:52.509+0000] {processor.py:836} INFO - DAG(s) dict_keys(['example_skip_dag']) retrieved from /home/airflow/.local/lib/python3.7/site-packages/airflow/example_dags/example_skip_dag.py
[2023-07-09T19:07:52.539+0000] {logging_mixin.py:149} INFO - [2023-07-09T19:07:52.539+0000] {dag.py:2726} INFO - Sync 1 DAGs
[2023-07-09T19:07:52.569+0000] {logging_mixin.py:149} INFO - [2023-07-09T19:07:52.569+0000] {dag.py:3490} INFO - Setting next_dagrun for example_skip_dag to 2023-07-08T19:07:52.568904+00:00, run_after=2023-07-09T19:07:52.568904+00:00
[2023-07-09T19:07:52.600+0000] {processor.py:179} INFO - Processing /home/airflow/.local/lib/python3.7/site-packages/airflow/example_dags/example_skip_dag.py took 0.107 seconds
