[2023-07-09T18:59:48.831+0000] {processor.py:157} INFO - Started process (PID=46) to work on /home/airflow/.local/lib/python3.7/site-packages/airflow/example_dags/example_python_operator.py
[2023-07-09T18:59:48.832+0000] {processor.py:826} INFO - Processing file /home/airflow/.local/lib/python3.7/site-packages/airflow/example_dags/example_python_operator.py for tasks to queue
[2023-07-09T18:59:48.832+0000] {logging_mixin.py:149} INFO - [2023-07-09T18:59:48.832+0000] {dagbag.py:541} INFO - Filling up the DagBag from /home/airflow/.local/lib/python3.7/site-packages/airflow/example_dags/example_python_operator.py
[2023-07-09T18:59:48.846+0000] {processor.py:836} INFO - DAG(s) dict_keys(['example_python_operator']) retrieved from /home/airflow/.local/lib/python3.7/site-packages/airflow/example_dags/example_python_operator.py
[2023-07-09T18:59:48.959+0000] {logging_mixin.py:149} INFO - [2023-07-09T18:59:48.958+0000] {manager.py:504} INFO - Created Permission View: can read on DAG:example_python_operator
[2023-07-09T18:59:48.970+0000] {logging_mixin.py:149} INFO - [2023-07-09T18:59:48.970+0000] {manager.py:504} INFO - Created Permission View: can edit on DAG:example_python_operator
[2023-07-09T18:59:48.978+0000] {logging_mixin.py:149} INFO - [2023-07-09T18:59:48.978+0000] {manager.py:504} INFO - Created Permission View: can delete on DAG:example_python_operator
[2023-07-09T18:59:48.994+0000] {logging_mixin.py:149} INFO - [2023-07-09T18:59:48.994+0000] {dag.py:2726} INFO - Sync 1 DAGs
[2023-07-09T18:59:49.007+0000] {logging_mixin.py:149} INFO - [2023-07-09T18:59:49.007+0000] {dag.py:2747} INFO - Creating ORM DAG for example_python_operator
[2023-07-09T18:59:49.020+0000] {logging_mixin.py:149} INFO - [2023-07-09T18:59:49.019+0000] {dag.py:3490} INFO - Setting next_dagrun for example_python_operator to None, run_after=None
[2023-07-09T18:59:49.041+0000] {processor.py:179} INFO - Processing /home/airflow/.local/lib/python3.7/site-packages/airflow/example_dags/example_python_operator.py took 0.213 seconds
[2023-07-09T19:00:19.186+0000] {processor.py:157} INFO - Started process (PID=111) to work on /home/airflow/.local/lib/python3.7/site-packages/airflow/example_dags/example_python_operator.py
[2023-07-09T19:00:19.187+0000] {processor.py:826} INFO - Processing file /home/airflow/.local/lib/python3.7/site-packages/airflow/example_dags/example_python_operator.py for tasks to queue
[2023-07-09T19:00:19.188+0000] {logging_mixin.py:149} INFO - [2023-07-09T19:00:19.188+0000] {dagbag.py:541} INFO - Filling up the DagBag from /home/airflow/.local/lib/python3.7/site-packages/airflow/example_dags/example_python_operator.py
[2023-07-09T19:00:19.198+0000] {processor.py:836} INFO - DAG(s) dict_keys(['example_python_operator']) retrieved from /home/airflow/.local/lib/python3.7/site-packages/airflow/example_dags/example_python_operator.py
[2023-07-09T19:00:19.226+0000] {logging_mixin.py:149} INFO - [2023-07-09T19:00:19.226+0000] {dag.py:2726} INFO - Sync 1 DAGs
[2023-07-09T19:00:19.252+0000] {logging_mixin.py:149} INFO - [2023-07-09T19:00:19.252+0000] {dag.py:3490} INFO - Setting next_dagrun for example_python_operator to None, run_after=None
[2023-07-09T19:00:19.271+0000] {processor.py:179} INFO - Processing /home/airflow/.local/lib/python3.7/site-packages/airflow/example_dags/example_python_operator.py took 0.088 seconds
[2023-07-09T19:00:49.407+0000] {processor.py:157} INFO - Started process (PID=177) to work on /home/airflow/.local/lib/python3.7/site-packages/airflow/example_dags/example_python_operator.py
[2023-07-09T19:00:49.409+0000] {processor.py:826} INFO - Processing file /home/airflow/.local/lib/python3.7/site-packages/airflow/example_dags/example_python_operator.py for tasks to queue
[2023-07-09T19:00:49.409+0000] {logging_mixin.py:149} INFO - [2023-07-09T19:00:49.409+0000] {dagbag.py:541} INFO - Filling up the DagBag from /home/airflow/.local/lib/python3.7/site-packages/airflow/example_dags/example_python_operator.py
[2023-07-09T19:00:49.419+0000] {processor.py:836} INFO - DAG(s) dict_keys(['example_python_operator']) retrieved from /home/airflow/.local/lib/python3.7/site-packages/airflow/example_dags/example_python_operator.py
[2023-07-09T19:00:49.445+0000] {logging_mixin.py:149} INFO - [2023-07-09T19:00:49.445+0000] {dag.py:2726} INFO - Sync 1 DAGs
[2023-07-09T19:00:49.468+0000] {logging_mixin.py:149} INFO - [2023-07-09T19:00:49.468+0000] {dag.py:3490} INFO - Setting next_dagrun for example_python_operator to None, run_after=None
[2023-07-09T19:00:49.486+0000] {processor.py:179} INFO - Processing /home/airflow/.local/lib/python3.7/site-packages/airflow/example_dags/example_python_operator.py took 0.082 seconds
[2023-07-09T19:01:19.633+0000] {processor.py:157} INFO - Started process (PID=241) to work on /home/airflow/.local/lib/python3.7/site-packages/airflow/example_dags/example_python_operator.py
[2023-07-09T19:01:19.634+0000] {processor.py:826} INFO - Processing file /home/airflow/.local/lib/python3.7/site-packages/airflow/example_dags/example_python_operator.py for tasks to queue
[2023-07-09T19:01:19.634+0000] {logging_mixin.py:149} INFO - [2023-07-09T19:01:19.634+0000] {dagbag.py:541} INFO - Filling up the DagBag from /home/airflow/.local/lib/python3.7/site-packages/airflow/example_dags/example_python_operator.py
[2023-07-09T19:01:19.644+0000] {processor.py:836} INFO - DAG(s) dict_keys(['example_python_operator']) retrieved from /home/airflow/.local/lib/python3.7/site-packages/airflow/example_dags/example_python_operator.py
[2023-07-09T19:01:19.672+0000] {logging_mixin.py:149} INFO - [2023-07-09T19:01:19.672+0000] {dag.py:2726} INFO - Sync 1 DAGs
[2023-07-09T19:01:19.696+0000] {logging_mixin.py:149} INFO - [2023-07-09T19:01:19.695+0000] {dag.py:3490} INFO - Setting next_dagrun for example_python_operator to None, run_after=None
[2023-07-09T19:01:19.715+0000] {processor.py:179} INFO - Processing /home/airflow/.local/lib/python3.7/site-packages/airflow/example_dags/example_python_operator.py took 0.085 seconds
[2023-07-09T19:01:50.244+0000] {processor.py:157} INFO - Started process (PID=306) to work on /home/airflow/.local/lib/python3.7/site-packages/airflow/example_dags/example_python_operator.py
[2023-07-09T19:01:50.246+0000] {processor.py:826} INFO - Processing file /home/airflow/.local/lib/python3.7/site-packages/airflow/example_dags/example_python_operator.py for tasks to queue
[2023-07-09T19:01:50.246+0000] {logging_mixin.py:149} INFO - [2023-07-09T19:01:50.246+0000] {dagbag.py:541} INFO - Filling up the DagBag from /home/airflow/.local/lib/python3.7/site-packages/airflow/example_dags/example_python_operator.py
[2023-07-09T19:01:50.256+0000] {processor.py:836} INFO - DAG(s) dict_keys(['example_python_operator']) retrieved from /home/airflow/.local/lib/python3.7/site-packages/airflow/example_dags/example_python_operator.py
[2023-07-09T19:01:50.282+0000] {logging_mixin.py:149} INFO - [2023-07-09T19:01:50.282+0000] {dag.py:2726} INFO - Sync 1 DAGs
[2023-07-09T19:01:50.306+0000] {logging_mixin.py:149} INFO - [2023-07-09T19:01:50.306+0000] {dag.py:3490} INFO - Setting next_dagrun for example_python_operator to None, run_after=None
[2023-07-09T19:01:50.325+0000] {processor.py:179} INFO - Processing /home/airflow/.local/lib/python3.7/site-packages/airflow/example_dags/example_python_operator.py took 0.083 seconds
[2023-07-09T19:02:20.876+0000] {processor.py:157} INFO - Started process (PID=371) to work on /home/airflow/.local/lib/python3.7/site-packages/airflow/example_dags/example_python_operator.py
[2023-07-09T19:02:20.877+0000] {processor.py:826} INFO - Processing file /home/airflow/.local/lib/python3.7/site-packages/airflow/example_dags/example_python_operator.py for tasks to queue
[2023-07-09T19:02:20.878+0000] {logging_mixin.py:149} INFO - [2023-07-09T19:02:20.878+0000] {dagbag.py:541} INFO - Filling up the DagBag from /home/airflow/.local/lib/python3.7/site-packages/airflow/example_dags/example_python_operator.py
[2023-07-09T19:02:20.888+0000] {processor.py:836} INFO - DAG(s) dict_keys(['example_python_operator']) retrieved from /home/airflow/.local/lib/python3.7/site-packages/airflow/example_dags/example_python_operator.py
[2023-07-09T19:02:20.914+0000] {logging_mixin.py:149} INFO - [2023-07-09T19:02:20.914+0000] {dag.py:2726} INFO - Sync 1 DAGs
[2023-07-09T19:02:20.939+0000] {logging_mixin.py:149} INFO - [2023-07-09T19:02:20.938+0000] {dag.py:3490} INFO - Setting next_dagrun for example_python_operator to None, run_after=None
[2023-07-09T19:02:20.958+0000] {processor.py:179} INFO - Processing /home/airflow/.local/lib/python3.7/site-packages/airflow/example_dags/example_python_operator.py took 0.085 seconds
[2023-07-09T19:02:51.139+0000] {processor.py:157} INFO - Started process (PID=436) to work on /home/airflow/.local/lib/python3.7/site-packages/airflow/example_dags/example_python_operator.py
[2023-07-09T19:02:51.140+0000] {processor.py:826} INFO - Processing file /home/airflow/.local/lib/python3.7/site-packages/airflow/example_dags/example_python_operator.py for tasks to queue
[2023-07-09T19:02:51.141+0000] {logging_mixin.py:149} INFO - [2023-07-09T19:02:51.140+0000] {dagbag.py:541} INFO - Filling up the DagBag from /home/airflow/.local/lib/python3.7/site-packages/airflow/example_dags/example_python_operator.py
[2023-07-09T19:02:51.152+0000] {processor.py:836} INFO - DAG(s) dict_keys(['example_python_operator']) retrieved from /home/airflow/.local/lib/python3.7/site-packages/airflow/example_dags/example_python_operator.py
[2023-07-09T19:02:51.185+0000] {logging_mixin.py:149} INFO - [2023-07-09T19:02:51.185+0000] {dag.py:2726} INFO - Sync 1 DAGs
[2023-07-09T19:02:51.212+0000] {logging_mixin.py:149} INFO - [2023-07-09T19:02:51.211+0000] {dag.py:3490} INFO - Setting next_dagrun for example_python_operator to None, run_after=None
[2023-07-09T19:02:51.232+0000] {processor.py:179} INFO - Processing /home/airflow/.local/lib/python3.7/site-packages/airflow/example_dags/example_python_operator.py took 0.097 seconds
[2023-07-09T19:03:21.378+0000] {processor.py:157} INFO - Started process (PID=501) to work on /home/airflow/.local/lib/python3.7/site-packages/airflow/example_dags/example_python_operator.py
[2023-07-09T19:03:21.380+0000] {processor.py:826} INFO - Processing file /home/airflow/.local/lib/python3.7/site-packages/airflow/example_dags/example_python_operator.py for tasks to queue
[2023-07-09T19:03:21.380+0000] {logging_mixin.py:149} INFO - [2023-07-09T19:03:21.380+0000] {dagbag.py:541} INFO - Filling up the DagBag from /home/airflow/.local/lib/python3.7/site-packages/airflow/example_dags/example_python_operator.py
[2023-07-09T19:03:21.391+0000] {processor.py:836} INFO - DAG(s) dict_keys(['example_python_operator']) retrieved from /home/airflow/.local/lib/python3.7/site-packages/airflow/example_dags/example_python_operator.py
[2023-07-09T19:03:21.422+0000] {logging_mixin.py:149} INFO - [2023-07-09T19:03:21.422+0000] {dag.py:2726} INFO - Sync 1 DAGs
[2023-07-09T19:03:21.450+0000] {logging_mixin.py:149} INFO - [2023-07-09T19:03:21.450+0000] {dag.py:3490} INFO - Setting next_dagrun for example_python_operator to None, run_after=None
[2023-07-09T19:03:21.471+0000] {processor.py:179} INFO - Processing /home/airflow/.local/lib/python3.7/site-packages/airflow/example_dags/example_python_operator.py took 0.096 seconds
[2023-07-09T19:03:51.666+0000] {processor.py:157} INFO - Started process (PID=566) to work on /home/airflow/.local/lib/python3.7/site-packages/airflow/example_dags/example_python_operator.py
[2023-07-09T19:03:51.667+0000] {processor.py:826} INFO - Processing file /home/airflow/.local/lib/python3.7/site-packages/airflow/example_dags/example_python_operator.py for tasks to queue
[2023-07-09T19:03:51.668+0000] {logging_mixin.py:149} INFO - [2023-07-09T19:03:51.668+0000] {dagbag.py:541} INFO - Filling up the DagBag from /home/airflow/.local/lib/python3.7/site-packages/airflow/example_dags/example_python_operator.py
[2023-07-09T19:03:51.679+0000] {processor.py:836} INFO - DAG(s) dict_keys(['example_python_operator']) retrieved from /home/airflow/.local/lib/python3.7/site-packages/airflow/example_dags/example_python_operator.py
[2023-07-09T19:03:51.706+0000] {logging_mixin.py:149} INFO - [2023-07-09T19:03:51.706+0000] {dag.py:2726} INFO - Sync 1 DAGs
[2023-07-09T19:03:51.731+0000] {logging_mixin.py:149} INFO - [2023-07-09T19:03:51.731+0000] {dag.py:3490} INFO - Setting next_dagrun for example_python_operator to None, run_after=None
[2023-07-09T19:03:51.750+0000] {processor.py:179} INFO - Processing /home/airflow/.local/lib/python3.7/site-packages/airflow/example_dags/example_python_operator.py took 0.087 seconds
[2023-07-09T19:04:21.967+0000] {processor.py:157} INFO - Started process (PID=631) to work on /home/airflow/.local/lib/python3.7/site-packages/airflow/example_dags/example_python_operator.py
[2023-07-09T19:04:21.968+0000] {processor.py:826} INFO - Processing file /home/airflow/.local/lib/python3.7/site-packages/airflow/example_dags/example_python_operator.py for tasks to queue
[2023-07-09T19:04:21.969+0000] {logging_mixin.py:149} INFO - [2023-07-09T19:04:21.969+0000] {dagbag.py:541} INFO - Filling up the DagBag from /home/airflow/.local/lib/python3.7/site-packages/airflow/example_dags/example_python_operator.py
[2023-07-09T19:04:21.979+0000] {processor.py:836} INFO - DAG(s) dict_keys(['example_python_operator']) retrieved from /home/airflow/.local/lib/python3.7/site-packages/airflow/example_dags/example_python_operator.py
[2023-07-09T19:04:22.004+0000] {logging_mixin.py:149} INFO - [2023-07-09T19:04:22.004+0000] {dag.py:2726} INFO - Sync 1 DAGs
[2023-07-09T19:04:22.029+0000] {logging_mixin.py:149} INFO - [2023-07-09T19:04:22.029+0000] {dag.py:3490} INFO - Setting next_dagrun for example_python_operator to None, run_after=None
[2023-07-09T19:04:22.048+0000] {processor.py:179} INFO - Processing /home/airflow/.local/lib/python3.7/site-packages/airflow/example_dags/example_python_operator.py took 0.083 seconds
[2023-07-09T19:04:52.768+0000] {processor.py:157} INFO - Started process (PID=696) to work on /home/airflow/.local/lib/python3.7/site-packages/airflow/example_dags/example_python_operator.py
[2023-07-09T19:04:52.769+0000] {processor.py:826} INFO - Processing file /home/airflow/.local/lib/python3.7/site-packages/airflow/example_dags/example_python_operator.py for tasks to queue
[2023-07-09T19:04:52.769+0000] {logging_mixin.py:149} INFO - [2023-07-09T19:04:52.769+0000] {dagbag.py:541} INFO - Filling up the DagBag from /home/airflow/.local/lib/python3.7/site-packages/airflow/example_dags/example_python_operator.py
[2023-07-09T19:04:52.780+0000] {processor.py:836} INFO - DAG(s) dict_keys(['example_python_operator']) retrieved from /home/airflow/.local/lib/python3.7/site-packages/airflow/example_dags/example_python_operator.py
[2023-07-09T19:04:52.809+0000] {logging_mixin.py:149} INFO - [2023-07-09T19:04:52.809+0000] {dag.py:2726} INFO - Sync 1 DAGs
[2023-07-09T19:04:52.835+0000] {logging_mixin.py:149} INFO - [2023-07-09T19:04:52.835+0000] {dag.py:3490} INFO - Setting next_dagrun for example_python_operator to None, run_after=None
[2023-07-09T19:04:52.860+0000] {processor.py:179} INFO - Processing /home/airflow/.local/lib/python3.7/site-packages/airflow/example_dags/example_python_operator.py took 0.095 seconds
[2023-07-09T19:05:23.521+0000] {processor.py:157} INFO - Started process (PID=761) to work on /home/airflow/.local/lib/python3.7/site-packages/airflow/example_dags/example_python_operator.py
[2023-07-09T19:05:23.522+0000] {processor.py:826} INFO - Processing file /home/airflow/.local/lib/python3.7/site-packages/airflow/example_dags/example_python_operator.py for tasks to queue
[2023-07-09T19:05:23.523+0000] {logging_mixin.py:149} INFO - [2023-07-09T19:05:23.522+0000] {dagbag.py:541} INFO - Filling up the DagBag from /home/airflow/.local/lib/python3.7/site-packages/airflow/example_dags/example_python_operator.py
[2023-07-09T19:05:23.534+0000] {processor.py:836} INFO - DAG(s) dict_keys(['example_python_operator']) retrieved from /home/airflow/.local/lib/python3.7/site-packages/airflow/example_dags/example_python_operator.py
[2023-07-09T19:05:23.570+0000] {logging_mixin.py:149} INFO - [2023-07-09T19:05:23.569+0000] {dag.py:2726} INFO - Sync 1 DAGs
[2023-07-09T19:05:23.596+0000] {logging_mixin.py:149} INFO - [2023-07-09T19:05:23.595+0000] {dag.py:3490} INFO - Setting next_dagrun for example_python_operator to None, run_after=None
[2023-07-09T19:05:23.616+0000] {processor.py:179} INFO - Processing /home/airflow/.local/lib/python3.7/site-packages/airflow/example_dags/example_python_operator.py took 0.098 seconds
[2023-07-09T19:05:53.801+0000] {processor.py:157} INFO - Started process (PID=826) to work on /home/airflow/.local/lib/python3.7/site-packages/airflow/example_dags/example_python_operator.py
[2023-07-09T19:05:53.802+0000] {processor.py:826} INFO - Processing file /home/airflow/.local/lib/python3.7/site-packages/airflow/example_dags/example_python_operator.py for tasks to queue
[2023-07-09T19:05:53.803+0000] {logging_mixin.py:149} INFO - [2023-07-09T19:05:53.803+0000] {dagbag.py:541} INFO - Filling up the DagBag from /home/airflow/.local/lib/python3.7/site-packages/airflow/example_dags/example_python_operator.py
[2023-07-09T19:05:53.815+0000] {processor.py:836} INFO - DAG(s) dict_keys(['example_python_operator']) retrieved from /home/airflow/.local/lib/python3.7/site-packages/airflow/example_dags/example_python_operator.py
[2023-07-09T19:05:53.842+0000] {logging_mixin.py:149} INFO - [2023-07-09T19:05:53.842+0000] {dag.py:2726} INFO - Sync 1 DAGs
[2023-07-09T19:05:53.866+0000] {logging_mixin.py:149} INFO - [2023-07-09T19:05:53.866+0000] {dag.py:3490} INFO - Setting next_dagrun for example_python_operator to None, run_after=None
[2023-07-09T19:05:53.884+0000] {processor.py:179} INFO - Processing /home/airflow/.local/lib/python3.7/site-packages/airflow/example_dags/example_python_operator.py took 0.085 seconds
[2023-07-09T19:06:24.061+0000] {processor.py:157} INFO - Started process (PID=891) to work on /home/airflow/.local/lib/python3.7/site-packages/airflow/example_dags/example_python_operator.py
[2023-07-09T19:06:24.062+0000] {processor.py:826} INFO - Processing file /home/airflow/.local/lib/python3.7/site-packages/airflow/example_dags/example_python_operator.py for tasks to queue
[2023-07-09T19:06:24.063+0000] {logging_mixin.py:149} INFO - [2023-07-09T19:06:24.063+0000] {dagbag.py:541} INFO - Filling up the DagBag from /home/airflow/.local/lib/python3.7/site-packages/airflow/example_dags/example_python_operator.py
[2023-07-09T19:06:24.073+0000] {processor.py:836} INFO - DAG(s) dict_keys(['example_python_operator']) retrieved from /home/airflow/.local/lib/python3.7/site-packages/airflow/example_dags/example_python_operator.py
[2023-07-09T19:06:24.100+0000] {logging_mixin.py:149} INFO - [2023-07-09T19:06:24.100+0000] {dag.py:2726} INFO - Sync 1 DAGs
[2023-07-09T19:06:24.127+0000] {logging_mixin.py:149} INFO - [2023-07-09T19:06:24.127+0000] {dag.py:3490} INFO - Setting next_dagrun for example_python_operator to None, run_after=None
[2023-07-09T19:06:24.146+0000] {processor.py:179} INFO - Processing /home/airflow/.local/lib/python3.7/site-packages/airflow/example_dags/example_python_operator.py took 0.089 seconds
[2023-07-09T19:06:55.120+0000] {processor.py:157} INFO - Started process (PID=956) to work on /home/airflow/.local/lib/python3.7/site-packages/airflow/example_dags/example_python_operator.py
[2023-07-09T19:06:55.121+0000] {processor.py:826} INFO - Processing file /home/airflow/.local/lib/python3.7/site-packages/airflow/example_dags/example_python_operator.py for tasks to queue
[2023-07-09T19:06:55.122+0000] {logging_mixin.py:149} INFO - [2023-07-09T19:06:55.122+0000] {dagbag.py:541} INFO - Filling up the DagBag from /home/airflow/.local/lib/python3.7/site-packages/airflow/example_dags/example_python_operator.py
[2023-07-09T19:06:55.133+0000] {processor.py:836} INFO - DAG(s) dict_keys(['example_python_operator']) retrieved from /home/airflow/.local/lib/python3.7/site-packages/airflow/example_dags/example_python_operator.py
[2023-07-09T19:06:55.167+0000] {logging_mixin.py:149} INFO - [2023-07-09T19:06:55.167+0000] {dag.py:2726} INFO - Sync 1 DAGs
[2023-07-09T19:06:55.195+0000] {logging_mixin.py:149} INFO - [2023-07-09T19:06:55.195+0000] {dag.py:3490} INFO - Setting next_dagrun for example_python_operator to None, run_after=None
[2023-07-09T19:06:55.217+0000] {processor.py:179} INFO - Processing /home/airflow/.local/lib/python3.7/site-packages/airflow/example_dags/example_python_operator.py took 0.100 seconds
[2023-07-09T19:07:25.396+0000] {processor.py:157} INFO - Started process (PID=1021) to work on /home/airflow/.local/lib/python3.7/site-packages/airflow/example_dags/example_python_operator.py
[2023-07-09T19:07:25.398+0000] {processor.py:826} INFO - Processing file /home/airflow/.local/lib/python3.7/site-packages/airflow/example_dags/example_python_operator.py for tasks to queue
[2023-07-09T19:07:25.398+0000] {logging_mixin.py:149} INFO - [2023-07-09T19:07:25.398+0000] {dagbag.py:541} INFO - Filling up the DagBag from /home/airflow/.local/lib/python3.7/site-packages/airflow/example_dags/example_python_operator.py
[2023-07-09T19:07:25.408+0000] {processor.py:836} INFO - DAG(s) dict_keys(['example_python_operator']) retrieved from /home/airflow/.local/lib/python3.7/site-packages/airflow/example_dags/example_python_operator.py
[2023-07-09T19:07:25.436+0000] {logging_mixin.py:149} INFO - [2023-07-09T19:07:25.435+0000] {dag.py:2726} INFO - Sync 1 DAGs
[2023-07-09T19:07:25.465+0000] {logging_mixin.py:149} INFO - [2023-07-09T19:07:25.465+0000] {dag.py:3490} INFO - Setting next_dagrun for example_python_operator to None, run_after=None
[2023-07-09T19:07:25.484+0000] {processor.py:179} INFO - Processing /home/airflow/.local/lib/python3.7/site-packages/airflow/example_dags/example_python_operator.py took 0.090 seconds
[2023-07-09T19:07:55.576+0000] {processor.py:157} INFO - Started process (PID=1087) to work on /home/airflow/.local/lib/python3.7/site-packages/airflow/example_dags/example_python_operator.py
[2023-07-09T19:07:55.577+0000] {processor.py:826} INFO - Processing file /home/airflow/.local/lib/python3.7/site-packages/airflow/example_dags/example_python_operator.py for tasks to queue
[2023-07-09T19:07:55.578+0000] {logging_mixin.py:149} INFO - [2023-07-09T19:07:55.578+0000] {dagbag.py:541} INFO - Filling up the DagBag from /home/airflow/.local/lib/python3.7/site-packages/airflow/example_dags/example_python_operator.py
[2023-07-09T19:07:55.592+0000] {processor.py:836} INFO - DAG(s) dict_keys(['example_python_operator']) retrieved from /home/airflow/.local/lib/python3.7/site-packages/airflow/example_dags/example_python_operator.py
[2023-07-09T19:07:55.619+0000] {logging_mixin.py:149} INFO - [2023-07-09T19:07:55.619+0000] {dag.py:2726} INFO - Sync 1 DAGs
[2023-07-09T19:07:55.646+0000] {logging_mixin.py:149} INFO - [2023-07-09T19:07:55.646+0000] {dag.py:3490} INFO - Setting next_dagrun for example_python_operator to None, run_after=None
[2023-07-09T19:07:55.667+0000] {processor.py:179} INFO - Processing /home/airflow/.local/lib/python3.7/site-packages/airflow/example_dags/example_python_operator.py took 0.095 seconds
