[2023-07-09T18:59:51.226+0000] {processor.py:157} INFO - Started process (PID=60) to work on /home/airflow/.local/lib/python3.7/site-packages/airflow/example_dags/example_task_group_decorator.py
[2023-07-09T18:59:51.227+0000] {processor.py:826} INFO - Processing file /home/airflow/.local/lib/python3.7/site-packages/airflow/example_dags/example_task_group_decorator.py for tasks to queue
[2023-07-09T18:59:51.228+0000] {logging_mixin.py:149} INFO - [2023-07-09T18:59:51.228+0000] {dagbag.py:541} INFO - Filling up the DagBag from /home/airflow/.local/lib/python3.7/site-packages/airflow/example_dags/example_task_group_decorator.py
[2023-07-09T18:59:51.246+0000] {processor.py:836} INFO - DAG(s) dict_keys(['example_task_group_decorator']) retrieved from /home/airflow/.local/lib/python3.7/site-packages/airflow/example_dags/example_task_group_decorator.py
[2023-07-09T18:59:51.369+0000] {logging_mixin.py:149} INFO - [2023-07-09T18:59:51.369+0000] {manager.py:504} INFO - Created Permission View: can read on DAG:example_task_group_decorator
[2023-07-09T18:59:51.379+0000] {logging_mixin.py:149} INFO - [2023-07-09T18:59:51.379+0000] {manager.py:504} INFO - Created Permission View: can edit on DAG:example_task_group_decorator
[2023-07-09T18:59:51.386+0000] {logging_mixin.py:149} INFO - [2023-07-09T18:59:51.386+0000] {manager.py:504} INFO - Created Permission View: can delete on DAG:example_task_group_decorator
[2023-07-09T18:59:51.403+0000] {logging_mixin.py:149} INFO - [2023-07-09T18:59:51.402+0000] {dag.py:2726} INFO - Sync 1 DAGs
[2023-07-09T18:59:51.418+0000] {logging_mixin.py:149} INFO - [2023-07-09T18:59:51.418+0000] {dag.py:2747} INFO - Creating ORM DAG for example_task_group_decorator
[2023-07-09T18:59:51.430+0000] {logging_mixin.py:149} INFO - [2023-07-09T18:59:51.429+0000] {dag.py:3490} INFO - Setting next_dagrun for example_task_group_decorator to 2023-07-08T18:59:51.429615+00:00, run_after=2023-07-09T18:59:51.429615+00:00
[2023-07-09T18:59:51.448+0000] {processor.py:179} INFO - Processing /home/airflow/.local/lib/python3.7/site-packages/airflow/example_dags/example_task_group_decorator.py took 0.225 seconds
[2023-07-09T19:00:21.999+0000] {processor.py:157} INFO - Started process (PID=125) to work on /home/airflow/.local/lib/python3.7/site-packages/airflow/example_dags/example_task_group_decorator.py
[2023-07-09T19:00:22.000+0000] {processor.py:826} INFO - Processing file /home/airflow/.local/lib/python3.7/site-packages/airflow/example_dags/example_task_group_decorator.py for tasks to queue
[2023-07-09T19:00:22.001+0000] {logging_mixin.py:149} INFO - [2023-07-09T19:00:22.001+0000] {dagbag.py:541} INFO - Filling up the DagBag from /home/airflow/.local/lib/python3.7/site-packages/airflow/example_dags/example_task_group_decorator.py
[2023-07-09T19:00:22.015+0000] {processor.py:836} INFO - DAG(s) dict_keys(['example_task_group_decorator']) retrieved from /home/airflow/.local/lib/python3.7/site-packages/airflow/example_dags/example_task_group_decorator.py
[2023-07-09T19:00:22.043+0000] {logging_mixin.py:149} INFO - [2023-07-09T19:00:22.043+0000] {dag.py:2726} INFO - Sync 1 DAGs
[2023-07-09T19:00:22.069+0000] {logging_mixin.py:149} INFO - [2023-07-09T19:00:22.069+0000] {dag.py:3490} INFO - Setting next_dagrun for example_task_group_decorator to 2023-07-08T19:00:22.069447+00:00, run_after=2023-07-09T19:00:22.069447+00:00
[2023-07-09T19:00:22.093+0000] {processor.py:179} INFO - Processing /home/airflow/.local/lib/python3.7/site-packages/airflow/example_dags/example_task_group_decorator.py took 0.097 seconds
[2023-07-09T19:00:52.245+0000] {processor.py:157} INFO - Started process (PID=190) to work on /home/airflow/.local/lib/python3.7/site-packages/airflow/example_dags/example_task_group_decorator.py
[2023-07-09T19:00:52.246+0000] {processor.py:826} INFO - Processing file /home/airflow/.local/lib/python3.7/site-packages/airflow/example_dags/example_task_group_decorator.py for tasks to queue
[2023-07-09T19:00:52.248+0000] {logging_mixin.py:149} INFO - [2023-07-09T19:00:52.248+0000] {dagbag.py:541} INFO - Filling up the DagBag from /home/airflow/.local/lib/python3.7/site-packages/airflow/example_dags/example_task_group_decorator.py
[2023-07-09T19:00:52.268+0000] {processor.py:836} INFO - DAG(s) dict_keys(['example_task_group_decorator']) retrieved from /home/airflow/.local/lib/python3.7/site-packages/airflow/example_dags/example_task_group_decorator.py
[2023-07-09T19:00:52.299+0000] {logging_mixin.py:149} INFO - [2023-07-09T19:00:52.299+0000] {dag.py:2726} INFO - Sync 1 DAGs
[2023-07-09T19:00:52.331+0000] {logging_mixin.py:149} INFO - [2023-07-09T19:00:52.330+0000] {dag.py:3490} INFO - Setting next_dagrun for example_task_group_decorator to 2023-07-08T19:00:52.330602+00:00, run_after=2023-07-09T19:00:52.330602+00:00
[2023-07-09T19:00:52.355+0000] {processor.py:179} INFO - Processing /home/airflow/.local/lib/python3.7/site-packages/airflow/example_dags/example_task_group_decorator.py took 0.114 seconds
[2023-07-09T19:01:23.297+0000] {processor.py:157} INFO - Started process (PID=255) to work on /home/airflow/.local/lib/python3.7/site-packages/airflow/example_dags/example_task_group_decorator.py
[2023-07-09T19:01:23.298+0000] {processor.py:826} INFO - Processing file /home/airflow/.local/lib/python3.7/site-packages/airflow/example_dags/example_task_group_decorator.py for tasks to queue
[2023-07-09T19:01:23.299+0000] {logging_mixin.py:149} INFO - [2023-07-09T19:01:23.299+0000] {dagbag.py:541} INFO - Filling up the DagBag from /home/airflow/.local/lib/python3.7/site-packages/airflow/example_dags/example_task_group_decorator.py
[2023-07-09T19:01:23.313+0000] {processor.py:836} INFO - DAG(s) dict_keys(['example_task_group_decorator']) retrieved from /home/airflow/.local/lib/python3.7/site-packages/airflow/example_dags/example_task_group_decorator.py
[2023-07-09T19:01:23.339+0000] {logging_mixin.py:149} INFO - [2023-07-09T19:01:23.339+0000] {dag.py:2726} INFO - Sync 1 DAGs
[2023-07-09T19:01:23.364+0000] {logging_mixin.py:149} INFO - [2023-07-09T19:01:23.364+0000] {dag.py:3490} INFO - Setting next_dagrun for example_task_group_decorator to 2023-07-08T19:01:23.363792+00:00, run_after=2023-07-09T19:01:23.363792+00:00
[2023-07-09T19:01:23.384+0000] {processor.py:179} INFO - Processing /home/airflow/.local/lib/python3.7/site-packages/airflow/example_dags/example_task_group_decorator.py took 0.091 seconds
[2023-07-09T19:01:53.874+0000] {processor.py:157} INFO - Started process (PID=320) to work on /home/airflow/.local/lib/python3.7/site-packages/airflow/example_dags/example_task_group_decorator.py
[2023-07-09T19:01:53.876+0000] {processor.py:826} INFO - Processing file /home/airflow/.local/lib/python3.7/site-packages/airflow/example_dags/example_task_group_decorator.py for tasks to queue
[2023-07-09T19:01:53.876+0000] {logging_mixin.py:149} INFO - [2023-07-09T19:01:53.876+0000] {dagbag.py:541} INFO - Filling up the DagBag from /home/airflow/.local/lib/python3.7/site-packages/airflow/example_dags/example_task_group_decorator.py
[2023-07-09T19:01:53.889+0000] {processor.py:836} INFO - DAG(s) dict_keys(['example_task_group_decorator']) retrieved from /home/airflow/.local/lib/python3.7/site-packages/airflow/example_dags/example_task_group_decorator.py
[2023-07-09T19:01:53.916+0000] {logging_mixin.py:149} INFO - [2023-07-09T19:01:53.915+0000] {dag.py:2726} INFO - Sync 1 DAGs
[2023-07-09T19:01:53.940+0000] {logging_mixin.py:149} INFO - [2023-07-09T19:01:53.940+0000] {dag.py:3490} INFO - Setting next_dagrun for example_task_group_decorator to 2023-07-08T19:01:53.939840+00:00, run_after=2023-07-09T19:01:53.939840+00:00
[2023-07-09T19:01:53.961+0000] {processor.py:179} INFO - Processing /home/airflow/.local/lib/python3.7/site-packages/airflow/example_dags/example_task_group_decorator.py took 0.090 seconds
[2023-07-09T19:02:24.594+0000] {processor.py:157} INFO - Started process (PID=385) to work on /home/airflow/.local/lib/python3.7/site-packages/airflow/example_dags/example_task_group_decorator.py
[2023-07-09T19:02:24.595+0000] {processor.py:826} INFO - Processing file /home/airflow/.local/lib/python3.7/site-packages/airflow/example_dags/example_task_group_decorator.py for tasks to queue
[2023-07-09T19:02:24.595+0000] {logging_mixin.py:149} INFO - [2023-07-09T19:02:24.595+0000] {dagbag.py:541} INFO - Filling up the DagBag from /home/airflow/.local/lib/python3.7/site-packages/airflow/example_dags/example_task_group_decorator.py
[2023-07-09T19:02:24.608+0000] {processor.py:836} INFO - DAG(s) dict_keys(['example_task_group_decorator']) retrieved from /home/airflow/.local/lib/python3.7/site-packages/airflow/example_dags/example_task_group_decorator.py
[2023-07-09T19:02:24.634+0000] {logging_mixin.py:149} INFO - [2023-07-09T19:02:24.634+0000] {dag.py:2726} INFO - Sync 1 DAGs
[2023-07-09T19:02:24.658+0000] {logging_mixin.py:149} INFO - [2023-07-09T19:02:24.658+0000] {dag.py:3490} INFO - Setting next_dagrun for example_task_group_decorator to 2023-07-08T19:02:24.657875+00:00, run_after=2023-07-09T19:02:24.657875+00:00
[2023-07-09T19:02:24.679+0000] {processor.py:179} INFO - Processing /home/airflow/.local/lib/python3.7/site-packages/airflow/example_dags/example_task_group_decorator.py took 0.089 seconds
[2023-07-09T19:02:54.799+0000] {processor.py:157} INFO - Started process (PID=449) to work on /home/airflow/.local/lib/python3.7/site-packages/airflow/example_dags/example_task_group_decorator.py
[2023-07-09T19:02:54.803+0000] {processor.py:826} INFO - Processing file /home/airflow/.local/lib/python3.7/site-packages/airflow/example_dags/example_task_group_decorator.py for tasks to queue
[2023-07-09T19:02:54.803+0000] {logging_mixin.py:149} INFO - [2023-07-09T19:02:54.803+0000] {dagbag.py:541} INFO - Filling up the DagBag from /home/airflow/.local/lib/python3.7/site-packages/airflow/example_dags/example_task_group_decorator.py
[2023-07-09T19:02:54.819+0000] {processor.py:836} INFO - DAG(s) dict_keys(['example_task_group_decorator']) retrieved from /home/airflow/.local/lib/python3.7/site-packages/airflow/example_dags/example_task_group_decorator.py
[2023-07-09T19:02:54.849+0000] {logging_mixin.py:149} INFO - [2023-07-09T19:02:54.849+0000] {dag.py:2726} INFO - Sync 1 DAGs
[2023-07-09T19:02:54.876+0000] {logging_mixin.py:149} INFO - [2023-07-09T19:02:54.876+0000] {dag.py:3490} INFO - Setting next_dagrun for example_task_group_decorator to 2023-07-08T19:02:54.876603+00:00, run_after=2023-07-09T19:02:54.876603+00:00
[2023-07-09T19:02:54.899+0000] {processor.py:179} INFO - Processing /home/airflow/.local/lib/python3.7/site-packages/airflow/example_dags/example_task_group_decorator.py took 0.103 seconds
[2023-07-09T19:03:24.919+0000] {processor.py:157} INFO - Started process (PID=514) to work on /home/airflow/.local/lib/python3.7/site-packages/airflow/example_dags/example_task_group_decorator.py
[2023-07-09T19:03:24.923+0000] {processor.py:826} INFO - Processing file /home/airflow/.local/lib/python3.7/site-packages/airflow/example_dags/example_task_group_decorator.py for tasks to queue
[2023-07-09T19:03:24.924+0000] {logging_mixin.py:149} INFO - [2023-07-09T19:03:24.924+0000] {dagbag.py:541} INFO - Filling up the DagBag from /home/airflow/.local/lib/python3.7/site-packages/airflow/example_dags/example_task_group_decorator.py
[2023-07-09T19:03:24.941+0000] {processor.py:836} INFO - DAG(s) dict_keys(['example_task_group_decorator']) retrieved from /home/airflow/.local/lib/python3.7/site-packages/airflow/example_dags/example_task_group_decorator.py
[2023-07-09T19:03:24.975+0000] {logging_mixin.py:149} INFO - [2023-07-09T19:03:24.975+0000] {dag.py:2726} INFO - Sync 1 DAGs
[2023-07-09T19:03:25.014+0000] {logging_mixin.py:149} INFO - [2023-07-09T19:03:25.014+0000] {dag.py:3490} INFO - Setting next_dagrun for example_task_group_decorator to 2023-07-08T19:03:25.013909+00:00, run_after=2023-07-09T19:03:25.013909+00:00
[2023-07-09T19:03:25.038+0000] {processor.py:179} INFO - Processing /home/airflow/.local/lib/python3.7/site-packages/airflow/example_dags/example_task_group_decorator.py took 0.122 seconds
[2023-07-09T19:03:55.204+0000] {processor.py:157} INFO - Started process (PID=579) to work on /home/airflow/.local/lib/python3.7/site-packages/airflow/example_dags/example_task_group_decorator.py
[2023-07-09T19:03:55.205+0000] {processor.py:826} INFO - Processing file /home/airflow/.local/lib/python3.7/site-packages/airflow/example_dags/example_task_group_decorator.py for tasks to queue
[2023-07-09T19:03:55.206+0000] {logging_mixin.py:149} INFO - [2023-07-09T19:03:55.206+0000] {dagbag.py:541} INFO - Filling up the DagBag from /home/airflow/.local/lib/python3.7/site-packages/airflow/example_dags/example_task_group_decorator.py
[2023-07-09T19:03:55.219+0000] {processor.py:836} INFO - DAG(s) dict_keys(['example_task_group_decorator']) retrieved from /home/airflow/.local/lib/python3.7/site-packages/airflow/example_dags/example_task_group_decorator.py
[2023-07-09T19:03:55.245+0000] {logging_mixin.py:149} INFO - [2023-07-09T19:03:55.245+0000] {dag.py:2726} INFO - Sync 1 DAGs
[2023-07-09T19:03:55.269+0000] {logging_mixin.py:149} INFO - [2023-07-09T19:03:55.269+0000] {dag.py:3490} INFO - Setting next_dagrun for example_task_group_decorator to 2023-07-08T19:03:55.269257+00:00, run_after=2023-07-09T19:03:55.269257+00:00
[2023-07-09T19:03:55.291+0000] {processor.py:179} INFO - Processing /home/airflow/.local/lib/python3.7/site-packages/airflow/example_dags/example_task_group_decorator.py took 0.090 seconds
[2023-07-09T19:04:25.586+0000] {processor.py:157} INFO - Started process (PID=644) to work on /home/airflow/.local/lib/python3.7/site-packages/airflow/example_dags/example_task_group_decorator.py
[2023-07-09T19:04:25.589+0000] {processor.py:826} INFO - Processing file /home/airflow/.local/lib/python3.7/site-packages/airflow/example_dags/example_task_group_decorator.py for tasks to queue
[2023-07-09T19:04:25.590+0000] {logging_mixin.py:149} INFO - [2023-07-09T19:04:25.590+0000] {dagbag.py:541} INFO - Filling up the DagBag from /home/airflow/.local/lib/python3.7/site-packages/airflow/example_dags/example_task_group_decorator.py
[2023-07-09T19:04:25.612+0000] {processor.py:836} INFO - DAG(s) dict_keys(['example_task_group_decorator']) retrieved from /home/airflow/.local/lib/python3.7/site-packages/airflow/example_dags/example_task_group_decorator.py
[2023-07-09T19:04:25.647+0000] {logging_mixin.py:149} INFO - [2023-07-09T19:04:25.647+0000] {dag.py:2726} INFO - Sync 1 DAGs
[2023-07-09T19:04:25.685+0000] {logging_mixin.py:149} INFO - [2023-07-09T19:04:25.685+0000] {dag.py:3490} INFO - Setting next_dagrun for example_task_group_decorator to 2023-07-08T19:04:25.684790+00:00, run_after=2023-07-09T19:04:25.684790+00:00
[2023-07-09T19:04:25.713+0000] {processor.py:179} INFO - Processing /home/airflow/.local/lib/python3.7/site-packages/airflow/example_dags/example_task_group_decorator.py took 0.134 seconds
[2023-07-09T19:04:56.331+0000] {processor.py:157} INFO - Started process (PID=709) to work on /home/airflow/.local/lib/python3.7/site-packages/airflow/example_dags/example_task_group_decorator.py
[2023-07-09T19:04:56.333+0000] {processor.py:826} INFO - Processing file /home/airflow/.local/lib/python3.7/site-packages/airflow/example_dags/example_task_group_decorator.py for tasks to queue
[2023-07-09T19:04:56.334+0000] {logging_mixin.py:149} INFO - [2023-07-09T19:04:56.334+0000] {dagbag.py:541} INFO - Filling up the DagBag from /home/airflow/.local/lib/python3.7/site-packages/airflow/example_dags/example_task_group_decorator.py
[2023-07-09T19:04:56.348+0000] {processor.py:836} INFO - DAG(s) dict_keys(['example_task_group_decorator']) retrieved from /home/airflow/.local/lib/python3.7/site-packages/airflow/example_dags/example_task_group_decorator.py
[2023-07-09T19:04:56.376+0000] {logging_mixin.py:149} INFO - [2023-07-09T19:04:56.376+0000] {dag.py:2726} INFO - Sync 1 DAGs
[2023-07-09T19:04:56.402+0000] {logging_mixin.py:149} INFO - [2023-07-09T19:04:56.402+0000] {dag.py:3490} INFO - Setting next_dagrun for example_task_group_decorator to 2023-07-08T19:04:56.402019+00:00, run_after=2023-07-09T19:04:56.402019+00:00
[2023-07-09T19:04:56.424+0000] {processor.py:179} INFO - Processing /home/airflow/.local/lib/python3.7/site-packages/airflow/example_dags/example_task_group_decorator.py took 0.096 seconds
[2023-07-09T19:05:26.454+0000] {processor.py:157} INFO - Started process (PID=775) to work on /home/airflow/.local/lib/python3.7/site-packages/airflow/example_dags/example_task_group_decorator.py
[2023-07-09T19:05:26.455+0000] {processor.py:826} INFO - Processing file /home/airflow/.local/lib/python3.7/site-packages/airflow/example_dags/example_task_group_decorator.py for tasks to queue
[2023-07-09T19:05:26.456+0000] {logging_mixin.py:149} INFO - [2023-07-09T19:05:26.455+0000] {dagbag.py:541} INFO - Filling up the DagBag from /home/airflow/.local/lib/python3.7/site-packages/airflow/example_dags/example_task_group_decorator.py
[2023-07-09T19:05:26.474+0000] {processor.py:836} INFO - DAG(s) dict_keys(['example_task_group_decorator']) retrieved from /home/airflow/.local/lib/python3.7/site-packages/airflow/example_dags/example_task_group_decorator.py
[2023-07-09T19:05:26.504+0000] {logging_mixin.py:149} INFO - [2023-07-09T19:05:26.504+0000] {dag.py:2726} INFO - Sync 1 DAGs
[2023-07-09T19:05:26.531+0000] {logging_mixin.py:149} INFO - [2023-07-09T19:05:26.531+0000] {dag.py:3490} INFO - Setting next_dagrun for example_task_group_decorator to 2023-07-08T19:05:26.531021+00:00, run_after=2023-07-09T19:05:26.531021+00:00
[2023-07-09T19:05:26.561+0000] {processor.py:179} INFO - Processing /home/airflow/.local/lib/python3.7/site-packages/airflow/example_dags/example_task_group_decorator.py took 0.111 seconds
[2023-07-09T19:05:57.439+0000] {processor.py:157} INFO - Started process (PID=839) to work on /home/airflow/.local/lib/python3.7/site-packages/airflow/example_dags/example_task_group_decorator.py
[2023-07-09T19:05:57.440+0000] {processor.py:826} INFO - Processing file /home/airflow/.local/lib/python3.7/site-packages/airflow/example_dags/example_task_group_decorator.py for tasks to queue
[2023-07-09T19:05:57.440+0000] {logging_mixin.py:149} INFO - [2023-07-09T19:05:57.440+0000] {dagbag.py:541} INFO - Filling up the DagBag from /home/airflow/.local/lib/python3.7/site-packages/airflow/example_dags/example_task_group_decorator.py
[2023-07-09T19:05:57.454+0000] {processor.py:836} INFO - DAG(s) dict_keys(['example_task_group_decorator']) retrieved from /home/airflow/.local/lib/python3.7/site-packages/airflow/example_dags/example_task_group_decorator.py
[2023-07-09T19:05:57.480+0000] {logging_mixin.py:149} INFO - [2023-07-09T19:05:57.480+0000] {dag.py:2726} INFO - Sync 1 DAGs
[2023-07-09T19:05:57.504+0000] {logging_mixin.py:149} INFO - [2023-07-09T19:05:57.504+0000] {dag.py:3490} INFO - Setting next_dagrun for example_task_group_decorator to 2023-07-08T19:05:57.504406+00:00, run_after=2023-07-09T19:05:57.504406+00:00
[2023-07-09T19:05:57.525+0000] {processor.py:179} INFO - Processing /home/airflow/.local/lib/python3.7/site-packages/airflow/example_dags/example_task_group_decorator.py took 0.089 seconds
[2023-07-09T19:06:27.638+0000] {processor.py:157} INFO - Started process (PID=904) to work on /home/airflow/.local/lib/python3.7/site-packages/airflow/example_dags/example_task_group_decorator.py
[2023-07-09T19:06:27.639+0000] {processor.py:826} INFO - Processing file /home/airflow/.local/lib/python3.7/site-packages/airflow/example_dags/example_task_group_decorator.py for tasks to queue
[2023-07-09T19:06:27.640+0000] {logging_mixin.py:149} INFO - [2023-07-09T19:06:27.640+0000] {dagbag.py:541} INFO - Filling up the DagBag from /home/airflow/.local/lib/python3.7/site-packages/airflow/example_dags/example_task_group_decorator.py
[2023-07-09T19:06:27.654+0000] {processor.py:836} INFO - DAG(s) dict_keys(['example_task_group_decorator']) retrieved from /home/airflow/.local/lib/python3.7/site-packages/airflow/example_dags/example_task_group_decorator.py
[2023-07-09T19:06:27.681+0000] {logging_mixin.py:149} INFO - [2023-07-09T19:06:27.681+0000] {dag.py:2726} INFO - Sync 1 DAGs
[2023-07-09T19:06:27.706+0000] {logging_mixin.py:149} INFO - [2023-07-09T19:06:27.706+0000] {dag.py:3490} INFO - Setting next_dagrun for example_task_group_decorator to 2023-07-08T19:06:27.706070+00:00, run_after=2023-07-09T19:06:27.706070+00:00
[2023-07-09T19:06:27.725+0000] {processor.py:179} INFO - Processing /home/airflow/.local/lib/python3.7/site-packages/airflow/example_dags/example_task_group_decorator.py took 0.090 seconds
[2023-07-09T19:06:57.771+0000] {processor.py:157} INFO - Started process (PID=969) to work on /home/airflow/.local/lib/python3.7/site-packages/airflow/example_dags/example_task_group_decorator.py
[2023-07-09T19:06:57.773+0000] {processor.py:826} INFO - Processing file /home/airflow/.local/lib/python3.7/site-packages/airflow/example_dags/example_task_group_decorator.py for tasks to queue
[2023-07-09T19:06:57.774+0000] {logging_mixin.py:149} INFO - [2023-07-09T19:06:57.774+0000] {dagbag.py:541} INFO - Filling up the DagBag from /home/airflow/.local/lib/python3.7/site-packages/airflow/example_dags/example_task_group_decorator.py
[2023-07-09T19:06:57.790+0000] {processor.py:836} INFO - DAG(s) dict_keys(['example_task_group_decorator']) retrieved from /home/airflow/.local/lib/python3.7/site-packages/airflow/example_dags/example_task_group_decorator.py
[2023-07-09T19:06:57.822+0000] {logging_mixin.py:149} INFO - [2023-07-09T19:06:57.821+0000] {dag.py:2726} INFO - Sync 1 DAGs
[2023-07-09T19:06:57.849+0000] {logging_mixin.py:149} INFO - [2023-07-09T19:06:57.849+0000] {dag.py:3490} INFO - Setting next_dagrun for example_task_group_decorator to 2023-07-08T19:06:57.849114+00:00, run_after=2023-07-09T19:06:57.849114+00:00
[2023-07-09T19:06:57.872+0000] {processor.py:179} INFO - Processing /home/airflow/.local/lib/python3.7/site-packages/airflow/example_dags/example_task_group_decorator.py took 0.104 seconds
[2023-07-09T19:07:28.012+0000] {processor.py:157} INFO - Started process (PID=1034) to work on /home/airflow/.local/lib/python3.7/site-packages/airflow/example_dags/example_task_group_decorator.py
[2023-07-09T19:07:28.013+0000] {processor.py:826} INFO - Processing file /home/airflow/.local/lib/python3.7/site-packages/airflow/example_dags/example_task_group_decorator.py for tasks to queue
[2023-07-09T19:07:28.013+0000] {logging_mixin.py:149} INFO - [2023-07-09T19:07:28.013+0000] {dagbag.py:541} INFO - Filling up the DagBag from /home/airflow/.local/lib/python3.7/site-packages/airflow/example_dags/example_task_group_decorator.py
[2023-07-09T19:07:28.027+0000] {processor.py:836} INFO - DAG(s) dict_keys(['example_task_group_decorator']) retrieved from /home/airflow/.local/lib/python3.7/site-packages/airflow/example_dags/example_task_group_decorator.py
[2023-07-09T19:07:28.054+0000] {logging_mixin.py:149} INFO - [2023-07-09T19:07:28.053+0000] {dag.py:2726} INFO - Sync 1 DAGs
[2023-07-09T19:07:28.077+0000] {logging_mixin.py:149} INFO - [2023-07-09T19:07:28.077+0000] {dag.py:3490} INFO - Setting next_dagrun for example_task_group_decorator to 2023-07-08T19:07:28.077454+00:00, run_after=2023-07-09T19:07:28.077454+00:00
[2023-07-09T19:07:28.095+0000] {processor.py:179} INFO - Processing /home/airflow/.local/lib/python3.7/site-packages/airflow/example_dags/example_task_group_decorator.py took 0.086 seconds
[2023-07-09T19:07:58.181+0000] {processor.py:157} INFO - Started process (PID=1099) to work on /home/airflow/.local/lib/python3.7/site-packages/airflow/example_dags/example_task_group_decorator.py
[2023-07-09T19:07:58.182+0000] {processor.py:826} INFO - Processing file /home/airflow/.local/lib/python3.7/site-packages/airflow/example_dags/example_task_group_decorator.py for tasks to queue
[2023-07-09T19:07:58.183+0000] {logging_mixin.py:149} INFO - [2023-07-09T19:07:58.183+0000] {dagbag.py:541} INFO - Filling up the DagBag from /home/airflow/.local/lib/python3.7/site-packages/airflow/example_dags/example_task_group_decorator.py
[2023-07-09T19:07:58.196+0000] {processor.py:836} INFO - DAG(s) dict_keys(['example_task_group_decorator']) retrieved from /home/airflow/.local/lib/python3.7/site-packages/airflow/example_dags/example_task_group_decorator.py
[2023-07-09T19:07:58.223+0000] {logging_mixin.py:149} INFO - [2023-07-09T19:07:58.223+0000] {dag.py:2726} INFO - Sync 1 DAGs
[2023-07-09T19:07:58.247+0000] {logging_mixin.py:149} INFO - [2023-07-09T19:07:58.247+0000] {dag.py:3490} INFO - Setting next_dagrun for example_task_group_decorator to 2023-07-08T19:07:58.246946+00:00, run_after=2023-07-09T19:07:58.246946+00:00
[2023-07-09T19:07:58.268+0000] {processor.py:179} INFO - Processing /home/airflow/.local/lib/python3.7/site-packages/airflow/example_dags/example_task_group_decorator.py took 0.089 seconds
