[2023-07-09T18:59:46.692+0000] {processor.py:157} INFO - Started process (PID=34) to work on /home/airflow/.local/lib/python3.7/site-packages/airflow/example_dags/example_sensors.py
[2023-07-09T18:59:46.693+0000] {processor.py:826} INFO - Processing file /home/airflow/.local/lib/python3.7/site-packages/airflow/example_dags/example_sensors.py for tasks to queue
[2023-07-09T18:59:46.693+0000] {logging_mixin.py:149} INFO - [2023-07-09T18:59:46.693+0000] {dagbag.py:541} INFO - Filling up the DagBag from /home/airflow/.local/lib/python3.7/site-packages/airflow/example_dags/example_sensors.py
[2023-07-09T18:59:46.705+0000] {processor.py:836} INFO - DAG(s) dict_keys(['example_sensors']) retrieved from /home/airflow/.local/lib/python3.7/site-packages/airflow/example_dags/example_sensors.py
[2023-07-09T18:59:46.837+0000] {logging_mixin.py:149} INFO - [2023-07-09T18:59:46.837+0000] {manager.py:504} INFO - Created Permission View: can read on DAG:example_sensors
[2023-07-09T18:59:46.849+0000] {logging_mixin.py:149} INFO - [2023-07-09T18:59:46.849+0000] {manager.py:504} INFO - Created Permission View: can edit on DAG:example_sensors
[2023-07-09T18:59:46.856+0000] {logging_mixin.py:149} INFO - [2023-07-09T18:59:46.856+0000] {manager.py:504} INFO - Created Permission View: can delete on DAG:example_sensors
[2023-07-09T18:59:46.873+0000] {logging_mixin.py:149} INFO - [2023-07-09T18:59:46.873+0000] {dag.py:2726} INFO - Sync 1 DAGs
[2023-07-09T18:59:46.889+0000] {logging_mixin.py:149} INFO - [2023-07-09T18:59:46.889+0000] {dag.py:2747} INFO - Creating ORM DAG for example_sensors
[2023-07-09T18:59:46.905+0000] {logging_mixin.py:149} INFO - [2023-07-09T18:59:46.905+0000] {dag.py:3490} INFO - Setting next_dagrun for example_sensors to None, run_after=None
[2023-07-09T18:59:46.932+0000] {processor.py:179} INFO - Processing /home/airflow/.local/lib/python3.7/site-packages/airflow/example_dags/example_sensors.py took 0.243 seconds
[2023-07-09T19:00:17.458+0000] {processor.py:157} INFO - Started process (PID=99) to work on /home/airflow/.local/lib/python3.7/site-packages/airflow/example_dags/example_sensors.py
[2023-07-09T19:00:17.459+0000] {processor.py:826} INFO - Processing file /home/airflow/.local/lib/python3.7/site-packages/airflow/example_dags/example_sensors.py for tasks to queue
[2023-07-09T19:00:17.459+0000] {logging_mixin.py:149} INFO - [2023-07-09T19:00:17.459+0000] {dagbag.py:541} INFO - Filling up the DagBag from /home/airflow/.local/lib/python3.7/site-packages/airflow/example_dags/example_sensors.py
[2023-07-09T19:00:17.469+0000] {processor.py:836} INFO - DAG(s) dict_keys(['example_sensors']) retrieved from /home/airflow/.local/lib/python3.7/site-packages/airflow/example_dags/example_sensors.py
[2023-07-09T19:00:17.499+0000] {logging_mixin.py:149} INFO - [2023-07-09T19:00:17.499+0000] {dag.py:2726} INFO - Sync 1 DAGs
[2023-07-09T19:00:17.523+0000] {logging_mixin.py:149} INFO - [2023-07-09T19:00:17.523+0000] {dag.py:3490} INFO - Setting next_dagrun for example_sensors to None, run_after=None
[2023-07-09T19:00:17.556+0000] {processor.py:179} INFO - Processing /home/airflow/.local/lib/python3.7/site-packages/airflow/example_dags/example_sensors.py took 0.101 seconds
[2023-07-09T19:00:47.639+0000] {processor.py:157} INFO - Started process (PID=164) to work on /home/airflow/.local/lib/python3.7/site-packages/airflow/example_dags/example_sensors.py
[2023-07-09T19:00:47.640+0000] {processor.py:826} INFO - Processing file /home/airflow/.local/lib/python3.7/site-packages/airflow/example_dags/example_sensors.py for tasks to queue
[2023-07-09T19:00:47.641+0000] {logging_mixin.py:149} INFO - [2023-07-09T19:00:47.641+0000] {dagbag.py:541} INFO - Filling up the DagBag from /home/airflow/.local/lib/python3.7/site-packages/airflow/example_dags/example_sensors.py
[2023-07-09T19:00:47.650+0000] {processor.py:836} INFO - DAG(s) dict_keys(['example_sensors']) retrieved from /home/airflow/.local/lib/python3.7/site-packages/airflow/example_dags/example_sensors.py
[2023-07-09T19:00:47.675+0000] {logging_mixin.py:149} INFO - [2023-07-09T19:00:47.675+0000] {dag.py:2726} INFO - Sync 1 DAGs
[2023-07-09T19:00:47.697+0000] {logging_mixin.py:149} INFO - [2023-07-09T19:00:47.697+0000] {dag.py:3490} INFO - Setting next_dagrun for example_sensors to None, run_after=None
[2023-07-09T19:00:47.714+0000] {processor.py:179} INFO - Processing /home/airflow/.local/lib/python3.7/site-packages/airflow/example_dags/example_sensors.py took 0.078 seconds
[2023-07-09T19:01:17.908+0000] {processor.py:157} INFO - Started process (PID=229) to work on /home/airflow/.local/lib/python3.7/site-packages/airflow/example_dags/example_sensors.py
[2023-07-09T19:01:17.909+0000] {processor.py:826} INFO - Processing file /home/airflow/.local/lib/python3.7/site-packages/airflow/example_dags/example_sensors.py for tasks to queue
[2023-07-09T19:01:17.910+0000] {logging_mixin.py:149} INFO - [2023-07-09T19:01:17.910+0000] {dagbag.py:541} INFO - Filling up the DagBag from /home/airflow/.local/lib/python3.7/site-packages/airflow/example_dags/example_sensors.py
[2023-07-09T19:01:17.919+0000] {processor.py:836} INFO - DAG(s) dict_keys(['example_sensors']) retrieved from /home/airflow/.local/lib/python3.7/site-packages/airflow/example_dags/example_sensors.py
[2023-07-09T19:01:17.945+0000] {logging_mixin.py:149} INFO - [2023-07-09T19:01:17.945+0000] {dag.py:2726} INFO - Sync 1 DAGs
[2023-07-09T19:01:17.969+0000] {logging_mixin.py:149} INFO - [2023-07-09T19:01:17.969+0000] {dag.py:3490} INFO - Setting next_dagrun for example_sensors to None, run_after=None
[2023-07-09T19:01:17.990+0000] {processor.py:179} INFO - Processing /home/airflow/.local/lib/python3.7/site-packages/airflow/example_dags/example_sensors.py took 0.085 seconds
[2023-07-09T19:01:48.501+0000] {processor.py:157} INFO - Started process (PID=294) to work on /home/airflow/.local/lib/python3.7/site-packages/airflow/example_dags/example_sensors.py
[2023-07-09T19:01:48.502+0000] {processor.py:826} INFO - Processing file /home/airflow/.local/lib/python3.7/site-packages/airflow/example_dags/example_sensors.py for tasks to queue
[2023-07-09T19:01:48.503+0000] {logging_mixin.py:149} INFO - [2023-07-09T19:01:48.503+0000] {dagbag.py:541} INFO - Filling up the DagBag from /home/airflow/.local/lib/python3.7/site-packages/airflow/example_dags/example_sensors.py
[2023-07-09T19:01:48.514+0000] {processor.py:836} INFO - DAG(s) dict_keys(['example_sensors']) retrieved from /home/airflow/.local/lib/python3.7/site-packages/airflow/example_dags/example_sensors.py
[2023-07-09T19:01:48.543+0000] {logging_mixin.py:149} INFO - [2023-07-09T19:01:48.543+0000] {dag.py:2726} INFO - Sync 1 DAGs
[2023-07-09T19:01:48.568+0000] {logging_mixin.py:149} INFO - [2023-07-09T19:01:48.568+0000] {dag.py:3490} INFO - Setting next_dagrun for example_sensors to None, run_after=None
[2023-07-09T19:01:48.588+0000] {processor.py:179} INFO - Processing /home/airflow/.local/lib/python3.7/site-packages/airflow/example_dags/example_sensors.py took 0.089 seconds
[2023-07-09T19:02:19.128+0000] {processor.py:157} INFO - Started process (PID=359) to work on /home/airflow/.local/lib/python3.7/site-packages/airflow/example_dags/example_sensors.py
[2023-07-09T19:02:19.129+0000] {processor.py:826} INFO - Processing file /home/airflow/.local/lib/python3.7/site-packages/airflow/example_dags/example_sensors.py for tasks to queue
[2023-07-09T19:02:19.130+0000] {logging_mixin.py:149} INFO - [2023-07-09T19:02:19.130+0000] {dagbag.py:541} INFO - Filling up the DagBag from /home/airflow/.local/lib/python3.7/site-packages/airflow/example_dags/example_sensors.py
[2023-07-09T19:02:19.139+0000] {processor.py:836} INFO - DAG(s) dict_keys(['example_sensors']) retrieved from /home/airflow/.local/lib/python3.7/site-packages/airflow/example_dags/example_sensors.py
[2023-07-09T19:02:19.165+0000] {logging_mixin.py:149} INFO - [2023-07-09T19:02:19.165+0000] {dag.py:2726} INFO - Sync 1 DAGs
[2023-07-09T19:02:19.188+0000] {logging_mixin.py:149} INFO - [2023-07-09T19:02:19.188+0000] {dag.py:3490} INFO - Setting next_dagrun for example_sensors to None, run_after=None
[2023-07-09T19:02:19.207+0000] {processor.py:179} INFO - Processing /home/airflow/.local/lib/python3.7/site-packages/airflow/example_dags/example_sensors.py took 0.082 seconds
[2023-07-09T19:02:49.287+0000] {processor.py:157} INFO - Started process (PID=424) to work on /home/airflow/.local/lib/python3.7/site-packages/airflow/example_dags/example_sensors.py
[2023-07-09T19:02:49.288+0000] {processor.py:826} INFO - Processing file /home/airflow/.local/lib/python3.7/site-packages/airflow/example_dags/example_sensors.py for tasks to queue
[2023-07-09T19:02:49.289+0000] {logging_mixin.py:149} INFO - [2023-07-09T19:02:49.289+0000] {dagbag.py:541} INFO - Filling up the DagBag from /home/airflow/.local/lib/python3.7/site-packages/airflow/example_dags/example_sensors.py
[2023-07-09T19:02:49.299+0000] {processor.py:836} INFO - DAG(s) dict_keys(['example_sensors']) retrieved from /home/airflow/.local/lib/python3.7/site-packages/airflow/example_dags/example_sensors.py
[2023-07-09T19:02:49.329+0000] {logging_mixin.py:149} INFO - [2023-07-09T19:02:49.329+0000] {dag.py:2726} INFO - Sync 1 DAGs
[2023-07-09T19:02:49.355+0000] {logging_mixin.py:149} INFO - [2023-07-09T19:02:49.355+0000] {dag.py:3490} INFO - Setting next_dagrun for example_sensors to None, run_after=None
[2023-07-09T19:02:49.379+0000] {processor.py:179} INFO - Processing /home/airflow/.local/lib/python3.7/site-packages/airflow/example_dags/example_sensors.py took 0.095 seconds
[2023-07-09T19:03:19.576+0000] {processor.py:157} INFO - Started process (PID=489) to work on /home/airflow/.local/lib/python3.7/site-packages/airflow/example_dags/example_sensors.py
[2023-07-09T19:03:19.577+0000] {processor.py:826} INFO - Processing file /home/airflow/.local/lib/python3.7/site-packages/airflow/example_dags/example_sensors.py for tasks to queue
[2023-07-09T19:03:19.578+0000] {logging_mixin.py:149} INFO - [2023-07-09T19:03:19.578+0000] {dagbag.py:541} INFO - Filling up the DagBag from /home/airflow/.local/lib/python3.7/site-packages/airflow/example_dags/example_sensors.py
[2023-07-09T19:03:19.587+0000] {processor.py:836} INFO - DAG(s) dict_keys(['example_sensors']) retrieved from /home/airflow/.local/lib/python3.7/site-packages/airflow/example_dags/example_sensors.py
[2023-07-09T19:03:19.614+0000] {logging_mixin.py:149} INFO - [2023-07-09T19:03:19.614+0000] {dag.py:2726} INFO - Sync 1 DAGs
[2023-07-09T19:03:19.639+0000] {logging_mixin.py:149} INFO - [2023-07-09T19:03:19.638+0000] {dag.py:3490} INFO - Setting next_dagrun for example_sensors to None, run_after=None
[2023-07-09T19:03:19.677+0000] {processor.py:179} INFO - Processing /home/airflow/.local/lib/python3.7/site-packages/airflow/example_dags/example_sensors.py took 0.104 seconds
[2023-07-09T19:03:49.877+0000] {processor.py:157} INFO - Started process (PID=554) to work on /home/airflow/.local/lib/python3.7/site-packages/airflow/example_dags/example_sensors.py
[2023-07-09T19:03:49.878+0000] {processor.py:826} INFO - Processing file /home/airflow/.local/lib/python3.7/site-packages/airflow/example_dags/example_sensors.py for tasks to queue
[2023-07-09T19:03:49.878+0000] {logging_mixin.py:149} INFO - [2023-07-09T19:03:49.878+0000] {dagbag.py:541} INFO - Filling up the DagBag from /home/airflow/.local/lib/python3.7/site-packages/airflow/example_dags/example_sensors.py
[2023-07-09T19:03:49.887+0000] {processor.py:836} INFO - DAG(s) dict_keys(['example_sensors']) retrieved from /home/airflow/.local/lib/python3.7/site-packages/airflow/example_dags/example_sensors.py
[2023-07-09T19:03:49.915+0000] {logging_mixin.py:149} INFO - [2023-07-09T19:03:49.915+0000] {dag.py:2726} INFO - Sync 1 DAGs
[2023-07-09T19:03:49.943+0000] {logging_mixin.py:149} INFO - [2023-07-09T19:03:49.943+0000] {dag.py:3490} INFO - Setting next_dagrun for example_sensors to None, run_after=None
[2023-07-09T19:03:49.966+0000] {processor.py:179} INFO - Processing /home/airflow/.local/lib/python3.7/site-packages/airflow/example_dags/example_sensors.py took 0.092 seconds
[2023-07-09T19:04:20.214+0000] {processor.py:157} INFO - Started process (PID=619) to work on /home/airflow/.local/lib/python3.7/site-packages/airflow/example_dags/example_sensors.py
[2023-07-09T19:04:20.215+0000] {processor.py:826} INFO - Processing file /home/airflow/.local/lib/python3.7/site-packages/airflow/example_dags/example_sensors.py for tasks to queue
[2023-07-09T19:04:20.216+0000] {logging_mixin.py:149} INFO - [2023-07-09T19:04:20.216+0000] {dagbag.py:541} INFO - Filling up the DagBag from /home/airflow/.local/lib/python3.7/site-packages/airflow/example_dags/example_sensors.py
[2023-07-09T19:04:20.225+0000] {processor.py:836} INFO - DAG(s) dict_keys(['example_sensors']) retrieved from /home/airflow/.local/lib/python3.7/site-packages/airflow/example_dags/example_sensors.py
[2023-07-09T19:04:20.252+0000] {logging_mixin.py:149} INFO - [2023-07-09T19:04:20.252+0000] {dag.py:2726} INFO - Sync 1 DAGs
[2023-07-09T19:04:20.278+0000] {logging_mixin.py:149} INFO - [2023-07-09T19:04:20.278+0000] {dag.py:3490} INFO - Setting next_dagrun for example_sensors to None, run_after=None
[2023-07-09T19:04:20.298+0000] {processor.py:179} INFO - Processing /home/airflow/.local/lib/python3.7/site-packages/airflow/example_dags/example_sensors.py took 0.087 seconds
[2023-07-09T19:04:51.035+0000] {processor.py:157} INFO - Started process (PID=684) to work on /home/airflow/.local/lib/python3.7/site-packages/airflow/example_dags/example_sensors.py
[2023-07-09T19:04:51.036+0000] {processor.py:826} INFO - Processing file /home/airflow/.local/lib/python3.7/site-packages/airflow/example_dags/example_sensors.py for tasks to queue
[2023-07-09T19:04:51.037+0000] {logging_mixin.py:149} INFO - [2023-07-09T19:04:51.037+0000] {dagbag.py:541} INFO - Filling up the DagBag from /home/airflow/.local/lib/python3.7/site-packages/airflow/example_dags/example_sensors.py
[2023-07-09T19:04:51.046+0000] {processor.py:836} INFO - DAG(s) dict_keys(['example_sensors']) retrieved from /home/airflow/.local/lib/python3.7/site-packages/airflow/example_dags/example_sensors.py
[2023-07-09T19:04:51.074+0000] {logging_mixin.py:149} INFO - [2023-07-09T19:04:51.074+0000] {dag.py:2726} INFO - Sync 1 DAGs
[2023-07-09T19:04:51.098+0000] {logging_mixin.py:149} INFO - [2023-07-09T19:04:51.098+0000] {dag.py:3490} INFO - Setting next_dagrun for example_sensors to None, run_after=None
[2023-07-09T19:04:51.119+0000] {processor.py:179} INFO - Processing /home/airflow/.local/lib/python3.7/site-packages/airflow/example_dags/example_sensors.py took 0.087 seconds
[2023-07-09T19:05:21.695+0000] {processor.py:157} INFO - Started process (PID=749) to work on /home/airflow/.local/lib/python3.7/site-packages/airflow/example_dags/example_sensors.py
[2023-07-09T19:05:21.696+0000] {processor.py:826} INFO - Processing file /home/airflow/.local/lib/python3.7/site-packages/airflow/example_dags/example_sensors.py for tasks to queue
[2023-07-09T19:05:21.697+0000] {logging_mixin.py:149} INFO - [2023-07-09T19:05:21.697+0000] {dagbag.py:541} INFO - Filling up the DagBag from /home/airflow/.local/lib/python3.7/site-packages/airflow/example_dags/example_sensors.py
[2023-07-09T19:05:21.706+0000] {processor.py:836} INFO - DAG(s) dict_keys(['example_sensors']) retrieved from /home/airflow/.local/lib/python3.7/site-packages/airflow/example_dags/example_sensors.py
[2023-07-09T19:05:21.733+0000] {logging_mixin.py:149} INFO - [2023-07-09T19:05:21.733+0000] {dag.py:2726} INFO - Sync 1 DAGs
[2023-07-09T19:05:21.757+0000] {logging_mixin.py:149} INFO - [2023-07-09T19:05:21.757+0000] {dag.py:3490} INFO - Setting next_dagrun for example_sensors to None, run_after=None
[2023-07-09T19:05:21.776+0000] {processor.py:179} INFO - Processing /home/airflow/.local/lib/python3.7/site-packages/airflow/example_dags/example_sensors.py took 0.084 seconds
[2023-07-09T19:05:51.998+0000] {processor.py:157} INFO - Started process (PID=814) to work on /home/airflow/.local/lib/python3.7/site-packages/airflow/example_dags/example_sensors.py
[2023-07-09T19:05:51.999+0000] {processor.py:826} INFO - Processing file /home/airflow/.local/lib/python3.7/site-packages/airflow/example_dags/example_sensors.py for tasks to queue
[2023-07-09T19:05:52.000+0000] {logging_mixin.py:149} INFO - [2023-07-09T19:05:52.000+0000] {dagbag.py:541} INFO - Filling up the DagBag from /home/airflow/.local/lib/python3.7/site-packages/airflow/example_dags/example_sensors.py
[2023-07-09T19:05:52.009+0000] {processor.py:836} INFO - DAG(s) dict_keys(['example_sensors']) retrieved from /home/airflow/.local/lib/python3.7/site-packages/airflow/example_dags/example_sensors.py
[2023-07-09T19:05:52.037+0000] {logging_mixin.py:149} INFO - [2023-07-09T19:05:52.037+0000] {dag.py:2726} INFO - Sync 1 DAGs
[2023-07-09T19:05:52.062+0000] {logging_mixin.py:149} INFO - [2023-07-09T19:05:52.062+0000] {dag.py:3490} INFO - Setting next_dagrun for example_sensors to None, run_after=None
[2023-07-09T19:05:52.086+0000] {processor.py:179} INFO - Processing /home/airflow/.local/lib/python3.7/site-packages/airflow/example_dags/example_sensors.py took 0.091 seconds
[2023-07-09T19:06:22.115+0000] {processor.py:157} INFO - Started process (PID=879) to work on /home/airflow/.local/lib/python3.7/site-packages/airflow/example_dags/example_sensors.py
[2023-07-09T19:06:22.116+0000] {processor.py:826} INFO - Processing file /home/airflow/.local/lib/python3.7/site-packages/airflow/example_dags/example_sensors.py for tasks to queue
[2023-07-09T19:06:22.118+0000] {logging_mixin.py:149} INFO - [2023-07-09T19:06:22.117+0000] {dagbag.py:541} INFO - Filling up the DagBag from /home/airflow/.local/lib/python3.7/site-packages/airflow/example_dags/example_sensors.py
[2023-07-09T19:06:22.129+0000] {processor.py:836} INFO - DAG(s) dict_keys(['example_sensors']) retrieved from /home/airflow/.local/lib/python3.7/site-packages/airflow/example_dags/example_sensors.py
[2023-07-09T19:06:22.160+0000] {logging_mixin.py:149} INFO - [2023-07-09T19:06:22.160+0000] {dag.py:2726} INFO - Sync 1 DAGs
[2023-07-09T19:06:22.186+0000] {logging_mixin.py:149} INFO - [2023-07-09T19:06:22.185+0000] {dag.py:3490} INFO - Setting next_dagrun for example_sensors to None, run_after=None
[2023-07-09T19:06:22.204+0000] {processor.py:179} INFO - Processing /home/airflow/.local/lib/python3.7/site-packages/airflow/example_dags/example_sensors.py took 0.093 seconds
[2023-07-09T19:06:52.277+0000] {processor.py:157} INFO - Started process (PID=944) to work on /home/airflow/.local/lib/python3.7/site-packages/airflow/example_dags/example_sensors.py
[2023-07-09T19:06:52.278+0000] {processor.py:826} INFO - Processing file /home/airflow/.local/lib/python3.7/site-packages/airflow/example_dags/example_sensors.py for tasks to queue
[2023-07-09T19:06:52.279+0000] {logging_mixin.py:149} INFO - [2023-07-09T19:06:52.278+0000] {dagbag.py:541} INFO - Filling up the DagBag from /home/airflow/.local/lib/python3.7/site-packages/airflow/example_dags/example_sensors.py
[2023-07-09T19:06:52.288+0000] {processor.py:836} INFO - DAG(s) dict_keys(['example_sensors']) retrieved from /home/airflow/.local/lib/python3.7/site-packages/airflow/example_dags/example_sensors.py
[2023-07-09T19:06:52.315+0000] {logging_mixin.py:149} INFO - [2023-07-09T19:06:52.315+0000] {dag.py:2726} INFO - Sync 1 DAGs
[2023-07-09T19:06:52.338+0000] {logging_mixin.py:149} INFO - [2023-07-09T19:06:52.337+0000] {dag.py:3490} INFO - Setting next_dagrun for example_sensors to None, run_after=None
[2023-07-09T19:06:52.359+0000] {processor.py:179} INFO - Processing /home/airflow/.local/lib/python3.7/site-packages/airflow/example_dags/example_sensors.py took 0.084 seconds
[2023-07-09T19:07:22.458+0000] {processor.py:157} INFO - Started process (PID=1009) to work on /home/airflow/.local/lib/python3.7/site-packages/airflow/example_dags/example_sensors.py
[2023-07-09T19:07:22.459+0000] {processor.py:826} INFO - Processing file /home/airflow/.local/lib/python3.7/site-packages/airflow/example_dags/example_sensors.py for tasks to queue
[2023-07-09T19:07:22.459+0000] {logging_mixin.py:149} INFO - [2023-07-09T19:07:22.459+0000] {dagbag.py:541} INFO - Filling up the DagBag from /home/airflow/.local/lib/python3.7/site-packages/airflow/example_dags/example_sensors.py
[2023-07-09T19:07:22.469+0000] {processor.py:836} INFO - DAG(s) dict_keys(['example_sensors']) retrieved from /home/airflow/.local/lib/python3.7/site-packages/airflow/example_dags/example_sensors.py
[2023-07-09T19:07:22.496+0000] {logging_mixin.py:149} INFO - [2023-07-09T19:07:22.496+0000] {dag.py:2726} INFO - Sync 1 DAGs
[2023-07-09T19:07:22.521+0000] {logging_mixin.py:149} INFO - [2023-07-09T19:07:22.520+0000] {dag.py:3490} INFO - Setting next_dagrun for example_sensors to None, run_after=None
[2023-07-09T19:07:22.541+0000] {processor.py:179} INFO - Processing /home/airflow/.local/lib/python3.7/site-packages/airflow/example_dags/example_sensors.py took 0.087 seconds
[2023-07-09T19:07:52.619+0000] {processor.py:157} INFO - Started process (PID=1074) to work on /home/airflow/.local/lib/python3.7/site-packages/airflow/example_dags/example_sensors.py
[2023-07-09T19:07:52.620+0000] {processor.py:826} INFO - Processing file /home/airflow/.local/lib/python3.7/site-packages/airflow/example_dags/example_sensors.py for tasks to queue
[2023-07-09T19:07:52.620+0000] {logging_mixin.py:149} INFO - [2023-07-09T19:07:52.620+0000] {dagbag.py:541} INFO - Filling up the DagBag from /home/airflow/.local/lib/python3.7/site-packages/airflow/example_dags/example_sensors.py
[2023-07-09T19:07:52.633+0000] {processor.py:836} INFO - DAG(s) dict_keys(['example_sensors']) retrieved from /home/airflow/.local/lib/python3.7/site-packages/airflow/example_dags/example_sensors.py
[2023-07-09T19:07:52.664+0000] {logging_mixin.py:149} INFO - [2023-07-09T19:07:52.664+0000] {dag.py:2726} INFO - Sync 1 DAGs
[2023-07-09T19:07:52.696+0000] {logging_mixin.py:149} INFO - [2023-07-09T19:07:52.696+0000] {dag.py:3490} INFO - Setting next_dagrun for example_sensors to None, run_after=None
[2023-07-09T19:07:52.717+0000] {processor.py:179} INFO - Processing /home/airflow/.local/lib/python3.7/site-packages/airflow/example_dags/example_sensors.py took 0.101 seconds
