[2023-07-09T18:59:48.304+0000] {processor.py:157} INFO - Started process (PID=43) to work on /home/airflow/.local/lib/python3.7/site-packages/airflow/example_dags/example_short_circuit_decorator.py
[2023-07-09T18:59:48.305+0000] {processor.py:826} INFO - Processing file /home/airflow/.local/lib/python3.7/site-packages/airflow/example_dags/example_short_circuit_decorator.py for tasks to queue
[2023-07-09T18:59:48.306+0000] {logging_mixin.py:149} INFO - [2023-07-09T18:59:48.306+0000] {dagbag.py:541} INFO - Filling up the DagBag from /home/airflow/.local/lib/python3.7/site-packages/airflow/example_dags/example_short_circuit_decorator.py
[2023-07-09T18:59:48.319+0000] {processor.py:836} INFO - DAG(s) dict_keys(['example_short_circuit_decorator']) retrieved from /home/airflow/.local/lib/python3.7/site-packages/airflow/example_dags/example_short_circuit_decorator.py
[2023-07-09T18:59:48.444+0000] {logging_mixin.py:149} INFO - [2023-07-09T18:59:48.444+0000] {manager.py:504} INFO - Created Permission View: can read on DAG:example_short_circuit_decorator
[2023-07-09T18:59:48.462+0000] {logging_mixin.py:149} INFO - [2023-07-09T18:59:48.462+0000] {manager.py:504} INFO - Created Permission View: can edit on DAG:example_short_circuit_decorator
[2023-07-09T18:59:48.473+0000] {logging_mixin.py:149} INFO - [2023-07-09T18:59:48.473+0000] {manager.py:504} INFO - Created Permission View: can delete on DAG:example_short_circuit_decorator
[2023-07-09T18:59:48.499+0000] {logging_mixin.py:149} INFO - [2023-07-09T18:59:48.499+0000] {dag.py:2726} INFO - Sync 1 DAGs
[2023-07-09T18:59:48.524+0000] {logging_mixin.py:149} INFO - [2023-07-09T18:59:48.524+0000] {dag.py:2747} INFO - Creating ORM DAG for example_short_circuit_decorator
[2023-07-09T18:59:48.546+0000] {logging_mixin.py:149} INFO - [2023-07-09T18:59:48.546+0000] {dag.py:3490} INFO - Setting next_dagrun for example_short_circuit_decorator to 2023-07-08T18:59:48.545703+00:00, run_after=2023-07-09T18:59:48.545703+00:00
[2023-07-09T18:59:48.577+0000] {processor.py:179} INFO - Processing /home/airflow/.local/lib/python3.7/site-packages/airflow/example_dags/example_short_circuit_decorator.py took 0.276 seconds
[2023-07-09T19:00:19.026+0000] {processor.py:157} INFO - Started process (PID=108) to work on /home/airflow/.local/lib/python3.7/site-packages/airflow/example_dags/example_short_circuit_decorator.py
[2023-07-09T19:00:19.027+0000] {processor.py:826} INFO - Processing file /home/airflow/.local/lib/python3.7/site-packages/airflow/example_dags/example_short_circuit_decorator.py for tasks to queue
[2023-07-09T19:00:19.028+0000] {logging_mixin.py:149} INFO - [2023-07-09T19:00:19.028+0000] {dagbag.py:541} INFO - Filling up the DagBag from /home/airflow/.local/lib/python3.7/site-packages/airflow/example_dags/example_short_circuit_decorator.py
[2023-07-09T19:00:19.037+0000] {processor.py:836} INFO - DAG(s) dict_keys(['example_short_circuit_decorator']) retrieved from /home/airflow/.local/lib/python3.7/site-packages/airflow/example_dags/example_short_circuit_decorator.py
[2023-07-09T19:00:19.062+0000] {logging_mixin.py:149} INFO - [2023-07-09T19:00:19.062+0000] {dag.py:2726} INFO - Sync 1 DAGs
[2023-07-09T19:00:19.086+0000] {logging_mixin.py:149} INFO - [2023-07-09T19:00:19.086+0000] {dag.py:3490} INFO - Setting next_dagrun for example_short_circuit_decorator to 2023-07-08T19:00:19.085852+00:00, run_after=2023-07-09T19:00:19.085852+00:00
[2023-07-09T19:00:19.105+0000] {processor.py:179} INFO - Processing /home/airflow/.local/lib/python3.7/site-packages/airflow/example_dags/example_short_circuit_decorator.py took 0.081 seconds
[2023-07-09T19:00:49.184+0000] {processor.py:157} INFO - Started process (PID=173) to work on /home/airflow/.local/lib/python3.7/site-packages/airflow/example_dags/example_short_circuit_decorator.py
[2023-07-09T19:00:49.185+0000] {processor.py:826} INFO - Processing file /home/airflow/.local/lib/python3.7/site-packages/airflow/example_dags/example_short_circuit_decorator.py for tasks to queue
[2023-07-09T19:00:49.186+0000] {logging_mixin.py:149} INFO - [2023-07-09T19:00:49.185+0000] {dagbag.py:541} INFO - Filling up the DagBag from /home/airflow/.local/lib/python3.7/site-packages/airflow/example_dags/example_short_circuit_decorator.py
[2023-07-09T19:00:49.194+0000] {processor.py:836} INFO - DAG(s) dict_keys(['example_short_circuit_decorator']) retrieved from /home/airflow/.local/lib/python3.7/site-packages/airflow/example_dags/example_short_circuit_decorator.py
[2023-07-09T19:00:49.222+0000] {logging_mixin.py:149} INFO - [2023-07-09T19:00:49.222+0000] {dag.py:2726} INFO - Sync 1 DAGs
[2023-07-09T19:00:49.245+0000] {logging_mixin.py:149} INFO - [2023-07-09T19:00:49.245+0000] {dag.py:3490} INFO - Setting next_dagrun for example_short_circuit_decorator to 2023-07-08T19:00:49.245129+00:00, run_after=2023-07-09T19:00:49.245129+00:00
[2023-07-09T19:00:49.266+0000] {processor.py:179} INFO - Processing /home/airflow/.local/lib/python3.7/site-packages/airflow/example_dags/example_short_circuit_decorator.py took 0.086 seconds
[2023-07-09T19:01:19.427+0000] {processor.py:157} INFO - Started process (PID=238) to work on /home/airflow/.local/lib/python3.7/site-packages/airflow/example_dags/example_short_circuit_decorator.py
[2023-07-09T19:01:19.428+0000] {processor.py:826} INFO - Processing file /home/airflow/.local/lib/python3.7/site-packages/airflow/example_dags/example_short_circuit_decorator.py for tasks to queue
[2023-07-09T19:01:19.428+0000] {logging_mixin.py:149} INFO - [2023-07-09T19:01:19.428+0000] {dagbag.py:541} INFO - Filling up the DagBag from /home/airflow/.local/lib/python3.7/site-packages/airflow/example_dags/example_short_circuit_decorator.py
[2023-07-09T19:01:19.437+0000] {processor.py:836} INFO - DAG(s) dict_keys(['example_short_circuit_decorator']) retrieved from /home/airflow/.local/lib/python3.7/site-packages/airflow/example_dags/example_short_circuit_decorator.py
[2023-07-09T19:01:19.462+0000] {logging_mixin.py:149} INFO - [2023-07-09T19:01:19.462+0000] {dag.py:2726} INFO - Sync 1 DAGs
[2023-07-09T19:01:19.486+0000] {logging_mixin.py:149} INFO - [2023-07-09T19:01:19.486+0000] {dag.py:3490} INFO - Setting next_dagrun for example_short_circuit_decorator to 2023-07-08T19:01:19.486220+00:00, run_after=2023-07-09T19:01:19.486220+00:00
[2023-07-09T19:01:19.507+0000] {processor.py:179} INFO - Processing /home/airflow/.local/lib/python3.7/site-packages/airflow/example_dags/example_short_circuit_decorator.py took 0.083 seconds
[2023-07-09T19:01:50.092+0000] {processor.py:157} INFO - Started process (PID=303) to work on /home/airflow/.local/lib/python3.7/site-packages/airflow/example_dags/example_short_circuit_decorator.py
[2023-07-09T19:01:50.093+0000] {processor.py:826} INFO - Processing file /home/airflow/.local/lib/python3.7/site-packages/airflow/example_dags/example_short_circuit_decorator.py for tasks to queue
[2023-07-09T19:01:50.094+0000] {logging_mixin.py:149} INFO - [2023-07-09T19:01:50.093+0000] {dagbag.py:541} INFO - Filling up the DagBag from /home/airflow/.local/lib/python3.7/site-packages/airflow/example_dags/example_short_circuit_decorator.py
[2023-07-09T19:01:50.103+0000] {processor.py:836} INFO - DAG(s) dict_keys(['example_short_circuit_decorator']) retrieved from /home/airflow/.local/lib/python3.7/site-packages/airflow/example_dags/example_short_circuit_decorator.py
[2023-07-09T19:01:50.127+0000] {logging_mixin.py:149} INFO - [2023-07-09T19:01:50.127+0000] {dag.py:2726} INFO - Sync 1 DAGs
[2023-07-09T19:01:50.153+0000] {logging_mixin.py:149} INFO - [2023-07-09T19:01:50.153+0000] {dag.py:3490} INFO - Setting next_dagrun for example_short_circuit_decorator to 2023-07-08T19:01:50.153012+00:00, run_after=2023-07-09T19:01:50.153012+00:00
[2023-07-09T19:01:50.173+0000] {processor.py:179} INFO - Processing /home/airflow/.local/lib/python3.7/site-packages/airflow/example_dags/example_short_circuit_decorator.py took 0.084 seconds
[2023-07-09T19:02:20.686+0000] {processor.py:157} INFO - Started process (PID=368) to work on /home/airflow/.local/lib/python3.7/site-packages/airflow/example_dags/example_short_circuit_decorator.py
[2023-07-09T19:02:20.687+0000] {processor.py:826} INFO - Processing file /home/airflow/.local/lib/python3.7/site-packages/airflow/example_dags/example_short_circuit_decorator.py for tasks to queue
[2023-07-09T19:02:20.688+0000] {logging_mixin.py:149} INFO - [2023-07-09T19:02:20.688+0000] {dagbag.py:541} INFO - Filling up the DagBag from /home/airflow/.local/lib/python3.7/site-packages/airflow/example_dags/example_short_circuit_decorator.py
[2023-07-09T19:02:20.699+0000] {processor.py:836} INFO - DAG(s) dict_keys(['example_short_circuit_decorator']) retrieved from /home/airflow/.local/lib/python3.7/site-packages/airflow/example_dags/example_short_circuit_decorator.py
[2023-07-09T19:02:20.729+0000] {logging_mixin.py:149} INFO - [2023-07-09T19:02:20.728+0000] {dag.py:2726} INFO - Sync 1 DAGs
[2023-07-09T19:02:20.755+0000] {logging_mixin.py:149} INFO - [2023-07-09T19:02:20.754+0000] {dag.py:3490} INFO - Setting next_dagrun for example_short_circuit_decorator to 2023-07-08T19:02:20.754649+00:00, run_after=2023-07-09T19:02:20.754649+00:00
[2023-07-09T19:02:20.774+0000] {processor.py:179} INFO - Processing /home/airflow/.local/lib/python3.7/site-packages/airflow/example_dags/example_short_circuit_decorator.py took 0.091 seconds
[2023-07-09T19:02:50.927+0000] {processor.py:157} INFO - Started process (PID=433) to work on /home/airflow/.local/lib/python3.7/site-packages/airflow/example_dags/example_short_circuit_decorator.py
[2023-07-09T19:02:50.928+0000] {processor.py:826} INFO - Processing file /home/airflow/.local/lib/python3.7/site-packages/airflow/example_dags/example_short_circuit_decorator.py for tasks to queue
[2023-07-09T19:02:50.929+0000] {logging_mixin.py:149} INFO - [2023-07-09T19:02:50.929+0000] {dagbag.py:541} INFO - Filling up the DagBag from /home/airflow/.local/lib/python3.7/site-packages/airflow/example_dags/example_short_circuit_decorator.py
[2023-07-09T19:02:50.939+0000] {processor.py:836} INFO - DAG(s) dict_keys(['example_short_circuit_decorator']) retrieved from /home/airflow/.local/lib/python3.7/site-packages/airflow/example_dags/example_short_circuit_decorator.py
[2023-07-09T19:02:50.966+0000] {logging_mixin.py:149} INFO - [2023-07-09T19:02:50.966+0000] {dag.py:2726} INFO - Sync 1 DAGs
[2023-07-09T19:02:50.991+0000] {logging_mixin.py:149} INFO - [2023-07-09T19:02:50.990+0000] {dag.py:3490} INFO - Setting next_dagrun for example_short_circuit_decorator to 2023-07-08T19:02:50.990618+00:00, run_after=2023-07-09T19:02:50.990618+00:00
[2023-07-09T19:02:51.014+0000] {processor.py:179} INFO - Processing /home/airflow/.local/lib/python3.7/site-packages/airflow/example_dags/example_short_circuit_decorator.py took 0.089 seconds
[2023-07-09T19:03:21.174+0000] {processor.py:157} INFO - Started process (PID=498) to work on /home/airflow/.local/lib/python3.7/site-packages/airflow/example_dags/example_short_circuit_decorator.py
[2023-07-09T19:03:21.175+0000] {processor.py:826} INFO - Processing file /home/airflow/.local/lib/python3.7/site-packages/airflow/example_dags/example_short_circuit_decorator.py for tasks to queue
[2023-07-09T19:03:21.176+0000] {logging_mixin.py:149} INFO - [2023-07-09T19:03:21.176+0000] {dagbag.py:541} INFO - Filling up the DagBag from /home/airflow/.local/lib/python3.7/site-packages/airflow/example_dags/example_short_circuit_decorator.py
[2023-07-09T19:03:21.186+0000] {processor.py:836} INFO - DAG(s) dict_keys(['example_short_circuit_decorator']) retrieved from /home/airflow/.local/lib/python3.7/site-packages/airflow/example_dags/example_short_circuit_decorator.py
[2023-07-09T19:03:21.213+0000] {logging_mixin.py:149} INFO - [2023-07-09T19:03:21.213+0000] {dag.py:2726} INFO - Sync 1 DAGs
[2023-07-09T19:03:21.239+0000] {logging_mixin.py:149} INFO - [2023-07-09T19:03:21.238+0000] {dag.py:3490} INFO - Setting next_dagrun for example_short_circuit_decorator to 2023-07-08T19:03:21.238658+00:00, run_after=2023-07-09T19:03:21.238658+00:00
[2023-07-09T19:03:21.262+0000] {processor.py:179} INFO - Processing /home/airflow/.local/lib/python3.7/site-packages/airflow/example_dags/example_short_circuit_decorator.py took 0.091 seconds
[2023-07-09T19:03:51.462+0000] {processor.py:157} INFO - Started process (PID=563) to work on /home/airflow/.local/lib/python3.7/site-packages/airflow/example_dags/example_short_circuit_decorator.py
[2023-07-09T19:03:51.464+0000] {processor.py:826} INFO - Processing file /home/airflow/.local/lib/python3.7/site-packages/airflow/example_dags/example_short_circuit_decorator.py for tasks to queue
[2023-07-09T19:03:51.464+0000] {logging_mixin.py:149} INFO - [2023-07-09T19:03:51.464+0000] {dagbag.py:541} INFO - Filling up the DagBag from /home/airflow/.local/lib/python3.7/site-packages/airflow/example_dags/example_short_circuit_decorator.py
[2023-07-09T19:03:51.473+0000] {processor.py:836} INFO - DAG(s) dict_keys(['example_short_circuit_decorator']) retrieved from /home/airflow/.local/lib/python3.7/site-packages/airflow/example_dags/example_short_circuit_decorator.py
[2023-07-09T19:03:51.499+0000] {logging_mixin.py:149} INFO - [2023-07-09T19:03:51.498+0000] {dag.py:2726} INFO - Sync 1 DAGs
[2023-07-09T19:03:51.523+0000] {logging_mixin.py:149} INFO - [2023-07-09T19:03:51.523+0000] {dag.py:3490} INFO - Setting next_dagrun for example_short_circuit_decorator to 2023-07-08T19:03:51.523135+00:00, run_after=2023-07-09T19:03:51.523135+00:00
[2023-07-09T19:03:51.548+0000] {processor.py:179} INFO - Processing /home/airflow/.local/lib/python3.7/site-packages/airflow/example_dags/example_short_circuit_decorator.py took 0.089 seconds
[2023-07-09T19:04:21.722+0000] {processor.py:157} INFO - Started process (PID=627) to work on /home/airflow/.local/lib/python3.7/site-packages/airflow/example_dags/example_short_circuit_decorator.py
[2023-07-09T19:04:21.723+0000] {processor.py:826} INFO - Processing file /home/airflow/.local/lib/python3.7/site-packages/airflow/example_dags/example_short_circuit_decorator.py for tasks to queue
[2023-07-09T19:04:21.724+0000] {logging_mixin.py:149} INFO - [2023-07-09T19:04:21.723+0000] {dagbag.py:541} INFO - Filling up the DagBag from /home/airflow/.local/lib/python3.7/site-packages/airflow/example_dags/example_short_circuit_decorator.py
[2023-07-09T19:04:21.734+0000] {processor.py:836} INFO - DAG(s) dict_keys(['example_short_circuit_decorator']) retrieved from /home/airflow/.local/lib/python3.7/site-packages/airflow/example_dags/example_short_circuit_decorator.py
[2023-07-09T19:04:21.760+0000] {logging_mixin.py:149} INFO - [2023-07-09T19:04:21.760+0000] {dag.py:2726} INFO - Sync 1 DAGs
[2023-07-09T19:04:21.785+0000] {logging_mixin.py:149} INFO - [2023-07-09T19:04:21.785+0000] {dag.py:3490} INFO - Setting next_dagrun for example_short_circuit_decorator to 2023-07-08T19:04:21.784906+00:00, run_after=2023-07-09T19:04:21.784906+00:00
[2023-07-09T19:04:21.805+0000] {processor.py:179} INFO - Processing /home/airflow/.local/lib/python3.7/site-packages/airflow/example_dags/example_short_circuit_decorator.py took 0.086 seconds
[2023-07-09T19:04:52.601+0000] {processor.py:157} INFO - Started process (PID=693) to work on /home/airflow/.local/lib/python3.7/site-packages/airflow/example_dags/example_short_circuit_decorator.py
[2023-07-09T19:04:52.602+0000] {processor.py:826} INFO - Processing file /home/airflow/.local/lib/python3.7/site-packages/airflow/example_dags/example_short_circuit_decorator.py for tasks to queue
[2023-07-09T19:04:52.602+0000] {logging_mixin.py:149} INFO - [2023-07-09T19:04:52.602+0000] {dagbag.py:541} INFO - Filling up the DagBag from /home/airflow/.local/lib/python3.7/site-packages/airflow/example_dags/example_short_circuit_decorator.py
[2023-07-09T19:04:52.612+0000] {processor.py:836} INFO - DAG(s) dict_keys(['example_short_circuit_decorator']) retrieved from /home/airflow/.local/lib/python3.7/site-packages/airflow/example_dags/example_short_circuit_decorator.py
[2023-07-09T19:04:52.639+0000] {logging_mixin.py:149} INFO - [2023-07-09T19:04:52.638+0000] {dag.py:2726} INFO - Sync 1 DAGs
[2023-07-09T19:04:52.664+0000] {logging_mixin.py:149} INFO - [2023-07-09T19:04:52.664+0000] {dag.py:3490} INFO - Setting next_dagrun for example_short_circuit_decorator to 2023-07-08T19:04:52.664400+00:00, run_after=2023-07-09T19:04:52.664400+00:00
[2023-07-09T19:04:52.685+0000] {processor.py:179} INFO - Processing /home/airflow/.local/lib/python3.7/site-packages/airflow/example_dags/example_short_circuit_decorator.py took 0.088 seconds
[2023-07-09T19:05:23.310+0000] {processor.py:157} INFO - Started process (PID=758) to work on /home/airflow/.local/lib/python3.7/site-packages/airflow/example_dags/example_short_circuit_decorator.py
[2023-07-09T19:05:23.311+0000] {processor.py:826} INFO - Processing file /home/airflow/.local/lib/python3.7/site-packages/airflow/example_dags/example_short_circuit_decorator.py for tasks to queue
[2023-07-09T19:05:23.313+0000] {logging_mixin.py:149} INFO - [2023-07-09T19:05:23.313+0000] {dagbag.py:541} INFO - Filling up the DagBag from /home/airflow/.local/lib/python3.7/site-packages/airflow/example_dags/example_short_circuit_decorator.py
[2023-07-09T19:05:23.324+0000] {processor.py:836} INFO - DAG(s) dict_keys(['example_short_circuit_decorator']) retrieved from /home/airflow/.local/lib/python3.7/site-packages/airflow/example_dags/example_short_circuit_decorator.py
[2023-07-09T19:05:23.358+0000] {logging_mixin.py:149} INFO - [2023-07-09T19:05:23.358+0000] {dag.py:2726} INFO - Sync 1 DAGs
[2023-07-09T19:05:23.388+0000] {logging_mixin.py:149} INFO - [2023-07-09T19:05:23.388+0000] {dag.py:3490} INFO - Setting next_dagrun for example_short_circuit_decorator to 2023-07-08T19:05:23.388195+00:00, run_after=2023-07-09T19:05:23.388195+00:00
[2023-07-09T19:05:23.409+0000] {processor.py:179} INFO - Processing /home/airflow/.local/lib/python3.7/site-packages/airflow/example_dags/example_short_circuit_decorator.py took 0.103 seconds
[2023-07-09T19:05:53.568+0000] {processor.py:157} INFO - Started process (PID=823) to work on /home/airflow/.local/lib/python3.7/site-packages/airflow/example_dags/example_short_circuit_decorator.py
[2023-07-09T19:05:53.569+0000] {processor.py:826} INFO - Processing file /home/airflow/.local/lib/python3.7/site-packages/airflow/example_dags/example_short_circuit_decorator.py for tasks to queue
[2023-07-09T19:05:53.570+0000] {logging_mixin.py:149} INFO - [2023-07-09T19:05:53.570+0000] {dagbag.py:541} INFO - Filling up the DagBag from /home/airflow/.local/lib/python3.7/site-packages/airflow/example_dags/example_short_circuit_decorator.py
[2023-07-09T19:05:53.583+0000] {processor.py:836} INFO - DAG(s) dict_keys(['example_short_circuit_decorator']) retrieved from /home/airflow/.local/lib/python3.7/site-packages/airflow/example_dags/example_short_circuit_decorator.py
[2023-07-09T19:05:53.619+0000] {logging_mixin.py:149} INFO - [2023-07-09T19:05:53.619+0000] {dag.py:2726} INFO - Sync 1 DAGs
[2023-07-09T19:05:53.653+0000] {logging_mixin.py:149} INFO - [2023-07-09T19:05:53.653+0000] {dag.py:3490} INFO - Setting next_dagrun for example_short_circuit_decorator to 2023-07-08T19:05:53.653254+00:00, run_after=2023-07-09T19:05:53.653254+00:00
[2023-07-09T19:05:53.678+0000] {processor.py:179} INFO - Processing /home/airflow/.local/lib/python3.7/site-packages/airflow/example_dags/example_short_circuit_decorator.py took 0.115 seconds
[2023-07-09T19:06:23.863+0000] {processor.py:157} INFO - Started process (PID=888) to work on /home/airflow/.local/lib/python3.7/site-packages/airflow/example_dags/example_short_circuit_decorator.py
[2023-07-09T19:06:23.864+0000] {processor.py:826} INFO - Processing file /home/airflow/.local/lib/python3.7/site-packages/airflow/example_dags/example_short_circuit_decorator.py for tasks to queue
[2023-07-09T19:06:23.865+0000] {logging_mixin.py:149} INFO - [2023-07-09T19:06:23.865+0000] {dagbag.py:541} INFO - Filling up the DagBag from /home/airflow/.local/lib/python3.7/site-packages/airflow/example_dags/example_short_circuit_decorator.py
[2023-07-09T19:06:23.874+0000] {processor.py:836} INFO - DAG(s) dict_keys(['example_short_circuit_decorator']) retrieved from /home/airflow/.local/lib/python3.7/site-packages/airflow/example_dags/example_short_circuit_decorator.py
[2023-07-09T19:06:23.899+0000] {logging_mixin.py:149} INFO - [2023-07-09T19:06:23.899+0000] {dag.py:2726} INFO - Sync 1 DAGs
[2023-07-09T19:06:23.922+0000] {logging_mixin.py:149} INFO - [2023-07-09T19:06:23.922+0000] {dag.py:3490} INFO - Setting next_dagrun for example_short_circuit_decorator to 2023-07-08T19:06:23.921750+00:00, run_after=2023-07-09T19:06:23.921750+00:00
[2023-07-09T19:06:23.941+0000] {processor.py:179} INFO - Processing /home/airflow/.local/lib/python3.7/site-packages/airflow/example_dags/example_short_circuit_decorator.py took 0.081 seconds
[2023-07-09T19:06:54.931+0000] {processor.py:157} INFO - Started process (PID=953) to work on /home/airflow/.local/lib/python3.7/site-packages/airflow/example_dags/example_short_circuit_decorator.py
[2023-07-09T19:06:54.932+0000] {processor.py:826} INFO - Processing file /home/airflow/.local/lib/python3.7/site-packages/airflow/example_dags/example_short_circuit_decorator.py for tasks to queue
[2023-07-09T19:06:54.933+0000] {logging_mixin.py:149} INFO - [2023-07-09T19:06:54.933+0000] {dagbag.py:541} INFO - Filling up the DagBag from /home/airflow/.local/lib/python3.7/site-packages/airflow/example_dags/example_short_circuit_decorator.py
[2023-07-09T19:06:54.944+0000] {processor.py:836} INFO - DAG(s) dict_keys(['example_short_circuit_decorator']) retrieved from /home/airflow/.local/lib/python3.7/site-packages/airflow/example_dags/example_short_circuit_decorator.py
[2023-07-09T19:06:54.974+0000] {logging_mixin.py:149} INFO - [2023-07-09T19:06:54.974+0000] {dag.py:2726} INFO - Sync 1 DAGs
[2023-07-09T19:06:55.005+0000] {logging_mixin.py:149} INFO - [2023-07-09T19:06:55.004+0000] {dag.py:3490} INFO - Setting next_dagrun for example_short_circuit_decorator to 2023-07-08T19:06:55.004640+00:00, run_after=2023-07-09T19:06:55.004640+00:00
[2023-07-09T19:06:55.032+0000] {processor.py:179} INFO - Processing /home/airflow/.local/lib/python3.7/site-packages/airflow/example_dags/example_short_circuit_decorator.py took 0.104 seconds
[2023-07-09T19:07:25.091+0000] {processor.py:157} INFO - Started process (PID=1018) to work on /home/airflow/.local/lib/python3.7/site-packages/airflow/example_dags/example_short_circuit_decorator.py
[2023-07-09T19:07:25.092+0000] {processor.py:826} INFO - Processing file /home/airflow/.local/lib/python3.7/site-packages/airflow/example_dags/example_short_circuit_decorator.py for tasks to queue
[2023-07-09T19:07:25.093+0000] {logging_mixin.py:149} INFO - [2023-07-09T19:07:25.093+0000] {dagbag.py:541} INFO - Filling up the DagBag from /home/airflow/.local/lib/python3.7/site-packages/airflow/example_dags/example_short_circuit_decorator.py
[2023-07-09T19:07:25.102+0000] {processor.py:836} INFO - DAG(s) dict_keys(['example_short_circuit_decorator']) retrieved from /home/airflow/.local/lib/python3.7/site-packages/airflow/example_dags/example_short_circuit_decorator.py
[2023-07-09T19:07:25.129+0000] {logging_mixin.py:149} INFO - [2023-07-09T19:07:25.128+0000] {dag.py:2726} INFO - Sync 1 DAGs
[2023-07-09T19:07:25.153+0000] {logging_mixin.py:149} INFO - [2023-07-09T19:07:25.153+0000] {dag.py:3490} INFO - Setting next_dagrun for example_short_circuit_decorator to 2023-07-08T19:07:25.153546+00:00, run_after=2023-07-09T19:07:25.153546+00:00
[2023-07-09T19:07:25.175+0000] {processor.py:179} INFO - Processing /home/airflow/.local/lib/python3.7/site-packages/airflow/example_dags/example_short_circuit_decorator.py took 0.087 seconds
[2023-07-09T19:07:55.253+0000] {processor.py:157} INFO - Started process (PID=1082) to work on /home/airflow/.local/lib/python3.7/site-packages/airflow/example_dags/example_short_circuit_decorator.py
[2023-07-09T19:07:55.254+0000] {processor.py:826} INFO - Processing file /home/airflow/.local/lib/python3.7/site-packages/airflow/example_dags/example_short_circuit_decorator.py for tasks to queue
[2023-07-09T19:07:55.255+0000] {logging_mixin.py:149} INFO - [2023-07-09T19:07:55.255+0000] {dagbag.py:541} INFO - Filling up the DagBag from /home/airflow/.local/lib/python3.7/site-packages/airflow/example_dags/example_short_circuit_decorator.py
[2023-07-09T19:07:55.264+0000] {processor.py:836} INFO - DAG(s) dict_keys(['example_short_circuit_decorator']) retrieved from /home/airflow/.local/lib/python3.7/site-packages/airflow/example_dags/example_short_circuit_decorator.py
[2023-07-09T19:07:55.288+0000] {logging_mixin.py:149} INFO - [2023-07-09T19:07:55.288+0000] {dag.py:2726} INFO - Sync 1 DAGs
[2023-07-09T19:07:55.312+0000] {logging_mixin.py:149} INFO - [2023-07-09T19:07:55.311+0000] {dag.py:3490} INFO - Setting next_dagrun for example_short_circuit_decorator to 2023-07-08T19:07:55.311737+00:00, run_after=2023-07-09T19:07:55.311737+00:00
[2023-07-09T19:07:55.330+0000] {processor.py:179} INFO - Processing /home/airflow/.local/lib/python3.7/site-packages/airflow/example_dags/example_short_circuit_decorator.py took 0.081 seconds
