[2023-07-09T18:59:52.386+0000] {processor.py:157} INFO - Started process (PID=70) to work on /home/airflow/.local/lib/python3.7/site-packages/airflow/example_dags/example_local_kubernetes_executor.py
[2023-07-09T18:59:52.386+0000] {processor.py:826} INFO - Processing file /home/airflow/.local/lib/python3.7/site-packages/airflow/example_dags/example_local_kubernetes_executor.py for tasks to queue
[2023-07-09T18:59:52.387+0000] {logging_mixin.py:149} INFO - [2023-07-09T18:59:52.387+0000] {dagbag.py:541} INFO - Filling up the DagBag from /home/airflow/.local/lib/python3.7/site-packages/airflow/example_dags/example_local_kubernetes_executor.py
[2023-07-09T18:59:52.604+0000] {processor.py:836} INFO - DAG(s) dict_keys(['example_local_kubernetes_executor']) retrieved from /home/airflow/.local/lib/python3.7/site-packages/airflow/example_dags/example_local_kubernetes_executor.py
[2023-07-09T18:59:52.783+0000] {logging_mixin.py:149} INFO - [2023-07-09T18:59:52.782+0000] {manager.py:504} INFO - Created Permission View: can read on DAG:example_local_kubernetes_executor
[2023-07-09T18:59:52.798+0000] {logging_mixin.py:149} INFO - [2023-07-09T18:59:52.797+0000] {manager.py:504} INFO - Created Permission View: can edit on DAG:example_local_kubernetes_executor
[2023-07-09T18:59:52.808+0000] {logging_mixin.py:149} INFO - [2023-07-09T18:59:52.808+0000] {manager.py:504} INFO - Created Permission View: can delete on DAG:example_local_kubernetes_executor
[2023-07-09T18:59:52.824+0000] {logging_mixin.py:149} INFO - [2023-07-09T18:59:52.824+0000] {dag.py:2726} INFO - Sync 1 DAGs
[2023-07-09T18:59:52.838+0000] {logging_mixin.py:149} INFO - [2023-07-09T18:59:52.838+0000] {dag.py:2747} INFO - Creating ORM DAG for example_local_kubernetes_executor
[2023-07-09T18:59:52.851+0000] {logging_mixin.py:149} INFO - [2023-07-09T18:59:52.851+0000] {dag.py:3490} INFO - Setting next_dagrun for example_local_kubernetes_executor to None, run_after=None
[2023-07-09T18:59:52.874+0000] {processor.py:179} INFO - Processing /home/airflow/.local/lib/python3.7/site-packages/airflow/example_dags/example_local_kubernetes_executor.py took 0.492 seconds
[2023-07-09T19:00:23.602+0000] {processor.py:157} INFO - Started process (PID=135) to work on /home/airflow/.local/lib/python3.7/site-packages/airflow/example_dags/example_local_kubernetes_executor.py
[2023-07-09T19:00:23.611+0000] {processor.py:826} INFO - Processing file /home/airflow/.local/lib/python3.7/site-packages/airflow/example_dags/example_local_kubernetes_executor.py for tasks to queue
[2023-07-09T19:00:23.612+0000] {logging_mixin.py:149} INFO - [2023-07-09T19:00:23.612+0000] {dagbag.py:541} INFO - Filling up the DagBag from /home/airflow/.local/lib/python3.7/site-packages/airflow/example_dags/example_local_kubernetes_executor.py
[2023-07-09T19:00:23.809+0000] {processor.py:836} INFO - DAG(s) dict_keys(['example_local_kubernetes_executor']) retrieved from /home/airflow/.local/lib/python3.7/site-packages/airflow/example_dags/example_local_kubernetes_executor.py
[2023-07-09T19:00:23.840+0000] {logging_mixin.py:149} INFO - [2023-07-09T19:00:23.840+0000] {dag.py:2726} INFO - Sync 1 DAGs
[2023-07-09T19:00:23.865+0000] {logging_mixin.py:149} INFO - [2023-07-09T19:00:23.865+0000] {dag.py:3490} INFO - Setting next_dagrun for example_local_kubernetes_executor to None, run_after=None
[2023-07-09T19:00:23.887+0000] {processor.py:179} INFO - Processing /home/airflow/.local/lib/python3.7/site-packages/airflow/example_dags/example_local_kubernetes_executor.py took 0.288 seconds
[2023-07-09T19:00:53.927+0000] {processor.py:157} INFO - Started process (PID=201) to work on /home/airflow/.local/lib/python3.7/site-packages/airflow/example_dags/example_local_kubernetes_executor.py
[2023-07-09T19:00:53.928+0000] {processor.py:826} INFO - Processing file /home/airflow/.local/lib/python3.7/site-packages/airflow/example_dags/example_local_kubernetes_executor.py for tasks to queue
[2023-07-09T19:00:53.929+0000] {logging_mixin.py:149} INFO - [2023-07-09T19:00:53.929+0000] {dagbag.py:541} INFO - Filling up the DagBag from /home/airflow/.local/lib/python3.7/site-packages/airflow/example_dags/example_local_kubernetes_executor.py
[2023-07-09T19:00:54.115+0000] {processor.py:836} INFO - DAG(s) dict_keys(['example_local_kubernetes_executor']) retrieved from /home/airflow/.local/lib/python3.7/site-packages/airflow/example_dags/example_local_kubernetes_executor.py
[2023-07-09T19:00:54.148+0000] {logging_mixin.py:149} INFO - [2023-07-09T19:00:54.148+0000] {dag.py:2726} INFO - Sync 1 DAGs
[2023-07-09T19:00:54.175+0000] {logging_mixin.py:149} INFO - [2023-07-09T19:00:54.174+0000] {dag.py:3490} INFO - Setting next_dagrun for example_local_kubernetes_executor to None, run_after=None
[2023-07-09T19:00:54.196+0000] {processor.py:179} INFO - Processing /home/airflow/.local/lib/python3.7/site-packages/airflow/example_dags/example_local_kubernetes_executor.py took 0.272 seconds
[2023-07-09T19:01:24.859+0000] {processor.py:157} INFO - Started process (PID=265) to work on /home/airflow/.local/lib/python3.7/site-packages/airflow/example_dags/example_local_kubernetes_executor.py
[2023-07-09T19:01:24.862+0000] {processor.py:826} INFO - Processing file /home/airflow/.local/lib/python3.7/site-packages/airflow/example_dags/example_local_kubernetes_executor.py for tasks to queue
[2023-07-09T19:01:24.863+0000] {logging_mixin.py:149} INFO - [2023-07-09T19:01:24.863+0000] {dagbag.py:541} INFO - Filling up the DagBag from /home/airflow/.local/lib/python3.7/site-packages/airflow/example_dags/example_local_kubernetes_executor.py
[2023-07-09T19:01:25.038+0000] {processor.py:836} INFO - DAG(s) dict_keys(['example_local_kubernetes_executor']) retrieved from /home/airflow/.local/lib/python3.7/site-packages/airflow/example_dags/example_local_kubernetes_executor.py
[2023-07-09T19:01:25.071+0000] {logging_mixin.py:149} INFO - [2023-07-09T19:01:25.071+0000] {dag.py:2726} INFO - Sync 1 DAGs
[2023-07-09T19:01:25.095+0000] {logging_mixin.py:149} INFO - [2023-07-09T19:01:25.095+0000] {dag.py:3490} INFO - Setting next_dagrun for example_local_kubernetes_executor to None, run_after=None
[2023-07-09T19:01:25.116+0000] {processor.py:179} INFO - Processing /home/airflow/.local/lib/python3.7/site-packages/airflow/example_dags/example_local_kubernetes_executor.py took 0.260 seconds
[2023-07-09T19:01:55.427+0000] {processor.py:157} INFO - Started process (PID=330) to work on /home/airflow/.local/lib/python3.7/site-packages/airflow/example_dags/example_local_kubernetes_executor.py
[2023-07-09T19:01:55.431+0000] {processor.py:826} INFO - Processing file /home/airflow/.local/lib/python3.7/site-packages/airflow/example_dags/example_local_kubernetes_executor.py for tasks to queue
[2023-07-09T19:01:55.431+0000] {logging_mixin.py:149} INFO - [2023-07-09T19:01:55.431+0000] {dagbag.py:541} INFO - Filling up the DagBag from /home/airflow/.local/lib/python3.7/site-packages/airflow/example_dags/example_local_kubernetes_executor.py
[2023-07-09T19:01:55.647+0000] {processor.py:836} INFO - DAG(s) dict_keys(['example_local_kubernetes_executor']) retrieved from /home/airflow/.local/lib/python3.7/site-packages/airflow/example_dags/example_local_kubernetes_executor.py
[2023-07-09T19:01:55.680+0000] {logging_mixin.py:149} INFO - [2023-07-09T19:01:55.680+0000] {dag.py:2726} INFO - Sync 1 DAGs
[2023-07-09T19:01:55.706+0000] {logging_mixin.py:149} INFO - [2023-07-09T19:01:55.706+0000] {dag.py:3490} INFO - Setting next_dagrun for example_local_kubernetes_executor to None, run_after=None
[2023-07-09T19:01:55.729+0000] {processor.py:179} INFO - Processing /home/airflow/.local/lib/python3.7/site-packages/airflow/example_dags/example_local_kubernetes_executor.py took 0.305 seconds
[2023-07-09T19:02:26.192+0000] {processor.py:157} INFO - Started process (PID=395) to work on /home/airflow/.local/lib/python3.7/site-packages/airflow/example_dags/example_local_kubernetes_executor.py
[2023-07-09T19:02:26.196+0000] {processor.py:826} INFO - Processing file /home/airflow/.local/lib/python3.7/site-packages/airflow/example_dags/example_local_kubernetes_executor.py for tasks to queue
[2023-07-09T19:02:26.198+0000] {logging_mixin.py:149} INFO - [2023-07-09T19:02:26.197+0000] {dagbag.py:541} INFO - Filling up the DagBag from /home/airflow/.local/lib/python3.7/site-packages/airflow/example_dags/example_local_kubernetes_executor.py
[2023-07-09T19:02:26.422+0000] {processor.py:836} INFO - DAG(s) dict_keys(['example_local_kubernetes_executor']) retrieved from /home/airflow/.local/lib/python3.7/site-packages/airflow/example_dags/example_local_kubernetes_executor.py
[2023-07-09T19:02:26.454+0000] {logging_mixin.py:149} INFO - [2023-07-09T19:02:26.454+0000] {dag.py:2726} INFO - Sync 1 DAGs
[2023-07-09T19:02:26.479+0000] {logging_mixin.py:149} INFO - [2023-07-09T19:02:26.479+0000] {dag.py:3490} INFO - Setting next_dagrun for example_local_kubernetes_executor to None, run_after=None
[2023-07-09T19:02:26.500+0000] {processor.py:179} INFO - Processing /home/airflow/.local/lib/python3.7/site-packages/airflow/example_dags/example_local_kubernetes_executor.py took 0.313 seconds
[2023-07-09T19:02:56.619+0000] {processor.py:157} INFO - Started process (PID=461) to work on /home/airflow/.local/lib/python3.7/site-packages/airflow/example_dags/example_local_kubernetes_executor.py
[2023-07-09T19:02:56.620+0000] {processor.py:826} INFO - Processing file /home/airflow/.local/lib/python3.7/site-packages/airflow/example_dags/example_local_kubernetes_executor.py for tasks to queue
[2023-07-09T19:02:56.621+0000] {logging_mixin.py:149} INFO - [2023-07-09T19:02:56.621+0000] {dagbag.py:541} INFO - Filling up the DagBag from /home/airflow/.local/lib/python3.7/site-packages/airflow/example_dags/example_local_kubernetes_executor.py
[2023-07-09T19:02:56.821+0000] {processor.py:836} INFO - DAG(s) dict_keys(['example_local_kubernetes_executor']) retrieved from /home/airflow/.local/lib/python3.7/site-packages/airflow/example_dags/example_local_kubernetes_executor.py
[2023-07-09T19:02:56.861+0000] {logging_mixin.py:149} INFO - [2023-07-09T19:02:56.861+0000] {dag.py:2726} INFO - Sync 1 DAGs
[2023-07-09T19:02:56.891+0000] {logging_mixin.py:149} INFO - [2023-07-09T19:02:56.891+0000] {dag.py:3490} INFO - Setting next_dagrun for example_local_kubernetes_executor to None, run_after=None
[2023-07-09T19:02:56.911+0000] {processor.py:179} INFO - Processing /home/airflow/.local/lib/python3.7/site-packages/airflow/example_dags/example_local_kubernetes_executor.py took 0.295 seconds
[2023-07-09T19:03:26.937+0000] {processor.py:157} INFO - Started process (PID=529) to work on /home/airflow/.local/lib/python3.7/site-packages/airflow/example_dags/example_local_kubernetes_executor.py
[2023-07-09T19:03:26.938+0000] {processor.py:826} INFO - Processing file /home/airflow/.local/lib/python3.7/site-packages/airflow/example_dags/example_local_kubernetes_executor.py for tasks to queue
[2023-07-09T19:03:26.938+0000] {logging_mixin.py:149} INFO - [2023-07-09T19:03:26.938+0000] {dagbag.py:541} INFO - Filling up the DagBag from /home/airflow/.local/lib/python3.7/site-packages/airflow/example_dags/example_local_kubernetes_executor.py
[2023-07-09T19:03:27.106+0000] {processor.py:836} INFO - DAG(s) dict_keys(['example_local_kubernetes_executor']) retrieved from /home/airflow/.local/lib/python3.7/site-packages/airflow/example_dags/example_local_kubernetes_executor.py
[2023-07-09T19:03:27.136+0000] {logging_mixin.py:149} INFO - [2023-07-09T19:03:27.136+0000] {dag.py:2726} INFO - Sync 1 DAGs
[2023-07-09T19:03:27.160+0000] {logging_mixin.py:149} INFO - [2023-07-09T19:03:27.160+0000] {dag.py:3490} INFO - Setting next_dagrun for example_local_kubernetes_executor to None, run_after=None
[2023-07-09T19:03:27.181+0000] {processor.py:179} INFO - Processing /home/airflow/.local/lib/python3.7/site-packages/airflow/example_dags/example_local_kubernetes_executor.py took 0.247 seconds
[2023-07-09T19:03:57.241+0000] {processor.py:157} INFO - Started process (PID=594) to work on /home/airflow/.local/lib/python3.7/site-packages/airflow/example_dags/example_local_kubernetes_executor.py
[2023-07-09T19:03:57.242+0000] {processor.py:826} INFO - Processing file /home/airflow/.local/lib/python3.7/site-packages/airflow/example_dags/example_local_kubernetes_executor.py for tasks to queue
[2023-07-09T19:03:57.243+0000] {logging_mixin.py:149} INFO - [2023-07-09T19:03:57.243+0000] {dagbag.py:541} INFO - Filling up the DagBag from /home/airflow/.local/lib/python3.7/site-packages/airflow/example_dags/example_local_kubernetes_executor.py
[2023-07-09T19:03:57.439+0000] {processor.py:836} INFO - DAG(s) dict_keys(['example_local_kubernetes_executor']) retrieved from /home/airflow/.local/lib/python3.7/site-packages/airflow/example_dags/example_local_kubernetes_executor.py
[2023-07-09T19:03:57.481+0000] {logging_mixin.py:149} INFO - [2023-07-09T19:03:57.480+0000] {dag.py:2726} INFO - Sync 1 DAGs
[2023-07-09T19:03:57.507+0000] {logging_mixin.py:149} INFO - [2023-07-09T19:03:57.507+0000] {dag.py:3490} INFO - Setting next_dagrun for example_local_kubernetes_executor to None, run_after=None
[2023-07-09T19:03:57.529+0000] {processor.py:179} INFO - Processing /home/airflow/.local/lib/python3.7/site-packages/airflow/example_dags/example_local_kubernetes_executor.py took 0.292 seconds
[2023-07-09T19:04:28.456+0000] {processor.py:157} INFO - Started process (PID=659) to work on /home/airflow/.local/lib/python3.7/site-packages/airflow/example_dags/example_local_kubernetes_executor.py
[2023-07-09T19:04:28.459+0000] {processor.py:826} INFO - Processing file /home/airflow/.local/lib/python3.7/site-packages/airflow/example_dags/example_local_kubernetes_executor.py for tasks to queue
[2023-07-09T19:04:28.460+0000] {logging_mixin.py:149} INFO - [2023-07-09T19:04:28.460+0000] {dagbag.py:541} INFO - Filling up the DagBag from /home/airflow/.local/lib/python3.7/site-packages/airflow/example_dags/example_local_kubernetes_executor.py
[2023-07-09T19:04:28.653+0000] {processor.py:836} INFO - DAG(s) dict_keys(['example_local_kubernetes_executor']) retrieved from /home/airflow/.local/lib/python3.7/site-packages/airflow/example_dags/example_local_kubernetes_executor.py
[2023-07-09T19:04:28.686+0000] {logging_mixin.py:149} INFO - [2023-07-09T19:04:28.686+0000] {dag.py:2726} INFO - Sync 1 DAGs
[2023-07-09T19:04:28.717+0000] {logging_mixin.py:149} INFO - [2023-07-09T19:04:28.717+0000] {dag.py:3490} INFO - Setting next_dagrun for example_local_kubernetes_executor to None, run_after=None
[2023-07-09T19:04:28.745+0000] {processor.py:179} INFO - Processing /home/airflow/.local/lib/python3.7/site-packages/airflow/example_dags/example_local_kubernetes_executor.py took 0.292 seconds
[2023-07-09T19:04:59.161+0000] {processor.py:157} INFO - Started process (PID=724) to work on /home/airflow/.local/lib/python3.7/site-packages/airflow/example_dags/example_local_kubernetes_executor.py
[2023-07-09T19:04:59.165+0000] {processor.py:826} INFO - Processing file /home/airflow/.local/lib/python3.7/site-packages/airflow/example_dags/example_local_kubernetes_executor.py for tasks to queue
[2023-07-09T19:04:59.166+0000] {logging_mixin.py:149} INFO - [2023-07-09T19:04:59.166+0000] {dagbag.py:541} INFO - Filling up the DagBag from /home/airflow/.local/lib/python3.7/site-packages/airflow/example_dags/example_local_kubernetes_executor.py
[2023-07-09T19:04:59.352+0000] {processor.py:836} INFO - DAG(s) dict_keys(['example_local_kubernetes_executor']) retrieved from /home/airflow/.local/lib/python3.7/site-packages/airflow/example_dags/example_local_kubernetes_executor.py
[2023-07-09T19:04:59.383+0000] {logging_mixin.py:149} INFO - [2023-07-09T19:04:59.382+0000] {dag.py:2726} INFO - Sync 1 DAGs
[2023-07-09T19:04:59.406+0000] {logging_mixin.py:149} INFO - [2023-07-09T19:04:59.406+0000] {dag.py:3490} INFO - Setting next_dagrun for example_local_kubernetes_executor to None, run_after=None
[2023-07-09T19:04:59.426+0000] {processor.py:179} INFO - Processing /home/airflow/.local/lib/python3.7/site-packages/airflow/example_dags/example_local_kubernetes_executor.py took 0.269 seconds
[2023-07-09T19:05:29.459+0000] {processor.py:157} INFO - Started process (PID=791) to work on /home/airflow/.local/lib/python3.7/site-packages/airflow/example_dags/example_local_kubernetes_executor.py
[2023-07-09T19:05:29.461+0000] {processor.py:826} INFO - Processing file /home/airflow/.local/lib/python3.7/site-packages/airflow/example_dags/example_local_kubernetes_executor.py for tasks to queue
[2023-07-09T19:05:29.462+0000] {logging_mixin.py:149} INFO - [2023-07-09T19:05:29.461+0000] {dagbag.py:541} INFO - Filling up the DagBag from /home/airflow/.local/lib/python3.7/site-packages/airflow/example_dags/example_local_kubernetes_executor.py
[2023-07-09T19:05:29.653+0000] {processor.py:836} INFO - DAG(s) dict_keys(['example_local_kubernetes_executor']) retrieved from /home/airflow/.local/lib/python3.7/site-packages/airflow/example_dags/example_local_kubernetes_executor.py
[2023-07-09T19:05:29.693+0000] {logging_mixin.py:149} INFO - [2023-07-09T19:05:29.693+0000] {dag.py:2726} INFO - Sync 1 DAGs
[2023-07-09T19:05:29.721+0000] {logging_mixin.py:149} INFO - [2023-07-09T19:05:29.721+0000] {dag.py:3490} INFO - Setting next_dagrun for example_local_kubernetes_executor to None, run_after=None
[2023-07-09T19:05:29.749+0000] {processor.py:179} INFO - Processing /home/airflow/.local/lib/python3.7/site-packages/airflow/example_dags/example_local_kubernetes_executor.py took 0.294 seconds
[2023-07-09T19:06:00.366+0000] {processor.py:157} INFO - Started process (PID=854) to work on /home/airflow/.local/lib/python3.7/site-packages/airflow/example_dags/example_local_kubernetes_executor.py
[2023-07-09T19:06:00.370+0000] {processor.py:826} INFO - Processing file /home/airflow/.local/lib/python3.7/site-packages/airflow/example_dags/example_local_kubernetes_executor.py for tasks to queue
[2023-07-09T19:06:00.370+0000] {logging_mixin.py:149} INFO - [2023-07-09T19:06:00.370+0000] {dagbag.py:541} INFO - Filling up the DagBag from /home/airflow/.local/lib/python3.7/site-packages/airflow/example_dags/example_local_kubernetes_executor.py
[2023-07-09T19:06:00.571+0000] {processor.py:836} INFO - DAG(s) dict_keys(['example_local_kubernetes_executor']) retrieved from /home/airflow/.local/lib/python3.7/site-packages/airflow/example_dags/example_local_kubernetes_executor.py
[2023-07-09T19:06:00.606+0000] {logging_mixin.py:149} INFO - [2023-07-09T19:06:00.606+0000] {dag.py:2726} INFO - Sync 1 DAGs
[2023-07-09T19:06:00.631+0000] {logging_mixin.py:149} INFO - [2023-07-09T19:06:00.631+0000] {dag.py:3490} INFO - Setting next_dagrun for example_local_kubernetes_executor to None, run_after=None
[2023-07-09T19:06:00.652+0000] {processor.py:179} INFO - Processing /home/airflow/.local/lib/python3.7/site-packages/airflow/example_dags/example_local_kubernetes_executor.py took 0.290 seconds
[2023-07-09T19:06:31.618+0000] {processor.py:157} INFO - Started process (PID=921) to work on /home/airflow/.local/lib/python3.7/site-packages/airflow/example_dags/example_local_kubernetes_executor.py
[2023-07-09T19:06:31.621+0000] {processor.py:826} INFO - Processing file /home/airflow/.local/lib/python3.7/site-packages/airflow/example_dags/example_local_kubernetes_executor.py for tasks to queue
[2023-07-09T19:06:31.622+0000] {logging_mixin.py:149} INFO - [2023-07-09T19:06:31.622+0000] {dagbag.py:541} INFO - Filling up the DagBag from /home/airflow/.local/lib/python3.7/site-packages/airflow/example_dags/example_local_kubernetes_executor.py
[2023-07-09T19:06:31.797+0000] {processor.py:836} INFO - DAG(s) dict_keys(['example_local_kubernetes_executor']) retrieved from /home/airflow/.local/lib/python3.7/site-packages/airflow/example_dags/example_local_kubernetes_executor.py
[2023-07-09T19:06:31.827+0000] {logging_mixin.py:149} INFO - [2023-07-09T19:06:31.827+0000] {dag.py:2726} INFO - Sync 1 DAGs
[2023-07-09T19:06:31.849+0000] {logging_mixin.py:149} INFO - [2023-07-09T19:06:31.849+0000] {dag.py:3490} INFO - Setting next_dagrun for example_local_kubernetes_executor to None, run_after=None
[2023-07-09T19:06:31.870+0000] {processor.py:179} INFO - Processing /home/airflow/.local/lib/python3.7/site-packages/airflow/example_dags/example_local_kubernetes_executor.py took 0.255 seconds
[2023-07-09T19:07:02.750+0000] {processor.py:157} INFO - Started process (PID=986) to work on /home/airflow/.local/lib/python3.7/site-packages/airflow/example_dags/example_local_kubernetes_executor.py
[2023-07-09T19:07:02.753+0000] {processor.py:826} INFO - Processing file /home/airflow/.local/lib/python3.7/site-packages/airflow/example_dags/example_local_kubernetes_executor.py for tasks to queue
[2023-07-09T19:07:02.754+0000] {logging_mixin.py:149} INFO - [2023-07-09T19:07:02.754+0000] {dagbag.py:541} INFO - Filling up the DagBag from /home/airflow/.local/lib/python3.7/site-packages/airflow/example_dags/example_local_kubernetes_executor.py
[2023-07-09T19:07:02.942+0000] {processor.py:836} INFO - DAG(s) dict_keys(['example_local_kubernetes_executor']) retrieved from /home/airflow/.local/lib/python3.7/site-packages/airflow/example_dags/example_local_kubernetes_executor.py
[2023-07-09T19:07:02.976+0000] {logging_mixin.py:149} INFO - [2023-07-09T19:07:02.976+0000] {dag.py:2726} INFO - Sync 1 DAGs
[2023-07-09T19:07:03.002+0000] {logging_mixin.py:149} INFO - [2023-07-09T19:07:03.002+0000] {dag.py:3490} INFO - Setting next_dagrun for example_local_kubernetes_executor to None, run_after=None
[2023-07-09T19:07:03.021+0000] {processor.py:179} INFO - Processing /home/airflow/.local/lib/python3.7/site-packages/airflow/example_dags/example_local_kubernetes_executor.py took 0.274 seconds
[2023-07-09T19:07:33.085+0000] {processor.py:157} INFO - Started process (PID=1051) to work on /home/airflow/.local/lib/python3.7/site-packages/airflow/example_dags/example_local_kubernetes_executor.py
[2023-07-09T19:07:33.088+0000] {processor.py:826} INFO - Processing file /home/airflow/.local/lib/python3.7/site-packages/airflow/example_dags/example_local_kubernetes_executor.py for tasks to queue
[2023-07-09T19:07:33.088+0000] {logging_mixin.py:149} INFO - [2023-07-09T19:07:33.088+0000] {dagbag.py:541} INFO - Filling up the DagBag from /home/airflow/.local/lib/python3.7/site-packages/airflow/example_dags/example_local_kubernetes_executor.py
[2023-07-09T19:07:33.264+0000] {processor.py:836} INFO - DAG(s) dict_keys(['example_local_kubernetes_executor']) retrieved from /home/airflow/.local/lib/python3.7/site-packages/airflow/example_dags/example_local_kubernetes_executor.py
[2023-07-09T19:07:33.304+0000] {logging_mixin.py:149} INFO - [2023-07-09T19:07:33.304+0000] {dag.py:2726} INFO - Sync 1 DAGs
[2023-07-09T19:07:33.335+0000] {logging_mixin.py:149} INFO - [2023-07-09T19:07:33.334+0000] {dag.py:3490} INFO - Setting next_dagrun for example_local_kubernetes_executor to None, run_after=None
[2023-07-09T19:07:33.364+0000] {processor.py:179} INFO - Processing /home/airflow/.local/lib/python3.7/site-packages/airflow/example_dags/example_local_kubernetes_executor.py took 0.282 seconds
[2023-07-09T19:08:04.057+0000] {processor.py:157} INFO - Started process (PID=1116) to work on /home/airflow/.local/lib/python3.7/site-packages/airflow/example_dags/example_local_kubernetes_executor.py
[2023-07-09T19:08:04.060+0000] {processor.py:826} INFO - Processing file /home/airflow/.local/lib/python3.7/site-packages/airflow/example_dags/example_local_kubernetes_executor.py for tasks to queue
[2023-07-09T19:08:04.060+0000] {logging_mixin.py:149} INFO - [2023-07-09T19:08:04.060+0000] {dagbag.py:541} INFO - Filling up the DagBag from /home/airflow/.local/lib/python3.7/site-packages/airflow/example_dags/example_local_kubernetes_executor.py
[2023-07-09T19:08:04.240+0000] {processor.py:836} INFO - DAG(s) dict_keys(['example_local_kubernetes_executor']) retrieved from /home/airflow/.local/lib/python3.7/site-packages/airflow/example_dags/example_local_kubernetes_executor.py
[2023-07-09T19:08:04.273+0000] {logging_mixin.py:149} INFO - [2023-07-09T19:08:04.273+0000] {dag.py:2726} INFO - Sync 1 DAGs
[2023-07-09T19:08:04.297+0000] {logging_mixin.py:149} INFO - [2023-07-09T19:08:04.297+0000] {dag.py:3490} INFO - Setting next_dagrun for example_local_kubernetes_executor to None, run_after=None
[2023-07-09T19:08:04.314+0000] {processor.py:179} INFO - Processing /home/airflow/.local/lib/python3.7/site-packages/airflow/example_dags/example_local_kubernetes_executor.py took 0.261 seconds
