[2023-07-09T18:59:49.307+0000] {processor.py:157} INFO - Started process (PID=51) to work on /home/airflow/.local/lib/python3.7/site-packages/airflow/example_dags/example_branch_datetime_operator.py
[2023-07-09T18:59:49.307+0000] {processor.py:826} INFO - Processing file /home/airflow/.local/lib/python3.7/site-packages/airflow/example_dags/example_branch_datetime_operator.py for tasks to queue
[2023-07-09T18:59:49.308+0000] {logging_mixin.py:149} INFO - [2023-07-09T18:59:49.308+0000] {dagbag.py:541} INFO - Filling up the DagBag from /home/airflow/.local/lib/python3.7/site-packages/airflow/example_dags/example_branch_datetime_operator.py
[2023-07-09T18:59:49.321+0000] {processor.py:836} INFO - DAG(s) dict_keys(['example_branch_datetime_operator_2', 'example_branch_datetime_operator', 'example_branch_datetime_operator_3']) retrieved from /home/airflow/.local/lib/python3.7/site-packages/airflow/example_dags/example_branch_datetime_operator.py
[2023-07-09T18:59:49.438+0000] {logging_mixin.py:149} INFO - [2023-07-09T18:59:49.438+0000] {manager.py:504} INFO - Created Permission View: can read on DAG:example_branch_datetime_operator_2
[2023-07-09T18:59:49.450+0000] {logging_mixin.py:149} INFO - [2023-07-09T18:59:49.450+0000] {manager.py:504} INFO - Created Permission View: can edit on DAG:example_branch_datetime_operator_2
[2023-07-09T18:59:49.458+0000] {logging_mixin.py:149} INFO - [2023-07-09T18:59:49.458+0000] {manager.py:504} INFO - Created Permission View: can delete on DAG:example_branch_datetime_operator_2
[2023-07-09T18:59:49.497+0000] {logging_mixin.py:149} INFO - [2023-07-09T18:59:49.497+0000] {manager.py:504} INFO - Created Permission View: can read on DAG:example_branch_datetime_operator
[2023-07-09T18:59:49.509+0000] {logging_mixin.py:149} INFO - [2023-07-09T18:59:49.508+0000] {manager.py:504} INFO - Created Permission View: can edit on DAG:example_branch_datetime_operator
[2023-07-09T18:59:49.519+0000] {logging_mixin.py:149} INFO - [2023-07-09T18:59:49.518+0000] {manager.py:504} INFO - Created Permission View: can delete on DAG:example_branch_datetime_operator
[2023-07-09T18:59:49.544+0000] {logging_mixin.py:149} INFO - [2023-07-09T18:59:49.543+0000] {manager.py:504} INFO - Created Permission View: can read on DAG:example_branch_datetime_operator_3
[2023-07-09T18:59:49.552+0000] {logging_mixin.py:149} INFO - [2023-07-09T18:59:49.552+0000] {manager.py:504} INFO - Created Permission View: can edit on DAG:example_branch_datetime_operator_3
[2023-07-09T18:59:49.559+0000] {logging_mixin.py:149} INFO - [2023-07-09T18:59:49.559+0000] {manager.py:504} INFO - Created Permission View: can delete on DAG:example_branch_datetime_operator_3
[2023-07-09T18:59:49.567+0000] {logging_mixin.py:149} INFO - [2023-07-09T18:59:49.567+0000] {dag.py:2726} INFO - Sync 3 DAGs
[2023-07-09T18:59:49.581+0000] {logging_mixin.py:149} INFO - [2023-07-09T18:59:49.581+0000] {dag.py:2747} INFO - Creating ORM DAG for example_branch_datetime_operator_3
[2023-07-09T18:59:49.582+0000] {logging_mixin.py:149} INFO - [2023-07-09T18:59:49.582+0000] {dag.py:2747} INFO - Creating ORM DAG for example_branch_datetime_operator
[2023-07-09T18:59:49.582+0000] {logging_mixin.py:149} INFO - [2023-07-09T18:59:49.582+0000] {dag.py:2747} INFO - Creating ORM DAG for example_branch_datetime_operator_2
[2023-07-09T18:59:49.596+0000] {logging_mixin.py:149} INFO - [2023-07-09T18:59:49.596+0000] {dag.py:3490} INFO - Setting next_dagrun for example_branch_datetime_operator to 2023-07-08T00:00:00+00:00, run_after=2023-07-09T00:00:00+00:00
[2023-07-09T18:59:49.598+0000] {logging_mixin.py:149} INFO - [2023-07-09T18:59:49.598+0000] {dag.py:3490} INFO - Setting next_dagrun for example_branch_datetime_operator_2 to 2023-07-08T00:00:00+00:00, run_after=2023-07-09T00:00:00+00:00
[2023-07-09T18:59:49.600+0000] {logging_mixin.py:149} INFO - [2023-07-09T18:59:49.600+0000] {dag.py:3490} INFO - Setting next_dagrun for example_branch_datetime_operator_3 to 2023-07-08T00:00:00+00:00, run_after=2023-07-09T00:00:00+00:00
[2023-07-09T18:59:49.622+0000] {processor.py:179} INFO - Processing /home/airflow/.local/lib/python3.7/site-packages/airflow/example_dags/example_branch_datetime_operator.py took 0.319 seconds
[2023-07-09T19:00:20.436+0000] {processor.py:157} INFO - Started process (PID=116) to work on /home/airflow/.local/lib/python3.7/site-packages/airflow/example_dags/example_branch_datetime_operator.py
[2023-07-09T19:00:20.439+0000] {processor.py:826} INFO - Processing file /home/airflow/.local/lib/python3.7/site-packages/airflow/example_dags/example_branch_datetime_operator.py for tasks to queue
[2023-07-09T19:00:20.440+0000] {logging_mixin.py:149} INFO - [2023-07-09T19:00:20.440+0000] {dagbag.py:541} INFO - Filling up the DagBag from /home/airflow/.local/lib/python3.7/site-packages/airflow/example_dags/example_branch_datetime_operator.py
[2023-07-09T19:00:20.451+0000] {processor.py:836} INFO - DAG(s) dict_keys(['example_branch_datetime_operator', 'example_branch_datetime_operator_3', 'example_branch_datetime_operator_2']) retrieved from /home/airflow/.local/lib/python3.7/site-packages/airflow/example_dags/example_branch_datetime_operator.py
[2023-07-09T19:00:20.484+0000] {logging_mixin.py:149} INFO - [2023-07-09T19:00:20.483+0000] {dag.py:2726} INFO - Sync 3 DAGs
[2023-07-09T19:00:20.518+0000] {logging_mixin.py:149} INFO - [2023-07-09T19:00:20.518+0000] {dag.py:3490} INFO - Setting next_dagrun for example_branch_datetime_operator to 2023-07-08T00:00:00+00:00, run_after=2023-07-09T00:00:00+00:00
[2023-07-09T19:00:20.525+0000] {logging_mixin.py:149} INFO - [2023-07-09T19:00:20.525+0000] {dag.py:3490} INFO - Setting next_dagrun for example_branch_datetime_operator_2 to 2023-07-08T00:00:00+00:00, run_after=2023-07-09T00:00:00+00:00
[2023-07-09T19:00:20.528+0000] {logging_mixin.py:149} INFO - [2023-07-09T19:00:20.528+0000] {dag.py:3490} INFO - Setting next_dagrun for example_branch_datetime_operator_3 to 2023-07-08T00:00:00+00:00, run_after=2023-07-09T00:00:00+00:00
[2023-07-09T19:00:20.546+0000] {processor.py:179} INFO - Processing /home/airflow/.local/lib/python3.7/site-packages/airflow/example_dags/example_branch_datetime_operator.py took 0.112 seconds
[2023-07-09T19:00:50.601+0000] {processor.py:157} INFO - Started process (PID=181) to work on /home/airflow/.local/lib/python3.7/site-packages/airflow/example_dags/example_branch_datetime_operator.py
[2023-07-09T19:00:50.604+0000] {processor.py:826} INFO - Processing file /home/airflow/.local/lib/python3.7/site-packages/airflow/example_dags/example_branch_datetime_operator.py for tasks to queue
[2023-07-09T19:00:50.604+0000] {logging_mixin.py:149} INFO - [2023-07-09T19:00:50.604+0000] {dagbag.py:541} INFO - Filling up the DagBag from /home/airflow/.local/lib/python3.7/site-packages/airflow/example_dags/example_branch_datetime_operator.py
[2023-07-09T19:00:50.613+0000] {processor.py:836} INFO - DAG(s) dict_keys(['example_branch_datetime_operator', 'example_branch_datetime_operator_3', 'example_branch_datetime_operator_2']) retrieved from /home/airflow/.local/lib/python3.7/site-packages/airflow/example_dags/example_branch_datetime_operator.py
[2023-07-09T19:00:50.643+0000] {logging_mixin.py:149} INFO - [2023-07-09T19:00:50.642+0000] {dag.py:2726} INFO - Sync 3 DAGs
[2023-07-09T19:00:50.668+0000] {logging_mixin.py:149} INFO - [2023-07-09T19:00:50.668+0000] {dag.py:3490} INFO - Setting next_dagrun for example_branch_datetime_operator to 2023-07-08T00:00:00+00:00, run_after=2023-07-09T00:00:00+00:00
[2023-07-09T19:00:50.672+0000] {logging_mixin.py:149} INFO - [2023-07-09T19:00:50.672+0000] {dag.py:3490} INFO - Setting next_dagrun for example_branch_datetime_operator_2 to 2023-07-08T00:00:00+00:00, run_after=2023-07-09T00:00:00+00:00
[2023-07-09T19:00:50.674+0000] {logging_mixin.py:149} INFO - [2023-07-09T19:00:50.674+0000] {dag.py:3490} INFO - Setting next_dagrun for example_branch_datetime_operator_3 to 2023-07-08T00:00:00+00:00, run_after=2023-07-09T00:00:00+00:00
[2023-07-09T19:00:50.693+0000] {processor.py:179} INFO - Processing /home/airflow/.local/lib/python3.7/site-packages/airflow/example_dags/example_branch_datetime_operator.py took 0.095 seconds
[2023-07-09T19:01:20.835+0000] {processor.py:157} INFO - Started process (PID=246) to work on /home/airflow/.local/lib/python3.7/site-packages/airflow/example_dags/example_branch_datetime_operator.py
[2023-07-09T19:01:20.838+0000] {processor.py:826} INFO - Processing file /home/airflow/.local/lib/python3.7/site-packages/airflow/example_dags/example_branch_datetime_operator.py for tasks to queue
[2023-07-09T19:01:20.838+0000] {logging_mixin.py:149} INFO - [2023-07-09T19:01:20.838+0000] {dagbag.py:541} INFO - Filling up the DagBag from /home/airflow/.local/lib/python3.7/site-packages/airflow/example_dags/example_branch_datetime_operator.py
[2023-07-09T19:01:20.847+0000] {processor.py:836} INFO - DAG(s) dict_keys(['example_branch_datetime_operator_3', 'example_branch_datetime_operator', 'example_branch_datetime_operator_2']) retrieved from /home/airflow/.local/lib/python3.7/site-packages/airflow/example_dags/example_branch_datetime_operator.py
[2023-07-09T19:01:20.877+0000] {logging_mixin.py:149} INFO - [2023-07-09T19:01:20.877+0000] {dag.py:2726} INFO - Sync 3 DAGs
[2023-07-09T19:01:20.902+0000] {logging_mixin.py:149} INFO - [2023-07-09T19:01:20.902+0000] {dag.py:3490} INFO - Setting next_dagrun for example_branch_datetime_operator to 2023-07-08T00:00:00+00:00, run_after=2023-07-09T00:00:00+00:00
[2023-07-09T19:01:20.906+0000] {logging_mixin.py:149} INFO - [2023-07-09T19:01:20.906+0000] {dag.py:3490} INFO - Setting next_dagrun for example_branch_datetime_operator_2 to 2023-07-08T00:00:00+00:00, run_after=2023-07-09T00:00:00+00:00
[2023-07-09T19:01:20.908+0000] {logging_mixin.py:149} INFO - [2023-07-09T19:01:20.908+0000] {dag.py:3490} INFO - Setting next_dagrun for example_branch_datetime_operator_3 to 2023-07-08T00:00:00+00:00, run_after=2023-07-09T00:00:00+00:00
[2023-07-09T19:01:20.926+0000] {processor.py:179} INFO - Processing /home/airflow/.local/lib/python3.7/site-packages/airflow/example_dags/example_branch_datetime_operator.py took 0.095 seconds
[2023-07-09T19:01:51.444+0000] {processor.py:157} INFO - Started process (PID=311) to work on /home/airflow/.local/lib/python3.7/site-packages/airflow/example_dags/example_branch_datetime_operator.py
[2023-07-09T19:01:51.447+0000] {processor.py:826} INFO - Processing file /home/airflow/.local/lib/python3.7/site-packages/airflow/example_dags/example_branch_datetime_operator.py for tasks to queue
[2023-07-09T19:01:51.447+0000] {logging_mixin.py:149} INFO - [2023-07-09T19:01:51.447+0000] {dagbag.py:541} INFO - Filling up the DagBag from /home/airflow/.local/lib/python3.7/site-packages/airflow/example_dags/example_branch_datetime_operator.py
[2023-07-09T19:01:51.456+0000] {processor.py:836} INFO - DAG(s) dict_keys(['example_branch_datetime_operator', 'example_branch_datetime_operator_2', 'example_branch_datetime_operator_3']) retrieved from /home/airflow/.local/lib/python3.7/site-packages/airflow/example_dags/example_branch_datetime_operator.py
[2023-07-09T19:01:51.487+0000] {logging_mixin.py:149} INFO - [2023-07-09T19:01:51.487+0000] {dag.py:2726} INFO - Sync 3 DAGs
[2023-07-09T19:01:51.518+0000] {logging_mixin.py:149} INFO - [2023-07-09T19:01:51.518+0000] {dag.py:3490} INFO - Setting next_dagrun for example_branch_datetime_operator to 2023-07-08T00:00:00+00:00, run_after=2023-07-09T00:00:00+00:00
[2023-07-09T19:01:51.523+0000] {logging_mixin.py:149} INFO - [2023-07-09T19:01:51.523+0000] {dag.py:3490} INFO - Setting next_dagrun for example_branch_datetime_operator_2 to 2023-07-08T00:00:00+00:00, run_after=2023-07-09T00:00:00+00:00
[2023-07-09T19:01:51.526+0000] {logging_mixin.py:149} INFO - [2023-07-09T19:01:51.526+0000] {dag.py:3490} INFO - Setting next_dagrun for example_branch_datetime_operator_3 to 2023-07-08T00:00:00+00:00, run_after=2023-07-09T00:00:00+00:00
[2023-07-09T19:01:51.545+0000] {processor.py:179} INFO - Processing /home/airflow/.local/lib/python3.7/site-packages/airflow/example_dags/example_branch_datetime_operator.py took 0.105 seconds
[2023-07-09T19:02:22.073+0000] {processor.py:157} INFO - Started process (PID=376) to work on /home/airflow/.local/lib/python3.7/site-packages/airflow/example_dags/example_branch_datetime_operator.py
[2023-07-09T19:02:22.076+0000] {processor.py:826} INFO - Processing file /home/airflow/.local/lib/python3.7/site-packages/airflow/example_dags/example_branch_datetime_operator.py for tasks to queue
[2023-07-09T19:02:22.077+0000] {logging_mixin.py:149} INFO - [2023-07-09T19:02:22.076+0000] {dagbag.py:541} INFO - Filling up the DagBag from /home/airflow/.local/lib/python3.7/site-packages/airflow/example_dags/example_branch_datetime_operator.py
[2023-07-09T19:02:22.091+0000] {processor.py:836} INFO - DAG(s) dict_keys(['example_branch_datetime_operator_2', 'example_branch_datetime_operator_3', 'example_branch_datetime_operator']) retrieved from /home/airflow/.local/lib/python3.7/site-packages/airflow/example_dags/example_branch_datetime_operator.py
[2023-07-09T19:02:22.137+0000] {logging_mixin.py:149} INFO - [2023-07-09T19:02:22.137+0000] {dag.py:2726} INFO - Sync 3 DAGs
[2023-07-09T19:02:22.171+0000] {logging_mixin.py:149} INFO - [2023-07-09T19:02:22.170+0000] {dag.py:3490} INFO - Setting next_dagrun for example_branch_datetime_operator to 2023-07-08T00:00:00+00:00, run_after=2023-07-09T00:00:00+00:00
[2023-07-09T19:02:22.176+0000] {logging_mixin.py:149} INFO - [2023-07-09T19:02:22.176+0000] {dag.py:3490} INFO - Setting next_dagrun for example_branch_datetime_operator_2 to 2023-07-08T00:00:00+00:00, run_after=2023-07-09T00:00:00+00:00
[2023-07-09T19:02:22.180+0000] {logging_mixin.py:149} INFO - [2023-07-09T19:02:22.179+0000] {dag.py:3490} INFO - Setting next_dagrun for example_branch_datetime_operator_3 to 2023-07-08T00:00:00+00:00, run_after=2023-07-09T00:00:00+00:00
[2023-07-09T19:02:22.203+0000] {processor.py:179} INFO - Processing /home/airflow/.local/lib/python3.7/site-packages/airflow/example_dags/example_branch_datetime_operator.py took 0.133 seconds
[2023-07-09T19:02:52.366+0000] {processor.py:157} INFO - Started process (PID=441) to work on /home/airflow/.local/lib/python3.7/site-packages/airflow/example_dags/example_branch_datetime_operator.py
[2023-07-09T19:02:52.369+0000] {processor.py:826} INFO - Processing file /home/airflow/.local/lib/python3.7/site-packages/airflow/example_dags/example_branch_datetime_operator.py for tasks to queue
[2023-07-09T19:02:52.370+0000] {logging_mixin.py:149} INFO - [2023-07-09T19:02:52.370+0000] {dagbag.py:541} INFO - Filling up the DagBag from /home/airflow/.local/lib/python3.7/site-packages/airflow/example_dags/example_branch_datetime_operator.py
[2023-07-09T19:02:52.380+0000] {processor.py:836} INFO - DAG(s) dict_keys(['example_branch_datetime_operator_3', 'example_branch_datetime_operator_2', 'example_branch_datetime_operator']) retrieved from /home/airflow/.local/lib/python3.7/site-packages/airflow/example_dags/example_branch_datetime_operator.py
[2023-07-09T19:02:52.414+0000] {logging_mixin.py:149} INFO - [2023-07-09T19:02:52.414+0000] {dag.py:2726} INFO - Sync 3 DAGs
[2023-07-09T19:02:52.443+0000] {logging_mixin.py:149} INFO - [2023-07-09T19:02:52.443+0000] {dag.py:3490} INFO - Setting next_dagrun for example_branch_datetime_operator to 2023-07-08T00:00:00+00:00, run_after=2023-07-09T00:00:00+00:00
[2023-07-09T19:02:52.449+0000] {logging_mixin.py:149} INFO - [2023-07-09T19:02:52.449+0000] {dag.py:3490} INFO - Setting next_dagrun for example_branch_datetime_operator_2 to 2023-07-08T00:00:00+00:00, run_after=2023-07-09T00:00:00+00:00
[2023-07-09T19:02:52.452+0000] {logging_mixin.py:149} INFO - [2023-07-09T19:02:52.452+0000] {dag.py:3490} INFO - Setting next_dagrun for example_branch_datetime_operator_3 to 2023-07-08T00:00:00+00:00, run_after=2023-07-09T00:00:00+00:00
[2023-07-09T19:02:52.470+0000] {processor.py:179} INFO - Processing /home/airflow/.local/lib/python3.7/site-packages/airflow/example_dags/example_branch_datetime_operator.py took 0.107 seconds
[2023-07-09T19:03:22.609+0000] {processor.py:157} INFO - Started process (PID=506) to work on /home/airflow/.local/lib/python3.7/site-packages/airflow/example_dags/example_branch_datetime_operator.py
[2023-07-09T19:03:22.610+0000] {processor.py:826} INFO - Processing file /home/airflow/.local/lib/python3.7/site-packages/airflow/example_dags/example_branch_datetime_operator.py for tasks to queue
[2023-07-09T19:03:22.611+0000] {logging_mixin.py:149} INFO - [2023-07-09T19:03:22.611+0000] {dagbag.py:541} INFO - Filling up the DagBag from /home/airflow/.local/lib/python3.7/site-packages/airflow/example_dags/example_branch_datetime_operator.py
[2023-07-09T19:03:22.619+0000] {processor.py:836} INFO - DAG(s) dict_keys(['example_branch_datetime_operator_2', 'example_branch_datetime_operator', 'example_branch_datetime_operator_3']) retrieved from /home/airflow/.local/lib/python3.7/site-packages/airflow/example_dags/example_branch_datetime_operator.py
[2023-07-09T19:03:22.651+0000] {logging_mixin.py:149} INFO - [2023-07-09T19:03:22.650+0000] {dag.py:2726} INFO - Sync 3 DAGs
[2023-07-09T19:03:22.676+0000] {logging_mixin.py:149} INFO - [2023-07-09T19:03:22.675+0000] {dag.py:3490} INFO - Setting next_dagrun for example_branch_datetime_operator to 2023-07-08T00:00:00+00:00, run_after=2023-07-09T00:00:00+00:00
[2023-07-09T19:03:22.680+0000] {logging_mixin.py:149} INFO - [2023-07-09T19:03:22.680+0000] {dag.py:3490} INFO - Setting next_dagrun for example_branch_datetime_operator_2 to 2023-07-08T00:00:00+00:00, run_after=2023-07-09T00:00:00+00:00
[2023-07-09T19:03:22.682+0000] {logging_mixin.py:149} INFO - [2023-07-09T19:03:22.682+0000] {dag.py:3490} INFO - Setting next_dagrun for example_branch_datetime_operator_3 to 2023-07-08T00:00:00+00:00, run_after=2023-07-09T00:00:00+00:00
[2023-07-09T19:03:22.700+0000] {processor.py:179} INFO - Processing /home/airflow/.local/lib/python3.7/site-packages/airflow/example_dags/example_branch_datetime_operator.py took 0.095 seconds
[2023-07-09T19:03:52.863+0000] {processor.py:157} INFO - Started process (PID=571) to work on /home/airflow/.local/lib/python3.7/site-packages/airflow/example_dags/example_branch_datetime_operator.py
[2023-07-09T19:03:52.866+0000] {processor.py:826} INFO - Processing file /home/airflow/.local/lib/python3.7/site-packages/airflow/example_dags/example_branch_datetime_operator.py for tasks to queue
[2023-07-09T19:03:52.867+0000] {logging_mixin.py:149} INFO - [2023-07-09T19:03:52.866+0000] {dagbag.py:541} INFO - Filling up the DagBag from /home/airflow/.local/lib/python3.7/site-packages/airflow/example_dags/example_branch_datetime_operator.py
[2023-07-09T19:03:52.876+0000] {processor.py:836} INFO - DAG(s) dict_keys(['example_branch_datetime_operator', 'example_branch_datetime_operator_2', 'example_branch_datetime_operator_3']) retrieved from /home/airflow/.local/lib/python3.7/site-packages/airflow/example_dags/example_branch_datetime_operator.py
[2023-07-09T19:03:52.908+0000] {logging_mixin.py:149} INFO - [2023-07-09T19:03:52.908+0000] {dag.py:2726} INFO - Sync 3 DAGs
[2023-07-09T19:03:52.935+0000] {logging_mixin.py:149} INFO - [2023-07-09T19:03:52.934+0000] {dag.py:3490} INFO - Setting next_dagrun for example_branch_datetime_operator to 2023-07-08T00:00:00+00:00, run_after=2023-07-09T00:00:00+00:00
[2023-07-09T19:03:52.939+0000] {logging_mixin.py:149} INFO - [2023-07-09T19:03:52.939+0000] {dag.py:3490} INFO - Setting next_dagrun for example_branch_datetime_operator_2 to 2023-07-08T00:00:00+00:00, run_after=2023-07-09T00:00:00+00:00
[2023-07-09T19:03:52.942+0000] {logging_mixin.py:149} INFO - [2023-07-09T19:03:52.942+0000] {dag.py:3490} INFO - Setting next_dagrun for example_branch_datetime_operator_3 to 2023-07-08T00:00:00+00:00, run_after=2023-07-09T00:00:00+00:00
[2023-07-09T19:03:52.961+0000] {processor.py:179} INFO - Processing /home/airflow/.local/lib/python3.7/site-packages/airflow/example_dags/example_branch_datetime_operator.py took 0.101 seconds
[2023-07-09T19:04:23.169+0000] {processor.py:157} INFO - Started process (PID=636) to work on /home/airflow/.local/lib/python3.7/site-packages/airflow/example_dags/example_branch_datetime_operator.py
[2023-07-09T19:04:23.172+0000] {processor.py:826} INFO - Processing file /home/airflow/.local/lib/python3.7/site-packages/airflow/example_dags/example_branch_datetime_operator.py for tasks to queue
[2023-07-09T19:04:23.173+0000] {logging_mixin.py:149} INFO - [2023-07-09T19:04:23.173+0000] {dagbag.py:541} INFO - Filling up the DagBag from /home/airflow/.local/lib/python3.7/site-packages/airflow/example_dags/example_branch_datetime_operator.py
[2023-07-09T19:04:23.183+0000] {processor.py:836} INFO - DAG(s) dict_keys(['example_branch_datetime_operator_2', 'example_branch_datetime_operator', 'example_branch_datetime_operator_3']) retrieved from /home/airflow/.local/lib/python3.7/site-packages/airflow/example_dags/example_branch_datetime_operator.py
[2023-07-09T19:04:23.220+0000] {logging_mixin.py:149} INFO - [2023-07-09T19:04:23.219+0000] {dag.py:2726} INFO - Sync 3 DAGs
[2023-07-09T19:04:23.249+0000] {logging_mixin.py:149} INFO - [2023-07-09T19:04:23.249+0000] {dag.py:3490} INFO - Setting next_dagrun for example_branch_datetime_operator to 2023-07-08T00:00:00+00:00, run_after=2023-07-09T00:00:00+00:00
[2023-07-09T19:04:23.256+0000] {logging_mixin.py:149} INFO - [2023-07-09T19:04:23.256+0000] {dag.py:3490} INFO - Setting next_dagrun for example_branch_datetime_operator_2 to 2023-07-08T00:00:00+00:00, run_after=2023-07-09T00:00:00+00:00
[2023-07-09T19:04:23.259+0000] {logging_mixin.py:149} INFO - [2023-07-09T19:04:23.259+0000] {dag.py:3490} INFO - Setting next_dagrun for example_branch_datetime_operator_3 to 2023-07-08T00:00:00+00:00, run_after=2023-07-09T00:00:00+00:00
[2023-07-09T19:04:23.277+0000] {processor.py:179} INFO - Processing /home/airflow/.local/lib/python3.7/site-packages/airflow/example_dags/example_branch_datetime_operator.py took 0.111 seconds
[2023-07-09T19:04:53.986+0000] {processor.py:157} INFO - Started process (PID=701) to work on /home/airflow/.local/lib/python3.7/site-packages/airflow/example_dags/example_branch_datetime_operator.py
[2023-07-09T19:04:53.989+0000] {processor.py:826} INFO - Processing file /home/airflow/.local/lib/python3.7/site-packages/airflow/example_dags/example_branch_datetime_operator.py for tasks to queue
[2023-07-09T19:04:53.990+0000] {logging_mixin.py:149} INFO - [2023-07-09T19:04:53.990+0000] {dagbag.py:541} INFO - Filling up the DagBag from /home/airflow/.local/lib/python3.7/site-packages/airflow/example_dags/example_branch_datetime_operator.py
[2023-07-09T19:04:53.999+0000] {processor.py:836} INFO - DAG(s) dict_keys(['example_branch_datetime_operator_2', 'example_branch_datetime_operator_3', 'example_branch_datetime_operator']) retrieved from /home/airflow/.local/lib/python3.7/site-packages/airflow/example_dags/example_branch_datetime_operator.py
[2023-07-09T19:04:54.031+0000] {logging_mixin.py:149} INFO - [2023-07-09T19:04:54.030+0000] {dag.py:2726} INFO - Sync 3 DAGs
[2023-07-09T19:04:54.056+0000] {logging_mixin.py:149} INFO - [2023-07-09T19:04:54.056+0000] {dag.py:3490} INFO - Setting next_dagrun for example_branch_datetime_operator to 2023-07-08T00:00:00+00:00, run_after=2023-07-09T00:00:00+00:00
[2023-07-09T19:04:54.061+0000] {logging_mixin.py:149} INFO - [2023-07-09T19:04:54.061+0000] {dag.py:3490} INFO - Setting next_dagrun for example_branch_datetime_operator_2 to 2023-07-08T00:00:00+00:00, run_after=2023-07-09T00:00:00+00:00
[2023-07-09T19:04:54.064+0000] {logging_mixin.py:149} INFO - [2023-07-09T19:04:54.064+0000] {dag.py:3490} INFO - Setting next_dagrun for example_branch_datetime_operator_3 to 2023-07-08T00:00:00+00:00, run_after=2023-07-09T00:00:00+00:00
[2023-07-09T19:04:54.084+0000] {processor.py:179} INFO - Processing /home/airflow/.local/lib/python3.7/site-packages/airflow/example_dags/example_branch_datetime_operator.py took 0.100 seconds
[2023-07-09T19:05:24.829+0000] {processor.py:157} INFO - Started process (PID=766) to work on /home/airflow/.local/lib/python3.7/site-packages/airflow/example_dags/example_branch_datetime_operator.py
[2023-07-09T19:05:24.832+0000] {processor.py:826} INFO - Processing file /home/airflow/.local/lib/python3.7/site-packages/airflow/example_dags/example_branch_datetime_operator.py for tasks to queue
[2023-07-09T19:05:24.832+0000] {logging_mixin.py:149} INFO - [2023-07-09T19:05:24.832+0000] {dagbag.py:541} INFO - Filling up the DagBag from /home/airflow/.local/lib/python3.7/site-packages/airflow/example_dags/example_branch_datetime_operator.py
[2023-07-09T19:05:24.843+0000] {processor.py:836} INFO - DAG(s) dict_keys(['example_branch_datetime_operator', 'example_branch_datetime_operator_2', 'example_branch_datetime_operator_3']) retrieved from /home/airflow/.local/lib/python3.7/site-packages/airflow/example_dags/example_branch_datetime_operator.py
[2023-07-09T19:05:24.887+0000] {logging_mixin.py:149} INFO - [2023-07-09T19:05:24.887+0000] {dag.py:2726} INFO - Sync 3 DAGs
[2023-07-09T19:05:24.929+0000] {logging_mixin.py:149} INFO - [2023-07-09T19:05:24.929+0000] {dag.py:3490} INFO - Setting next_dagrun for example_branch_datetime_operator to 2023-07-08T00:00:00+00:00, run_after=2023-07-09T00:00:00+00:00
[2023-07-09T19:05:24.936+0000] {logging_mixin.py:149} INFO - [2023-07-09T19:05:24.935+0000] {dag.py:3490} INFO - Setting next_dagrun for example_branch_datetime_operator_2 to 2023-07-08T00:00:00+00:00, run_after=2023-07-09T00:00:00+00:00
[2023-07-09T19:05:24.940+0000] {logging_mixin.py:149} INFO - [2023-07-09T19:05:24.939+0000] {dag.py:3490} INFO - Setting next_dagrun for example_branch_datetime_operator_3 to 2023-07-08T00:00:00+00:00, run_after=2023-07-09T00:00:00+00:00
[2023-07-09T19:05:24.967+0000] {processor.py:179} INFO - Processing /home/airflow/.local/lib/python3.7/site-packages/airflow/example_dags/example_branch_datetime_operator.py took 0.143 seconds
[2023-07-09T19:05:55.003+0000] {processor.py:157} INFO - Started process (PID=831) to work on /home/airflow/.local/lib/python3.7/site-packages/airflow/example_dags/example_branch_datetime_operator.py
[2023-07-09T19:05:55.006+0000] {processor.py:826} INFO - Processing file /home/airflow/.local/lib/python3.7/site-packages/airflow/example_dags/example_branch_datetime_operator.py for tasks to queue
[2023-07-09T19:05:55.006+0000] {logging_mixin.py:149} INFO - [2023-07-09T19:05:55.006+0000] {dagbag.py:541} INFO - Filling up the DagBag from /home/airflow/.local/lib/python3.7/site-packages/airflow/example_dags/example_branch_datetime_operator.py
[2023-07-09T19:05:55.018+0000] {processor.py:836} INFO - DAG(s) dict_keys(['example_branch_datetime_operator', 'example_branch_datetime_operator_2', 'example_branch_datetime_operator_3']) retrieved from /home/airflow/.local/lib/python3.7/site-packages/airflow/example_dags/example_branch_datetime_operator.py
[2023-07-09T19:05:55.057+0000] {logging_mixin.py:149} INFO - [2023-07-09T19:05:55.057+0000] {dag.py:2726} INFO - Sync 3 DAGs
[2023-07-09T19:05:55.085+0000] {logging_mixin.py:149} INFO - [2023-07-09T19:05:55.085+0000] {dag.py:3490} INFO - Setting next_dagrun for example_branch_datetime_operator to 2023-07-08T00:00:00+00:00, run_after=2023-07-09T00:00:00+00:00
[2023-07-09T19:05:55.092+0000] {logging_mixin.py:149} INFO - [2023-07-09T19:05:55.091+0000] {dag.py:3490} INFO - Setting next_dagrun for example_branch_datetime_operator_2 to 2023-07-08T00:00:00+00:00, run_after=2023-07-09T00:00:00+00:00
[2023-07-09T19:05:55.095+0000] {logging_mixin.py:149} INFO - [2023-07-09T19:05:55.094+0000] {dag.py:3490} INFO - Setting next_dagrun for example_branch_datetime_operator_3 to 2023-07-08T00:00:00+00:00, run_after=2023-07-09T00:00:00+00:00
[2023-07-09T19:05:55.116+0000] {processor.py:179} INFO - Processing /home/airflow/.local/lib/python3.7/site-packages/airflow/example_dags/example_branch_datetime_operator.py took 0.117 seconds
[2023-07-09T19:06:25.269+0000] {processor.py:157} INFO - Started process (PID=896) to work on /home/airflow/.local/lib/python3.7/site-packages/airflow/example_dags/example_branch_datetime_operator.py
[2023-07-09T19:06:25.272+0000] {processor.py:826} INFO - Processing file /home/airflow/.local/lib/python3.7/site-packages/airflow/example_dags/example_branch_datetime_operator.py for tasks to queue
[2023-07-09T19:06:25.273+0000] {logging_mixin.py:149} INFO - [2023-07-09T19:06:25.273+0000] {dagbag.py:541} INFO - Filling up the DagBag from /home/airflow/.local/lib/python3.7/site-packages/airflow/example_dags/example_branch_datetime_operator.py
[2023-07-09T19:06:25.286+0000] {processor.py:836} INFO - DAG(s) dict_keys(['example_branch_datetime_operator_3', 'example_branch_datetime_operator', 'example_branch_datetime_operator_2']) retrieved from /home/airflow/.local/lib/python3.7/site-packages/airflow/example_dags/example_branch_datetime_operator.py
[2023-07-09T19:06:25.321+0000] {logging_mixin.py:149} INFO - [2023-07-09T19:06:25.321+0000] {dag.py:2726} INFO - Sync 3 DAGs
[2023-07-09T19:06:25.352+0000] {logging_mixin.py:149} INFO - [2023-07-09T19:06:25.352+0000] {dag.py:3490} INFO - Setting next_dagrun for example_branch_datetime_operator to 2023-07-08T00:00:00+00:00, run_after=2023-07-09T00:00:00+00:00
[2023-07-09T19:06:25.358+0000] {logging_mixin.py:149} INFO - [2023-07-09T19:06:25.358+0000] {dag.py:3490} INFO - Setting next_dagrun for example_branch_datetime_operator_2 to 2023-07-08T00:00:00+00:00, run_after=2023-07-09T00:00:00+00:00
[2023-07-09T19:06:25.360+0000] {logging_mixin.py:149} INFO - [2023-07-09T19:06:25.360+0000] {dag.py:3490} INFO - Setting next_dagrun for example_branch_datetime_operator_3 to 2023-07-08T00:00:00+00:00, run_after=2023-07-09T00:00:00+00:00
[2023-07-09T19:06:25.378+0000] {processor.py:179} INFO - Processing /home/airflow/.local/lib/python3.7/site-packages/airflow/example_dags/example_branch_datetime_operator.py took 0.112 seconds
[2023-07-09T19:06:55.399+0000] {processor.py:157} INFO - Started process (PID=961) to work on /home/airflow/.local/lib/python3.7/site-packages/airflow/example_dags/example_branch_datetime_operator.py
[2023-07-09T19:06:55.400+0000] {processor.py:826} INFO - Processing file /home/airflow/.local/lib/python3.7/site-packages/airflow/example_dags/example_branch_datetime_operator.py for tasks to queue
[2023-07-09T19:06:55.401+0000] {logging_mixin.py:149} INFO - [2023-07-09T19:06:55.401+0000] {dagbag.py:541} INFO - Filling up the DagBag from /home/airflow/.local/lib/python3.7/site-packages/airflow/example_dags/example_branch_datetime_operator.py
[2023-07-09T19:06:55.411+0000] {processor.py:836} INFO - DAG(s) dict_keys(['example_branch_datetime_operator', 'example_branch_datetime_operator_2', 'example_branch_datetime_operator_3']) retrieved from /home/airflow/.local/lib/python3.7/site-packages/airflow/example_dags/example_branch_datetime_operator.py
[2023-07-09T19:06:55.444+0000] {logging_mixin.py:149} INFO - [2023-07-09T19:06:55.444+0000] {dag.py:2726} INFO - Sync 3 DAGs
[2023-07-09T19:06:55.472+0000] {logging_mixin.py:149} INFO - [2023-07-09T19:06:55.472+0000] {dag.py:3490} INFO - Setting next_dagrun for example_branch_datetime_operator to 2023-07-08T00:00:00+00:00, run_after=2023-07-09T00:00:00+00:00
[2023-07-09T19:06:55.479+0000] {logging_mixin.py:149} INFO - [2023-07-09T19:06:55.478+0000] {dag.py:3490} INFO - Setting next_dagrun for example_branch_datetime_operator_2 to 2023-07-08T00:00:00+00:00, run_after=2023-07-09T00:00:00+00:00
[2023-07-09T19:06:55.484+0000] {logging_mixin.py:149} INFO - [2023-07-09T19:06:55.484+0000] {dag.py:3490} INFO - Setting next_dagrun for example_branch_datetime_operator_3 to 2023-07-08T00:00:00+00:00, run_after=2023-07-09T00:00:00+00:00
[2023-07-09T19:06:55.508+0000] {processor.py:179} INFO - Processing /home/airflow/.local/lib/python3.7/site-packages/airflow/example_dags/example_branch_datetime_operator.py took 0.113 seconds
[2023-07-09T19:07:25.598+0000] {processor.py:157} INFO - Started process (PID=1026) to work on /home/airflow/.local/lib/python3.7/site-packages/airflow/example_dags/example_branch_datetime_operator.py
[2023-07-09T19:07:25.599+0000] {processor.py:826} INFO - Processing file /home/airflow/.local/lib/python3.7/site-packages/airflow/example_dags/example_branch_datetime_operator.py for tasks to queue
[2023-07-09T19:07:25.600+0000] {logging_mixin.py:149} INFO - [2023-07-09T19:07:25.600+0000] {dagbag.py:541} INFO - Filling up the DagBag from /home/airflow/.local/lib/python3.7/site-packages/airflow/example_dags/example_branch_datetime_operator.py
[2023-07-09T19:07:25.609+0000] {processor.py:836} INFO - DAG(s) dict_keys(['example_branch_datetime_operator_2', 'example_branch_datetime_operator_3', 'example_branch_datetime_operator']) retrieved from /home/airflow/.local/lib/python3.7/site-packages/airflow/example_dags/example_branch_datetime_operator.py
[2023-07-09T19:07:25.641+0000] {logging_mixin.py:149} INFO - [2023-07-09T19:07:25.641+0000] {dag.py:2726} INFO - Sync 3 DAGs
[2023-07-09T19:07:25.669+0000] {logging_mixin.py:149} INFO - [2023-07-09T19:07:25.668+0000] {dag.py:3490} INFO - Setting next_dagrun for example_branch_datetime_operator to 2023-07-08T00:00:00+00:00, run_after=2023-07-09T00:00:00+00:00
[2023-07-09T19:07:25.674+0000] {logging_mixin.py:149} INFO - [2023-07-09T19:07:25.673+0000] {dag.py:3490} INFO - Setting next_dagrun for example_branch_datetime_operator_2 to 2023-07-08T00:00:00+00:00, run_after=2023-07-09T00:00:00+00:00
[2023-07-09T19:07:25.676+0000] {logging_mixin.py:149} INFO - [2023-07-09T19:07:25.676+0000] {dag.py:3490} INFO - Setting next_dagrun for example_branch_datetime_operator_3 to 2023-07-08T00:00:00+00:00, run_after=2023-07-09T00:00:00+00:00
[2023-07-09T19:07:25.694+0000] {processor.py:179} INFO - Processing /home/airflow/.local/lib/python3.7/site-packages/airflow/example_dags/example_branch_datetime_operator.py took 0.098 seconds
[2023-07-09T19:07:55.860+0000] {processor.py:157} INFO - Started process (PID=1091) to work on /home/airflow/.local/lib/python3.7/site-packages/airflow/example_dags/example_branch_datetime_operator.py
[2023-07-09T19:07:55.861+0000] {processor.py:826} INFO - Processing file /home/airflow/.local/lib/python3.7/site-packages/airflow/example_dags/example_branch_datetime_operator.py for tasks to queue
[2023-07-09T19:07:55.861+0000] {logging_mixin.py:149} INFO - [2023-07-09T19:07:55.861+0000] {dagbag.py:541} INFO - Filling up the DagBag from /home/airflow/.local/lib/python3.7/site-packages/airflow/example_dags/example_branch_datetime_operator.py
[2023-07-09T19:07:55.870+0000] {processor.py:836} INFO - DAG(s) dict_keys(['example_branch_datetime_operator_3', 'example_branch_datetime_operator', 'example_branch_datetime_operator_2']) retrieved from /home/airflow/.local/lib/python3.7/site-packages/airflow/example_dags/example_branch_datetime_operator.py
[2023-07-09T19:07:55.903+0000] {logging_mixin.py:149} INFO - [2023-07-09T19:07:55.903+0000] {dag.py:2726} INFO - Sync 3 DAGs
[2023-07-09T19:07:55.932+0000] {logging_mixin.py:149} INFO - [2023-07-09T19:07:55.932+0000] {dag.py:3490} INFO - Setting next_dagrun for example_branch_datetime_operator to 2023-07-08T00:00:00+00:00, run_after=2023-07-09T00:00:00+00:00
[2023-07-09T19:07:55.936+0000] {logging_mixin.py:149} INFO - [2023-07-09T19:07:55.936+0000] {dag.py:3490} INFO - Setting next_dagrun for example_branch_datetime_operator_2 to 2023-07-08T00:00:00+00:00, run_after=2023-07-09T00:00:00+00:00
[2023-07-09T19:07:55.939+0000] {logging_mixin.py:149} INFO - [2023-07-09T19:07:55.939+0000] {dag.py:3490} INFO - Setting next_dagrun for example_branch_datetime_operator_3 to 2023-07-08T00:00:00+00:00, run_after=2023-07-09T00:00:00+00:00
[2023-07-09T19:07:55.958+0000] {processor.py:179} INFO - Processing /home/airflow/.local/lib/python3.7/site-packages/airflow/example_dags/example_branch_datetime_operator.py took 0.101 seconds
