[2023-07-09T18:59:51.941+0000] {processor.py:157} INFO - Started process (PID=68) to work on /home/airflow/.local/lib/python3.7/site-packages/airflow/example_dags/example_trigger_target_dag.py
[2023-07-09T18:59:51.942+0000] {processor.py:826} INFO - Processing file /home/airflow/.local/lib/python3.7/site-packages/airflow/example_dags/example_trigger_target_dag.py for tasks to queue
[2023-07-09T18:59:51.943+0000] {logging_mixin.py:149} INFO - [2023-07-09T18:59:51.943+0000] {dagbag.py:541} INFO - Filling up the DagBag from /home/airflow/.local/lib/python3.7/site-packages/airflow/example_dags/example_trigger_target_dag.py
[2023-07-09T18:59:51.952+0000] {processor.py:836} INFO - DAG(s) dict_keys(['example_trigger_target_dag']) retrieved from /home/airflow/.local/lib/python3.7/site-packages/airflow/example_dags/example_trigger_target_dag.py
[2023-07-09T18:59:52.056+0000] {logging_mixin.py:149} INFO - [2023-07-09T18:59:52.055+0000] {manager.py:504} INFO - Created Permission View: can read on DAG:example_trigger_target_dag
[2023-07-09T18:59:52.067+0000] {logging_mixin.py:149} INFO - [2023-07-09T18:59:52.067+0000] {manager.py:504} INFO - Created Permission View: can edit on DAG:example_trigger_target_dag
[2023-07-09T18:59:52.076+0000] {logging_mixin.py:149} INFO - [2023-07-09T18:59:52.075+0000] {manager.py:504} INFO - Created Permission View: can delete on DAG:example_trigger_target_dag
[2023-07-09T18:59:52.090+0000] {logging_mixin.py:149} INFO - [2023-07-09T18:59:52.090+0000] {dag.py:2726} INFO - Sync 1 DAGs
[2023-07-09T18:59:52.103+0000] {logging_mixin.py:149} INFO - [2023-07-09T18:59:52.103+0000] {dag.py:2747} INFO - Creating ORM DAG for example_trigger_target_dag
[2023-07-09T18:59:52.113+0000] {logging_mixin.py:149} INFO - [2023-07-09T18:59:52.113+0000] {dag.py:3490} INFO - Setting next_dagrun for example_trigger_target_dag to None, run_after=None
[2023-07-09T18:59:52.141+0000] {processor.py:179} INFO - Processing /home/airflow/.local/lib/python3.7/site-packages/airflow/example_dags/example_trigger_target_dag.py took 0.203 seconds
[2023-07-09T19:00:22.460+0000] {processor.py:157} INFO - Started process (PID=133) to work on /home/airflow/.local/lib/python3.7/site-packages/airflow/example_dags/example_trigger_target_dag.py
[2023-07-09T19:00:22.461+0000] {processor.py:826} INFO - Processing file /home/airflow/.local/lib/python3.7/site-packages/airflow/example_dags/example_trigger_target_dag.py for tasks to queue
[2023-07-09T19:00:22.462+0000] {logging_mixin.py:149} INFO - [2023-07-09T19:00:22.462+0000] {dagbag.py:541} INFO - Filling up the DagBag from /home/airflow/.local/lib/python3.7/site-packages/airflow/example_dags/example_trigger_target_dag.py
[2023-07-09T19:00:22.468+0000] {processor.py:836} INFO - DAG(s) dict_keys(['example_trigger_target_dag']) retrieved from /home/airflow/.local/lib/python3.7/site-packages/airflow/example_dags/example_trigger_target_dag.py
[2023-07-09T19:00:22.502+0000] {logging_mixin.py:149} INFO - [2023-07-09T19:00:22.502+0000] {dag.py:2726} INFO - Sync 1 DAGs
[2023-07-09T19:00:22.536+0000] {logging_mixin.py:149} INFO - [2023-07-09T19:00:22.536+0000] {dag.py:3490} INFO - Setting next_dagrun for example_trigger_target_dag to None, run_after=None
[2023-07-09T19:00:22.566+0000] {processor.py:179} INFO - Processing /home/airflow/.local/lib/python3.7/site-packages/airflow/example_dags/example_trigger_target_dag.py took 0.110 seconds
[2023-07-09T19:00:52.759+0000] {processor.py:157} INFO - Started process (PID=198) to work on /home/airflow/.local/lib/python3.7/site-packages/airflow/example_dags/example_trigger_target_dag.py
[2023-07-09T19:00:52.760+0000] {processor.py:826} INFO - Processing file /home/airflow/.local/lib/python3.7/site-packages/airflow/example_dags/example_trigger_target_dag.py for tasks to queue
[2023-07-09T19:00:52.761+0000] {logging_mixin.py:149} INFO - [2023-07-09T19:00:52.761+0000] {dagbag.py:541} INFO - Filling up the DagBag from /home/airflow/.local/lib/python3.7/site-packages/airflow/example_dags/example_trigger_target_dag.py
[2023-07-09T19:00:52.768+0000] {processor.py:836} INFO - DAG(s) dict_keys(['example_trigger_target_dag']) retrieved from /home/airflow/.local/lib/python3.7/site-packages/airflow/example_dags/example_trigger_target_dag.py
[2023-07-09T19:00:52.792+0000] {logging_mixin.py:149} INFO - [2023-07-09T19:00:52.792+0000] {dag.py:2726} INFO - Sync 1 DAGs
[2023-07-09T19:00:52.819+0000] {logging_mixin.py:149} INFO - [2023-07-09T19:00:52.819+0000] {dag.py:3490} INFO - Setting next_dagrun for example_trigger_target_dag to None, run_after=None
[2023-07-09T19:00:52.839+0000] {processor.py:179} INFO - Processing /home/airflow/.local/lib/python3.7/site-packages/airflow/example_dags/example_trigger_target_dag.py took 0.083 seconds
[2023-07-09T19:01:23.768+0000] {processor.py:157} INFO - Started process (PID=263) to work on /home/airflow/.local/lib/python3.7/site-packages/airflow/example_dags/example_trigger_target_dag.py
[2023-07-09T19:01:23.770+0000] {processor.py:826} INFO - Processing file /home/airflow/.local/lib/python3.7/site-packages/airflow/example_dags/example_trigger_target_dag.py for tasks to queue
[2023-07-09T19:01:23.771+0000] {logging_mixin.py:149} INFO - [2023-07-09T19:01:23.770+0000] {dagbag.py:541} INFO - Filling up the DagBag from /home/airflow/.local/lib/python3.7/site-packages/airflow/example_dags/example_trigger_target_dag.py
[2023-07-09T19:01:23.776+0000] {processor.py:836} INFO - DAG(s) dict_keys(['example_trigger_target_dag']) retrieved from /home/airflow/.local/lib/python3.7/site-packages/airflow/example_dags/example_trigger_target_dag.py
[2023-07-09T19:01:23.798+0000] {logging_mixin.py:149} INFO - [2023-07-09T19:01:23.798+0000] {dag.py:2726} INFO - Sync 1 DAGs
[2023-07-09T19:01:23.822+0000] {logging_mixin.py:149} INFO - [2023-07-09T19:01:23.821+0000] {dag.py:3490} INFO - Setting next_dagrun for example_trigger_target_dag to None, run_after=None
[2023-07-09T19:01:23.839+0000] {processor.py:179} INFO - Processing /home/airflow/.local/lib/python3.7/site-packages/airflow/example_dags/example_trigger_target_dag.py took 0.074 seconds
[2023-07-09T19:01:54.334+0000] {processor.py:157} INFO - Started process (PID=328) to work on /home/airflow/.local/lib/python3.7/site-packages/airflow/example_dags/example_trigger_target_dag.py
[2023-07-09T19:01:54.335+0000] {processor.py:826} INFO - Processing file /home/airflow/.local/lib/python3.7/site-packages/airflow/example_dags/example_trigger_target_dag.py for tasks to queue
[2023-07-09T19:01:54.336+0000] {logging_mixin.py:149} INFO - [2023-07-09T19:01:54.336+0000] {dagbag.py:541} INFO - Filling up the DagBag from /home/airflow/.local/lib/python3.7/site-packages/airflow/example_dags/example_trigger_target_dag.py
[2023-07-09T19:01:54.341+0000] {processor.py:836} INFO - DAG(s) dict_keys(['example_trigger_target_dag']) retrieved from /home/airflow/.local/lib/python3.7/site-packages/airflow/example_dags/example_trigger_target_dag.py
[2023-07-09T19:01:54.363+0000] {logging_mixin.py:149} INFO - [2023-07-09T19:01:54.363+0000] {dag.py:2726} INFO - Sync 1 DAGs
[2023-07-09T19:01:54.387+0000] {logging_mixin.py:149} INFO - [2023-07-09T19:01:54.387+0000] {dag.py:3490} INFO - Setting next_dagrun for example_trigger_target_dag to None, run_after=None
[2023-07-09T19:01:54.406+0000] {processor.py:179} INFO - Processing /home/airflow/.local/lib/python3.7/site-packages/airflow/example_dags/example_trigger_target_dag.py took 0.075 seconds
[2023-07-09T19:02:25.066+0000] {processor.py:157} INFO - Started process (PID=393) to work on /home/airflow/.local/lib/python3.7/site-packages/airflow/example_dags/example_trigger_target_dag.py
[2023-07-09T19:02:25.067+0000] {processor.py:826} INFO - Processing file /home/airflow/.local/lib/python3.7/site-packages/airflow/example_dags/example_trigger_target_dag.py for tasks to queue
[2023-07-09T19:02:25.068+0000] {logging_mixin.py:149} INFO - [2023-07-09T19:02:25.068+0000] {dagbag.py:541} INFO - Filling up the DagBag from /home/airflow/.local/lib/python3.7/site-packages/airflow/example_dags/example_trigger_target_dag.py
[2023-07-09T19:02:25.074+0000] {processor.py:836} INFO - DAG(s) dict_keys(['example_trigger_target_dag']) retrieved from /home/airflow/.local/lib/python3.7/site-packages/airflow/example_dags/example_trigger_target_dag.py
[2023-07-09T19:02:25.098+0000] {logging_mixin.py:149} INFO - [2023-07-09T19:02:25.098+0000] {dag.py:2726} INFO - Sync 1 DAGs
[2023-07-09T19:02:25.125+0000] {logging_mixin.py:149} INFO - [2023-07-09T19:02:25.125+0000] {dag.py:3490} INFO - Setting next_dagrun for example_trigger_target_dag to None, run_after=None
[2023-07-09T19:02:25.145+0000] {processor.py:179} INFO - Processing /home/airflow/.local/lib/python3.7/site-packages/airflow/example_dags/example_trigger_target_dag.py took 0.083 seconds
[2023-07-09T19:02:55.326+0000] {processor.py:157} INFO - Started process (PID=458) to work on /home/airflow/.local/lib/python3.7/site-packages/airflow/example_dags/example_trigger_target_dag.py
[2023-07-09T19:02:55.327+0000] {processor.py:826} INFO - Processing file /home/airflow/.local/lib/python3.7/site-packages/airflow/example_dags/example_trigger_target_dag.py for tasks to queue
[2023-07-09T19:02:55.327+0000] {logging_mixin.py:149} INFO - [2023-07-09T19:02:55.327+0000] {dagbag.py:541} INFO - Filling up the DagBag from /home/airflow/.local/lib/python3.7/site-packages/airflow/example_dags/example_trigger_target_dag.py
[2023-07-09T19:02:55.333+0000] {processor.py:836} INFO - DAG(s) dict_keys(['example_trigger_target_dag']) retrieved from /home/airflow/.local/lib/python3.7/site-packages/airflow/example_dags/example_trigger_target_dag.py
[2023-07-09T19:02:55.358+0000] {logging_mixin.py:149} INFO - [2023-07-09T19:02:55.358+0000] {dag.py:2726} INFO - Sync 1 DAGs
[2023-07-09T19:02:55.391+0000] {logging_mixin.py:149} INFO - [2023-07-09T19:02:55.390+0000] {dag.py:3490} INFO - Setting next_dagrun for example_trigger_target_dag to None, run_after=None
[2023-07-09T19:02:55.410+0000] {processor.py:179} INFO - Processing /home/airflow/.local/lib/python3.7/site-packages/airflow/example_dags/example_trigger_target_dag.py took 0.088 seconds
[2023-07-09T19:03:25.576+0000] {processor.py:157} INFO - Started process (PID=523) to work on /home/airflow/.local/lib/python3.7/site-packages/airflow/example_dags/example_trigger_target_dag.py
[2023-07-09T19:03:25.577+0000] {processor.py:826} INFO - Processing file /home/airflow/.local/lib/python3.7/site-packages/airflow/example_dags/example_trigger_target_dag.py for tasks to queue
[2023-07-09T19:03:25.578+0000] {logging_mixin.py:149} INFO - [2023-07-09T19:03:25.578+0000] {dagbag.py:541} INFO - Filling up the DagBag from /home/airflow/.local/lib/python3.7/site-packages/airflow/example_dags/example_trigger_target_dag.py
[2023-07-09T19:03:25.584+0000] {processor.py:836} INFO - DAG(s) dict_keys(['example_trigger_target_dag']) retrieved from /home/airflow/.local/lib/python3.7/site-packages/airflow/example_dags/example_trigger_target_dag.py
[2023-07-09T19:03:25.607+0000] {logging_mixin.py:149} INFO - [2023-07-09T19:03:25.607+0000] {dag.py:2726} INFO - Sync 1 DAGs
[2023-07-09T19:03:25.632+0000] {logging_mixin.py:149} INFO - [2023-07-09T19:03:25.632+0000] {dag.py:3490} INFO - Setting next_dagrun for example_trigger_target_dag to None, run_after=None
[2023-07-09T19:03:25.651+0000] {processor.py:179} INFO - Processing /home/airflow/.local/lib/python3.7/site-packages/airflow/example_dags/example_trigger_target_dag.py took 0.078 seconds
[2023-07-09T19:03:55.811+0000] {processor.py:157} INFO - Started process (PID=588) to work on /home/airflow/.local/lib/python3.7/site-packages/airflow/example_dags/example_trigger_target_dag.py
[2023-07-09T19:03:55.813+0000] {processor.py:826} INFO - Processing file /home/airflow/.local/lib/python3.7/site-packages/airflow/example_dags/example_trigger_target_dag.py for tasks to queue
[2023-07-09T19:03:55.813+0000] {logging_mixin.py:149} INFO - [2023-07-09T19:03:55.813+0000] {dagbag.py:541} INFO - Filling up the DagBag from /home/airflow/.local/lib/python3.7/site-packages/airflow/example_dags/example_trigger_target_dag.py
[2023-07-09T19:03:55.820+0000] {processor.py:836} INFO - DAG(s) dict_keys(['example_trigger_target_dag']) retrieved from /home/airflow/.local/lib/python3.7/site-packages/airflow/example_dags/example_trigger_target_dag.py
[2023-07-09T19:03:55.850+0000] {logging_mixin.py:149} INFO - [2023-07-09T19:03:55.850+0000] {dag.py:2726} INFO - Sync 1 DAGs
[2023-07-09T19:03:55.883+0000] {logging_mixin.py:149} INFO - [2023-07-09T19:03:55.883+0000] {dag.py:3490} INFO - Setting next_dagrun for example_trigger_target_dag to None, run_after=None
[2023-07-09T19:03:55.904+0000] {processor.py:179} INFO - Processing /home/airflow/.local/lib/python3.7/site-packages/airflow/example_dags/example_trigger_target_dag.py took 0.097 seconds
[2023-07-09T19:04:25.988+0000] {processor.py:157} INFO - Started process (PID=652) to work on /home/airflow/.local/lib/python3.7/site-packages/airflow/example_dags/example_trigger_target_dag.py
[2023-07-09T19:04:25.990+0000] {processor.py:826} INFO - Processing file /home/airflow/.local/lib/python3.7/site-packages/airflow/example_dags/example_trigger_target_dag.py for tasks to queue
[2023-07-09T19:04:25.990+0000] {logging_mixin.py:149} INFO - [2023-07-09T19:04:25.990+0000] {dagbag.py:541} INFO - Filling up the DagBag from /home/airflow/.local/lib/python3.7/site-packages/airflow/example_dags/example_trigger_target_dag.py
[2023-07-09T19:04:25.998+0000] {processor.py:836} INFO - DAG(s) dict_keys(['example_trigger_target_dag']) retrieved from /home/airflow/.local/lib/python3.7/site-packages/airflow/example_dags/example_trigger_target_dag.py
[2023-07-09T19:04:26.022+0000] {logging_mixin.py:149} INFO - [2023-07-09T19:04:26.022+0000] {dag.py:2726} INFO - Sync 1 DAGs
[2023-07-09T19:04:26.049+0000] {logging_mixin.py:149} INFO - [2023-07-09T19:04:26.049+0000] {dag.py:3490} INFO - Setting next_dagrun for example_trigger_target_dag to None, run_after=None
[2023-07-09T19:04:26.071+0000] {processor.py:179} INFO - Processing /home/airflow/.local/lib/python3.7/site-packages/airflow/example_dags/example_trigger_target_dag.py took 0.086 seconds
[2023-07-09T19:04:56.729+0000] {processor.py:157} INFO - Started process (PID=717) to work on /home/airflow/.local/lib/python3.7/site-packages/airflow/example_dags/example_trigger_target_dag.py
[2023-07-09T19:04:56.732+0000] {processor.py:826} INFO - Processing file /home/airflow/.local/lib/python3.7/site-packages/airflow/example_dags/example_trigger_target_dag.py for tasks to queue
[2023-07-09T19:04:56.732+0000] {logging_mixin.py:149} INFO - [2023-07-09T19:04:56.732+0000] {dagbag.py:541} INFO - Filling up the DagBag from /home/airflow/.local/lib/python3.7/site-packages/airflow/example_dags/example_trigger_target_dag.py
[2023-07-09T19:04:56.737+0000] {processor.py:836} INFO - DAG(s) dict_keys(['example_trigger_target_dag']) retrieved from /home/airflow/.local/lib/python3.7/site-packages/airflow/example_dags/example_trigger_target_dag.py
[2023-07-09T19:04:56.761+0000] {logging_mixin.py:149} INFO - [2023-07-09T19:04:56.761+0000] {dag.py:2726} INFO - Sync 1 DAGs
[2023-07-09T19:04:56.790+0000] {logging_mixin.py:149} INFO - [2023-07-09T19:04:56.790+0000] {dag.py:3490} INFO - Setting next_dagrun for example_trigger_target_dag to None, run_after=None
[2023-07-09T19:04:56.812+0000] {processor.py:179} INFO - Processing /home/airflow/.local/lib/python3.7/site-packages/airflow/example_dags/example_trigger_target_dag.py took 0.087 seconds
[2023-07-09T19:05:26.886+0000] {processor.py:157} INFO - Started process (PID=782) to work on /home/airflow/.local/lib/python3.7/site-packages/airflow/example_dags/example_trigger_target_dag.py
[2023-07-09T19:05:26.888+0000] {processor.py:826} INFO - Processing file /home/airflow/.local/lib/python3.7/site-packages/airflow/example_dags/example_trigger_target_dag.py for tasks to queue
[2023-07-09T19:05:26.888+0000] {logging_mixin.py:149} INFO - [2023-07-09T19:05:26.888+0000] {dagbag.py:541} INFO - Filling up the DagBag from /home/airflow/.local/lib/python3.7/site-packages/airflow/example_dags/example_trigger_target_dag.py
[2023-07-09T19:05:26.894+0000] {processor.py:836} INFO - DAG(s) dict_keys(['example_trigger_target_dag']) retrieved from /home/airflow/.local/lib/python3.7/site-packages/airflow/example_dags/example_trigger_target_dag.py
[2023-07-09T19:05:26.917+0000] {logging_mixin.py:149} INFO - [2023-07-09T19:05:26.916+0000] {dag.py:2726} INFO - Sync 1 DAGs
[2023-07-09T19:05:26.942+0000] {logging_mixin.py:149} INFO - [2023-07-09T19:05:26.942+0000] {dag.py:3490} INFO - Setting next_dagrun for example_trigger_target_dag to None, run_after=None
[2023-07-09T19:05:26.970+0000] {processor.py:179} INFO - Processing /home/airflow/.local/lib/python3.7/site-packages/airflow/example_dags/example_trigger_target_dag.py took 0.086 seconds
[2023-07-09T19:05:57.852+0000] {processor.py:157} INFO - Started process (PID=847) to work on /home/airflow/.local/lib/python3.7/site-packages/airflow/example_dags/example_trigger_target_dag.py
[2023-07-09T19:05:57.853+0000] {processor.py:826} INFO - Processing file /home/airflow/.local/lib/python3.7/site-packages/airflow/example_dags/example_trigger_target_dag.py for tasks to queue
[2023-07-09T19:05:57.853+0000] {logging_mixin.py:149} INFO - [2023-07-09T19:05:57.853+0000] {dagbag.py:541} INFO - Filling up the DagBag from /home/airflow/.local/lib/python3.7/site-packages/airflow/example_dags/example_trigger_target_dag.py
[2023-07-09T19:05:57.859+0000] {processor.py:836} INFO - DAG(s) dict_keys(['example_trigger_target_dag']) retrieved from /home/airflow/.local/lib/python3.7/site-packages/airflow/example_dags/example_trigger_target_dag.py
[2023-07-09T19:05:57.882+0000] {logging_mixin.py:149} INFO - [2023-07-09T19:05:57.881+0000] {dag.py:2726} INFO - Sync 1 DAGs
[2023-07-09T19:05:57.906+0000] {logging_mixin.py:149} INFO - [2023-07-09T19:05:57.906+0000] {dag.py:3490} INFO - Setting next_dagrun for example_trigger_target_dag to None, run_after=None
[2023-07-09T19:05:57.926+0000] {processor.py:179} INFO - Processing /home/airflow/.local/lib/python3.7/site-packages/airflow/example_dags/example_trigger_target_dag.py took 0.078 seconds
[2023-07-09T19:06:27.968+0000] {processor.py:157} INFO - Started process (PID=912) to work on /home/airflow/.local/lib/python3.7/site-packages/airflow/example_dags/example_trigger_target_dag.py
[2023-07-09T19:06:27.969+0000] {processor.py:826} INFO - Processing file /home/airflow/.local/lib/python3.7/site-packages/airflow/example_dags/example_trigger_target_dag.py for tasks to queue
[2023-07-09T19:06:27.969+0000] {logging_mixin.py:149} INFO - [2023-07-09T19:06:27.969+0000] {dagbag.py:541} INFO - Filling up the DagBag from /home/airflow/.local/lib/python3.7/site-packages/airflow/example_dags/example_trigger_target_dag.py
[2023-07-09T19:06:27.975+0000] {processor.py:836} INFO - DAG(s) dict_keys(['example_trigger_target_dag']) retrieved from /home/airflow/.local/lib/python3.7/site-packages/airflow/example_dags/example_trigger_target_dag.py
[2023-07-09T19:06:27.997+0000] {logging_mixin.py:149} INFO - [2023-07-09T19:06:27.997+0000] {dag.py:2726} INFO - Sync 1 DAGs
[2023-07-09T19:06:28.022+0000] {logging_mixin.py:149} INFO - [2023-07-09T19:06:28.022+0000] {dag.py:3490} INFO - Setting next_dagrun for example_trigger_target_dag to None, run_after=None
[2023-07-09T19:06:28.041+0000] {processor.py:179} INFO - Processing /home/airflow/.local/lib/python3.7/site-packages/airflow/example_dags/example_trigger_target_dag.py took 0.077 seconds
[2023-07-09T19:06:58.159+0000] {processor.py:157} INFO - Started process (PID=977) to work on /home/airflow/.local/lib/python3.7/site-packages/airflow/example_dags/example_trigger_target_dag.py
[2023-07-09T19:06:58.160+0000] {processor.py:826} INFO - Processing file /home/airflow/.local/lib/python3.7/site-packages/airflow/example_dags/example_trigger_target_dag.py for tasks to queue
[2023-07-09T19:06:58.161+0000] {logging_mixin.py:149} INFO - [2023-07-09T19:06:58.161+0000] {dagbag.py:541} INFO - Filling up the DagBag from /home/airflow/.local/lib/python3.7/site-packages/airflow/example_dags/example_trigger_target_dag.py
[2023-07-09T19:06:58.166+0000] {processor.py:836} INFO - DAG(s) dict_keys(['example_trigger_target_dag']) retrieved from /home/airflow/.local/lib/python3.7/site-packages/airflow/example_dags/example_trigger_target_dag.py
[2023-07-09T19:06:58.194+0000] {logging_mixin.py:149} INFO - [2023-07-09T19:06:58.193+0000] {dag.py:2726} INFO - Sync 1 DAGs
[2023-07-09T19:06:58.226+0000] {logging_mixin.py:149} INFO - [2023-07-09T19:06:58.226+0000] {dag.py:3490} INFO - Setting next_dagrun for example_trigger_target_dag to None, run_after=None
[2023-07-09T19:06:58.252+0000] {processor.py:179} INFO - Processing /home/airflow/.local/lib/python3.7/site-packages/airflow/example_dags/example_trigger_target_dag.py took 0.096 seconds
[2023-07-09T19:07:28.444+0000] {processor.py:157} INFO - Started process (PID=1042) to work on /home/airflow/.local/lib/python3.7/site-packages/airflow/example_dags/example_trigger_target_dag.py
[2023-07-09T19:07:28.445+0000] {processor.py:826} INFO - Processing file /home/airflow/.local/lib/python3.7/site-packages/airflow/example_dags/example_trigger_target_dag.py for tasks to queue
[2023-07-09T19:07:28.446+0000] {logging_mixin.py:149} INFO - [2023-07-09T19:07:28.445+0000] {dagbag.py:541} INFO - Filling up the DagBag from /home/airflow/.local/lib/python3.7/site-packages/airflow/example_dags/example_trigger_target_dag.py
[2023-07-09T19:07:28.451+0000] {processor.py:836} INFO - DAG(s) dict_keys(['example_trigger_target_dag']) retrieved from /home/airflow/.local/lib/python3.7/site-packages/airflow/example_dags/example_trigger_target_dag.py
[2023-07-09T19:07:28.474+0000] {logging_mixin.py:149} INFO - [2023-07-09T19:07:28.474+0000] {dag.py:2726} INFO - Sync 1 DAGs
[2023-07-09T19:07:28.498+0000] {logging_mixin.py:149} INFO - [2023-07-09T19:07:28.497+0000] {dag.py:3490} INFO - Setting next_dagrun for example_trigger_target_dag to None, run_after=None
[2023-07-09T19:07:28.518+0000] {processor.py:179} INFO - Processing /home/airflow/.local/lib/python3.7/site-packages/airflow/example_dags/example_trigger_target_dag.py took 0.078 seconds
[2023-07-09T19:07:58.606+0000] {processor.py:157} INFO - Started process (PID=1107) to work on /home/airflow/.local/lib/python3.7/site-packages/airflow/example_dags/example_trigger_target_dag.py
[2023-07-09T19:07:58.607+0000] {processor.py:826} INFO - Processing file /home/airflow/.local/lib/python3.7/site-packages/airflow/example_dags/example_trigger_target_dag.py for tasks to queue
[2023-07-09T19:07:58.608+0000] {logging_mixin.py:149} INFO - [2023-07-09T19:07:58.607+0000] {dagbag.py:541} INFO - Filling up the DagBag from /home/airflow/.local/lib/python3.7/site-packages/airflow/example_dags/example_trigger_target_dag.py
[2023-07-09T19:07:58.612+0000] {processor.py:836} INFO - DAG(s) dict_keys(['example_trigger_target_dag']) retrieved from /home/airflow/.local/lib/python3.7/site-packages/airflow/example_dags/example_trigger_target_dag.py
[2023-07-09T19:07:58.635+0000] {logging_mixin.py:149} INFO - [2023-07-09T19:07:58.635+0000] {dag.py:2726} INFO - Sync 1 DAGs
[2023-07-09T19:07:58.661+0000] {logging_mixin.py:149} INFO - [2023-07-09T19:07:58.660+0000] {dag.py:3490} INFO - Setting next_dagrun for example_trigger_target_dag to None, run_after=None
[2023-07-09T19:07:58.680+0000] {processor.py:179} INFO - Processing /home/airflow/.local/lib/python3.7/site-packages/airflow/example_dags/example_trigger_target_dag.py took 0.078 seconds
