[2023-07-09T18:59:46.949+0000] {processor.py:157} INFO - Started process (PID=35) to work on /home/airflow/.local/lib/python3.7/site-packages/airflow/example_dags/example_xcomargs.py
[2023-07-09T18:59:46.951+0000] {processor.py:826} INFO - Processing file /home/airflow/.local/lib/python3.7/site-packages/airflow/example_dags/example_xcomargs.py for tasks to queue
[2023-07-09T18:59:46.952+0000] {logging_mixin.py:149} INFO - [2023-07-09T18:59:46.951+0000] {dagbag.py:541} INFO - Filling up the DagBag from /home/airflow/.local/lib/python3.7/site-packages/airflow/example_dags/example_xcomargs.py
[2023-07-09T18:59:46.962+0000] {processor.py:836} INFO - DAG(s) dict_keys(['example_xcom_args', 'example_xcom_args_with_operators']) retrieved from /home/airflow/.local/lib/python3.7/site-packages/airflow/example_dags/example_xcomargs.py
[2023-07-09T18:59:47.084+0000] {logging_mixin.py:149} INFO - [2023-07-09T18:59:47.083+0000] {manager.py:504} INFO - Created Permission View: can read on DAG:example_xcom_args
[2023-07-09T18:59:47.095+0000] {logging_mixin.py:149} INFO - [2023-07-09T18:59:47.095+0000] {manager.py:504} INFO - Created Permission View: can edit on DAG:example_xcom_args
[2023-07-09T18:59:47.103+0000] {logging_mixin.py:149} INFO - [2023-07-09T18:59:47.103+0000] {manager.py:504} INFO - Created Permission View: can delete on DAG:example_xcom_args
[2023-07-09T18:59:47.133+0000] {logging_mixin.py:149} INFO - [2023-07-09T18:59:47.133+0000] {manager.py:504} INFO - Created Permission View: can read on DAG:example_xcom_args_with_operators
[2023-07-09T18:59:47.142+0000] {logging_mixin.py:149} INFO - [2023-07-09T18:59:47.142+0000] {manager.py:504} INFO - Created Permission View: can edit on DAG:example_xcom_args_with_operators
[2023-07-09T18:59:47.152+0000] {logging_mixin.py:149} INFO - [2023-07-09T18:59:47.151+0000] {manager.py:504} INFO - Created Permission View: can delete on DAG:example_xcom_args_with_operators
[2023-07-09T18:59:47.160+0000] {logging_mixin.py:149} INFO - [2023-07-09T18:59:47.160+0000] {dag.py:2726} INFO - Sync 2 DAGs
[2023-07-09T18:59:47.176+0000] {logging_mixin.py:149} INFO - [2023-07-09T18:59:47.176+0000] {dag.py:2747} INFO - Creating ORM DAG for example_xcom_args_with_operators
[2023-07-09T18:59:47.177+0000] {logging_mixin.py:149} INFO - [2023-07-09T18:59:47.177+0000] {dag.py:2747} INFO - Creating ORM DAG for example_xcom_args
[2023-07-09T18:59:47.189+0000] {logging_mixin.py:149} INFO - [2023-07-09T18:59:47.189+0000] {dag.py:3490} INFO - Setting next_dagrun for example_xcom_args to None, run_after=None
[2023-07-09T18:59:47.189+0000] {logging_mixin.py:149} INFO - [2023-07-09T18:59:47.189+0000] {dag.py:3490} INFO - Setting next_dagrun for example_xcom_args_with_operators to None, run_after=None
[2023-07-09T18:59:47.210+0000] {processor.py:179} INFO - Processing /home/airflow/.local/lib/python3.7/site-packages/airflow/example_dags/example_xcomargs.py took 0.265 seconds
[2023-07-09T19:00:17.571+0000] {processor.py:157} INFO - Started process (PID=100) to work on /home/airflow/.local/lib/python3.7/site-packages/airflow/example_dags/example_xcomargs.py
[2023-07-09T19:00:17.573+0000] {processor.py:826} INFO - Processing file /home/airflow/.local/lib/python3.7/site-packages/airflow/example_dags/example_xcomargs.py for tasks to queue
[2023-07-09T19:00:17.573+0000] {logging_mixin.py:149} INFO - [2023-07-09T19:00:17.573+0000] {dagbag.py:541} INFO - Filling up the DagBag from /home/airflow/.local/lib/python3.7/site-packages/airflow/example_dags/example_xcomargs.py
[2023-07-09T19:00:17.580+0000] {processor.py:836} INFO - DAG(s) dict_keys(['example_xcom_args_with_operators', 'example_xcom_args']) retrieved from /home/airflow/.local/lib/python3.7/site-packages/airflow/example_dags/example_xcomargs.py
[2023-07-09T19:00:17.609+0000] {logging_mixin.py:149} INFO - [2023-07-09T19:00:17.609+0000] {dag.py:2726} INFO - Sync 2 DAGs
[2023-07-09T19:00:17.633+0000] {logging_mixin.py:149} INFO - [2023-07-09T19:00:17.633+0000] {dag.py:3490} INFO - Setting next_dagrun for example_xcom_args to None, run_after=None
[2023-07-09T19:00:17.636+0000] {logging_mixin.py:149} INFO - [2023-07-09T19:00:17.636+0000] {dag.py:3490} INFO - Setting next_dagrun for example_xcom_args_with_operators to None, run_after=None
[2023-07-09T19:00:17.652+0000] {processor.py:179} INFO - Processing /home/airflow/.local/lib/python3.7/site-packages/airflow/example_dags/example_xcomargs.py took 0.083 seconds
[2023-07-09T19:00:47.729+0000] {processor.py:157} INFO - Started process (PID=165) to work on /home/airflow/.local/lib/python3.7/site-packages/airflow/example_dags/example_xcomargs.py
[2023-07-09T19:00:47.730+0000] {processor.py:826} INFO - Processing file /home/airflow/.local/lib/python3.7/site-packages/airflow/example_dags/example_xcomargs.py for tasks to queue
[2023-07-09T19:00:47.730+0000] {logging_mixin.py:149} INFO - [2023-07-09T19:00:47.730+0000] {dagbag.py:541} INFO - Filling up the DagBag from /home/airflow/.local/lib/python3.7/site-packages/airflow/example_dags/example_xcomargs.py
[2023-07-09T19:00:47.737+0000] {processor.py:836} INFO - DAG(s) dict_keys(['example_xcom_args', 'example_xcom_args_with_operators']) retrieved from /home/airflow/.local/lib/python3.7/site-packages/airflow/example_dags/example_xcomargs.py
[2023-07-09T19:00:47.762+0000] {logging_mixin.py:149} INFO - [2023-07-09T19:00:47.762+0000] {dag.py:2726} INFO - Sync 2 DAGs
[2023-07-09T19:00:47.785+0000] {logging_mixin.py:149} INFO - [2023-07-09T19:00:47.785+0000] {dag.py:3490} INFO - Setting next_dagrun for example_xcom_args to None, run_after=None
[2023-07-09T19:00:47.788+0000] {logging_mixin.py:149} INFO - [2023-07-09T19:00:47.788+0000] {dag.py:3490} INFO - Setting next_dagrun for example_xcom_args_with_operators to None, run_after=None
[2023-07-09T19:00:47.803+0000] {processor.py:179} INFO - Processing /home/airflow/.local/lib/python3.7/site-packages/airflow/example_dags/example_xcomargs.py took 0.077 seconds
[2023-07-09T19:01:18.012+0000] {processor.py:157} INFO - Started process (PID=230) to work on /home/airflow/.local/lib/python3.7/site-packages/airflow/example_dags/example_xcomargs.py
[2023-07-09T19:01:18.013+0000] {processor.py:826} INFO - Processing file /home/airflow/.local/lib/python3.7/site-packages/airflow/example_dags/example_xcomargs.py for tasks to queue
[2023-07-09T19:01:18.014+0000] {logging_mixin.py:149} INFO - [2023-07-09T19:01:18.014+0000] {dagbag.py:541} INFO - Filling up the DagBag from /home/airflow/.local/lib/python3.7/site-packages/airflow/example_dags/example_xcomargs.py
[2023-07-09T19:01:18.021+0000] {processor.py:836} INFO - DAG(s) dict_keys(['example_xcom_args_with_operators', 'example_xcom_args']) retrieved from /home/airflow/.local/lib/python3.7/site-packages/airflow/example_dags/example_xcomargs.py
[2023-07-09T19:01:18.047+0000] {logging_mixin.py:149} INFO - [2023-07-09T19:01:18.047+0000] {dag.py:2726} INFO - Sync 2 DAGs
[2023-07-09T19:01:18.071+0000] {logging_mixin.py:149} INFO - [2023-07-09T19:01:18.070+0000] {dag.py:3490} INFO - Setting next_dagrun for example_xcom_args to None, run_after=None
[2023-07-09T19:01:18.074+0000] {logging_mixin.py:149} INFO - [2023-07-09T19:01:18.073+0000] {dag.py:3490} INFO - Setting next_dagrun for example_xcom_args_with_operators to None, run_after=None
[2023-07-09T19:01:18.090+0000] {processor.py:179} INFO - Processing /home/airflow/.local/lib/python3.7/site-packages/airflow/example_dags/example_xcomargs.py took 0.081 seconds
[2023-07-09T19:01:48.603+0000] {processor.py:157} INFO - Started process (PID=295) to work on /home/airflow/.local/lib/python3.7/site-packages/airflow/example_dags/example_xcomargs.py
[2023-07-09T19:01:48.605+0000] {processor.py:826} INFO - Processing file /home/airflow/.local/lib/python3.7/site-packages/airflow/example_dags/example_xcomargs.py for tasks to queue
[2023-07-09T19:01:48.605+0000] {logging_mixin.py:149} INFO - [2023-07-09T19:01:48.605+0000] {dagbag.py:541} INFO - Filling up the DagBag from /home/airflow/.local/lib/python3.7/site-packages/airflow/example_dags/example_xcomargs.py
[2023-07-09T19:01:48.613+0000] {processor.py:836} INFO - DAG(s) dict_keys(['example_xcom_args', 'example_xcom_args_with_operators']) retrieved from /home/airflow/.local/lib/python3.7/site-packages/airflow/example_dags/example_xcomargs.py
[2023-07-09T19:01:48.639+0000] {logging_mixin.py:149} INFO - [2023-07-09T19:01:48.639+0000] {dag.py:2726} INFO - Sync 2 DAGs
[2023-07-09T19:01:48.664+0000] {logging_mixin.py:149} INFO - [2023-07-09T19:01:48.664+0000] {dag.py:3490} INFO - Setting next_dagrun for example_xcom_args to None, run_after=None
[2023-07-09T19:01:48.667+0000] {logging_mixin.py:149} INFO - [2023-07-09T19:01:48.667+0000] {dag.py:3490} INFO - Setting next_dagrun for example_xcom_args_with_operators to None, run_after=None
[2023-07-09T19:01:48.685+0000] {processor.py:179} INFO - Processing /home/airflow/.local/lib/python3.7/site-packages/airflow/example_dags/example_xcomargs.py took 0.085 seconds
[2023-07-09T19:02:19.221+0000] {processor.py:157} INFO - Started process (PID=360) to work on /home/airflow/.local/lib/python3.7/site-packages/airflow/example_dags/example_xcomargs.py
[2023-07-09T19:02:19.222+0000] {processor.py:826} INFO - Processing file /home/airflow/.local/lib/python3.7/site-packages/airflow/example_dags/example_xcomargs.py for tasks to queue
[2023-07-09T19:02:19.223+0000] {logging_mixin.py:149} INFO - [2023-07-09T19:02:19.223+0000] {dagbag.py:541} INFO - Filling up the DagBag from /home/airflow/.local/lib/python3.7/site-packages/airflow/example_dags/example_xcomargs.py
[2023-07-09T19:02:19.230+0000] {processor.py:836} INFO - DAG(s) dict_keys(['example_xcom_args', 'example_xcom_args_with_operators']) retrieved from /home/airflow/.local/lib/python3.7/site-packages/airflow/example_dags/example_xcomargs.py
[2023-07-09T19:02:19.256+0000] {logging_mixin.py:149} INFO - [2023-07-09T19:02:19.256+0000] {dag.py:2726} INFO - Sync 2 DAGs
[2023-07-09T19:02:19.280+0000] {logging_mixin.py:149} INFO - [2023-07-09T19:02:19.279+0000] {dag.py:3490} INFO - Setting next_dagrun for example_xcom_args to None, run_after=None
[2023-07-09T19:02:19.283+0000] {logging_mixin.py:149} INFO - [2023-07-09T19:02:19.283+0000] {dag.py:3490} INFO - Setting next_dagrun for example_xcom_args_with_operators to None, run_after=None
[2023-07-09T19:02:19.299+0000] {processor.py:179} INFO - Processing /home/airflow/.local/lib/python3.7/site-packages/airflow/example_dags/example_xcomargs.py took 0.080 seconds
[2023-07-09T19:02:49.458+0000] {processor.py:157} INFO - Started process (PID=425) to work on /home/airflow/.local/lib/python3.7/site-packages/airflow/example_dags/example_xcomargs.py
[2023-07-09T19:02:49.461+0000] {processor.py:826} INFO - Processing file /home/airflow/.local/lib/python3.7/site-packages/airflow/example_dags/example_xcomargs.py for tasks to queue
[2023-07-09T19:02:49.462+0000] {logging_mixin.py:149} INFO - [2023-07-09T19:02:49.462+0000] {dagbag.py:541} INFO - Filling up the DagBag from /home/airflow/.local/lib/python3.7/site-packages/airflow/example_dags/example_xcomargs.py
[2023-07-09T19:02:49.473+0000] {processor.py:836} INFO - DAG(s) dict_keys(['example_xcom_args_with_operators', 'example_xcom_args']) retrieved from /home/airflow/.local/lib/python3.7/site-packages/airflow/example_dags/example_xcomargs.py
[2023-07-09T19:02:49.508+0000] {logging_mixin.py:149} INFO - [2023-07-09T19:02:49.508+0000] {dag.py:2726} INFO - Sync 2 DAGs
[2023-07-09T19:02:49.543+0000] {logging_mixin.py:149} INFO - [2023-07-09T19:02:49.543+0000] {dag.py:3490} INFO - Setting next_dagrun for example_xcom_args to None, run_after=None
[2023-07-09T19:02:49.547+0000] {logging_mixin.py:149} INFO - [2023-07-09T19:02:49.547+0000] {dag.py:3490} INFO - Setting next_dagrun for example_xcom_args_with_operators to None, run_after=None
[2023-07-09T19:02:49.571+0000] {processor.py:179} INFO - Processing /home/airflow/.local/lib/python3.7/site-packages/airflow/example_dags/example_xcomargs.py took 0.116 seconds
[2023-07-09T19:03:19.749+0000] {processor.py:157} INFO - Started process (PID=490) to work on /home/airflow/.local/lib/python3.7/site-packages/airflow/example_dags/example_xcomargs.py
[2023-07-09T19:03:19.752+0000] {processor.py:826} INFO - Processing file /home/airflow/.local/lib/python3.7/site-packages/airflow/example_dags/example_xcomargs.py for tasks to queue
[2023-07-09T19:03:19.752+0000] {logging_mixin.py:149} INFO - [2023-07-09T19:03:19.752+0000] {dagbag.py:541} INFO - Filling up the DagBag from /home/airflow/.local/lib/python3.7/site-packages/airflow/example_dags/example_xcomargs.py
[2023-07-09T19:03:19.760+0000] {processor.py:836} INFO - DAG(s) dict_keys(['example_xcom_args', 'example_xcom_args_with_operators']) retrieved from /home/airflow/.local/lib/python3.7/site-packages/airflow/example_dags/example_xcomargs.py
[2023-07-09T19:03:19.787+0000] {logging_mixin.py:149} INFO - [2023-07-09T19:03:19.787+0000] {dag.py:2726} INFO - Sync 2 DAGs
[2023-07-09T19:03:19.813+0000] {logging_mixin.py:149} INFO - [2023-07-09T19:03:19.813+0000] {dag.py:3490} INFO - Setting next_dagrun for example_xcom_args to None, run_after=None
[2023-07-09T19:03:19.816+0000] {logging_mixin.py:149} INFO - [2023-07-09T19:03:19.816+0000] {dag.py:3490} INFO - Setting next_dagrun for example_xcom_args_with_operators to None, run_after=None
[2023-07-09T19:03:19.834+0000] {processor.py:179} INFO - Processing /home/airflow/.local/lib/python3.7/site-packages/airflow/example_dags/example_xcomargs.py took 0.088 seconds
[2023-07-09T19:03:50.051+0000] {processor.py:157} INFO - Started process (PID=555) to work on /home/airflow/.local/lib/python3.7/site-packages/airflow/example_dags/example_xcomargs.py
[2023-07-09T19:03:50.054+0000] {processor.py:826} INFO - Processing file /home/airflow/.local/lib/python3.7/site-packages/airflow/example_dags/example_xcomargs.py for tasks to queue
[2023-07-09T19:03:50.055+0000] {logging_mixin.py:149} INFO - [2023-07-09T19:03:50.055+0000] {dagbag.py:541} INFO - Filling up the DagBag from /home/airflow/.local/lib/python3.7/site-packages/airflow/example_dags/example_xcomargs.py
[2023-07-09T19:03:50.063+0000] {processor.py:836} INFO - DAG(s) dict_keys(['example_xcom_args', 'example_xcom_args_with_operators']) retrieved from /home/airflow/.local/lib/python3.7/site-packages/airflow/example_dags/example_xcomargs.py
[2023-07-09T19:03:50.089+0000] {logging_mixin.py:149} INFO - [2023-07-09T19:03:50.089+0000] {dag.py:2726} INFO - Sync 2 DAGs
[2023-07-09T19:03:50.115+0000] {logging_mixin.py:149} INFO - [2023-07-09T19:03:50.115+0000] {dag.py:3490} INFO - Setting next_dagrun for example_xcom_args to None, run_after=None
[2023-07-09T19:03:50.118+0000] {logging_mixin.py:149} INFO - [2023-07-09T19:03:50.118+0000] {dag.py:3490} INFO - Setting next_dagrun for example_xcom_args_with_operators to None, run_after=None
[2023-07-09T19:03:50.135+0000] {processor.py:179} INFO - Processing /home/airflow/.local/lib/python3.7/site-packages/airflow/example_dags/example_xcomargs.py took 0.087 seconds
[2023-07-09T19:04:20.231+0000] {processor.py:157} INFO - Started process (PID=620) to work on /home/airflow/.local/lib/python3.7/site-packages/airflow/example_dags/example_xcomargs.py
[2023-07-09T19:04:20.232+0000] {processor.py:826} INFO - Processing file /home/airflow/.local/lib/python3.7/site-packages/airflow/example_dags/example_xcomargs.py for tasks to queue
[2023-07-09T19:04:20.233+0000] {logging_mixin.py:149} INFO - [2023-07-09T19:04:20.233+0000] {dagbag.py:541} INFO - Filling up the DagBag from /home/airflow/.local/lib/python3.7/site-packages/airflow/example_dags/example_xcomargs.py
[2023-07-09T19:04:20.240+0000] {processor.py:836} INFO - DAG(s) dict_keys(['example_xcom_args', 'example_xcom_args_with_operators']) retrieved from /home/airflow/.local/lib/python3.7/site-packages/airflow/example_dags/example_xcomargs.py
[2023-07-09T19:04:20.268+0000] {logging_mixin.py:149} INFO - [2023-07-09T19:04:20.268+0000] {dag.py:2726} INFO - Sync 2 DAGs
[2023-07-09T19:04:20.294+0000] {logging_mixin.py:149} INFO - [2023-07-09T19:04:20.293+0000] {dag.py:3490} INFO - Setting next_dagrun for example_xcom_args to None, run_after=None
[2023-07-09T19:04:20.297+0000] {logging_mixin.py:149} INFO - [2023-07-09T19:04:20.297+0000] {dag.py:3490} INFO - Setting next_dagrun for example_xcom_args_with_operators to None, run_after=None
[2023-07-09T19:04:20.319+0000] {processor.py:179} INFO - Processing /home/airflow/.local/lib/python3.7/site-packages/airflow/example_dags/example_xcomargs.py took 0.091 seconds
[2023-07-09T19:04:51.135+0000] {processor.py:157} INFO - Started process (PID=685) to work on /home/airflow/.local/lib/python3.7/site-packages/airflow/example_dags/example_xcomargs.py
[2023-07-09T19:04:51.136+0000] {processor.py:826} INFO - Processing file /home/airflow/.local/lib/python3.7/site-packages/airflow/example_dags/example_xcomargs.py for tasks to queue
[2023-07-09T19:04:51.136+0000] {logging_mixin.py:149} INFO - [2023-07-09T19:04:51.136+0000] {dagbag.py:541} INFO - Filling up the DagBag from /home/airflow/.local/lib/python3.7/site-packages/airflow/example_dags/example_xcomargs.py
[2023-07-09T19:04:51.144+0000] {processor.py:836} INFO - DAG(s) dict_keys(['example_xcom_args', 'example_xcom_args_with_operators']) retrieved from /home/airflow/.local/lib/python3.7/site-packages/airflow/example_dags/example_xcomargs.py
[2023-07-09T19:04:51.172+0000] {logging_mixin.py:149} INFO - [2023-07-09T19:04:51.171+0000] {dag.py:2726} INFO - Sync 2 DAGs
[2023-07-09T19:04:51.196+0000] {logging_mixin.py:149} INFO - [2023-07-09T19:04:51.196+0000] {dag.py:3490} INFO - Setting next_dagrun for example_xcom_args to None, run_after=None
[2023-07-09T19:04:51.199+0000] {logging_mixin.py:149} INFO - [2023-07-09T19:04:51.199+0000] {dag.py:3490} INFO - Setting next_dagrun for example_xcom_args_with_operators to None, run_after=None
[2023-07-09T19:04:51.215+0000] {processor.py:179} INFO - Processing /home/airflow/.local/lib/python3.7/site-packages/airflow/example_dags/example_xcomargs.py took 0.083 seconds
[2023-07-09T19:05:21.791+0000] {processor.py:157} INFO - Started process (PID=750) to work on /home/airflow/.local/lib/python3.7/site-packages/airflow/example_dags/example_xcomargs.py
[2023-07-09T19:05:21.792+0000] {processor.py:826} INFO - Processing file /home/airflow/.local/lib/python3.7/site-packages/airflow/example_dags/example_xcomargs.py for tasks to queue
[2023-07-09T19:05:21.793+0000] {logging_mixin.py:149} INFO - [2023-07-09T19:05:21.793+0000] {dagbag.py:541} INFO - Filling up the DagBag from /home/airflow/.local/lib/python3.7/site-packages/airflow/example_dags/example_xcomargs.py
[2023-07-09T19:05:21.800+0000] {processor.py:836} INFO - DAG(s) dict_keys(['example_xcom_args_with_operators', 'example_xcom_args']) retrieved from /home/airflow/.local/lib/python3.7/site-packages/airflow/example_dags/example_xcomargs.py
[2023-07-09T19:05:21.834+0000] {logging_mixin.py:149} INFO - [2023-07-09T19:05:21.834+0000] {dag.py:2726} INFO - Sync 2 DAGs
[2023-07-09T19:05:21.862+0000] {logging_mixin.py:149} INFO - [2023-07-09T19:05:21.862+0000] {dag.py:3490} INFO - Setting next_dagrun for example_xcom_args to None, run_after=None
[2023-07-09T19:05:21.865+0000] {logging_mixin.py:149} INFO - [2023-07-09T19:05:21.865+0000] {dag.py:3490} INFO - Setting next_dagrun for example_xcom_args_with_operators to None, run_after=None
[2023-07-09T19:05:21.881+0000] {processor.py:179} INFO - Processing /home/airflow/.local/lib/python3.7/site-packages/airflow/example_dags/example_xcomargs.py took 0.094 seconds
[2023-07-09T19:05:52.103+0000] {processor.py:157} INFO - Started process (PID=815) to work on /home/airflow/.local/lib/python3.7/site-packages/airflow/example_dags/example_xcomargs.py
[2023-07-09T19:05:52.104+0000] {processor.py:826} INFO - Processing file /home/airflow/.local/lib/python3.7/site-packages/airflow/example_dags/example_xcomargs.py for tasks to queue
[2023-07-09T19:05:52.105+0000] {logging_mixin.py:149} INFO - [2023-07-09T19:05:52.104+0000] {dagbag.py:541} INFO - Filling up the DagBag from /home/airflow/.local/lib/python3.7/site-packages/airflow/example_dags/example_xcomargs.py
[2023-07-09T19:05:52.113+0000] {processor.py:836} INFO - DAG(s) dict_keys(['example_xcom_args', 'example_xcom_args_with_operators']) retrieved from /home/airflow/.local/lib/python3.7/site-packages/airflow/example_dags/example_xcomargs.py
[2023-07-09T19:05:52.145+0000] {logging_mixin.py:149} INFO - [2023-07-09T19:05:52.144+0000] {dag.py:2726} INFO - Sync 2 DAGs
[2023-07-09T19:05:52.171+0000] {logging_mixin.py:149} INFO - [2023-07-09T19:05:52.171+0000] {dag.py:3490} INFO - Setting next_dagrun for example_xcom_args to None, run_after=None
[2023-07-09T19:05:52.175+0000] {logging_mixin.py:149} INFO - [2023-07-09T19:05:52.175+0000] {dag.py:3490} INFO - Setting next_dagrun for example_xcom_args_with_operators to None, run_after=None
[2023-07-09T19:05:52.195+0000] {processor.py:179} INFO - Processing /home/airflow/.local/lib/python3.7/site-packages/airflow/example_dags/example_xcomargs.py took 0.096 seconds
[2023-07-09T19:06:22.222+0000] {processor.py:157} INFO - Started process (PID=880) to work on /home/airflow/.local/lib/python3.7/site-packages/airflow/example_dags/example_xcomargs.py
[2023-07-09T19:06:22.223+0000] {processor.py:826} INFO - Processing file /home/airflow/.local/lib/python3.7/site-packages/airflow/example_dags/example_xcomargs.py for tasks to queue
[2023-07-09T19:06:22.224+0000] {logging_mixin.py:149} INFO - [2023-07-09T19:06:22.224+0000] {dagbag.py:541} INFO - Filling up the DagBag from /home/airflow/.local/lib/python3.7/site-packages/airflow/example_dags/example_xcomargs.py
[2023-07-09T19:06:22.233+0000] {processor.py:836} INFO - DAG(s) dict_keys(['example_xcom_args', 'example_xcom_args_with_operators']) retrieved from /home/airflow/.local/lib/python3.7/site-packages/airflow/example_dags/example_xcomargs.py
[2023-07-09T19:06:22.260+0000] {logging_mixin.py:149} INFO - [2023-07-09T19:06:22.260+0000] {dag.py:2726} INFO - Sync 2 DAGs
[2023-07-09T19:06:22.286+0000] {logging_mixin.py:149} INFO - [2023-07-09T19:06:22.286+0000] {dag.py:3490} INFO - Setting next_dagrun for example_xcom_args to None, run_after=None
[2023-07-09T19:06:22.289+0000] {logging_mixin.py:149} INFO - [2023-07-09T19:06:22.289+0000] {dag.py:3490} INFO - Setting next_dagrun for example_xcom_args_with_operators to None, run_after=None
[2023-07-09T19:06:22.310+0000] {processor.py:179} INFO - Processing /home/airflow/.local/lib/python3.7/site-packages/airflow/example_dags/example_xcomargs.py took 0.091 seconds
[2023-07-09T19:06:52.373+0000] {processor.py:157} INFO - Started process (PID=945) to work on /home/airflow/.local/lib/python3.7/site-packages/airflow/example_dags/example_xcomargs.py
[2023-07-09T19:06:52.374+0000] {processor.py:826} INFO - Processing file /home/airflow/.local/lib/python3.7/site-packages/airflow/example_dags/example_xcomargs.py for tasks to queue
[2023-07-09T19:06:52.375+0000] {logging_mixin.py:149} INFO - [2023-07-09T19:06:52.375+0000] {dagbag.py:541} INFO - Filling up the DagBag from /home/airflow/.local/lib/python3.7/site-packages/airflow/example_dags/example_xcomargs.py
[2023-07-09T19:06:52.383+0000] {processor.py:836} INFO - DAG(s) dict_keys(['example_xcom_args', 'example_xcom_args_with_operators']) retrieved from /home/airflow/.local/lib/python3.7/site-packages/airflow/example_dags/example_xcomargs.py
[2023-07-09T19:06:52.417+0000] {logging_mixin.py:149} INFO - [2023-07-09T19:06:52.417+0000] {dag.py:2726} INFO - Sync 2 DAGs
[2023-07-09T19:06:52.446+0000] {logging_mixin.py:149} INFO - [2023-07-09T19:06:52.446+0000] {dag.py:3490} INFO - Setting next_dagrun for example_xcom_args to None, run_after=None
[2023-07-09T19:06:52.449+0000] {logging_mixin.py:149} INFO - [2023-07-09T19:06:52.449+0000] {dag.py:3490} INFO - Setting next_dagrun for example_xcom_args_with_operators to None, run_after=None
[2023-07-09T19:06:52.468+0000] {processor.py:179} INFO - Processing /home/airflow/.local/lib/python3.7/site-packages/airflow/example_dags/example_xcomargs.py took 0.098 seconds
[2023-07-09T19:07:22.557+0000] {processor.py:157} INFO - Started process (PID=1010) to work on /home/airflow/.local/lib/python3.7/site-packages/airflow/example_dags/example_xcomargs.py
[2023-07-09T19:07:22.558+0000] {processor.py:826} INFO - Processing file /home/airflow/.local/lib/python3.7/site-packages/airflow/example_dags/example_xcomargs.py for tasks to queue
[2023-07-09T19:07:22.560+0000] {logging_mixin.py:149} INFO - [2023-07-09T19:07:22.559+0000] {dagbag.py:541} INFO - Filling up the DagBag from /home/airflow/.local/lib/python3.7/site-packages/airflow/example_dags/example_xcomargs.py
[2023-07-09T19:07:22.570+0000] {processor.py:836} INFO - DAG(s) dict_keys(['example_xcom_args_with_operators', 'example_xcom_args']) retrieved from /home/airflow/.local/lib/python3.7/site-packages/airflow/example_dags/example_xcomargs.py
[2023-07-09T19:07:22.597+0000] {logging_mixin.py:149} INFO - [2023-07-09T19:07:22.597+0000] {dag.py:2726} INFO - Sync 2 DAGs
[2023-07-09T19:07:22.621+0000] {logging_mixin.py:149} INFO - [2023-07-09T19:07:22.621+0000] {dag.py:3490} INFO - Setting next_dagrun for example_xcom_args to None, run_after=None
[2023-07-09T19:07:22.624+0000] {logging_mixin.py:149} INFO - [2023-07-09T19:07:22.624+0000] {dag.py:3490} INFO - Setting next_dagrun for example_xcom_args_with_operators to None, run_after=None
[2023-07-09T19:07:22.643+0000] {processor.py:179} INFO - Processing /home/airflow/.local/lib/python3.7/site-packages/airflow/example_dags/example_xcomargs.py took 0.089 seconds
[2023-07-09T19:07:52.734+0000] {processor.py:157} INFO - Started process (PID=1075) to work on /home/airflow/.local/lib/python3.7/site-packages/airflow/example_dags/example_xcomargs.py
[2023-07-09T19:07:52.736+0000] {processor.py:826} INFO - Processing file /home/airflow/.local/lib/python3.7/site-packages/airflow/example_dags/example_xcomargs.py for tasks to queue
[2023-07-09T19:07:52.736+0000] {logging_mixin.py:149} INFO - [2023-07-09T19:07:52.736+0000] {dagbag.py:541} INFO - Filling up the DagBag from /home/airflow/.local/lib/python3.7/site-packages/airflow/example_dags/example_xcomargs.py
[2023-07-09T19:07:52.745+0000] {processor.py:836} INFO - DAG(s) dict_keys(['example_xcom_args_with_operators', 'example_xcom_args']) retrieved from /home/airflow/.local/lib/python3.7/site-packages/airflow/example_dags/example_xcomargs.py
[2023-07-09T19:07:52.773+0000] {logging_mixin.py:149} INFO - [2023-07-09T19:07:52.773+0000] {dag.py:2726} INFO - Sync 2 DAGs
[2023-07-09T19:07:52.798+0000] {logging_mixin.py:149} INFO - [2023-07-09T19:07:52.798+0000] {dag.py:3490} INFO - Setting next_dagrun for example_xcom_args to None, run_after=None
[2023-07-09T19:07:52.801+0000] {logging_mixin.py:149} INFO - [2023-07-09T19:07:52.801+0000] {dag.py:3490} INFO - Setting next_dagrun for example_xcom_args_with_operators to None, run_after=None
[2023-07-09T19:07:52.820+0000] {processor.py:179} INFO - Processing /home/airflow/.local/lib/python3.7/site-packages/airflow/example_dags/example_xcomargs.py took 0.088 seconds
