[2023-07-09T18:59:48.050+0000] {processor.py:157} INFO - Started process (PID=41) to work on /home/airflow/.local/lib/python3.7/site-packages/airflow/example_dags/example_dag_decorator.py
[2023-07-09T18:59:48.052+0000] {processor.py:826} INFO - Processing file /home/airflow/.local/lib/python3.7/site-packages/airflow/example_dags/example_dag_decorator.py for tasks to queue
[2023-07-09T18:59:48.052+0000] {logging_mixin.py:149} INFO - [2023-07-09T18:59:48.052+0000] {dagbag.py:541} INFO - Filling up the DagBag from /home/airflow/.local/lib/python3.7/site-packages/airflow/example_dags/example_dag_decorator.py
[2023-07-09T18:59:48.069+0000] {processor.py:836} INFO - DAG(s) dict_keys(['example_dag_decorator']) retrieved from /home/airflow/.local/lib/python3.7/site-packages/airflow/example_dags/example_dag_decorator.py
[2023-07-09T18:59:48.192+0000] {logging_mixin.py:149} INFO - [2023-07-09T18:59:48.191+0000] {manager.py:504} INFO - Created Permission View: can read on DAG:example_dag_decorator
[2023-07-09T18:59:48.205+0000] {logging_mixin.py:149} INFO - [2023-07-09T18:59:48.204+0000] {manager.py:504} INFO - Created Permission View: can edit on DAG:example_dag_decorator
[2023-07-09T18:59:48.213+0000] {logging_mixin.py:149} INFO - [2023-07-09T18:59:48.213+0000] {manager.py:504} INFO - Created Permission View: can delete on DAG:example_dag_decorator
[2023-07-09T18:59:48.237+0000] {logging_mixin.py:149} INFO - [2023-07-09T18:59:48.237+0000] {dag.py:2726} INFO - Sync 1 DAGs
[2023-07-09T18:59:48.251+0000] {logging_mixin.py:149} INFO - [2023-07-09T18:59:48.251+0000] {dag.py:2747} INFO - Creating ORM DAG for example_dag_decorator
[2023-07-09T18:59:48.263+0000] {logging_mixin.py:149} INFO - [2023-07-09T18:59:48.263+0000] {dag.py:3490} INFO - Setting next_dagrun for example_dag_decorator to None, run_after=None
[2023-07-09T18:59:48.283+0000] {processor.py:179} INFO - Processing /home/airflow/.local/lib/python3.7/site-packages/airflow/example_dags/example_dag_decorator.py took 0.237 seconds
[2023-07-09T19:00:18.909+0000] {processor.py:157} INFO - Started process (PID=106) to work on /home/airflow/.local/lib/python3.7/site-packages/airflow/example_dags/example_dag_decorator.py
[2023-07-09T19:00:18.910+0000] {processor.py:826} INFO - Processing file /home/airflow/.local/lib/python3.7/site-packages/airflow/example_dags/example_dag_decorator.py for tasks to queue
[2023-07-09T19:00:18.911+0000] {logging_mixin.py:149} INFO - [2023-07-09T19:00:18.911+0000] {dagbag.py:541} INFO - Filling up the DagBag from /home/airflow/.local/lib/python3.7/site-packages/airflow/example_dags/example_dag_decorator.py
[2023-07-09T19:00:18.925+0000] {processor.py:836} INFO - DAG(s) dict_keys(['example_dag_decorator']) retrieved from /home/airflow/.local/lib/python3.7/site-packages/airflow/example_dags/example_dag_decorator.py
[2023-07-09T19:00:19.036+0000] {logging_mixin.py:149} INFO - [2023-07-09T19:00:19.035+0000] {dag.py:2726} INFO - Sync 1 DAGs
[2023-07-09T19:00:19.058+0000] {logging_mixin.py:149} INFO - [2023-07-09T19:00:19.058+0000] {dag.py:3490} INFO - Setting next_dagrun for example_dag_decorator to None, run_after=None
[2023-07-09T19:00:19.077+0000] {processor.py:179} INFO - Processing /home/airflow/.local/lib/python3.7/site-packages/airflow/example_dags/example_dag_decorator.py took 0.170 seconds
[2023-07-09T19:00:49.132+0000] {processor.py:157} INFO - Started process (PID=172) to work on /home/airflow/.local/lib/python3.7/site-packages/airflow/example_dags/example_dag_decorator.py
[2023-07-09T19:00:49.133+0000] {processor.py:826} INFO - Processing file /home/airflow/.local/lib/python3.7/site-packages/airflow/example_dags/example_dag_decorator.py for tasks to queue
[2023-07-09T19:00:49.133+0000] {logging_mixin.py:149} INFO - [2023-07-09T19:00:49.133+0000] {dagbag.py:541} INFO - Filling up the DagBag from /home/airflow/.local/lib/python3.7/site-packages/airflow/example_dags/example_dag_decorator.py
[2023-07-09T19:00:49.146+0000] {processor.py:836} INFO - DAG(s) dict_keys(['example_dag_decorator']) retrieved from /home/airflow/.local/lib/python3.7/site-packages/airflow/example_dags/example_dag_decorator.py
[2023-07-09T19:00:49.262+0000] {logging_mixin.py:149} INFO - [2023-07-09T19:00:49.262+0000] {dag.py:2726} INFO - Sync 1 DAGs
[2023-07-09T19:00:49.284+0000] {logging_mixin.py:149} INFO - [2023-07-09T19:00:49.284+0000] {dag.py:3490} INFO - Setting next_dagrun for example_dag_decorator to None, run_after=None
[2023-07-09T19:00:49.304+0000] {processor.py:179} INFO - Processing /home/airflow/.local/lib/python3.7/site-packages/airflow/example_dags/example_dag_decorator.py took 0.176 seconds
[2023-07-09T19:01:19.378+0000] {processor.py:157} INFO - Started process (PID=237) to work on /home/airflow/.local/lib/python3.7/site-packages/airflow/example_dags/example_dag_decorator.py
[2023-07-09T19:01:19.379+0000] {processor.py:826} INFO - Processing file /home/airflow/.local/lib/python3.7/site-packages/airflow/example_dags/example_dag_decorator.py for tasks to queue
[2023-07-09T19:01:19.380+0000] {logging_mixin.py:149} INFO - [2023-07-09T19:01:19.380+0000] {dagbag.py:541} INFO - Filling up the DagBag from /home/airflow/.local/lib/python3.7/site-packages/airflow/example_dags/example_dag_decorator.py
[2023-07-09T19:01:19.392+0000] {processor.py:836} INFO - DAG(s) dict_keys(['example_dag_decorator']) retrieved from /home/airflow/.local/lib/python3.7/site-packages/airflow/example_dags/example_dag_decorator.py
[2023-07-09T19:01:19.505+0000] {logging_mixin.py:149} INFO - [2023-07-09T19:01:19.505+0000] {dag.py:2726} INFO - Sync 1 DAGs
[2023-07-09T19:01:19.532+0000] {logging_mixin.py:149} INFO - [2023-07-09T19:01:19.532+0000] {dag.py:3490} INFO - Setting next_dagrun for example_dag_decorator to None, run_after=None
[2023-07-09T19:01:19.562+0000] {processor.py:179} INFO - Processing /home/airflow/.local/lib/python3.7/site-packages/airflow/example_dags/example_dag_decorator.py took 0.187 seconds
[2023-07-09T19:01:49.969+0000] {processor.py:157} INFO - Started process (PID=301) to work on /home/airflow/.local/lib/python3.7/site-packages/airflow/example_dags/example_dag_decorator.py
[2023-07-09T19:01:49.970+0000] {processor.py:826} INFO - Processing file /home/airflow/.local/lib/python3.7/site-packages/airflow/example_dags/example_dag_decorator.py for tasks to queue
[2023-07-09T19:01:49.971+0000] {logging_mixin.py:149} INFO - [2023-07-09T19:01:49.970+0000] {dagbag.py:541} INFO - Filling up the DagBag from /home/airflow/.local/lib/python3.7/site-packages/airflow/example_dags/example_dag_decorator.py
[2023-07-09T19:01:49.984+0000] {processor.py:836} INFO - DAG(s) dict_keys(['example_dag_decorator']) retrieved from /home/airflow/.local/lib/python3.7/site-packages/airflow/example_dags/example_dag_decorator.py
[2023-07-09T19:01:50.095+0000] {logging_mixin.py:149} INFO - [2023-07-09T19:01:50.095+0000] {dag.py:2726} INFO - Sync 1 DAGs
[2023-07-09T19:01:50.117+0000] {logging_mixin.py:149} INFO - [2023-07-09T19:01:50.117+0000] {dag.py:3490} INFO - Setting next_dagrun for example_dag_decorator to None, run_after=None
[2023-07-09T19:01:50.135+0000] {processor.py:179} INFO - Processing /home/airflow/.local/lib/python3.7/site-packages/airflow/example_dags/example_dag_decorator.py took 0.169 seconds
[2023-07-09T19:02:20.552+0000] {processor.py:157} INFO - Started process (PID=366) to work on /home/airflow/.local/lib/python3.7/site-packages/airflow/example_dags/example_dag_decorator.py
[2023-07-09T19:02:20.554+0000] {processor.py:826} INFO - Processing file /home/airflow/.local/lib/python3.7/site-packages/airflow/example_dags/example_dag_decorator.py for tasks to queue
[2023-07-09T19:02:20.554+0000] {logging_mixin.py:149} INFO - [2023-07-09T19:02:20.554+0000] {dagbag.py:541} INFO - Filling up the DagBag from /home/airflow/.local/lib/python3.7/site-packages/airflow/example_dags/example_dag_decorator.py
[2023-07-09T19:02:20.568+0000] {processor.py:836} INFO - DAG(s) dict_keys(['example_dag_decorator']) retrieved from /home/airflow/.local/lib/python3.7/site-packages/airflow/example_dags/example_dag_decorator.py
[2023-07-09T19:02:20.694+0000] {logging_mixin.py:149} INFO - [2023-07-09T19:02:20.694+0000] {dag.py:2726} INFO - Sync 1 DAGs
[2023-07-09T19:02:20.720+0000] {logging_mixin.py:149} INFO - [2023-07-09T19:02:20.720+0000] {dag.py:3490} INFO - Setting next_dagrun for example_dag_decorator to None, run_after=None
[2023-07-09T19:02:20.743+0000] {processor.py:179} INFO - Processing /home/airflow/.local/lib/python3.7/site-packages/airflow/example_dags/example_dag_decorator.py took 0.194 seconds
[2023-07-09T19:02:50.872+0000] {processor.py:157} INFO - Started process (PID=432) to work on /home/airflow/.local/lib/python3.7/site-packages/airflow/example_dags/example_dag_decorator.py
[2023-07-09T19:02:50.873+0000] {processor.py:826} INFO - Processing file /home/airflow/.local/lib/python3.7/site-packages/airflow/example_dags/example_dag_decorator.py for tasks to queue
[2023-07-09T19:02:50.874+0000] {logging_mixin.py:149} INFO - [2023-07-09T19:02:50.873+0000] {dagbag.py:541} INFO - Filling up the DagBag from /home/airflow/.local/lib/python3.7/site-packages/airflow/example_dags/example_dag_decorator.py
[2023-07-09T19:02:50.887+0000] {processor.py:836} INFO - DAG(s) dict_keys(['example_dag_decorator']) retrieved from /home/airflow/.local/lib/python3.7/site-packages/airflow/example_dags/example_dag_decorator.py
[2023-07-09T19:02:51.012+0000] {logging_mixin.py:149} INFO - [2023-07-09T19:02:51.012+0000] {dag.py:2726} INFO - Sync 1 DAGs
[2023-07-09T19:02:51.036+0000] {logging_mixin.py:149} INFO - [2023-07-09T19:02:51.036+0000] {dag.py:3490} INFO - Setting next_dagrun for example_dag_decorator to None, run_after=None
[2023-07-09T19:02:51.058+0000] {processor.py:179} INFO - Processing /home/airflow/.local/lib/python3.7/site-packages/airflow/example_dags/example_dag_decorator.py took 0.189 seconds
[2023-07-09T19:03:21.121+0000] {processor.py:157} INFO - Started process (PID=497) to work on /home/airflow/.local/lib/python3.7/site-packages/airflow/example_dags/example_dag_decorator.py
[2023-07-09T19:03:21.123+0000] {processor.py:826} INFO - Processing file /home/airflow/.local/lib/python3.7/site-packages/airflow/example_dags/example_dag_decorator.py for tasks to queue
[2023-07-09T19:03:21.123+0000] {logging_mixin.py:149} INFO - [2023-07-09T19:03:21.123+0000] {dagbag.py:541} INFO - Filling up the DagBag from /home/airflow/.local/lib/python3.7/site-packages/airflow/example_dags/example_dag_decorator.py
[2023-07-09T19:03:21.137+0000] {processor.py:836} INFO - DAG(s) dict_keys(['example_dag_decorator']) retrieved from /home/airflow/.local/lib/python3.7/site-packages/airflow/example_dags/example_dag_decorator.py
[2023-07-09T19:03:21.264+0000] {logging_mixin.py:149} INFO - [2023-07-09T19:03:21.264+0000] {dag.py:2726} INFO - Sync 1 DAGs
[2023-07-09T19:03:21.289+0000] {logging_mixin.py:149} INFO - [2023-07-09T19:03:21.288+0000] {dag.py:3490} INFO - Setting next_dagrun for example_dag_decorator to None, run_after=None
[2023-07-09T19:03:21.310+0000] {processor.py:179} INFO - Processing /home/airflow/.local/lib/python3.7/site-packages/airflow/example_dags/example_dag_decorator.py took 0.192 seconds
[2023-07-09T19:03:51.411+0000] {processor.py:157} INFO - Started process (PID=562) to work on /home/airflow/.local/lib/python3.7/site-packages/airflow/example_dags/example_dag_decorator.py
[2023-07-09T19:03:51.412+0000] {processor.py:826} INFO - Processing file /home/airflow/.local/lib/python3.7/site-packages/airflow/example_dags/example_dag_decorator.py for tasks to queue
[2023-07-09T19:03:51.413+0000] {logging_mixin.py:149} INFO - [2023-07-09T19:03:51.412+0000] {dagbag.py:541} INFO - Filling up the DagBag from /home/airflow/.local/lib/python3.7/site-packages/airflow/example_dags/example_dag_decorator.py
[2023-07-09T19:03:51.425+0000] {processor.py:836} INFO - DAG(s) dict_keys(['example_dag_decorator']) retrieved from /home/airflow/.local/lib/python3.7/site-packages/airflow/example_dags/example_dag_decorator.py
[2023-07-09T19:03:51.548+0000] {logging_mixin.py:149} INFO - [2023-07-09T19:03:51.548+0000] {dag.py:2726} INFO - Sync 1 DAGs
[2023-07-09T19:03:51.574+0000] {logging_mixin.py:149} INFO - [2023-07-09T19:03:51.574+0000] {dag.py:3490} INFO - Setting next_dagrun for example_dag_decorator to None, run_after=None
[2023-07-09T19:03:51.594+0000] {processor.py:179} INFO - Processing /home/airflow/.local/lib/python3.7/site-packages/airflow/example_dags/example_dag_decorator.py took 0.187 seconds
[2023-07-09T19:04:21.772+0000] {processor.py:157} INFO - Started process (PID=628) to work on /home/airflow/.local/lib/python3.7/site-packages/airflow/example_dags/example_dag_decorator.py
[2023-07-09T19:04:21.773+0000] {processor.py:826} INFO - Processing file /home/airflow/.local/lib/python3.7/site-packages/airflow/example_dags/example_dag_decorator.py for tasks to queue
[2023-07-09T19:04:21.774+0000] {logging_mixin.py:149} INFO - [2023-07-09T19:04:21.774+0000] {dagbag.py:541} INFO - Filling up the DagBag from /home/airflow/.local/lib/python3.7/site-packages/airflow/example_dags/example_dag_decorator.py
[2023-07-09T19:04:21.787+0000] {processor.py:836} INFO - DAG(s) dict_keys(['example_dag_decorator']) retrieved from /home/airflow/.local/lib/python3.7/site-packages/airflow/example_dags/example_dag_decorator.py
[2023-07-09T19:04:21.906+0000] {logging_mixin.py:149} INFO - [2023-07-09T19:04:21.906+0000] {dag.py:2726} INFO - Sync 1 DAGs
[2023-07-09T19:04:21.929+0000] {logging_mixin.py:149} INFO - [2023-07-09T19:04:21.929+0000] {dag.py:3490} INFO - Setting next_dagrun for example_dag_decorator to None, run_after=None
[2023-07-09T19:04:21.949+0000] {processor.py:179} INFO - Processing /home/airflow/.local/lib/python3.7/site-packages/airflow/example_dags/example_dag_decorator.py took 0.180 seconds
[2023-07-09T19:04:52.463+0000] {processor.py:157} INFO - Started process (PID=691) to work on /home/airflow/.local/lib/python3.7/site-packages/airflow/example_dags/example_dag_decorator.py
[2023-07-09T19:04:52.464+0000] {processor.py:826} INFO - Processing file /home/airflow/.local/lib/python3.7/site-packages/airflow/example_dags/example_dag_decorator.py for tasks to queue
[2023-07-09T19:04:52.465+0000] {logging_mixin.py:149} INFO - [2023-07-09T19:04:52.464+0000] {dagbag.py:541} INFO - Filling up the DagBag from /home/airflow/.local/lib/python3.7/site-packages/airflow/example_dags/example_dag_decorator.py
[2023-07-09T19:04:52.478+0000] {processor.py:836} INFO - DAG(s) dict_keys(['example_dag_decorator']) retrieved from /home/airflow/.local/lib/python3.7/site-packages/airflow/example_dags/example_dag_decorator.py
[2023-07-09T19:04:52.611+0000] {logging_mixin.py:149} INFO - [2023-07-09T19:04:52.611+0000] {dag.py:2726} INFO - Sync 1 DAGs
[2023-07-09T19:04:52.634+0000] {logging_mixin.py:149} INFO - [2023-07-09T19:04:52.634+0000] {dag.py:3490} INFO - Setting next_dagrun for example_dag_decorator to None, run_after=None
[2023-07-09T19:04:52.655+0000] {processor.py:179} INFO - Processing /home/airflow/.local/lib/python3.7/site-packages/airflow/example_dags/example_dag_decorator.py took 0.196 seconds
[2023-07-09T19:05:23.149+0000] {processor.py:157} INFO - Started process (PID=756) to work on /home/airflow/.local/lib/python3.7/site-packages/airflow/example_dags/example_dag_decorator.py
[2023-07-09T19:05:23.150+0000] {processor.py:826} INFO - Processing file /home/airflow/.local/lib/python3.7/site-packages/airflow/example_dags/example_dag_decorator.py for tasks to queue
[2023-07-09T19:05:23.151+0000] {logging_mixin.py:149} INFO - [2023-07-09T19:05:23.151+0000] {dagbag.py:541} INFO - Filling up the DagBag from /home/airflow/.local/lib/python3.7/site-packages/airflow/example_dags/example_dag_decorator.py
[2023-07-09T19:05:23.169+0000] {processor.py:836} INFO - DAG(s) dict_keys(['example_dag_decorator']) retrieved from /home/airflow/.local/lib/python3.7/site-packages/airflow/example_dags/example_dag_decorator.py
[2023-07-09T19:05:23.349+0000] {logging_mixin.py:149} INFO - [2023-07-09T19:05:23.348+0000] {dag.py:2726} INFO - Sync 1 DAGs
[2023-07-09T19:05:23.379+0000] {logging_mixin.py:149} INFO - [2023-07-09T19:05:23.378+0000] {dag.py:3490} INFO - Setting next_dagrun for example_dag_decorator to None, run_after=None
[2023-07-09T19:05:23.402+0000] {processor.py:179} INFO - Processing /home/airflow/.local/lib/python3.7/site-packages/airflow/example_dags/example_dag_decorator.py took 0.257 seconds
[2023-07-09T19:05:53.497+0000] {processor.py:157} INFO - Started process (PID=822) to work on /home/airflow/.local/lib/python3.7/site-packages/airflow/example_dags/example_dag_decorator.py
[2023-07-09T19:05:53.498+0000] {processor.py:826} INFO - Processing file /home/airflow/.local/lib/python3.7/site-packages/airflow/example_dags/example_dag_decorator.py for tasks to queue
[2023-07-09T19:05:53.499+0000] {logging_mixin.py:149} INFO - [2023-07-09T19:05:53.499+0000] {dagbag.py:541} INFO - Filling up the DagBag from /home/airflow/.local/lib/python3.7/site-packages/airflow/example_dags/example_dag_decorator.py
[2023-07-09T19:05:53.514+0000] {processor.py:836} INFO - DAG(s) dict_keys(['example_dag_decorator']) retrieved from /home/airflow/.local/lib/python3.7/site-packages/airflow/example_dags/example_dag_decorator.py
[2023-07-09T19:05:53.675+0000] {logging_mixin.py:149} INFO - [2023-07-09T19:05:53.674+0000] {dag.py:2726} INFO - Sync 1 DAGs
[2023-07-09T19:05:53.701+0000] {logging_mixin.py:149} INFO - [2023-07-09T19:05:53.700+0000] {dag.py:3490} INFO - Setting next_dagrun for example_dag_decorator to None, run_after=None
[2023-07-09T19:05:53.727+0000] {processor.py:179} INFO - Processing /home/airflow/.local/lib/python3.7/site-packages/airflow/example_dags/example_dag_decorator.py took 0.234 seconds
[2023-07-09T19:06:23.815+0000] {processor.py:157} INFO - Started process (PID=887) to work on /home/airflow/.local/lib/python3.7/site-packages/airflow/example_dags/example_dag_decorator.py
[2023-07-09T19:06:23.816+0000] {processor.py:826} INFO - Processing file /home/airflow/.local/lib/python3.7/site-packages/airflow/example_dags/example_dag_decorator.py for tasks to queue
[2023-07-09T19:06:23.817+0000] {logging_mixin.py:149} INFO - [2023-07-09T19:06:23.816+0000] {dagbag.py:541} INFO - Filling up the DagBag from /home/airflow/.local/lib/python3.7/site-packages/airflow/example_dags/example_dag_decorator.py
[2023-07-09T19:06:23.830+0000] {processor.py:836} INFO - DAG(s) dict_keys(['example_dag_decorator']) retrieved from /home/airflow/.local/lib/python3.7/site-packages/airflow/example_dags/example_dag_decorator.py
[2023-07-09T19:06:23.939+0000] {logging_mixin.py:149} INFO - [2023-07-09T19:06:23.939+0000] {dag.py:2726} INFO - Sync 1 DAGs
[2023-07-09T19:06:23.965+0000] {logging_mixin.py:149} INFO - [2023-07-09T19:06:23.965+0000] {dag.py:3490} INFO - Setting next_dagrun for example_dag_decorator to None, run_after=None
[2023-07-09T19:06:23.985+0000] {processor.py:179} INFO - Processing /home/airflow/.local/lib/python3.7/site-packages/airflow/example_dags/example_dag_decorator.py took 0.174 seconds
[2023-07-09T19:06:54.789+0000] {processor.py:157} INFO - Started process (PID=951) to work on /home/airflow/.local/lib/python3.7/site-packages/airflow/example_dags/example_dag_decorator.py
[2023-07-09T19:06:54.791+0000] {processor.py:826} INFO - Processing file /home/airflow/.local/lib/python3.7/site-packages/airflow/example_dags/example_dag_decorator.py for tasks to queue
[2023-07-09T19:06:54.792+0000] {logging_mixin.py:149} INFO - [2023-07-09T19:06:54.792+0000] {dagbag.py:541} INFO - Filling up the DagBag from /home/airflow/.local/lib/python3.7/site-packages/airflow/example_dags/example_dag_decorator.py
[2023-07-09T19:06:54.808+0000] {processor.py:836} INFO - DAG(s) dict_keys(['example_dag_decorator']) retrieved from /home/airflow/.local/lib/python3.7/site-packages/airflow/example_dags/example_dag_decorator.py
[2023-07-09T19:06:54.940+0000] {logging_mixin.py:149} INFO - [2023-07-09T19:06:54.940+0000] {dag.py:2726} INFO - Sync 1 DAGs
[2023-07-09T19:06:54.968+0000] {logging_mixin.py:149} INFO - [2023-07-09T19:06:54.968+0000] {dag.py:3490} INFO - Setting next_dagrun for example_dag_decorator to None, run_after=None
[2023-07-09T19:06:54.994+0000] {processor.py:179} INFO - Processing /home/airflow/.local/lib/python3.7/site-packages/airflow/example_dags/example_dag_decorator.py took 0.209 seconds
[2023-07-09T19:07:25.086+0000] {processor.py:157} INFO - Started process (PID=1017) to work on /home/airflow/.local/lib/python3.7/site-packages/airflow/example_dags/example_dag_decorator.py
[2023-07-09T19:07:25.087+0000] {processor.py:826} INFO - Processing file /home/airflow/.local/lib/python3.7/site-packages/airflow/example_dags/example_dag_decorator.py for tasks to queue
[2023-07-09T19:07:25.088+0000] {logging_mixin.py:149} INFO - [2023-07-09T19:07:25.088+0000] {dagbag.py:541} INFO - Filling up the DagBag from /home/airflow/.local/lib/python3.7/site-packages/airflow/example_dags/example_dag_decorator.py
[2023-07-09T19:07:25.101+0000] {processor.py:836} INFO - DAG(s) dict_keys(['example_dag_decorator']) retrieved from /home/airflow/.local/lib/python3.7/site-packages/airflow/example_dags/example_dag_decorator.py
[2023-07-09T19:07:25.224+0000] {logging_mixin.py:149} INFO - [2023-07-09T19:07:25.224+0000] {dag.py:2726} INFO - Sync 1 DAGs
[2023-07-09T19:07:25.245+0000] {logging_mixin.py:149} INFO - [2023-07-09T19:07:25.245+0000] {dag.py:3490} INFO - Setting next_dagrun for example_dag_decorator to None, run_after=None
[2023-07-09T19:07:25.264+0000] {processor.py:179} INFO - Processing /home/airflow/.local/lib/python3.7/site-packages/airflow/example_dags/example_dag_decorator.py took 0.181 seconds
[2023-07-09T19:07:55.346+0000] {processor.py:157} INFO - Started process (PID=1083) to work on /home/airflow/.local/lib/python3.7/site-packages/airflow/example_dags/example_dag_decorator.py
[2023-07-09T19:07:55.347+0000] {processor.py:826} INFO - Processing file /home/airflow/.local/lib/python3.7/site-packages/airflow/example_dags/example_dag_decorator.py for tasks to queue
[2023-07-09T19:07:55.348+0000] {logging_mixin.py:149} INFO - [2023-07-09T19:07:55.347+0000] {dagbag.py:541} INFO - Filling up the DagBag from /home/airflow/.local/lib/python3.7/site-packages/airflow/example_dags/example_dag_decorator.py
[2023-07-09T19:07:55.363+0000] {processor.py:836} INFO - DAG(s) dict_keys(['example_dag_decorator']) retrieved from /home/airflow/.local/lib/python3.7/site-packages/airflow/example_dags/example_dag_decorator.py
[2023-07-09T19:07:55.476+0000] {logging_mixin.py:149} INFO - [2023-07-09T19:07:55.476+0000] {dag.py:2726} INFO - Sync 1 DAGs
[2023-07-09T19:07:55.501+0000] {logging_mixin.py:149} INFO - [2023-07-09T19:07:55.500+0000] {dag.py:3490} INFO - Setting next_dagrun for example_dag_decorator to None, run_after=None
[2023-07-09T19:07:55.526+0000] {processor.py:179} INFO - Processing /home/airflow/.local/lib/python3.7/site-packages/airflow/example_dags/example_dag_decorator.py took 0.183 seconds
