[2023-07-09T18:59:52.158+0000] {processor.py:157} INFO - Started process (PID=69) to work on /home/airflow/.local/lib/python3.7/site-packages/airflow/example_dags/example_subdag_operator.py
[2023-07-09T18:59:52.159+0000] {processor.py:826} INFO - Processing file /home/airflow/.local/lib/python3.7/site-packages/airflow/example_dags/example_subdag_operator.py for tasks to queue
[2023-07-09T18:59:52.160+0000] {logging_mixin.py:149} INFO - [2023-07-09T18:59:52.160+0000] {dagbag.py:541} INFO - Filling up the DagBag from /home/airflow/.local/lib/python3.7/site-packages/airflow/example_dags/example_subdag_operator.py
[2023-07-09T18:59:52.184+0000] {processor.py:836} INFO - DAG(s) dict_keys(['example_subdag_operator.section-1', 'example_subdag_operator.section-2', 'example_subdag_operator']) retrieved from /home/airflow/.local/lib/python3.7/site-packages/airflow/example_dags/example_subdag_operator.py
[2023-07-09T18:59:52.285+0000] {logging_mixin.py:149} INFO - [2023-07-09T18:59:52.284+0000] {manager.py:504} INFO - Created Permission View: can read on DAG:example_subdag_operator
[2023-07-09T18:59:52.296+0000] {logging_mixin.py:149} INFO - [2023-07-09T18:59:52.296+0000] {manager.py:504} INFO - Created Permission View: can edit on DAG:example_subdag_operator
[2023-07-09T18:59:52.303+0000] {logging_mixin.py:149} INFO - [2023-07-09T18:59:52.302+0000] {manager.py:504} INFO - Created Permission View: can delete on DAG:example_subdag_operator
[2023-07-09T18:59:52.317+0000] {logging_mixin.py:149} INFO - [2023-07-09T18:59:52.316+0000] {dag.py:2726} INFO - Sync 3 DAGs
[2023-07-09T18:59:52.329+0000] {logging_mixin.py:149} INFO - [2023-07-09T18:59:52.329+0000] {dag.py:2747} INFO - Creating ORM DAG for example_subdag_operator
[2023-07-09T18:59:52.330+0000] {logging_mixin.py:149} INFO - [2023-07-09T18:59:52.329+0000] {dag.py:2747} INFO - Creating ORM DAG for example_subdag_operator.section-1
[2023-07-09T18:59:52.330+0000] {logging_mixin.py:149} INFO - [2023-07-09T18:59:52.330+0000] {dag.py:2747} INFO - Creating ORM DAG for example_subdag_operator.section-2
[2023-07-09T18:59:52.341+0000] {logging_mixin.py:149} INFO - [2023-07-09T18:59:52.340+0000] {dag.py:3490} INFO - Setting next_dagrun for example_subdag_operator to 2022-01-01T00:00:00+00:00, run_after=2022-01-01T00:00:00+00:00
[2023-07-09T18:59:52.341+0000] {logging_mixin.py:149} INFO - [2023-07-09T18:59:52.341+0000] {dag.py:3490} INFO - Setting next_dagrun for example_subdag_operator.section-1 to None, run_after=None
[2023-07-09T18:59:52.341+0000] {logging_mixin.py:149} INFO - [2023-07-09T18:59:52.341+0000] {dag.py:3490} INFO - Setting next_dagrun for example_subdag_operator.section-2 to None, run_after=None
[2023-07-09T18:59:52.350+0000] {logging_mixin.py:149} INFO - [2023-07-09T18:59:52.350+0000] {dag.py:2726} INFO - Sync 2 DAGs
[2023-07-09T18:59:52.356+0000] {logging_mixin.py:149} INFO - [2023-07-09T18:59:52.355+0000] {dag.py:3490} INFO - Setting next_dagrun for example_subdag_operator.section-1 to None, run_after=None
[2023-07-09T18:59:52.358+0000] {logging_mixin.py:149} INFO - [2023-07-09T18:59:52.358+0000] {dag.py:3490} INFO - Setting next_dagrun for example_subdag_operator.section-2 to None, run_after=None
[2023-07-09T18:59:52.370+0000] {processor.py:179} INFO - Processing /home/airflow/.local/lib/python3.7/site-packages/airflow/example_dags/example_subdag_operator.py took 0.215 seconds
[2023-07-09T19:00:22.588+0000] {processor.py:157} INFO - Started process (PID=134) to work on /home/airflow/.local/lib/python3.7/site-packages/airflow/example_dags/example_subdag_operator.py
[2023-07-09T19:00:22.590+0000] {processor.py:826} INFO - Processing file /home/airflow/.local/lib/python3.7/site-packages/airflow/example_dags/example_subdag_operator.py for tasks to queue
[2023-07-09T19:00:22.590+0000] {logging_mixin.py:149} INFO - [2023-07-09T19:00:22.590+0000] {dagbag.py:541} INFO - Filling up the DagBag from /home/airflow/.local/lib/python3.7/site-packages/airflow/example_dags/example_subdag_operator.py
[2023-07-09T19:00:22.619+0000] {processor.py:836} INFO - DAG(s) dict_keys(['example_subdag_operator.section-1', 'example_subdag_operator.section-2', 'example_subdag_operator']) retrieved from /home/airflow/.local/lib/python3.7/site-packages/airflow/example_dags/example_subdag_operator.py
[2023-07-09T19:00:22.645+0000] {logging_mixin.py:149} INFO - [2023-07-09T19:00:22.645+0000] {dag.py:2726} INFO - Sync 3 DAGs
[2023-07-09T19:00:22.678+0000] {logging_mixin.py:149} INFO - [2023-07-09T19:00:22.678+0000] {dag.py:3490} INFO - Setting next_dagrun for example_subdag_operator to 2022-01-01T00:00:00+00:00, run_after=2022-01-01T00:00:00+00:00
[2023-07-09T19:00:22.683+0000] {logging_mixin.py:149} INFO - [2023-07-09T19:00:22.683+0000] {dag.py:3490} INFO - Setting next_dagrun for example_subdag_operator.section-1 to None, run_after=None
[2023-07-09T19:00:22.685+0000] {logging_mixin.py:149} INFO - [2023-07-09T19:00:22.685+0000] {dag.py:3490} INFO - Setting next_dagrun for example_subdag_operator.section-2 to None, run_after=None
[2023-07-09T19:00:22.694+0000] {logging_mixin.py:149} INFO - [2023-07-09T19:00:22.694+0000] {dag.py:2726} INFO - Sync 2 DAGs
[2023-07-09T19:00:22.702+0000] {logging_mixin.py:149} INFO - [2023-07-09T19:00:22.702+0000] {dag.py:3490} INFO - Setting next_dagrun for example_subdag_operator.section-1 to None, run_after=None
[2023-07-09T19:00:22.702+0000] {logging_mixin.py:149} INFO - [2023-07-09T19:00:22.702+0000] {dag.py:3490} INFO - Setting next_dagrun for example_subdag_operator.section-2 to None, run_after=None
[2023-07-09T19:00:22.726+0000] {processor.py:179} INFO - Processing /home/airflow/.local/lib/python3.7/site-packages/airflow/example_dags/example_subdag_operator.py took 0.142 seconds
[2023-07-09T19:00:52.803+0000] {processor.py:157} INFO - Started process (PID=199) to work on /home/airflow/.local/lib/python3.7/site-packages/airflow/example_dags/example_subdag_operator.py
[2023-07-09T19:00:52.804+0000] {processor.py:826} INFO - Processing file /home/airflow/.local/lib/python3.7/site-packages/airflow/example_dags/example_subdag_operator.py for tasks to queue
[2023-07-09T19:00:52.805+0000] {logging_mixin.py:149} INFO - [2023-07-09T19:00:52.805+0000] {dagbag.py:541} INFO - Filling up the DagBag from /home/airflow/.local/lib/python3.7/site-packages/airflow/example_dags/example_subdag_operator.py
[2023-07-09T19:00:52.829+0000] {processor.py:836} INFO - DAG(s) dict_keys(['example_subdag_operator.section-1', 'example_subdag_operator.section-2', 'example_subdag_operator']) retrieved from /home/airflow/.local/lib/python3.7/site-packages/airflow/example_dags/example_subdag_operator.py
[2023-07-09T19:00:52.850+0000] {logging_mixin.py:149} INFO - [2023-07-09T19:00:52.850+0000] {dag.py:2726} INFO - Sync 3 DAGs
[2023-07-09T19:00:52.875+0000] {logging_mixin.py:149} INFO - [2023-07-09T19:00:52.875+0000] {dag.py:3490} INFO - Setting next_dagrun for example_subdag_operator to 2022-01-01T00:00:00+00:00, run_after=2022-01-01T00:00:00+00:00
[2023-07-09T19:00:52.878+0000] {logging_mixin.py:149} INFO - [2023-07-09T19:00:52.878+0000] {dag.py:3490} INFO - Setting next_dagrun for example_subdag_operator.section-1 to None, run_after=None
[2023-07-09T19:00:52.879+0000] {logging_mixin.py:149} INFO - [2023-07-09T19:00:52.879+0000] {dag.py:3490} INFO - Setting next_dagrun for example_subdag_operator.section-2 to None, run_after=None
[2023-07-09T19:00:52.888+0000] {logging_mixin.py:149} INFO - [2023-07-09T19:00:52.888+0000] {dag.py:2726} INFO - Sync 2 DAGs
[2023-07-09T19:00:52.893+0000] {logging_mixin.py:149} INFO - [2023-07-09T19:00:52.893+0000] {dag.py:3490} INFO - Setting next_dagrun for example_subdag_operator.section-1 to None, run_after=None
[2023-07-09T19:00:52.893+0000] {logging_mixin.py:149} INFO - [2023-07-09T19:00:52.893+0000] {dag.py:3490} INFO - Setting next_dagrun for example_subdag_operator.section-2 to None, run_after=None
[2023-07-09T19:00:52.906+0000] {processor.py:179} INFO - Processing /home/airflow/.local/lib/python3.7/site-packages/airflow/example_dags/example_subdag_operator.py took 0.106 seconds
[2023-07-09T19:01:23.801+0000] {processor.py:157} INFO - Started process (PID=264) to work on /home/airflow/.local/lib/python3.7/site-packages/airflow/example_dags/example_subdag_operator.py
[2023-07-09T19:01:23.803+0000] {processor.py:826} INFO - Processing file /home/airflow/.local/lib/python3.7/site-packages/airflow/example_dags/example_subdag_operator.py for tasks to queue
[2023-07-09T19:01:23.803+0000] {logging_mixin.py:149} INFO - [2023-07-09T19:01:23.803+0000] {dagbag.py:541} INFO - Filling up the DagBag from /home/airflow/.local/lib/python3.7/site-packages/airflow/example_dags/example_subdag_operator.py
[2023-07-09T19:01:23.826+0000] {processor.py:836} INFO - DAG(s) dict_keys(['example_subdag_operator.section-1', 'example_subdag_operator.section-2', 'example_subdag_operator']) retrieved from /home/airflow/.local/lib/python3.7/site-packages/airflow/example_dags/example_subdag_operator.py
[2023-07-09T19:01:23.844+0000] {logging_mixin.py:149} INFO - [2023-07-09T19:01:23.844+0000] {dag.py:2726} INFO - Sync 3 DAGs
[2023-07-09T19:01:23.867+0000] {logging_mixin.py:149} INFO - [2023-07-09T19:01:23.867+0000] {dag.py:3490} INFO - Setting next_dagrun for example_subdag_operator to 2022-01-01T00:00:00+00:00, run_after=2022-01-01T00:00:00+00:00
[2023-07-09T19:01:23.870+0000] {logging_mixin.py:149} INFO - [2023-07-09T19:01:23.870+0000] {dag.py:3490} INFO - Setting next_dagrun for example_subdag_operator.section-1 to None, run_after=None
[2023-07-09T19:01:23.871+0000] {logging_mixin.py:149} INFO - [2023-07-09T19:01:23.871+0000] {dag.py:3490} INFO - Setting next_dagrun for example_subdag_operator.section-2 to None, run_after=None
[2023-07-09T19:01:23.877+0000] {logging_mixin.py:149} INFO - [2023-07-09T19:01:23.877+0000] {dag.py:2726} INFO - Sync 2 DAGs
[2023-07-09T19:01:23.883+0000] {logging_mixin.py:149} INFO - [2023-07-09T19:01:23.883+0000] {dag.py:3490} INFO - Setting next_dagrun for example_subdag_operator.section-1 to None, run_after=None
[2023-07-09T19:01:23.883+0000] {logging_mixin.py:149} INFO - [2023-07-09T19:01:23.883+0000] {dag.py:3490} INFO - Setting next_dagrun for example_subdag_operator.section-2 to None, run_after=None
[2023-07-09T19:01:23.893+0000] {processor.py:179} INFO - Processing /home/airflow/.local/lib/python3.7/site-packages/airflow/example_dags/example_subdag_operator.py took 0.095 seconds
[2023-07-09T19:01:54.369+0000] {processor.py:157} INFO - Started process (PID=329) to work on /home/airflow/.local/lib/python3.7/site-packages/airflow/example_dags/example_subdag_operator.py
[2023-07-09T19:01:54.371+0000] {processor.py:826} INFO - Processing file /home/airflow/.local/lib/python3.7/site-packages/airflow/example_dags/example_subdag_operator.py for tasks to queue
[2023-07-09T19:01:54.371+0000] {logging_mixin.py:149} INFO - [2023-07-09T19:01:54.371+0000] {dagbag.py:541} INFO - Filling up the DagBag from /home/airflow/.local/lib/python3.7/site-packages/airflow/example_dags/example_subdag_operator.py
[2023-07-09T19:01:54.394+0000] {processor.py:836} INFO - DAG(s) dict_keys(['example_subdag_operator.section-1', 'example_subdag_operator.section-2', 'example_subdag_operator']) retrieved from /home/airflow/.local/lib/python3.7/site-packages/airflow/example_dags/example_subdag_operator.py
[2023-07-09T19:01:54.412+0000] {logging_mixin.py:149} INFO - [2023-07-09T19:01:54.412+0000] {dag.py:2726} INFO - Sync 3 DAGs
[2023-07-09T19:01:54.435+0000] {logging_mixin.py:149} INFO - [2023-07-09T19:01:54.434+0000] {dag.py:3490} INFO - Setting next_dagrun for example_subdag_operator to 2022-01-01T00:00:00+00:00, run_after=2022-01-01T00:00:00+00:00
[2023-07-09T19:01:54.437+0000] {logging_mixin.py:149} INFO - [2023-07-09T19:01:54.437+0000] {dag.py:3490} INFO - Setting next_dagrun for example_subdag_operator.section-1 to None, run_after=None
[2023-07-09T19:01:54.438+0000] {logging_mixin.py:149} INFO - [2023-07-09T19:01:54.438+0000] {dag.py:3490} INFO - Setting next_dagrun for example_subdag_operator.section-2 to None, run_after=None
[2023-07-09T19:01:54.444+0000] {logging_mixin.py:149} INFO - [2023-07-09T19:01:54.444+0000] {dag.py:2726} INFO - Sync 2 DAGs
[2023-07-09T19:01:54.449+0000] {logging_mixin.py:149} INFO - [2023-07-09T19:01:54.449+0000] {dag.py:3490} INFO - Setting next_dagrun for example_subdag_operator.section-1 to None, run_after=None
[2023-07-09T19:01:54.449+0000] {logging_mixin.py:149} INFO - [2023-07-09T19:01:54.449+0000] {dag.py:3490} INFO - Setting next_dagrun for example_subdag_operator.section-2 to None, run_after=None
[2023-07-09T19:01:54.460+0000] {processor.py:179} INFO - Processing /home/airflow/.local/lib/python3.7/site-packages/airflow/example_dags/example_subdag_operator.py took 0.093 seconds
[2023-07-09T19:02:25.109+0000] {processor.py:157} INFO - Started process (PID=394) to work on /home/airflow/.local/lib/python3.7/site-packages/airflow/example_dags/example_subdag_operator.py
[2023-07-09T19:02:25.110+0000] {processor.py:826} INFO - Processing file /home/airflow/.local/lib/python3.7/site-packages/airflow/example_dags/example_subdag_operator.py for tasks to queue
[2023-07-09T19:02:25.110+0000] {logging_mixin.py:149} INFO - [2023-07-09T19:02:25.110+0000] {dagbag.py:541} INFO - Filling up the DagBag from /home/airflow/.local/lib/python3.7/site-packages/airflow/example_dags/example_subdag_operator.py
[2023-07-09T19:02:25.136+0000] {processor.py:836} INFO - DAG(s) dict_keys(['example_subdag_operator.section-1', 'example_subdag_operator.section-2', 'example_subdag_operator']) retrieved from /home/airflow/.local/lib/python3.7/site-packages/airflow/example_dags/example_subdag_operator.py
[2023-07-09T19:02:25.155+0000] {logging_mixin.py:149} INFO - [2023-07-09T19:02:25.155+0000] {dag.py:2726} INFO - Sync 3 DAGs
[2023-07-09T19:02:25.180+0000] {logging_mixin.py:149} INFO - [2023-07-09T19:02:25.180+0000] {dag.py:3490} INFO - Setting next_dagrun for example_subdag_operator to 2022-01-01T00:00:00+00:00, run_after=2022-01-01T00:00:00+00:00
[2023-07-09T19:02:25.183+0000] {logging_mixin.py:149} INFO - [2023-07-09T19:02:25.183+0000] {dag.py:3490} INFO - Setting next_dagrun for example_subdag_operator.section-1 to None, run_after=None
[2023-07-09T19:02:25.184+0000] {logging_mixin.py:149} INFO - [2023-07-09T19:02:25.184+0000] {dag.py:3490} INFO - Setting next_dagrun for example_subdag_operator.section-2 to None, run_after=None
[2023-07-09T19:02:25.191+0000] {logging_mixin.py:149} INFO - [2023-07-09T19:02:25.191+0000] {dag.py:2726} INFO - Sync 2 DAGs
[2023-07-09T19:02:25.196+0000] {logging_mixin.py:149} INFO - [2023-07-09T19:02:25.196+0000] {dag.py:3490} INFO - Setting next_dagrun for example_subdag_operator.section-1 to None, run_after=None
[2023-07-09T19:02:25.196+0000] {logging_mixin.py:149} INFO - [2023-07-09T19:02:25.196+0000] {dag.py:3490} INFO - Setting next_dagrun for example_subdag_operator.section-2 to None, run_after=None
[2023-07-09T19:02:25.209+0000] {processor.py:179} INFO - Processing /home/airflow/.local/lib/python3.7/site-packages/airflow/example_dags/example_subdag_operator.py took 0.103 seconds
[2023-07-09T19:02:55.362+0000] {processor.py:157} INFO - Started process (PID=459) to work on /home/airflow/.local/lib/python3.7/site-packages/airflow/example_dags/example_subdag_operator.py
[2023-07-09T19:02:55.364+0000] {processor.py:826} INFO - Processing file /home/airflow/.local/lib/python3.7/site-packages/airflow/example_dags/example_subdag_operator.py for tasks to queue
[2023-07-09T19:02:55.364+0000] {logging_mixin.py:149} INFO - [2023-07-09T19:02:55.364+0000] {dagbag.py:541} INFO - Filling up the DagBag from /home/airflow/.local/lib/python3.7/site-packages/airflow/example_dags/example_subdag_operator.py
[2023-07-09T19:02:55.390+0000] {processor.py:836} INFO - DAG(s) dict_keys(['example_subdag_operator.section-1', 'example_subdag_operator.section-2', 'example_subdag_operator']) retrieved from /home/airflow/.local/lib/python3.7/site-packages/airflow/example_dags/example_subdag_operator.py
[2023-07-09T19:02:55.410+0000] {logging_mixin.py:149} INFO - [2023-07-09T19:02:55.410+0000] {dag.py:2726} INFO - Sync 3 DAGs
[2023-07-09T19:02:55.436+0000] {logging_mixin.py:149} INFO - [2023-07-09T19:02:55.436+0000] {dag.py:3490} INFO - Setting next_dagrun for example_subdag_operator to 2022-01-01T00:00:00+00:00, run_after=2022-01-01T00:00:00+00:00
[2023-07-09T19:02:55.439+0000] {logging_mixin.py:149} INFO - [2023-07-09T19:02:55.439+0000] {dag.py:3490} INFO - Setting next_dagrun for example_subdag_operator.section-1 to None, run_after=None
[2023-07-09T19:02:55.440+0000] {logging_mixin.py:149} INFO - [2023-07-09T19:02:55.440+0000] {dag.py:3490} INFO - Setting next_dagrun for example_subdag_operator.section-2 to None, run_after=None
[2023-07-09T19:02:55.447+0000] {logging_mixin.py:149} INFO - [2023-07-09T19:02:55.447+0000] {dag.py:2726} INFO - Sync 2 DAGs
[2023-07-09T19:02:55.453+0000] {logging_mixin.py:149} INFO - [2023-07-09T19:02:55.453+0000] {dag.py:3490} INFO - Setting next_dagrun for example_subdag_operator.section-1 to None, run_after=None
[2023-07-09T19:02:55.453+0000] {logging_mixin.py:149} INFO - [2023-07-09T19:02:55.453+0000] {dag.py:3490} INFO - Setting next_dagrun for example_subdag_operator.section-2 to None, run_after=None
[2023-07-09T19:02:55.465+0000] {processor.py:179} INFO - Processing /home/airflow/.local/lib/python3.7/site-packages/airflow/example_dags/example_subdag_operator.py took 0.106 seconds
[2023-07-09T19:03:25.669+0000] {processor.py:157} INFO - Started process (PID=524) to work on /home/airflow/.local/lib/python3.7/site-packages/airflow/example_dags/example_subdag_operator.py
[2023-07-09T19:03:25.670+0000] {processor.py:826} INFO - Processing file /home/airflow/.local/lib/python3.7/site-packages/airflow/example_dags/example_subdag_operator.py for tasks to queue
[2023-07-09T19:03:25.671+0000] {logging_mixin.py:149} INFO - [2023-07-09T19:03:25.671+0000] {dagbag.py:541} INFO - Filling up the DagBag from /home/airflow/.local/lib/python3.7/site-packages/airflow/example_dags/example_subdag_operator.py
[2023-07-09T19:03:25.696+0000] {processor.py:836} INFO - DAG(s) dict_keys(['example_subdag_operator.section-1', 'example_subdag_operator.section-2', 'example_subdag_operator']) retrieved from /home/airflow/.local/lib/python3.7/site-packages/airflow/example_dags/example_subdag_operator.py
[2023-07-09T19:03:25.716+0000] {logging_mixin.py:149} INFO - [2023-07-09T19:03:25.715+0000] {dag.py:2726} INFO - Sync 3 DAGs
[2023-07-09T19:03:25.740+0000] {logging_mixin.py:149} INFO - [2023-07-09T19:03:25.740+0000] {dag.py:3490} INFO - Setting next_dagrun for example_subdag_operator to 2022-01-01T00:00:00+00:00, run_after=2022-01-01T00:00:00+00:00
[2023-07-09T19:03:25.743+0000] {logging_mixin.py:149} INFO - [2023-07-09T19:03:25.743+0000] {dag.py:3490} INFO - Setting next_dagrun for example_subdag_operator.section-1 to None, run_after=None
[2023-07-09T19:03:25.745+0000] {logging_mixin.py:149} INFO - [2023-07-09T19:03:25.744+0000] {dag.py:3490} INFO - Setting next_dagrun for example_subdag_operator.section-2 to None, run_after=None
[2023-07-09T19:03:25.752+0000] {logging_mixin.py:149} INFO - [2023-07-09T19:03:25.751+0000] {dag.py:2726} INFO - Sync 2 DAGs
[2023-07-09T19:03:25.756+0000] {logging_mixin.py:149} INFO - [2023-07-09T19:03:25.756+0000] {dag.py:3490} INFO - Setting next_dagrun for example_subdag_operator.section-1 to None, run_after=None
[2023-07-09T19:03:25.757+0000] {logging_mixin.py:149} INFO - [2023-07-09T19:03:25.756+0000] {dag.py:3490} INFO - Setting next_dagrun for example_subdag_operator.section-2 to None, run_after=None
[2023-07-09T19:03:25.770+0000] {processor.py:179} INFO - Processing /home/airflow/.local/lib/python3.7/site-packages/airflow/example_dags/example_subdag_operator.py took 0.104 seconds
[2023-07-09T19:03:55.920+0000] {processor.py:157} INFO - Started process (PID=589) to work on /home/airflow/.local/lib/python3.7/site-packages/airflow/example_dags/example_subdag_operator.py
[2023-07-09T19:03:55.921+0000] {processor.py:826} INFO - Processing file /home/airflow/.local/lib/python3.7/site-packages/airflow/example_dags/example_subdag_operator.py for tasks to queue
[2023-07-09T19:03:55.922+0000] {logging_mixin.py:149} INFO - [2023-07-09T19:03:55.922+0000] {dagbag.py:541} INFO - Filling up the DagBag from /home/airflow/.local/lib/python3.7/site-packages/airflow/example_dags/example_subdag_operator.py
[2023-07-09T19:03:55.945+0000] {processor.py:836} INFO - DAG(s) dict_keys(['example_subdag_operator.section-1', 'example_subdag_operator.section-2', 'example_subdag_operator']) retrieved from /home/airflow/.local/lib/python3.7/site-packages/airflow/example_dags/example_subdag_operator.py
[2023-07-09T19:03:55.968+0000] {logging_mixin.py:149} INFO - [2023-07-09T19:03:55.967+0000] {dag.py:2726} INFO - Sync 3 DAGs
[2023-07-09T19:03:55.994+0000] {logging_mixin.py:149} INFO - [2023-07-09T19:03:55.994+0000] {dag.py:3490} INFO - Setting next_dagrun for example_subdag_operator to 2022-01-01T00:00:00+00:00, run_after=2022-01-01T00:00:00+00:00
[2023-07-09T19:03:55.998+0000] {logging_mixin.py:149} INFO - [2023-07-09T19:03:55.998+0000] {dag.py:3490} INFO - Setting next_dagrun for example_subdag_operator.section-1 to None, run_after=None
[2023-07-09T19:03:56.000+0000] {logging_mixin.py:149} INFO - [2023-07-09T19:03:56.000+0000] {dag.py:3490} INFO - Setting next_dagrun for example_subdag_operator.section-2 to None, run_after=None
[2023-07-09T19:03:56.008+0000] {logging_mixin.py:149} INFO - [2023-07-09T19:03:56.008+0000] {dag.py:2726} INFO - Sync 2 DAGs
[2023-07-09T19:03:56.015+0000] {logging_mixin.py:149} INFO - [2023-07-09T19:03:56.014+0000] {dag.py:3490} INFO - Setting next_dagrun for example_subdag_operator.section-1 to None, run_after=None
[2023-07-09T19:03:56.015+0000] {logging_mixin.py:149} INFO - [2023-07-09T19:03:56.015+0000] {dag.py:3490} INFO - Setting next_dagrun for example_subdag_operator.section-2 to None, run_after=None
[2023-07-09T19:03:56.024+0000] {processor.py:179} INFO - Processing /home/airflow/.local/lib/python3.7/site-packages/airflow/example_dags/example_subdag_operator.py took 0.107 seconds
[2023-07-09T19:04:26.092+0000] {processor.py:157} INFO - Started process (PID=654) to work on /home/airflow/.local/lib/python3.7/site-packages/airflow/example_dags/example_subdag_operator.py
[2023-07-09T19:04:26.093+0000] {processor.py:826} INFO - Processing file /home/airflow/.local/lib/python3.7/site-packages/airflow/example_dags/example_subdag_operator.py for tasks to queue
[2023-07-09T19:04:26.094+0000] {logging_mixin.py:149} INFO - [2023-07-09T19:04:26.094+0000] {dagbag.py:541} INFO - Filling up the DagBag from /home/airflow/.local/lib/python3.7/site-packages/airflow/example_dags/example_subdag_operator.py
[2023-07-09T19:04:26.121+0000] {processor.py:836} INFO - DAG(s) dict_keys(['example_subdag_operator.section-1', 'example_subdag_operator.section-2', 'example_subdag_operator']) retrieved from /home/airflow/.local/lib/python3.7/site-packages/airflow/example_dags/example_subdag_operator.py
[2023-07-09T19:04:26.144+0000] {logging_mixin.py:149} INFO - [2023-07-09T19:04:26.144+0000] {dag.py:2726} INFO - Sync 3 DAGs
[2023-07-09T19:04:26.173+0000] {logging_mixin.py:149} INFO - [2023-07-09T19:04:26.173+0000] {dag.py:3490} INFO - Setting next_dagrun for example_subdag_operator to 2022-01-01T00:00:00+00:00, run_after=2022-01-01T00:00:00+00:00
[2023-07-09T19:04:26.177+0000] {logging_mixin.py:149} INFO - [2023-07-09T19:04:26.176+0000] {dag.py:3490} INFO - Setting next_dagrun for example_subdag_operator.section-1 to None, run_after=None
[2023-07-09T19:04:26.179+0000] {logging_mixin.py:149} INFO - [2023-07-09T19:04:26.178+0000] {dag.py:3490} INFO - Setting next_dagrun for example_subdag_operator.section-2 to None, run_after=None
[2023-07-09T19:04:26.187+0000] {logging_mixin.py:149} INFO - [2023-07-09T19:04:26.187+0000] {dag.py:2726} INFO - Sync 2 DAGs
[2023-07-09T19:04:26.192+0000] {logging_mixin.py:149} INFO - [2023-07-09T19:04:26.192+0000] {dag.py:3490} INFO - Setting next_dagrun for example_subdag_operator.section-1 to None, run_after=None
[2023-07-09T19:04:26.193+0000] {logging_mixin.py:149} INFO - [2023-07-09T19:04:26.193+0000] {dag.py:3490} INFO - Setting next_dagrun for example_subdag_operator.section-2 to None, run_after=None
[2023-07-09T19:04:26.208+0000] {processor.py:179} INFO - Processing /home/airflow/.local/lib/python3.7/site-packages/airflow/example_dags/example_subdag_operator.py took 0.121 seconds
[2023-07-09T19:04:56.813+0000] {processor.py:157} INFO - Started process (PID=718) to work on /home/airflow/.local/lib/python3.7/site-packages/airflow/example_dags/example_subdag_operator.py
[2023-07-09T19:04:56.814+0000] {processor.py:826} INFO - Processing file /home/airflow/.local/lib/python3.7/site-packages/airflow/example_dags/example_subdag_operator.py for tasks to queue
[2023-07-09T19:04:56.815+0000] {logging_mixin.py:149} INFO - [2023-07-09T19:04:56.815+0000] {dagbag.py:541} INFO - Filling up the DagBag from /home/airflow/.local/lib/python3.7/site-packages/airflow/example_dags/example_subdag_operator.py
[2023-07-09T19:04:56.838+0000] {processor.py:836} INFO - DAG(s) dict_keys(['example_subdag_operator.section-1', 'example_subdag_operator.section-2', 'example_subdag_operator']) retrieved from /home/airflow/.local/lib/python3.7/site-packages/airflow/example_dags/example_subdag_operator.py
[2023-07-09T19:04:56.857+0000] {logging_mixin.py:149} INFO - [2023-07-09T19:04:56.857+0000] {dag.py:2726} INFO - Sync 3 DAGs
[2023-07-09T19:04:56.883+0000] {logging_mixin.py:149} INFO - [2023-07-09T19:04:56.883+0000] {dag.py:3490} INFO - Setting next_dagrun for example_subdag_operator to 2022-01-01T00:00:00+00:00, run_after=2022-01-01T00:00:00+00:00
[2023-07-09T19:04:56.887+0000] {logging_mixin.py:149} INFO - [2023-07-09T19:04:56.887+0000] {dag.py:3490} INFO - Setting next_dagrun for example_subdag_operator.section-1 to None, run_after=None
[2023-07-09T19:04:56.888+0000] {logging_mixin.py:149} INFO - [2023-07-09T19:04:56.888+0000] {dag.py:3490} INFO - Setting next_dagrun for example_subdag_operator.section-2 to None, run_after=None
[2023-07-09T19:04:56.895+0000] {logging_mixin.py:149} INFO - [2023-07-09T19:04:56.895+0000] {dag.py:2726} INFO - Sync 2 DAGs
[2023-07-09T19:04:56.900+0000] {logging_mixin.py:149} INFO - [2023-07-09T19:04:56.900+0000] {dag.py:3490} INFO - Setting next_dagrun for example_subdag_operator.section-1 to None, run_after=None
[2023-07-09T19:04:56.900+0000] {logging_mixin.py:149} INFO - [2023-07-09T19:04:56.900+0000] {dag.py:3490} INFO - Setting next_dagrun for example_subdag_operator.section-2 to None, run_after=None
[2023-07-09T19:04:56.913+0000] {processor.py:179} INFO - Processing /home/airflow/.local/lib/python3.7/site-packages/airflow/example_dags/example_subdag_operator.py took 0.104 seconds
[2023-07-09T19:05:26.989+0000] {processor.py:157} INFO - Started process (PID=783) to work on /home/airflow/.local/lib/python3.7/site-packages/airflow/example_dags/example_subdag_operator.py
[2023-07-09T19:05:26.990+0000] {processor.py:826} INFO - Processing file /home/airflow/.local/lib/python3.7/site-packages/airflow/example_dags/example_subdag_operator.py for tasks to queue
[2023-07-09T19:05:26.990+0000] {logging_mixin.py:149} INFO - [2023-07-09T19:05:26.990+0000] {dagbag.py:541} INFO - Filling up the DagBag from /home/airflow/.local/lib/python3.7/site-packages/airflow/example_dags/example_subdag_operator.py
[2023-07-09T19:05:27.016+0000] {processor.py:836} INFO - DAG(s) dict_keys(['example_subdag_operator.section-1', 'example_subdag_operator.section-2', 'example_subdag_operator']) retrieved from /home/airflow/.local/lib/python3.7/site-packages/airflow/example_dags/example_subdag_operator.py
[2023-07-09T19:05:27.036+0000] {logging_mixin.py:149} INFO - [2023-07-09T19:05:27.036+0000] {dag.py:2726} INFO - Sync 3 DAGs
[2023-07-09T19:05:27.062+0000] {logging_mixin.py:149} INFO - [2023-07-09T19:05:27.062+0000] {dag.py:3490} INFO - Setting next_dagrun for example_subdag_operator to 2022-01-01T00:00:00+00:00, run_after=2022-01-01T00:00:00+00:00
[2023-07-09T19:05:27.065+0000] {logging_mixin.py:149} INFO - [2023-07-09T19:05:27.065+0000] {dag.py:3490} INFO - Setting next_dagrun for example_subdag_operator.section-1 to None, run_after=None
[2023-07-09T19:05:27.066+0000] {logging_mixin.py:149} INFO - [2023-07-09T19:05:27.066+0000] {dag.py:3490} INFO - Setting next_dagrun for example_subdag_operator.section-2 to None, run_after=None
[2023-07-09T19:05:27.073+0000] {logging_mixin.py:149} INFO - [2023-07-09T19:05:27.073+0000] {dag.py:2726} INFO - Sync 2 DAGs
[2023-07-09T19:05:27.079+0000] {logging_mixin.py:149} INFO - [2023-07-09T19:05:27.078+0000] {dag.py:3490} INFO - Setting next_dagrun for example_subdag_operator.section-1 to None, run_after=None
[2023-07-09T19:05:27.079+0000] {logging_mixin.py:149} INFO - [2023-07-09T19:05:27.079+0000] {dag.py:3490} INFO - Setting next_dagrun for example_subdag_operator.section-2 to None, run_after=None
[2023-07-09T19:05:27.089+0000] {processor.py:179} INFO - Processing /home/airflow/.local/lib/python3.7/site-packages/airflow/example_dags/example_subdag_operator.py took 0.104 seconds
[2023-07-09T19:05:57.884+0000] {processor.py:157} INFO - Started process (PID=848) to work on /home/airflow/.local/lib/python3.7/site-packages/airflow/example_dags/example_subdag_operator.py
[2023-07-09T19:05:57.885+0000] {processor.py:826} INFO - Processing file /home/airflow/.local/lib/python3.7/site-packages/airflow/example_dags/example_subdag_operator.py for tasks to queue
[2023-07-09T19:05:57.886+0000] {logging_mixin.py:149} INFO - [2023-07-09T19:05:57.886+0000] {dagbag.py:541} INFO - Filling up the DagBag from /home/airflow/.local/lib/python3.7/site-packages/airflow/example_dags/example_subdag_operator.py
[2023-07-09T19:05:57.910+0000] {processor.py:836} INFO - DAG(s) dict_keys(['example_subdag_operator.section-1', 'example_subdag_operator.section-2', 'example_subdag_operator']) retrieved from /home/airflow/.local/lib/python3.7/site-packages/airflow/example_dags/example_subdag_operator.py
[2023-07-09T19:05:57.931+0000] {logging_mixin.py:149} INFO - [2023-07-09T19:05:57.931+0000] {dag.py:2726} INFO - Sync 3 DAGs
[2023-07-09T19:05:57.955+0000] {logging_mixin.py:149} INFO - [2023-07-09T19:05:57.955+0000] {dag.py:3490} INFO - Setting next_dagrun for example_subdag_operator to 2022-01-01T00:00:00+00:00, run_after=2022-01-01T00:00:00+00:00
[2023-07-09T19:05:57.958+0000] {logging_mixin.py:149} INFO - [2023-07-09T19:05:57.958+0000] {dag.py:3490} INFO - Setting next_dagrun for example_subdag_operator.section-1 to None, run_after=None
[2023-07-09T19:05:57.959+0000] {logging_mixin.py:149} INFO - [2023-07-09T19:05:57.959+0000] {dag.py:3490} INFO - Setting next_dagrun for example_subdag_operator.section-2 to None, run_after=None
[2023-07-09T19:05:57.966+0000] {logging_mixin.py:149} INFO - [2023-07-09T19:05:57.966+0000] {dag.py:2726} INFO - Sync 2 DAGs
[2023-07-09T19:05:57.971+0000] {logging_mixin.py:149} INFO - [2023-07-09T19:05:57.971+0000] {dag.py:3490} INFO - Setting next_dagrun for example_subdag_operator.section-1 to None, run_after=None
[2023-07-09T19:05:57.971+0000] {logging_mixin.py:149} INFO - [2023-07-09T19:05:57.971+0000] {dag.py:3490} INFO - Setting next_dagrun for example_subdag_operator.section-2 to None, run_after=None
[2023-07-09T19:05:57.982+0000] {processor.py:179} INFO - Processing /home/airflow/.local/lib/python3.7/site-packages/airflow/example_dags/example_subdag_operator.py took 0.101 seconds
[2023-07-09T19:06:28.030+0000] {processor.py:157} INFO - Started process (PID=913) to work on /home/airflow/.local/lib/python3.7/site-packages/airflow/example_dags/example_subdag_operator.py
[2023-07-09T19:06:28.031+0000] {processor.py:826} INFO - Processing file /home/airflow/.local/lib/python3.7/site-packages/airflow/example_dags/example_subdag_operator.py for tasks to queue
[2023-07-09T19:06:28.031+0000] {logging_mixin.py:149} INFO - [2023-07-09T19:06:28.031+0000] {dagbag.py:541} INFO - Filling up the DagBag from /home/airflow/.local/lib/python3.7/site-packages/airflow/example_dags/example_subdag_operator.py
[2023-07-09T19:06:28.057+0000] {processor.py:836} INFO - DAG(s) dict_keys(['example_subdag_operator.section-1', 'example_subdag_operator.section-2', 'example_subdag_operator']) retrieved from /home/airflow/.local/lib/python3.7/site-packages/airflow/example_dags/example_subdag_operator.py
[2023-07-09T19:06:28.076+0000] {logging_mixin.py:149} INFO - [2023-07-09T19:06:28.076+0000] {dag.py:2726} INFO - Sync 3 DAGs
[2023-07-09T19:06:28.101+0000] {logging_mixin.py:149} INFO - [2023-07-09T19:06:28.101+0000] {dag.py:3490} INFO - Setting next_dagrun for example_subdag_operator to 2022-01-01T00:00:00+00:00, run_after=2022-01-01T00:00:00+00:00
[2023-07-09T19:06:28.104+0000] {logging_mixin.py:149} INFO - [2023-07-09T19:06:28.104+0000] {dag.py:3490} INFO - Setting next_dagrun for example_subdag_operator.section-1 to None, run_after=None
[2023-07-09T19:06:28.106+0000] {logging_mixin.py:149} INFO - [2023-07-09T19:06:28.105+0000] {dag.py:3490} INFO - Setting next_dagrun for example_subdag_operator.section-2 to None, run_after=None
[2023-07-09T19:06:28.114+0000] {logging_mixin.py:149} INFO - [2023-07-09T19:06:28.114+0000] {dag.py:2726} INFO - Sync 2 DAGs
[2023-07-09T19:06:28.120+0000] {logging_mixin.py:149} INFO - [2023-07-09T19:06:28.120+0000] {dag.py:3490} INFO - Setting next_dagrun for example_subdag_operator.section-1 to None, run_after=None
[2023-07-09T19:06:28.120+0000] {logging_mixin.py:149} INFO - [2023-07-09T19:06:28.120+0000] {dag.py:3490} INFO - Setting next_dagrun for example_subdag_operator.section-2 to None, run_after=None
[2023-07-09T19:06:28.133+0000] {processor.py:179} INFO - Processing /home/airflow/.local/lib/python3.7/site-packages/airflow/example_dags/example_subdag_operator.py took 0.106 seconds
[2023-07-09T19:06:58.239+0000] {processor.py:157} INFO - Started process (PID=978) to work on /home/airflow/.local/lib/python3.7/site-packages/airflow/example_dags/example_subdag_operator.py
[2023-07-09T19:06:58.240+0000] {processor.py:826} INFO - Processing file /home/airflow/.local/lib/python3.7/site-packages/airflow/example_dags/example_subdag_operator.py for tasks to queue
[2023-07-09T19:06:58.241+0000] {logging_mixin.py:149} INFO - [2023-07-09T19:06:58.241+0000] {dagbag.py:541} INFO - Filling up the DagBag from /home/airflow/.local/lib/python3.7/site-packages/airflow/example_dags/example_subdag_operator.py
[2023-07-09T19:06:58.268+0000] {processor.py:836} INFO - DAG(s) dict_keys(['example_subdag_operator.section-1', 'example_subdag_operator.section-2', 'example_subdag_operator']) retrieved from /home/airflow/.local/lib/python3.7/site-packages/airflow/example_dags/example_subdag_operator.py
[2023-07-09T19:06:58.289+0000] {logging_mixin.py:149} INFO - [2023-07-09T19:06:58.288+0000] {dag.py:2726} INFO - Sync 3 DAGs
[2023-07-09T19:06:58.319+0000] {logging_mixin.py:149} INFO - [2023-07-09T19:06:58.319+0000] {dag.py:3490} INFO - Setting next_dagrun for example_subdag_operator to 2022-01-01T00:00:00+00:00, run_after=2022-01-01T00:00:00+00:00
[2023-07-09T19:06:58.322+0000] {logging_mixin.py:149} INFO - [2023-07-09T19:06:58.322+0000] {dag.py:3490} INFO - Setting next_dagrun for example_subdag_operator.section-1 to None, run_after=None
[2023-07-09T19:06:58.323+0000] {logging_mixin.py:149} INFO - [2023-07-09T19:06:58.323+0000] {dag.py:3490} INFO - Setting next_dagrun for example_subdag_operator.section-2 to None, run_after=None
[2023-07-09T19:06:58.331+0000] {logging_mixin.py:149} INFO - [2023-07-09T19:06:58.331+0000] {dag.py:2726} INFO - Sync 2 DAGs
[2023-07-09T19:06:58.337+0000] {logging_mixin.py:149} INFO - [2023-07-09T19:06:58.337+0000] {dag.py:3490} INFO - Setting next_dagrun for example_subdag_operator.section-1 to None, run_after=None
[2023-07-09T19:06:58.338+0000] {logging_mixin.py:149} INFO - [2023-07-09T19:06:58.338+0000] {dag.py:3490} INFO - Setting next_dagrun for example_subdag_operator.section-2 to None, run_after=None
[2023-07-09T19:06:58.353+0000] {processor.py:179} INFO - Processing /home/airflow/.local/lib/python3.7/site-packages/airflow/example_dags/example_subdag_operator.py took 0.118 seconds
[2023-07-09T19:07:28.533+0000] {processor.py:157} INFO - Started process (PID=1043) to work on /home/airflow/.local/lib/python3.7/site-packages/airflow/example_dags/example_subdag_operator.py
[2023-07-09T19:07:28.534+0000] {processor.py:826} INFO - Processing file /home/airflow/.local/lib/python3.7/site-packages/airflow/example_dags/example_subdag_operator.py for tasks to queue
[2023-07-09T19:07:28.535+0000] {logging_mixin.py:149} INFO - [2023-07-09T19:07:28.535+0000] {dagbag.py:541} INFO - Filling up the DagBag from /home/airflow/.local/lib/python3.7/site-packages/airflow/example_dags/example_subdag_operator.py
[2023-07-09T19:07:28.563+0000] {processor.py:836} INFO - DAG(s) dict_keys(['example_subdag_operator.section-1', 'example_subdag_operator.section-2', 'example_subdag_operator']) retrieved from /home/airflow/.local/lib/python3.7/site-packages/airflow/example_dags/example_subdag_operator.py
[2023-07-09T19:07:28.583+0000] {logging_mixin.py:149} INFO - [2023-07-09T19:07:28.583+0000] {dag.py:2726} INFO - Sync 3 DAGs
[2023-07-09T19:07:28.611+0000] {logging_mixin.py:149} INFO - [2023-07-09T19:07:28.611+0000] {dag.py:3490} INFO - Setting next_dagrun for example_subdag_operator to 2022-01-01T00:00:00+00:00, run_after=2022-01-01T00:00:00+00:00
[2023-07-09T19:07:28.614+0000] {logging_mixin.py:149} INFO - [2023-07-09T19:07:28.614+0000] {dag.py:3490} INFO - Setting next_dagrun for example_subdag_operator.section-1 to None, run_after=None
[2023-07-09T19:07:28.616+0000] {logging_mixin.py:149} INFO - [2023-07-09T19:07:28.616+0000] {dag.py:3490} INFO - Setting next_dagrun for example_subdag_operator.section-2 to None, run_after=None
[2023-07-09T19:07:28.623+0000] {logging_mixin.py:149} INFO - [2023-07-09T19:07:28.623+0000] {dag.py:2726} INFO - Sync 2 DAGs
[2023-07-09T19:07:28.628+0000] {logging_mixin.py:149} INFO - [2023-07-09T19:07:28.628+0000] {dag.py:3490} INFO - Setting next_dagrun for example_subdag_operator.section-1 to None, run_after=None
[2023-07-09T19:07:28.629+0000] {logging_mixin.py:149} INFO - [2023-07-09T19:07:28.629+0000] {dag.py:3490} INFO - Setting next_dagrun for example_subdag_operator.section-2 to None, run_after=None
[2023-07-09T19:07:28.647+0000] {processor.py:179} INFO - Processing /home/airflow/.local/lib/python3.7/site-packages/airflow/example_dags/example_subdag_operator.py took 0.116 seconds
[2023-07-09T19:07:58.700+0000] {processor.py:157} INFO - Started process (PID=1108) to work on /home/airflow/.local/lib/python3.7/site-packages/airflow/example_dags/example_subdag_operator.py
[2023-07-09T19:07:58.701+0000] {processor.py:826} INFO - Processing file /home/airflow/.local/lib/python3.7/site-packages/airflow/example_dags/example_subdag_operator.py for tasks to queue
[2023-07-09T19:07:58.701+0000] {logging_mixin.py:149} INFO - [2023-07-09T19:07:58.701+0000] {dagbag.py:541} INFO - Filling up the DagBag from /home/airflow/.local/lib/python3.7/site-packages/airflow/example_dags/example_subdag_operator.py
[2023-07-09T19:07:58.725+0000] {processor.py:836} INFO - DAG(s) dict_keys(['example_subdag_operator.section-1', 'example_subdag_operator.section-2', 'example_subdag_operator']) retrieved from /home/airflow/.local/lib/python3.7/site-packages/airflow/example_dags/example_subdag_operator.py
[2023-07-09T19:07:58.743+0000] {logging_mixin.py:149} INFO - [2023-07-09T19:07:58.743+0000] {dag.py:2726} INFO - Sync 3 DAGs
[2023-07-09T19:07:58.767+0000] {logging_mixin.py:149} INFO - [2023-07-09T19:07:58.767+0000] {dag.py:3490} INFO - Setting next_dagrun for example_subdag_operator to 2022-01-01T00:00:00+00:00, run_after=2022-01-01T00:00:00+00:00
[2023-07-09T19:07:58.770+0000] {logging_mixin.py:149} INFO - [2023-07-09T19:07:58.770+0000] {dag.py:3490} INFO - Setting next_dagrun for example_subdag_operator.section-1 to None, run_after=None
[2023-07-09T19:07:58.771+0000] {logging_mixin.py:149} INFO - [2023-07-09T19:07:58.771+0000] {dag.py:3490} INFO - Setting next_dagrun for example_subdag_operator.section-2 to None, run_after=None
[2023-07-09T19:07:58.777+0000] {logging_mixin.py:149} INFO - [2023-07-09T19:07:58.777+0000] {dag.py:2726} INFO - Sync 2 DAGs
[2023-07-09T19:07:58.782+0000] {logging_mixin.py:149} INFO - [2023-07-09T19:07:58.782+0000] {dag.py:3490} INFO - Setting next_dagrun for example_subdag_operator.section-1 to None, run_after=None
[2023-07-09T19:07:58.782+0000] {logging_mixin.py:149} INFO - [2023-07-09T19:07:58.782+0000] {dag.py:3490} INFO - Setting next_dagrun for example_subdag_operator.section-2 to None, run_after=None
[2023-07-09T19:07:58.794+0000] {processor.py:179} INFO - Processing /home/airflow/.local/lib/python3.7/site-packages/airflow/example_dags/example_subdag_operator.py took 0.097 seconds
