[2023-07-09T18:59:52.754+0000] {processor.py:157} INFO - Started process (PID=72) to work on /home/airflow/.local/lib/python3.7/site-packages/airflow/example_dags/example_complex.py
[2023-07-09T18:59:52.755+0000] {processor.py:826} INFO - Processing file /home/airflow/.local/lib/python3.7/site-packages/airflow/example_dags/example_complex.py for tasks to queue
[2023-07-09T18:59:52.756+0000] {logging_mixin.py:149} INFO - [2023-07-09T18:59:52.756+0000] {dagbag.py:541} INFO - Filling up the DagBag from /home/airflow/.local/lib/python3.7/site-packages/airflow/example_dags/example_complex.py
[2023-07-09T18:59:52.772+0000] {processor.py:836} INFO - DAG(s) dict_keys(['example_complex']) retrieved from /home/airflow/.local/lib/python3.7/site-packages/airflow/example_dags/example_complex.py
[2023-07-09T18:59:52.927+0000] {logging_mixin.py:149} INFO - [2023-07-09T18:59:52.927+0000] {manager.py:504} INFO - Created Permission View: can read on DAG:example_complex
[2023-07-09T18:59:52.940+0000] {logging_mixin.py:149} INFO - [2023-07-09T18:59:52.940+0000] {manager.py:504} INFO - Created Permission View: can edit on DAG:example_complex
[2023-07-09T18:59:52.948+0000] {logging_mixin.py:149} INFO - [2023-07-09T18:59:52.948+0000] {manager.py:504} INFO - Created Permission View: can delete on DAG:example_complex
[2023-07-09T18:59:52.963+0000] {logging_mixin.py:149} INFO - [2023-07-09T18:59:52.963+0000] {dag.py:2726} INFO - Sync 1 DAGs
[2023-07-09T18:59:52.979+0000] {logging_mixin.py:149} INFO - [2023-07-09T18:59:52.979+0000] {dag.py:2747} INFO - Creating ORM DAG for example_complex
[2023-07-09T18:59:52.991+0000] {logging_mixin.py:149} INFO - [2023-07-09T18:59:52.991+0000] {dag.py:3490} INFO - Setting next_dagrun for example_complex to None, run_after=None
[2023-07-09T18:59:53.014+0000] {processor.py:179} INFO - Processing /home/airflow/.local/lib/python3.7/site-packages/airflow/example_dags/example_complex.py took 0.263 seconds
[2023-07-09T19:00:23.790+0000] {processor.py:157} INFO - Started process (PID=137) to work on /home/airflow/.local/lib/python3.7/site-packages/airflow/example_dags/example_complex.py
[2023-07-09T19:00:23.791+0000] {processor.py:826} INFO - Processing file /home/airflow/.local/lib/python3.7/site-packages/airflow/example_dags/example_complex.py for tasks to queue
[2023-07-09T19:00:23.792+0000] {logging_mixin.py:149} INFO - [2023-07-09T19:00:23.792+0000] {dagbag.py:541} INFO - Filling up the DagBag from /home/airflow/.local/lib/python3.7/site-packages/airflow/example_dags/example_complex.py
[2023-07-09T19:00:23.803+0000] {processor.py:836} INFO - DAG(s) dict_keys(['example_complex']) retrieved from /home/airflow/.local/lib/python3.7/site-packages/airflow/example_dags/example_complex.py
[2023-07-09T19:00:23.837+0000] {logging_mixin.py:149} INFO - [2023-07-09T19:00:23.837+0000] {dag.py:2726} INFO - Sync 1 DAGs
[2023-07-09T19:00:23.861+0000] {logging_mixin.py:149} INFO - [2023-07-09T19:00:23.861+0000] {dag.py:3490} INFO - Setting next_dagrun for example_complex to None, run_after=None
[2023-07-09T19:00:23.886+0000] {processor.py:179} INFO - Processing /home/airflow/.local/lib/python3.7/site-packages/airflow/example_dags/example_complex.py took 0.100 seconds
[2023-07-09T19:00:54.043+0000] {processor.py:157} INFO - Started process (PID=202) to work on /home/airflow/.local/lib/python3.7/site-packages/airflow/example_dags/example_complex.py
[2023-07-09T19:00:54.044+0000] {processor.py:826} INFO - Processing file /home/airflow/.local/lib/python3.7/site-packages/airflow/example_dags/example_complex.py for tasks to queue
[2023-07-09T19:00:54.045+0000] {logging_mixin.py:149} INFO - [2023-07-09T19:00:54.045+0000] {dagbag.py:541} INFO - Filling up the DagBag from /home/airflow/.local/lib/python3.7/site-packages/airflow/example_dags/example_complex.py
[2023-07-09T19:00:54.057+0000] {processor.py:836} INFO - DAG(s) dict_keys(['example_complex']) retrieved from /home/airflow/.local/lib/python3.7/site-packages/airflow/example_dags/example_complex.py
[2023-07-09T19:00:54.091+0000] {logging_mixin.py:149} INFO - [2023-07-09T19:00:54.091+0000] {dag.py:2726} INFO - Sync 1 DAGs
[2023-07-09T19:00:54.116+0000] {logging_mixin.py:149} INFO - [2023-07-09T19:00:54.115+0000] {dag.py:3490} INFO - Setting next_dagrun for example_complex to None, run_after=None
[2023-07-09T19:00:54.137+0000] {processor.py:179} INFO - Processing /home/airflow/.local/lib/python3.7/site-packages/airflow/example_dags/example_complex.py took 0.097 seconds
[2023-07-09T19:01:25.033+0000] {processor.py:157} INFO - Started process (PID=267) to work on /home/airflow/.local/lib/python3.7/site-packages/airflow/example_dags/example_complex.py
[2023-07-09T19:01:25.035+0000] {processor.py:826} INFO - Processing file /home/airflow/.local/lib/python3.7/site-packages/airflow/example_dags/example_complex.py for tasks to queue
[2023-07-09T19:01:25.035+0000] {logging_mixin.py:149} INFO - [2023-07-09T19:01:25.035+0000] {dagbag.py:541} INFO - Filling up the DagBag from /home/airflow/.local/lib/python3.7/site-packages/airflow/example_dags/example_complex.py
[2023-07-09T19:01:25.048+0000] {processor.py:836} INFO - DAG(s) dict_keys(['example_complex']) retrieved from /home/airflow/.local/lib/python3.7/site-packages/airflow/example_dags/example_complex.py
[2023-07-09T19:01:25.082+0000] {logging_mixin.py:149} INFO - [2023-07-09T19:01:25.082+0000] {dag.py:2726} INFO - Sync 1 DAGs
[2023-07-09T19:01:25.106+0000] {logging_mixin.py:149} INFO - [2023-07-09T19:01:25.106+0000] {dag.py:3490} INFO - Setting next_dagrun for example_complex to None, run_after=None
[2023-07-09T19:01:25.127+0000] {processor.py:179} INFO - Processing /home/airflow/.local/lib/python3.7/site-packages/airflow/example_dags/example_complex.py took 0.096 seconds
[2023-07-09T19:01:55.614+0000] {processor.py:157} INFO - Started process (PID=332) to work on /home/airflow/.local/lib/python3.7/site-packages/airflow/example_dags/example_complex.py
[2023-07-09T19:01:55.615+0000] {processor.py:826} INFO - Processing file /home/airflow/.local/lib/python3.7/site-packages/airflow/example_dags/example_complex.py for tasks to queue
[2023-07-09T19:01:55.616+0000] {logging_mixin.py:149} INFO - [2023-07-09T19:01:55.616+0000] {dagbag.py:541} INFO - Filling up the DagBag from /home/airflow/.local/lib/python3.7/site-packages/airflow/example_dags/example_complex.py
[2023-07-09T19:01:55.627+0000] {processor.py:836} INFO - DAG(s) dict_keys(['example_complex']) retrieved from /home/airflow/.local/lib/python3.7/site-packages/airflow/example_dags/example_complex.py
[2023-07-09T19:01:55.666+0000] {logging_mixin.py:149} INFO - [2023-07-09T19:01:55.666+0000] {dag.py:2726} INFO - Sync 1 DAGs
[2023-07-09T19:01:55.694+0000] {logging_mixin.py:149} INFO - [2023-07-09T19:01:55.694+0000] {dag.py:3490} INFO - Setting next_dagrun for example_complex to None, run_after=None
[2023-07-09T19:01:55.715+0000] {processor.py:179} INFO - Processing /home/airflow/.local/lib/python3.7/site-packages/airflow/example_dags/example_complex.py took 0.104 seconds
[2023-07-09T19:02:26.414+0000] {processor.py:157} INFO - Started process (PID=397) to work on /home/airflow/.local/lib/python3.7/site-packages/airflow/example_dags/example_complex.py
[2023-07-09T19:02:26.416+0000] {processor.py:826} INFO - Processing file /home/airflow/.local/lib/python3.7/site-packages/airflow/example_dags/example_complex.py for tasks to queue
[2023-07-09T19:02:26.416+0000] {logging_mixin.py:149} INFO - [2023-07-09T19:02:26.416+0000] {dagbag.py:541} INFO - Filling up the DagBag from /home/airflow/.local/lib/python3.7/site-packages/airflow/example_dags/example_complex.py
[2023-07-09T19:02:26.428+0000] {processor.py:836} INFO - DAG(s) dict_keys(['example_complex']) retrieved from /home/airflow/.local/lib/python3.7/site-packages/airflow/example_dags/example_complex.py
[2023-07-09T19:02:26.462+0000] {logging_mixin.py:149} INFO - [2023-07-09T19:02:26.462+0000] {dag.py:2726} INFO - Sync 1 DAGs
[2023-07-09T19:02:26.487+0000] {logging_mixin.py:149} INFO - [2023-07-09T19:02:26.487+0000] {dag.py:3490} INFO - Setting next_dagrun for example_complex to None, run_after=None
[2023-07-09T19:02:26.505+0000] {processor.py:179} INFO - Processing /home/airflow/.local/lib/python3.7/site-packages/airflow/example_dags/example_complex.py took 0.094 seconds
[2023-07-09T19:02:56.625+0000] {processor.py:157} INFO - Started process (PID=462) to work on /home/airflow/.local/lib/python3.7/site-packages/airflow/example_dags/example_complex.py
[2023-07-09T19:02:56.626+0000] {processor.py:826} INFO - Processing file /home/airflow/.local/lib/python3.7/site-packages/airflow/example_dags/example_complex.py for tasks to queue
[2023-07-09T19:02:56.626+0000] {logging_mixin.py:149} INFO - [2023-07-09T19:02:56.626+0000] {dagbag.py:541} INFO - Filling up the DagBag from /home/airflow/.local/lib/python3.7/site-packages/airflow/example_dags/example_complex.py
[2023-07-09T19:02:56.638+0000] {processor.py:836} INFO - DAG(s) dict_keys(['example_complex']) retrieved from /home/airflow/.local/lib/python3.7/site-packages/airflow/example_dags/example_complex.py
[2023-07-09T19:02:56.673+0000] {logging_mixin.py:149} INFO - [2023-07-09T19:02:56.673+0000] {dag.py:2726} INFO - Sync 1 DAGs
[2023-07-09T19:02:56.700+0000] {logging_mixin.py:149} INFO - [2023-07-09T19:02:56.700+0000] {dag.py:3490} INFO - Setting next_dagrun for example_complex to None, run_after=None
[2023-07-09T19:02:56.721+0000] {processor.py:179} INFO - Processing /home/airflow/.local/lib/python3.7/site-packages/airflow/example_dags/example_complex.py took 0.100 seconds
[2023-07-09T19:03:26.791+0000] {processor.py:157} INFO - Started process (PID=526) to work on /home/airflow/.local/lib/python3.7/site-packages/airflow/example_dags/example_complex.py
[2023-07-09T19:03:26.794+0000] {processor.py:826} INFO - Processing file /home/airflow/.local/lib/python3.7/site-packages/airflow/example_dags/example_complex.py for tasks to queue
[2023-07-09T19:03:26.795+0000] {logging_mixin.py:149} INFO - [2023-07-09T19:03:26.795+0000] {dagbag.py:541} INFO - Filling up the DagBag from /home/airflow/.local/lib/python3.7/site-packages/airflow/example_dags/example_complex.py
[2023-07-09T19:03:26.807+0000] {processor.py:836} INFO - DAG(s) dict_keys(['example_complex']) retrieved from /home/airflow/.local/lib/python3.7/site-packages/airflow/example_dags/example_complex.py
[2023-07-09T19:03:26.840+0000] {logging_mixin.py:149} INFO - [2023-07-09T19:03:26.840+0000] {dag.py:2726} INFO - Sync 1 DAGs
[2023-07-09T19:03:26.866+0000] {logging_mixin.py:149} INFO - [2023-07-09T19:03:26.866+0000] {dag.py:3490} INFO - Setting next_dagrun for example_complex to None, run_after=None
[2023-07-09T19:03:26.885+0000] {processor.py:179} INFO - Processing /home/airflow/.local/lib/python3.7/site-packages/airflow/example_dags/example_complex.py took 0.097 seconds
[2023-07-09T19:03:57.024+0000] {processor.py:157} INFO - Started process (PID=591) to work on /home/airflow/.local/lib/python3.7/site-packages/airflow/example_dags/example_complex.py
[2023-07-09T19:03:57.025+0000] {processor.py:826} INFO - Processing file /home/airflow/.local/lib/python3.7/site-packages/airflow/example_dags/example_complex.py for tasks to queue
[2023-07-09T19:03:57.025+0000] {logging_mixin.py:149} INFO - [2023-07-09T19:03:57.025+0000] {dagbag.py:541} INFO - Filling up the DagBag from /home/airflow/.local/lib/python3.7/site-packages/airflow/example_dags/example_complex.py
[2023-07-09T19:03:57.041+0000] {processor.py:836} INFO - DAG(s) dict_keys(['example_complex']) retrieved from /home/airflow/.local/lib/python3.7/site-packages/airflow/example_dags/example_complex.py
[2023-07-09T19:03:57.078+0000] {logging_mixin.py:149} INFO - [2023-07-09T19:03:57.078+0000] {dag.py:2726} INFO - Sync 1 DAGs
[2023-07-09T19:03:57.107+0000] {logging_mixin.py:149} INFO - [2023-07-09T19:03:57.107+0000] {dag.py:3490} INFO - Setting next_dagrun for example_complex to None, run_after=None
[2023-07-09T19:03:57.130+0000] {processor.py:179} INFO - Processing /home/airflow/.local/lib/python3.7/site-packages/airflow/example_dags/example_complex.py took 0.109 seconds
[2023-07-09T19:04:27.244+0000] {processor.py:157} INFO - Started process (PID=656) to work on /home/airflow/.local/lib/python3.7/site-packages/airflow/example_dags/example_complex.py
[2023-07-09T19:04:27.245+0000] {processor.py:826} INFO - Processing file /home/airflow/.local/lib/python3.7/site-packages/airflow/example_dags/example_complex.py for tasks to queue
[2023-07-09T19:04:27.246+0000] {logging_mixin.py:149} INFO - [2023-07-09T19:04:27.245+0000] {dagbag.py:541} INFO - Filling up the DagBag from /home/airflow/.local/lib/python3.7/site-packages/airflow/example_dags/example_complex.py
[2023-07-09T19:04:27.258+0000] {processor.py:836} INFO - DAG(s) dict_keys(['example_complex']) retrieved from /home/airflow/.local/lib/python3.7/site-packages/airflow/example_dags/example_complex.py
[2023-07-09T19:04:27.294+0000] {logging_mixin.py:149} INFO - [2023-07-09T19:04:27.293+0000] {dag.py:2726} INFO - Sync 1 DAGs
[2023-07-09T19:04:27.326+0000] {logging_mixin.py:149} INFO - [2023-07-09T19:04:27.326+0000] {dag.py:3490} INFO - Setting next_dagrun for example_complex to None, run_after=None
[2023-07-09T19:04:27.347+0000] {processor.py:179} INFO - Processing /home/airflow/.local/lib/python3.7/site-packages/airflow/example_dags/example_complex.py took 0.107 seconds
[2023-07-09T19:04:57.941+0000] {processor.py:157} INFO - Started process (PID=721) to work on /home/airflow/.local/lib/python3.7/site-packages/airflow/example_dags/example_complex.py
[2023-07-09T19:04:57.943+0000] {processor.py:826} INFO - Processing file /home/airflow/.local/lib/python3.7/site-packages/airflow/example_dags/example_complex.py for tasks to queue
[2023-07-09T19:04:57.944+0000] {logging_mixin.py:149} INFO - [2023-07-09T19:04:57.943+0000] {dagbag.py:541} INFO - Filling up the DagBag from /home/airflow/.local/lib/python3.7/site-packages/airflow/example_dags/example_complex.py
[2023-07-09T19:04:57.955+0000] {processor.py:836} INFO - DAG(s) dict_keys(['example_complex']) retrieved from /home/airflow/.local/lib/python3.7/site-packages/airflow/example_dags/example_complex.py
[2023-07-09T19:04:57.990+0000] {logging_mixin.py:149} INFO - [2023-07-09T19:04:57.990+0000] {dag.py:2726} INFO - Sync 1 DAGs
[2023-07-09T19:04:58.017+0000] {logging_mixin.py:149} INFO - [2023-07-09T19:04:58.016+0000] {dag.py:3490} INFO - Setting next_dagrun for example_complex to None, run_after=None
[2023-07-09T19:04:58.040+0000] {processor.py:179} INFO - Processing /home/airflow/.local/lib/python3.7/site-packages/airflow/example_dags/example_complex.py took 0.102 seconds
[2023-07-09T19:05:28.115+0000] {processor.py:157} INFO - Started process (PID=785) to work on /home/airflow/.local/lib/python3.7/site-packages/airflow/example_dags/example_complex.py
[2023-07-09T19:05:28.118+0000] {processor.py:826} INFO - Processing file /home/airflow/.local/lib/python3.7/site-packages/airflow/example_dags/example_complex.py for tasks to queue
[2023-07-09T19:05:28.118+0000] {logging_mixin.py:149} INFO - [2023-07-09T19:05:28.118+0000] {dagbag.py:541} INFO - Filling up the DagBag from /home/airflow/.local/lib/python3.7/site-packages/airflow/example_dags/example_complex.py
[2023-07-09T19:05:28.131+0000] {processor.py:836} INFO - DAG(s) dict_keys(['example_complex']) retrieved from /home/airflow/.local/lib/python3.7/site-packages/airflow/example_dags/example_complex.py
[2023-07-09T19:05:28.169+0000] {logging_mixin.py:149} INFO - [2023-07-09T19:05:28.169+0000] {dag.py:2726} INFO - Sync 1 DAGs
[2023-07-09T19:05:28.195+0000] {logging_mixin.py:149} INFO - [2023-07-09T19:05:28.195+0000] {dag.py:3490} INFO - Setting next_dagrun for example_complex to None, run_after=None
[2023-07-09T19:05:28.217+0000] {processor.py:179} INFO - Processing /home/airflow/.local/lib/python3.7/site-packages/airflow/example_dags/example_complex.py took 0.106 seconds
[2023-07-09T19:05:59.134+0000] {processor.py:157} INFO - Started process (PID=851) to work on /home/airflow/.local/lib/python3.7/site-packages/airflow/example_dags/example_complex.py
[2023-07-09T19:05:59.135+0000] {processor.py:826} INFO - Processing file /home/airflow/.local/lib/python3.7/site-packages/airflow/example_dags/example_complex.py for tasks to queue
[2023-07-09T19:05:59.136+0000] {logging_mixin.py:149} INFO - [2023-07-09T19:05:59.136+0000] {dagbag.py:541} INFO - Filling up the DagBag from /home/airflow/.local/lib/python3.7/site-packages/airflow/example_dags/example_complex.py
[2023-07-09T19:05:59.149+0000] {processor.py:836} INFO - DAG(s) dict_keys(['example_complex']) retrieved from /home/airflow/.local/lib/python3.7/site-packages/airflow/example_dags/example_complex.py
[2023-07-09T19:05:59.187+0000] {logging_mixin.py:149} INFO - [2023-07-09T19:05:59.187+0000] {dag.py:2726} INFO - Sync 1 DAGs
[2023-07-09T19:05:59.216+0000] {logging_mixin.py:149} INFO - [2023-07-09T19:05:59.216+0000] {dag.py:3490} INFO - Setting next_dagrun for example_complex to None, run_after=None
[2023-07-09T19:05:59.235+0000] {processor.py:179} INFO - Processing /home/airflow/.local/lib/python3.7/site-packages/airflow/example_dags/example_complex.py took 0.104 seconds
[2023-07-09T19:06:29.335+0000] {processor.py:157} INFO - Started process (PID=916) to work on /home/airflow/.local/lib/python3.7/site-packages/airflow/example_dags/example_complex.py
[2023-07-09T19:06:29.336+0000] {processor.py:826} INFO - Processing file /home/airflow/.local/lib/python3.7/site-packages/airflow/example_dags/example_complex.py for tasks to queue
[2023-07-09T19:06:29.337+0000] {logging_mixin.py:149} INFO - [2023-07-09T19:06:29.336+0000] {dagbag.py:541} INFO - Filling up the DagBag from /home/airflow/.local/lib/python3.7/site-packages/airflow/example_dags/example_complex.py
[2023-07-09T19:06:29.348+0000] {processor.py:836} INFO - DAG(s) dict_keys(['example_complex']) retrieved from /home/airflow/.local/lib/python3.7/site-packages/airflow/example_dags/example_complex.py
[2023-07-09T19:06:29.381+0000] {logging_mixin.py:149} INFO - [2023-07-09T19:06:29.381+0000] {dag.py:2726} INFO - Sync 1 DAGs
[2023-07-09T19:06:29.404+0000] {logging_mixin.py:149} INFO - [2023-07-09T19:06:29.404+0000] {dag.py:3490} INFO - Setting next_dagrun for example_complex to None, run_after=None
[2023-07-09T19:06:29.425+0000] {processor.py:179} INFO - Processing /home/airflow/.local/lib/python3.7/site-packages/airflow/example_dags/example_complex.py took 0.093 seconds
[2023-07-09T19:06:59.577+0000] {processor.py:157} INFO - Started process (PID=980) to work on /home/airflow/.local/lib/python3.7/site-packages/airflow/example_dags/example_complex.py
[2023-07-09T19:06:59.578+0000] {processor.py:826} INFO - Processing file /home/airflow/.local/lib/python3.7/site-packages/airflow/example_dags/example_complex.py for tasks to queue
[2023-07-09T19:06:59.579+0000] {logging_mixin.py:149} INFO - [2023-07-09T19:06:59.579+0000] {dagbag.py:541} INFO - Filling up the DagBag from /home/airflow/.local/lib/python3.7/site-packages/airflow/example_dags/example_complex.py
[2023-07-09T19:06:59.592+0000] {processor.py:836} INFO - DAG(s) dict_keys(['example_complex']) retrieved from /home/airflow/.local/lib/python3.7/site-packages/airflow/example_dags/example_complex.py
[2023-07-09T19:06:59.627+0000] {logging_mixin.py:149} INFO - [2023-07-09T19:06:59.626+0000] {dag.py:2726} INFO - Sync 1 DAGs
[2023-07-09T19:06:59.658+0000] {logging_mixin.py:149} INFO - [2023-07-09T19:06:59.658+0000] {dag.py:3490} INFO - Setting next_dagrun for example_complex to None, run_after=None
[2023-07-09T19:06:59.681+0000] {processor.py:179} INFO - Processing /home/airflow/.local/lib/python3.7/site-packages/airflow/example_dags/example_complex.py took 0.107 seconds
[2023-07-09T19:07:29.867+0000] {processor.py:157} INFO - Started process (PID=1045) to work on /home/airflow/.local/lib/python3.7/site-packages/airflow/example_dags/example_complex.py
[2023-07-09T19:07:29.868+0000] {processor.py:826} INFO - Processing file /home/airflow/.local/lib/python3.7/site-packages/airflow/example_dags/example_complex.py for tasks to queue
[2023-07-09T19:07:29.868+0000] {logging_mixin.py:149} INFO - [2023-07-09T19:07:29.868+0000] {dagbag.py:541} INFO - Filling up the DagBag from /home/airflow/.local/lib/python3.7/site-packages/airflow/example_dags/example_complex.py
[2023-07-09T19:07:29.880+0000] {processor.py:836} INFO - DAG(s) dict_keys(['example_complex']) retrieved from /home/airflow/.local/lib/python3.7/site-packages/airflow/example_dags/example_complex.py
[2023-07-09T19:07:29.916+0000] {logging_mixin.py:149} INFO - [2023-07-09T19:07:29.916+0000] {dag.py:2726} INFO - Sync 1 DAGs
[2023-07-09T19:07:29.943+0000] {logging_mixin.py:149} INFO - [2023-07-09T19:07:29.943+0000] {dag.py:3490} INFO - Setting next_dagrun for example_complex to None, run_after=None
[2023-07-09T19:07:29.970+0000] {processor.py:179} INFO - Processing /home/airflow/.local/lib/python3.7/site-packages/airflow/example_dags/example_complex.py took 0.106 seconds
[2023-07-09T19:08:00.723+0000] {processor.py:157} INFO - Started process (PID=1110) to work on /home/airflow/.local/lib/python3.7/site-packages/airflow/example_dags/example_complex.py
[2023-07-09T19:08:00.724+0000] {processor.py:826} INFO - Processing file /home/airflow/.local/lib/python3.7/site-packages/airflow/example_dags/example_complex.py for tasks to queue
[2023-07-09T19:08:00.725+0000] {logging_mixin.py:149} INFO - [2023-07-09T19:08:00.725+0000] {dagbag.py:541} INFO - Filling up the DagBag from /home/airflow/.local/lib/python3.7/site-packages/airflow/example_dags/example_complex.py
[2023-07-09T19:08:00.736+0000] {processor.py:836} INFO - DAG(s) dict_keys(['example_complex']) retrieved from /home/airflow/.local/lib/python3.7/site-packages/airflow/example_dags/example_complex.py
[2023-07-09T19:08:00.774+0000] {logging_mixin.py:149} INFO - [2023-07-09T19:08:00.774+0000] {dag.py:2726} INFO - Sync 1 DAGs
[2023-07-09T19:08:00.799+0000] {logging_mixin.py:149} INFO - [2023-07-09T19:08:00.798+0000] {dag.py:3490} INFO - Setting next_dagrun for example_complex to None, run_after=None
[2023-07-09T19:08:00.820+0000] {processor.py:179} INFO - Processing /home/airflow/.local/lib/python3.7/site-packages/airflow/example_dags/example_complex.py took 0.101 seconds
