[2023-07-09T18:59:50.178+0000] {processor.py:157} INFO - Started process (PID=56) to work on /home/airflow/.local/lib/python3.7/site-packages/airflow/example_dags/example_external_task_marker_dag.py
[2023-07-09T18:59:50.179+0000] {processor.py:826} INFO - Processing file /home/airflow/.local/lib/python3.7/site-packages/airflow/example_dags/example_external_task_marker_dag.py for tasks to queue
[2023-07-09T18:59:50.179+0000] {logging_mixin.py:149} INFO - [2023-07-09T18:59:50.179+0000] {dagbag.py:541} INFO - Filling up the DagBag from /home/airflow/.local/lib/python3.7/site-packages/airflow/example_dags/example_external_task_marker_dag.py
[2023-07-09T18:59:50.189+0000] {processor.py:836} INFO - DAG(s) dict_keys(['example_external_task_marker_parent', 'example_external_task_marker_child']) retrieved from /home/airflow/.local/lib/python3.7/site-packages/airflow/example_dags/example_external_task_marker_dag.py
[2023-07-09T18:59:50.327+0000] {logging_mixin.py:149} INFO - [2023-07-09T18:59:50.327+0000] {manager.py:504} INFO - Created Permission View: can read on DAG:example_external_task_marker_parent
[2023-07-09T18:59:50.343+0000] {logging_mixin.py:149} INFO - [2023-07-09T18:59:50.343+0000] {manager.py:504} INFO - Created Permission View: can edit on DAG:example_external_task_marker_parent
[2023-07-09T18:59:50.350+0000] {logging_mixin.py:149} INFO - [2023-07-09T18:59:50.350+0000] {manager.py:504} INFO - Created Permission View: can delete on DAG:example_external_task_marker_parent
[2023-07-09T18:59:50.378+0000] {logging_mixin.py:149} INFO - [2023-07-09T18:59:50.378+0000] {manager.py:504} INFO - Created Permission View: can read on DAG:example_external_task_marker_child
[2023-07-09T18:59:50.388+0000] {logging_mixin.py:149} INFO - [2023-07-09T18:59:50.388+0000] {manager.py:504} INFO - Created Permission View: can edit on DAG:example_external_task_marker_child
[2023-07-09T18:59:50.397+0000] {logging_mixin.py:149} INFO - [2023-07-09T18:59:50.396+0000] {manager.py:504} INFO - Created Permission View: can delete on DAG:example_external_task_marker_child
[2023-07-09T18:59:50.405+0000] {logging_mixin.py:149} INFO - [2023-07-09T18:59:50.405+0000] {dag.py:2726} INFO - Sync 2 DAGs
[2023-07-09T18:59:50.421+0000] {logging_mixin.py:149} INFO - [2023-07-09T18:59:50.421+0000] {dag.py:2747} INFO - Creating ORM DAG for example_external_task_marker_parent
[2023-07-09T18:59:50.422+0000] {logging_mixin.py:149} INFO - [2023-07-09T18:59:50.422+0000] {dag.py:2747} INFO - Creating ORM DAG for example_external_task_marker_child
[2023-07-09T18:59:50.436+0000] {logging_mixin.py:149} INFO - [2023-07-09T18:59:50.436+0000] {dag.py:3490} INFO - Setting next_dagrun for example_external_task_marker_child to None, run_after=None
[2023-07-09T18:59:50.437+0000] {logging_mixin.py:149} INFO - [2023-07-09T18:59:50.437+0000] {dag.py:3490} INFO - Setting next_dagrun for example_external_task_marker_parent to None, run_after=None
[2023-07-09T18:59:50.462+0000] {processor.py:179} INFO - Processing /home/airflow/.local/lib/python3.7/site-packages/airflow/example_dags/example_external_task_marker_dag.py took 0.288 seconds
[2023-07-09T19:00:20.669+0000] {processor.py:157} INFO - Started process (PID=120) to work on /home/airflow/.local/lib/python3.7/site-packages/airflow/example_dags/example_external_task_marker_dag.py
[2023-07-09T19:00:20.670+0000] {processor.py:826} INFO - Processing file /home/airflow/.local/lib/python3.7/site-packages/airflow/example_dags/example_external_task_marker_dag.py for tasks to queue
[2023-07-09T19:00:20.671+0000] {logging_mixin.py:149} INFO - [2023-07-09T19:00:20.671+0000] {dagbag.py:541} INFO - Filling up the DagBag from /home/airflow/.local/lib/python3.7/site-packages/airflow/example_dags/example_external_task_marker_dag.py
[2023-07-09T19:00:20.676+0000] {processor.py:836} INFO - DAG(s) dict_keys(['example_external_task_marker_child', 'example_external_task_marker_parent']) retrieved from /home/airflow/.local/lib/python3.7/site-packages/airflow/example_dags/example_external_task_marker_dag.py
[2023-07-09T19:00:20.702+0000] {logging_mixin.py:149} INFO - [2023-07-09T19:00:20.702+0000] {dag.py:2726} INFO - Sync 2 DAGs
[2023-07-09T19:00:20.725+0000] {logging_mixin.py:149} INFO - [2023-07-09T19:00:20.725+0000] {dag.py:3490} INFO - Setting next_dagrun for example_external_task_marker_child to None, run_after=None
[2023-07-09T19:00:20.728+0000] {logging_mixin.py:149} INFO - [2023-07-09T19:00:20.728+0000] {dag.py:3490} INFO - Setting next_dagrun for example_external_task_marker_parent to None, run_after=None
[2023-07-09T19:00:20.755+0000] {processor.py:179} INFO - Processing /home/airflow/.local/lib/python3.7/site-packages/airflow/example_dags/example_external_task_marker_dag.py took 0.089 seconds
[2023-07-09T19:00:50.788+0000] {processor.py:157} INFO - Started process (PID=185) to work on /home/airflow/.local/lib/python3.7/site-packages/airflow/example_dags/example_external_task_marker_dag.py
[2023-07-09T19:00:50.789+0000] {processor.py:826} INFO - Processing file /home/airflow/.local/lib/python3.7/site-packages/airflow/example_dags/example_external_task_marker_dag.py for tasks to queue
[2023-07-09T19:00:50.790+0000] {logging_mixin.py:149} INFO - [2023-07-09T19:00:50.790+0000] {dagbag.py:541} INFO - Filling up the DagBag from /home/airflow/.local/lib/python3.7/site-packages/airflow/example_dags/example_external_task_marker_dag.py
[2023-07-09T19:00:50.795+0000] {processor.py:836} INFO - DAG(s) dict_keys(['example_external_task_marker_child', 'example_external_task_marker_parent']) retrieved from /home/airflow/.local/lib/python3.7/site-packages/airflow/example_dags/example_external_task_marker_dag.py
[2023-07-09T19:00:50.820+0000] {logging_mixin.py:149} INFO - [2023-07-09T19:00:50.820+0000] {dag.py:2726} INFO - Sync 2 DAGs
[2023-07-09T19:00:50.844+0000] {logging_mixin.py:149} INFO - [2023-07-09T19:00:50.844+0000] {dag.py:3490} INFO - Setting next_dagrun for example_external_task_marker_child to None, run_after=None
[2023-07-09T19:00:50.847+0000] {logging_mixin.py:149} INFO - [2023-07-09T19:00:50.847+0000] {dag.py:3490} INFO - Setting next_dagrun for example_external_task_marker_parent to None, run_after=None
[2023-07-09T19:00:50.864+0000] {processor.py:179} INFO - Processing /home/airflow/.local/lib/python3.7/site-packages/airflow/example_dags/example_external_task_marker_dag.py took 0.078 seconds
[2023-07-09T19:01:21.048+0000] {processor.py:157} INFO - Started process (PID=250) to work on /home/airflow/.local/lib/python3.7/site-packages/airflow/example_dags/example_external_task_marker_dag.py
[2023-07-09T19:01:21.049+0000] {processor.py:826} INFO - Processing file /home/airflow/.local/lib/python3.7/site-packages/airflow/example_dags/example_external_task_marker_dag.py for tasks to queue
[2023-07-09T19:01:21.050+0000] {logging_mixin.py:149} INFO - [2023-07-09T19:01:21.050+0000] {dagbag.py:541} INFO - Filling up the DagBag from /home/airflow/.local/lib/python3.7/site-packages/airflow/example_dags/example_external_task_marker_dag.py
[2023-07-09T19:01:21.056+0000] {processor.py:836} INFO - DAG(s) dict_keys(['example_external_task_marker_parent', 'example_external_task_marker_child']) retrieved from /home/airflow/.local/lib/python3.7/site-packages/airflow/example_dags/example_external_task_marker_dag.py
[2023-07-09T19:01:21.094+0000] {logging_mixin.py:149} INFO - [2023-07-09T19:01:21.094+0000] {dag.py:2726} INFO - Sync 2 DAGs
[2023-07-09T19:01:21.127+0000] {logging_mixin.py:149} INFO - [2023-07-09T19:01:21.127+0000] {dag.py:3490} INFO - Setting next_dagrun for example_external_task_marker_child to None, run_after=None
[2023-07-09T19:01:21.132+0000] {logging_mixin.py:149} INFO - [2023-07-09T19:01:21.132+0000] {dag.py:3490} INFO - Setting next_dagrun for example_external_task_marker_parent to None, run_after=None
[2023-07-09T19:01:21.154+0000] {processor.py:179} INFO - Processing /home/airflow/.local/lib/python3.7/site-packages/airflow/example_dags/example_external_task_marker_dag.py took 0.110 seconds
[2023-07-09T19:01:51.643+0000] {processor.py:157} INFO - Started process (PID=315) to work on /home/airflow/.local/lib/python3.7/site-packages/airflow/example_dags/example_external_task_marker_dag.py
[2023-07-09T19:01:51.644+0000] {processor.py:826} INFO - Processing file /home/airflow/.local/lib/python3.7/site-packages/airflow/example_dags/example_external_task_marker_dag.py for tasks to queue
[2023-07-09T19:01:51.645+0000] {logging_mixin.py:149} INFO - [2023-07-09T19:01:51.645+0000] {dagbag.py:541} INFO - Filling up the DagBag from /home/airflow/.local/lib/python3.7/site-packages/airflow/example_dags/example_external_task_marker_dag.py
[2023-07-09T19:01:51.650+0000] {processor.py:836} INFO - DAG(s) dict_keys(['example_external_task_marker_parent', 'example_external_task_marker_child']) retrieved from /home/airflow/.local/lib/python3.7/site-packages/airflow/example_dags/example_external_task_marker_dag.py
[2023-07-09T19:01:51.674+0000] {logging_mixin.py:149} INFO - [2023-07-09T19:01:51.674+0000] {dag.py:2726} INFO - Sync 2 DAGs
[2023-07-09T19:01:51.698+0000] {logging_mixin.py:149} INFO - [2023-07-09T19:01:51.698+0000] {dag.py:3490} INFO - Setting next_dagrun for example_external_task_marker_child to None, run_after=None
[2023-07-09T19:01:51.701+0000] {logging_mixin.py:149} INFO - [2023-07-09T19:01:51.701+0000] {dag.py:3490} INFO - Setting next_dagrun for example_external_task_marker_parent to None, run_after=None
[2023-07-09T19:01:51.717+0000] {processor.py:179} INFO - Processing /home/airflow/.local/lib/python3.7/site-packages/airflow/example_dags/example_external_task_marker_dag.py took 0.077 seconds
[2023-07-09T19:02:22.338+0000] {processor.py:157} INFO - Started process (PID=380) to work on /home/airflow/.local/lib/python3.7/site-packages/airflow/example_dags/example_external_task_marker_dag.py
[2023-07-09T19:02:22.339+0000] {processor.py:826} INFO - Processing file /home/airflow/.local/lib/python3.7/site-packages/airflow/example_dags/example_external_task_marker_dag.py for tasks to queue
[2023-07-09T19:02:22.340+0000] {logging_mixin.py:149} INFO - [2023-07-09T19:02:22.340+0000] {dagbag.py:541} INFO - Filling up the DagBag from /home/airflow/.local/lib/python3.7/site-packages/airflow/example_dags/example_external_task_marker_dag.py
[2023-07-09T19:02:22.348+0000] {processor.py:836} INFO - DAG(s) dict_keys(['example_external_task_marker_child', 'example_external_task_marker_parent']) retrieved from /home/airflow/.local/lib/python3.7/site-packages/airflow/example_dags/example_external_task_marker_dag.py
[2023-07-09T19:02:22.381+0000] {logging_mixin.py:149} INFO - [2023-07-09T19:02:22.381+0000] {dag.py:2726} INFO - Sync 2 DAGs
[2023-07-09T19:02:22.412+0000] {logging_mixin.py:149} INFO - [2023-07-09T19:02:22.412+0000] {dag.py:3490} INFO - Setting next_dagrun for example_external_task_marker_child to None, run_after=None
[2023-07-09T19:02:22.418+0000] {logging_mixin.py:149} INFO - [2023-07-09T19:02:22.418+0000] {dag.py:3490} INFO - Setting next_dagrun for example_external_task_marker_parent to None, run_after=None
[2023-07-09T19:02:22.443+0000] {processor.py:179} INFO - Processing /home/airflow/.local/lib/python3.7/site-packages/airflow/example_dags/example_external_task_marker_dag.py took 0.109 seconds
[2023-07-09T19:02:52.582+0000] {processor.py:157} INFO - Started process (PID=445) to work on /home/airflow/.local/lib/python3.7/site-packages/airflow/example_dags/example_external_task_marker_dag.py
[2023-07-09T19:02:52.584+0000] {processor.py:826} INFO - Processing file /home/airflow/.local/lib/python3.7/site-packages/airflow/example_dags/example_external_task_marker_dag.py for tasks to queue
[2023-07-09T19:02:52.584+0000] {logging_mixin.py:149} INFO - [2023-07-09T19:02:52.584+0000] {dagbag.py:541} INFO - Filling up the DagBag from /home/airflow/.local/lib/python3.7/site-packages/airflow/example_dags/example_external_task_marker_dag.py
[2023-07-09T19:02:52.590+0000] {processor.py:836} INFO - DAG(s) dict_keys(['example_external_task_marker_parent', 'example_external_task_marker_child']) retrieved from /home/airflow/.local/lib/python3.7/site-packages/airflow/example_dags/example_external_task_marker_dag.py
[2023-07-09T19:02:52.620+0000] {logging_mixin.py:149} INFO - [2023-07-09T19:02:52.620+0000] {dag.py:2726} INFO - Sync 2 DAGs
[2023-07-09T19:02:52.650+0000] {logging_mixin.py:149} INFO - [2023-07-09T19:02:52.650+0000] {dag.py:3490} INFO - Setting next_dagrun for example_external_task_marker_child to None, run_after=None
[2023-07-09T19:02:52.654+0000] {logging_mixin.py:149} INFO - [2023-07-09T19:02:52.654+0000] {dag.py:3490} INFO - Setting next_dagrun for example_external_task_marker_parent to None, run_after=None
[2023-07-09T19:02:52.672+0000] {processor.py:179} INFO - Processing /home/airflow/.local/lib/python3.7/site-packages/airflow/example_dags/example_external_task_marker_dag.py took 0.094 seconds
[2023-07-09T19:03:22.797+0000] {processor.py:157} INFO - Started process (PID=510) to work on /home/airflow/.local/lib/python3.7/site-packages/airflow/example_dags/example_external_task_marker_dag.py
[2023-07-09T19:03:22.798+0000] {processor.py:826} INFO - Processing file /home/airflow/.local/lib/python3.7/site-packages/airflow/example_dags/example_external_task_marker_dag.py for tasks to queue
[2023-07-09T19:03:22.798+0000] {logging_mixin.py:149} INFO - [2023-07-09T19:03:22.798+0000] {dagbag.py:541} INFO - Filling up the DagBag from /home/airflow/.local/lib/python3.7/site-packages/airflow/example_dags/example_external_task_marker_dag.py
[2023-07-09T19:03:22.803+0000] {processor.py:836} INFO - DAG(s) dict_keys(['example_external_task_marker_child', 'example_external_task_marker_parent']) retrieved from /home/airflow/.local/lib/python3.7/site-packages/airflow/example_dags/example_external_task_marker_dag.py
[2023-07-09T19:03:22.829+0000] {logging_mixin.py:149} INFO - [2023-07-09T19:03:22.829+0000] {dag.py:2726} INFO - Sync 2 DAGs
[2023-07-09T19:03:22.853+0000] {logging_mixin.py:149} INFO - [2023-07-09T19:03:22.853+0000] {dag.py:3490} INFO - Setting next_dagrun for example_external_task_marker_child to None, run_after=None
[2023-07-09T19:03:22.856+0000] {logging_mixin.py:149} INFO - [2023-07-09T19:03:22.856+0000] {dag.py:3490} INFO - Setting next_dagrun for example_external_task_marker_parent to None, run_after=None
[2023-07-09T19:03:22.872+0000] {processor.py:179} INFO - Processing /home/airflow/.local/lib/python3.7/site-packages/airflow/example_dags/example_external_task_marker_dag.py took 0.078 seconds
[2023-07-09T19:03:53.064+0000] {processor.py:157} INFO - Started process (PID=575) to work on /home/airflow/.local/lib/python3.7/site-packages/airflow/example_dags/example_external_task_marker_dag.py
[2023-07-09T19:03:53.065+0000] {processor.py:826} INFO - Processing file /home/airflow/.local/lib/python3.7/site-packages/airflow/example_dags/example_external_task_marker_dag.py for tasks to queue
[2023-07-09T19:03:53.066+0000] {logging_mixin.py:149} INFO - [2023-07-09T19:03:53.066+0000] {dagbag.py:541} INFO - Filling up the DagBag from /home/airflow/.local/lib/python3.7/site-packages/airflow/example_dags/example_external_task_marker_dag.py
[2023-07-09T19:03:53.071+0000] {processor.py:836} INFO - DAG(s) dict_keys(['example_external_task_marker_child', 'example_external_task_marker_parent']) retrieved from /home/airflow/.local/lib/python3.7/site-packages/airflow/example_dags/example_external_task_marker_dag.py
[2023-07-09T19:03:53.100+0000] {logging_mixin.py:149} INFO - [2023-07-09T19:03:53.100+0000] {dag.py:2726} INFO - Sync 2 DAGs
[2023-07-09T19:03:53.127+0000] {logging_mixin.py:149} INFO - [2023-07-09T19:03:53.127+0000] {dag.py:3490} INFO - Setting next_dagrun for example_external_task_marker_child to None, run_after=None
[2023-07-09T19:03:53.131+0000] {logging_mixin.py:149} INFO - [2023-07-09T19:03:53.131+0000] {dag.py:3490} INFO - Setting next_dagrun for example_external_task_marker_parent to None, run_after=None
[2023-07-09T19:03:53.151+0000] {processor.py:179} INFO - Processing /home/airflow/.local/lib/python3.7/site-packages/airflow/example_dags/example_external_task_marker_dag.py took 0.089 seconds
[2023-07-09T19:04:23.373+0000] {processor.py:157} INFO - Started process (PID=640) to work on /home/airflow/.local/lib/python3.7/site-packages/airflow/example_dags/example_external_task_marker_dag.py
[2023-07-09T19:04:23.375+0000] {processor.py:826} INFO - Processing file /home/airflow/.local/lib/python3.7/site-packages/airflow/example_dags/example_external_task_marker_dag.py for tasks to queue
[2023-07-09T19:04:23.375+0000] {logging_mixin.py:149} INFO - [2023-07-09T19:04:23.375+0000] {dagbag.py:541} INFO - Filling up the DagBag from /home/airflow/.local/lib/python3.7/site-packages/airflow/example_dags/example_external_task_marker_dag.py
[2023-07-09T19:04:23.380+0000] {processor.py:836} INFO - DAG(s) dict_keys(['example_external_task_marker_parent', 'example_external_task_marker_child']) retrieved from /home/airflow/.local/lib/python3.7/site-packages/airflow/example_dags/example_external_task_marker_dag.py
[2023-07-09T19:04:23.408+0000] {logging_mixin.py:149} INFO - [2023-07-09T19:04:23.408+0000] {dag.py:2726} INFO - Sync 2 DAGs
[2023-07-09T19:04:23.432+0000] {logging_mixin.py:149} INFO - [2023-07-09T19:04:23.432+0000] {dag.py:3490} INFO - Setting next_dagrun for example_external_task_marker_child to None, run_after=None
[2023-07-09T19:04:23.435+0000] {logging_mixin.py:149} INFO - [2023-07-09T19:04:23.435+0000] {dag.py:3490} INFO - Setting next_dagrun for example_external_task_marker_parent to None, run_after=None
[2023-07-09T19:04:23.451+0000] {processor.py:179} INFO - Processing /home/airflow/.local/lib/python3.7/site-packages/airflow/example_dags/example_external_task_marker_dag.py took 0.081 seconds
[2023-07-09T19:04:54.189+0000] {processor.py:157} INFO - Started process (PID=705) to work on /home/airflow/.local/lib/python3.7/site-packages/airflow/example_dags/example_external_task_marker_dag.py
[2023-07-09T19:04:54.190+0000] {processor.py:826} INFO - Processing file /home/airflow/.local/lib/python3.7/site-packages/airflow/example_dags/example_external_task_marker_dag.py for tasks to queue
[2023-07-09T19:04:54.190+0000] {logging_mixin.py:149} INFO - [2023-07-09T19:04:54.190+0000] {dagbag.py:541} INFO - Filling up the DagBag from /home/airflow/.local/lib/python3.7/site-packages/airflow/example_dags/example_external_task_marker_dag.py
[2023-07-09T19:04:54.197+0000] {processor.py:836} INFO - DAG(s) dict_keys(['example_external_task_marker_child', 'example_external_task_marker_parent']) retrieved from /home/airflow/.local/lib/python3.7/site-packages/airflow/example_dags/example_external_task_marker_dag.py
[2023-07-09T19:04:54.230+0000] {logging_mixin.py:149} INFO - [2023-07-09T19:04:54.230+0000] {dag.py:2726} INFO - Sync 2 DAGs
[2023-07-09T19:04:54.260+0000] {logging_mixin.py:149} INFO - [2023-07-09T19:04:54.260+0000] {dag.py:3490} INFO - Setting next_dagrun for example_external_task_marker_child to None, run_after=None
[2023-07-09T19:04:54.264+0000] {logging_mixin.py:149} INFO - [2023-07-09T19:04:54.264+0000] {dag.py:3490} INFO - Setting next_dagrun for example_external_task_marker_parent to None, run_after=None
[2023-07-09T19:04:54.284+0000] {processor.py:179} INFO - Processing /home/airflow/.local/lib/python3.7/site-packages/airflow/example_dags/example_external_task_marker_dag.py took 0.099 seconds
[2023-07-09T19:05:25.105+0000] {processor.py:157} INFO - Started process (PID=770) to work on /home/airflow/.local/lib/python3.7/site-packages/airflow/example_dags/example_external_task_marker_dag.py
[2023-07-09T19:05:25.106+0000] {processor.py:826} INFO - Processing file /home/airflow/.local/lib/python3.7/site-packages/airflow/example_dags/example_external_task_marker_dag.py for tasks to queue
[2023-07-09T19:05:25.107+0000] {logging_mixin.py:149} INFO - [2023-07-09T19:05:25.107+0000] {dagbag.py:541} INFO - Filling up the DagBag from /home/airflow/.local/lib/python3.7/site-packages/airflow/example_dags/example_external_task_marker_dag.py
[2023-07-09T19:05:25.115+0000] {processor.py:836} INFO - DAG(s) dict_keys(['example_external_task_marker_child', 'example_external_task_marker_parent']) retrieved from /home/airflow/.local/lib/python3.7/site-packages/airflow/example_dags/example_external_task_marker_dag.py
[2023-07-09T19:05:25.148+0000] {logging_mixin.py:149} INFO - [2023-07-09T19:05:25.148+0000] {dag.py:2726} INFO - Sync 2 DAGs
[2023-07-09T19:05:25.181+0000] {logging_mixin.py:149} INFO - [2023-07-09T19:05:25.181+0000] {dag.py:3490} INFO - Setting next_dagrun for example_external_task_marker_child to None, run_after=None
[2023-07-09T19:05:25.185+0000] {logging_mixin.py:149} INFO - [2023-07-09T19:05:25.185+0000] {dag.py:3490} INFO - Setting next_dagrun for example_external_task_marker_parent to None, run_after=None
[2023-07-09T19:05:25.207+0000] {processor.py:179} INFO - Processing /home/airflow/.local/lib/python3.7/site-packages/airflow/example_dags/example_external_task_marker_dag.py took 0.105 seconds
[2023-07-09T19:05:55.230+0000] {processor.py:157} INFO - Started process (PID=835) to work on /home/airflow/.local/lib/python3.7/site-packages/airflow/example_dags/example_external_task_marker_dag.py
[2023-07-09T19:05:55.231+0000] {processor.py:826} INFO - Processing file /home/airflow/.local/lib/python3.7/site-packages/airflow/example_dags/example_external_task_marker_dag.py for tasks to queue
[2023-07-09T19:05:55.232+0000] {logging_mixin.py:149} INFO - [2023-07-09T19:05:55.232+0000] {dagbag.py:541} INFO - Filling up the DagBag from /home/airflow/.local/lib/python3.7/site-packages/airflow/example_dags/example_external_task_marker_dag.py
[2023-07-09T19:05:55.237+0000] {processor.py:836} INFO - DAG(s) dict_keys(['example_external_task_marker_child', 'example_external_task_marker_parent']) retrieved from /home/airflow/.local/lib/python3.7/site-packages/airflow/example_dags/example_external_task_marker_dag.py
[2023-07-09T19:05:55.267+0000] {logging_mixin.py:149} INFO - [2023-07-09T19:05:55.266+0000] {dag.py:2726} INFO - Sync 2 DAGs
[2023-07-09T19:05:55.293+0000] {logging_mixin.py:149} INFO - [2023-07-09T19:05:55.293+0000] {dag.py:3490} INFO - Setting next_dagrun for example_external_task_marker_child to None, run_after=None
[2023-07-09T19:05:55.296+0000] {logging_mixin.py:149} INFO - [2023-07-09T19:05:55.296+0000] {dag.py:3490} INFO - Setting next_dagrun for example_external_task_marker_parent to None, run_after=None
[2023-07-09T19:05:55.314+0000] {processor.py:179} INFO - Processing /home/airflow/.local/lib/python3.7/site-packages/airflow/example_dags/example_external_task_marker_dag.py took 0.087 seconds
[2023-07-09T19:06:25.501+0000] {processor.py:157} INFO - Started process (PID=900) to work on /home/airflow/.local/lib/python3.7/site-packages/airflow/example_dags/example_external_task_marker_dag.py
[2023-07-09T19:06:25.503+0000] {processor.py:826} INFO - Processing file /home/airflow/.local/lib/python3.7/site-packages/airflow/example_dags/example_external_task_marker_dag.py for tasks to queue
[2023-07-09T19:06:25.504+0000] {logging_mixin.py:149} INFO - [2023-07-09T19:06:25.503+0000] {dagbag.py:541} INFO - Filling up the DagBag from /home/airflow/.local/lib/python3.7/site-packages/airflow/example_dags/example_external_task_marker_dag.py
[2023-07-09T19:06:25.511+0000] {processor.py:836} INFO - DAG(s) dict_keys(['example_external_task_marker_child', 'example_external_task_marker_parent']) retrieved from /home/airflow/.local/lib/python3.7/site-packages/airflow/example_dags/example_external_task_marker_dag.py
[2023-07-09T19:06:25.547+0000] {logging_mixin.py:149} INFO - [2023-07-09T19:06:25.547+0000] {dag.py:2726} INFO - Sync 2 DAGs
[2023-07-09T19:06:25.585+0000] {logging_mixin.py:149} INFO - [2023-07-09T19:06:25.585+0000] {dag.py:3490} INFO - Setting next_dagrun for example_external_task_marker_child to None, run_after=None
[2023-07-09T19:06:25.591+0000] {logging_mixin.py:149} INFO - [2023-07-09T19:06:25.590+0000] {dag.py:3490} INFO - Setting next_dagrun for example_external_task_marker_parent to None, run_after=None
[2023-07-09T19:06:25.610+0000] {processor.py:179} INFO - Processing /home/airflow/.local/lib/python3.7/site-packages/airflow/example_dags/example_external_task_marker_dag.py took 0.112 seconds
[2023-07-09T19:06:55.635+0000] {processor.py:157} INFO - Started process (PID=965) to work on /home/airflow/.local/lib/python3.7/site-packages/airflow/example_dags/example_external_task_marker_dag.py
[2023-07-09T19:06:55.637+0000] {processor.py:826} INFO - Processing file /home/airflow/.local/lib/python3.7/site-packages/airflow/example_dags/example_external_task_marker_dag.py for tasks to queue
[2023-07-09T19:06:55.638+0000] {logging_mixin.py:149} INFO - [2023-07-09T19:06:55.638+0000] {dagbag.py:541} INFO - Filling up the DagBag from /home/airflow/.local/lib/python3.7/site-packages/airflow/example_dags/example_external_task_marker_dag.py
[2023-07-09T19:06:55.645+0000] {processor.py:836} INFO - DAG(s) dict_keys(['example_external_task_marker_parent', 'example_external_task_marker_child']) retrieved from /home/airflow/.local/lib/python3.7/site-packages/airflow/example_dags/example_external_task_marker_dag.py
[2023-07-09T19:06:55.681+0000] {logging_mixin.py:149} INFO - [2023-07-09T19:06:55.681+0000] {dag.py:2726} INFO - Sync 2 DAGs
[2023-07-09T19:06:55.713+0000] {logging_mixin.py:149} INFO - [2023-07-09T19:06:55.713+0000] {dag.py:3490} INFO - Setting next_dagrun for example_external_task_marker_child to None, run_after=None
[2023-07-09T19:06:55.719+0000] {logging_mixin.py:149} INFO - [2023-07-09T19:06:55.719+0000] {dag.py:3490} INFO - Setting next_dagrun for example_external_task_marker_parent to None, run_after=None
[2023-07-09T19:06:55.739+0000] {processor.py:179} INFO - Processing /home/airflow/.local/lib/python3.7/site-packages/airflow/example_dags/example_external_task_marker_dag.py took 0.108 seconds
[2023-07-09T19:07:25.812+0000] {processor.py:157} INFO - Started process (PID=1030) to work on /home/airflow/.local/lib/python3.7/site-packages/airflow/example_dags/example_external_task_marker_dag.py
[2023-07-09T19:07:25.813+0000] {processor.py:826} INFO - Processing file /home/airflow/.local/lib/python3.7/site-packages/airflow/example_dags/example_external_task_marker_dag.py for tasks to queue
[2023-07-09T19:07:25.814+0000] {logging_mixin.py:149} INFO - [2023-07-09T19:07:25.814+0000] {dagbag.py:541} INFO - Filling up the DagBag from /home/airflow/.local/lib/python3.7/site-packages/airflow/example_dags/example_external_task_marker_dag.py
[2023-07-09T19:07:25.819+0000] {processor.py:836} INFO - DAG(s) dict_keys(['example_external_task_marker_child', 'example_external_task_marker_parent']) retrieved from /home/airflow/.local/lib/python3.7/site-packages/airflow/example_dags/example_external_task_marker_dag.py
[2023-07-09T19:07:25.845+0000] {logging_mixin.py:149} INFO - [2023-07-09T19:07:25.845+0000] {dag.py:2726} INFO - Sync 2 DAGs
[2023-07-09T19:07:25.868+0000] {logging_mixin.py:149} INFO - [2023-07-09T19:07:25.868+0000] {dag.py:3490} INFO - Setting next_dagrun for example_external_task_marker_child to None, run_after=None
[2023-07-09T19:07:25.871+0000] {logging_mixin.py:149} INFO - [2023-07-09T19:07:25.871+0000] {dag.py:3490} INFO - Setting next_dagrun for example_external_task_marker_parent to None, run_after=None
[2023-07-09T19:07:25.888+0000] {processor.py:179} INFO - Processing /home/airflow/.local/lib/python3.7/site-packages/airflow/example_dags/example_external_task_marker_dag.py took 0.079 seconds
[2023-07-09T19:07:56.058+0000] {processor.py:157} INFO - Started process (PID=1095) to work on /home/airflow/.local/lib/python3.7/site-packages/airflow/example_dags/example_external_task_marker_dag.py
[2023-07-09T19:07:56.059+0000] {processor.py:826} INFO - Processing file /home/airflow/.local/lib/python3.7/site-packages/airflow/example_dags/example_external_task_marker_dag.py for tasks to queue
[2023-07-09T19:07:56.059+0000] {logging_mixin.py:149} INFO - [2023-07-09T19:07:56.059+0000] {dagbag.py:541} INFO - Filling up the DagBag from /home/airflow/.local/lib/python3.7/site-packages/airflow/example_dags/example_external_task_marker_dag.py
[2023-07-09T19:07:56.064+0000] {processor.py:836} INFO - DAG(s) dict_keys(['example_external_task_marker_parent', 'example_external_task_marker_child']) retrieved from /home/airflow/.local/lib/python3.7/site-packages/airflow/example_dags/example_external_task_marker_dag.py
[2023-07-09T19:07:56.091+0000] {logging_mixin.py:149} INFO - [2023-07-09T19:07:56.091+0000] {dag.py:2726} INFO - Sync 2 DAGs
[2023-07-09T19:07:56.119+0000] {logging_mixin.py:149} INFO - [2023-07-09T19:07:56.119+0000] {dag.py:3490} INFO - Setting next_dagrun for example_external_task_marker_child to None, run_after=None
[2023-07-09T19:07:56.122+0000] {logging_mixin.py:149} INFO - [2023-07-09T19:07:56.122+0000] {dag.py:3490} INFO - Setting next_dagrun for example_external_task_marker_parent to None, run_after=None
[2023-07-09T19:07:56.141+0000] {processor.py:179} INFO - Processing /home/airflow/.local/lib/python3.7/site-packages/airflow/example_dags/example_external_task_marker_dag.py took 0.086 seconds
