[2023-07-09T18:59:48.043+0000] {processor.py:157} INFO - Started process (PID=40) to work on /home/airflow/.local/lib/python3.7/site-packages/airflow/example_dags/example_branch_labels.py
[2023-07-09T18:59:48.044+0000] {processor.py:826} INFO - Processing file /home/airflow/.local/lib/python3.7/site-packages/airflow/example_dags/example_branch_labels.py for tasks to queue
[2023-07-09T18:59:48.045+0000] {logging_mixin.py:149} INFO - [2023-07-09T18:59:48.045+0000] {dagbag.py:541} INFO - Filling up the DagBag from /home/airflow/.local/lib/python3.7/site-packages/airflow/example_dags/example_branch_labels.py
[2023-07-09T18:59:48.055+0000] {processor.py:836} INFO - DAG(s) dict_keys(['example_branch_labels']) retrieved from /home/airflow/.local/lib/python3.7/site-packages/airflow/example_dags/example_branch_labels.py
[2023-07-09T18:59:48.176+0000] {logging_mixin.py:149} INFO - [2023-07-09T18:59:48.176+0000] {manager.py:504} INFO - Created Permission View: can read on DAG:example_branch_labels
[2023-07-09T18:59:48.189+0000] {logging_mixin.py:149} INFO - [2023-07-09T18:59:48.188+0000] {manager.py:504} INFO - Created Permission View: can edit on DAG:example_branch_labels
[2023-07-09T18:59:48.196+0000] {logging_mixin.py:149} INFO - [2023-07-09T18:59:48.196+0000] {manager.py:504} INFO - Created Permission View: can delete on DAG:example_branch_labels
[2023-07-09T18:59:48.214+0000] {logging_mixin.py:149} INFO - [2023-07-09T18:59:48.214+0000] {dag.py:2726} INFO - Sync 1 DAGs
[2023-07-09T18:59:48.236+0000] {logging_mixin.py:149} INFO - [2023-07-09T18:59:48.236+0000] {dag.py:2747} INFO - Creating ORM DAG for example_branch_labels
[2023-07-09T18:59:48.251+0000] {logging_mixin.py:149} INFO - [2023-07-09T18:59:48.251+0000] {dag.py:3490} INFO - Setting next_dagrun for example_branch_labels to 2023-07-08T00:00:00+00:00, run_after=2023-07-09T00:00:00+00:00
[2023-07-09T18:59:48.268+0000] {processor.py:179} INFO - Processing /home/airflow/.local/lib/python3.7/site-packages/airflow/example_dags/example_branch_labels.py took 0.228 seconds
[2023-07-09T19:00:18.804+0000] {processor.py:157} INFO - Started process (PID=105) to work on /home/airflow/.local/lib/python3.7/site-packages/airflow/example_dags/example_branch_labels.py
[2023-07-09T19:00:18.809+0000] {processor.py:826} INFO - Processing file /home/airflow/.local/lib/python3.7/site-packages/airflow/example_dags/example_branch_labels.py for tasks to queue
[2023-07-09T19:00:18.809+0000] {logging_mixin.py:149} INFO - [2023-07-09T19:00:18.809+0000] {dagbag.py:541} INFO - Filling up the DagBag from /home/airflow/.local/lib/python3.7/site-packages/airflow/example_dags/example_branch_labels.py
[2023-07-09T19:00:18.816+0000] {processor.py:836} INFO - DAG(s) dict_keys(['example_branch_labels']) retrieved from /home/airflow/.local/lib/python3.7/site-packages/airflow/example_dags/example_branch_labels.py
[2023-07-09T19:00:18.842+0000] {logging_mixin.py:149} INFO - [2023-07-09T19:00:18.841+0000] {dag.py:2726} INFO - Sync 1 DAGs
[2023-07-09T19:00:18.866+0000] {logging_mixin.py:149} INFO - [2023-07-09T19:00:18.866+0000] {dag.py:3490} INFO - Setting next_dagrun for example_branch_labels to 2023-07-08T00:00:00+00:00, run_after=2023-07-09T00:00:00+00:00
[2023-07-09T19:00:18.895+0000] {processor.py:179} INFO - Processing /home/airflow/.local/lib/python3.7/site-packages/airflow/example_dags/example_branch_labels.py took 0.094 seconds
[2023-07-09T19:00:49.002+0000] {processor.py:157} INFO - Started process (PID=170) to work on /home/airflow/.local/lib/python3.7/site-packages/airflow/example_dags/example_branch_labels.py
[2023-07-09T19:00:49.003+0000] {processor.py:826} INFO - Processing file /home/airflow/.local/lib/python3.7/site-packages/airflow/example_dags/example_branch_labels.py for tasks to queue
[2023-07-09T19:00:49.004+0000] {logging_mixin.py:149} INFO - [2023-07-09T19:00:49.004+0000] {dagbag.py:541} INFO - Filling up the DagBag from /home/airflow/.local/lib/python3.7/site-packages/airflow/example_dags/example_branch_labels.py
[2023-07-09T19:00:49.010+0000] {processor.py:836} INFO - DAG(s) dict_keys(['example_branch_labels']) retrieved from /home/airflow/.local/lib/python3.7/site-packages/airflow/example_dags/example_branch_labels.py
[2023-07-09T19:00:49.035+0000] {logging_mixin.py:149} INFO - [2023-07-09T19:00:49.035+0000] {dag.py:2726} INFO - Sync 1 DAGs
[2023-07-09T19:00:49.061+0000] {logging_mixin.py:149} INFO - [2023-07-09T19:00:49.061+0000] {dag.py:3490} INFO - Setting next_dagrun for example_branch_labels to 2023-07-08T00:00:00+00:00, run_after=2023-07-09T00:00:00+00:00
[2023-07-09T19:00:49.081+0000] {processor.py:179} INFO - Processing /home/airflow/.local/lib/python3.7/site-packages/airflow/example_dags/example_branch_labels.py took 0.082 seconds
[2023-07-09T19:01:19.245+0000] {processor.py:157} INFO - Started process (PID=235) to work on /home/airflow/.local/lib/python3.7/site-packages/airflow/example_dags/example_branch_labels.py
[2023-07-09T19:01:19.246+0000] {processor.py:826} INFO - Processing file /home/airflow/.local/lib/python3.7/site-packages/airflow/example_dags/example_branch_labels.py for tasks to queue
[2023-07-09T19:01:19.247+0000] {logging_mixin.py:149} INFO - [2023-07-09T19:01:19.247+0000] {dagbag.py:541} INFO - Filling up the DagBag from /home/airflow/.local/lib/python3.7/site-packages/airflow/example_dags/example_branch_labels.py
[2023-07-09T19:01:19.254+0000] {processor.py:836} INFO - DAG(s) dict_keys(['example_branch_labels']) retrieved from /home/airflow/.local/lib/python3.7/site-packages/airflow/example_dags/example_branch_labels.py
[2023-07-09T19:01:19.277+0000] {logging_mixin.py:149} INFO - [2023-07-09T19:01:19.277+0000] {dag.py:2726} INFO - Sync 1 DAGs
[2023-07-09T19:01:19.304+0000] {logging_mixin.py:149} INFO - [2023-07-09T19:01:19.304+0000] {dag.py:3490} INFO - Setting next_dagrun for example_branch_labels to 2023-07-08T00:00:00+00:00, run_after=2023-07-09T00:00:00+00:00
[2023-07-09T19:01:19.322+0000] {processor.py:179} INFO - Processing /home/airflow/.local/lib/python3.7/site-packages/airflow/example_dags/example_branch_labels.py took 0.080 seconds
[2023-07-09T19:01:49.879+0000] {processor.py:157} INFO - Started process (PID=300) to work on /home/airflow/.local/lib/python3.7/site-packages/airflow/example_dags/example_branch_labels.py
[2023-07-09T19:01:49.880+0000] {processor.py:826} INFO - Processing file /home/airflow/.local/lib/python3.7/site-packages/airflow/example_dags/example_branch_labels.py for tasks to queue
[2023-07-09T19:01:49.881+0000] {logging_mixin.py:149} INFO - [2023-07-09T19:01:49.881+0000] {dagbag.py:541} INFO - Filling up the DagBag from /home/airflow/.local/lib/python3.7/site-packages/airflow/example_dags/example_branch_labels.py
[2023-07-09T19:01:49.887+0000] {processor.py:836} INFO - DAG(s) dict_keys(['example_branch_labels']) retrieved from /home/airflow/.local/lib/python3.7/site-packages/airflow/example_dags/example_branch_labels.py
[2023-07-09T19:01:49.910+0000] {logging_mixin.py:149} INFO - [2023-07-09T19:01:49.910+0000] {dag.py:2726} INFO - Sync 1 DAGs
[2023-07-09T19:01:49.935+0000] {logging_mixin.py:149} INFO - [2023-07-09T19:01:49.935+0000] {dag.py:3490} INFO - Setting next_dagrun for example_branch_labels to 2023-07-08T00:00:00+00:00, run_after=2023-07-09T00:00:00+00:00
[2023-07-09T19:01:49.953+0000] {processor.py:179} INFO - Processing /home/airflow/.local/lib/python3.7/site-packages/airflow/example_dags/example_branch_labels.py took 0.077 seconds
[2023-07-09T19:02:20.447+0000] {processor.py:157} INFO - Started process (PID=365) to work on /home/airflow/.local/lib/python3.7/site-packages/airflow/example_dags/example_branch_labels.py
[2023-07-09T19:02:20.448+0000] {processor.py:826} INFO - Processing file /home/airflow/.local/lib/python3.7/site-packages/airflow/example_dags/example_branch_labels.py for tasks to queue
[2023-07-09T19:02:20.449+0000] {logging_mixin.py:149} INFO - [2023-07-09T19:02:20.449+0000] {dagbag.py:541} INFO - Filling up the DagBag from /home/airflow/.local/lib/python3.7/site-packages/airflow/example_dags/example_branch_labels.py
[2023-07-09T19:02:20.455+0000] {processor.py:836} INFO - DAG(s) dict_keys(['example_branch_labels']) retrieved from /home/airflow/.local/lib/python3.7/site-packages/airflow/example_dags/example_branch_labels.py
[2023-07-09T19:02:20.480+0000] {logging_mixin.py:149} INFO - [2023-07-09T19:02:20.480+0000] {dag.py:2726} INFO - Sync 1 DAGs
[2023-07-09T19:02:20.512+0000] {logging_mixin.py:149} INFO - [2023-07-09T19:02:20.512+0000] {dag.py:3490} INFO - Setting next_dagrun for example_branch_labels to 2023-07-08T00:00:00+00:00, run_after=2023-07-09T00:00:00+00:00
[2023-07-09T19:02:20.535+0000] {processor.py:179} INFO - Processing /home/airflow/.local/lib/python3.7/site-packages/airflow/example_dags/example_branch_labels.py took 0.092 seconds
[2023-07-09T19:02:50.727+0000] {processor.py:157} INFO - Started process (PID=430) to work on /home/airflow/.local/lib/python3.7/site-packages/airflow/example_dags/example_branch_labels.py
[2023-07-09T19:02:50.729+0000] {processor.py:826} INFO - Processing file /home/airflow/.local/lib/python3.7/site-packages/airflow/example_dags/example_branch_labels.py for tasks to queue
[2023-07-09T19:02:50.729+0000] {logging_mixin.py:149} INFO - [2023-07-09T19:02:50.729+0000] {dagbag.py:541} INFO - Filling up the DagBag from /home/airflow/.local/lib/python3.7/site-packages/airflow/example_dags/example_branch_labels.py
[2023-07-09T19:02:50.737+0000] {processor.py:836} INFO - DAG(s) dict_keys(['example_branch_labels']) retrieved from /home/airflow/.local/lib/python3.7/site-packages/airflow/example_dags/example_branch_labels.py
[2023-07-09T19:02:50.762+0000] {logging_mixin.py:149} INFO - [2023-07-09T19:02:50.762+0000] {dag.py:2726} INFO - Sync 1 DAGs
[2023-07-09T19:02:50.791+0000] {logging_mixin.py:149} INFO - [2023-07-09T19:02:50.791+0000] {dag.py:3490} INFO - Setting next_dagrun for example_branch_labels to 2023-07-08T00:00:00+00:00, run_after=2023-07-09T00:00:00+00:00
[2023-07-09T19:02:50.815+0000] {processor.py:179} INFO - Processing /home/airflow/.local/lib/python3.7/site-packages/airflow/example_dags/example_branch_labels.py took 0.091 seconds
[2023-07-09T19:03:20.974+0000] {processor.py:157} INFO - Started process (PID=495) to work on /home/airflow/.local/lib/python3.7/site-packages/airflow/example_dags/example_branch_labels.py
[2023-07-09T19:03:20.975+0000] {processor.py:826} INFO - Processing file /home/airflow/.local/lib/python3.7/site-packages/airflow/example_dags/example_branch_labels.py for tasks to queue
[2023-07-09T19:03:20.976+0000] {logging_mixin.py:149} INFO - [2023-07-09T19:03:20.976+0000] {dagbag.py:541} INFO - Filling up the DagBag from /home/airflow/.local/lib/python3.7/site-packages/airflow/example_dags/example_branch_labels.py
[2023-07-09T19:03:20.985+0000] {processor.py:836} INFO - DAG(s) dict_keys(['example_branch_labels']) retrieved from /home/airflow/.local/lib/python3.7/site-packages/airflow/example_dags/example_branch_labels.py
[2023-07-09T19:03:21.013+0000] {logging_mixin.py:149} INFO - [2023-07-09T19:03:21.013+0000] {dag.py:2726} INFO - Sync 1 DAGs
[2023-07-09T19:03:21.039+0000] {logging_mixin.py:149} INFO - [2023-07-09T19:03:21.039+0000] {dag.py:3490} INFO - Setting next_dagrun for example_branch_labels to 2023-07-08T00:00:00+00:00, run_after=2023-07-09T00:00:00+00:00
[2023-07-09T19:03:21.063+0000] {processor.py:179} INFO - Processing /home/airflow/.local/lib/python3.7/site-packages/airflow/example_dags/example_branch_labels.py took 0.091 seconds
[2023-07-09T19:03:51.282+0000] {processor.py:157} INFO - Started process (PID=560) to work on /home/airflow/.local/lib/python3.7/site-packages/airflow/example_dags/example_branch_labels.py
[2023-07-09T19:03:51.283+0000] {processor.py:826} INFO - Processing file /home/airflow/.local/lib/python3.7/site-packages/airflow/example_dags/example_branch_labels.py for tasks to queue
[2023-07-09T19:03:51.283+0000] {logging_mixin.py:149} INFO - [2023-07-09T19:03:51.283+0000] {dagbag.py:541} INFO - Filling up the DagBag from /home/airflow/.local/lib/python3.7/site-packages/airflow/example_dags/example_branch_labels.py
[2023-07-09T19:03:51.290+0000] {processor.py:836} INFO - DAG(s) dict_keys(['example_branch_labels']) retrieved from /home/airflow/.local/lib/python3.7/site-packages/airflow/example_dags/example_branch_labels.py
[2023-07-09T19:03:51.313+0000] {logging_mixin.py:149} INFO - [2023-07-09T19:03:51.313+0000] {dag.py:2726} INFO - Sync 1 DAGs
[2023-07-09T19:03:51.339+0000] {logging_mixin.py:149} INFO - [2023-07-09T19:03:51.338+0000] {dag.py:3490} INFO - Setting next_dagrun for example_branch_labels to 2023-07-08T00:00:00+00:00, run_after=2023-07-09T00:00:00+00:00
[2023-07-09T19:03:51.356+0000] {processor.py:179} INFO - Processing /home/airflow/.local/lib/python3.7/site-packages/airflow/example_dags/example_branch_labels.py took 0.078 seconds
[2023-07-09T19:04:21.575+0000] {processor.py:157} INFO - Started process (PID=625) to work on /home/airflow/.local/lib/python3.7/site-packages/airflow/example_dags/example_branch_labels.py
[2023-07-09T19:04:21.576+0000] {processor.py:826} INFO - Processing file /home/airflow/.local/lib/python3.7/site-packages/airflow/example_dags/example_branch_labels.py for tasks to queue
[2023-07-09T19:04:21.577+0000] {logging_mixin.py:149} INFO - [2023-07-09T19:04:21.577+0000] {dagbag.py:541} INFO - Filling up the DagBag from /home/airflow/.local/lib/python3.7/site-packages/airflow/example_dags/example_branch_labels.py
[2023-07-09T19:04:21.583+0000] {processor.py:836} INFO - DAG(s) dict_keys(['example_branch_labels']) retrieved from /home/airflow/.local/lib/python3.7/site-packages/airflow/example_dags/example_branch_labels.py
[2023-07-09T19:04:21.607+0000] {logging_mixin.py:149} INFO - [2023-07-09T19:04:21.607+0000] {dag.py:2726} INFO - Sync 1 DAGs
[2023-07-09T19:04:21.632+0000] {logging_mixin.py:149} INFO - [2023-07-09T19:04:21.632+0000] {dag.py:3490} INFO - Setting next_dagrun for example_branch_labels to 2023-07-08T00:00:00+00:00, run_after=2023-07-09T00:00:00+00:00
[2023-07-09T19:04:21.652+0000] {processor.py:179} INFO - Processing /home/airflow/.local/lib/python3.7/site-packages/airflow/example_dags/example_branch_labels.py took 0.080 seconds
[2023-07-09T19:04:52.364+0000] {processor.py:157} INFO - Started process (PID=690) to work on /home/airflow/.local/lib/python3.7/site-packages/airflow/example_dags/example_branch_labels.py
[2023-07-09T19:04:52.365+0000] {processor.py:826} INFO - Processing file /home/airflow/.local/lib/python3.7/site-packages/airflow/example_dags/example_branch_labels.py for tasks to queue
[2023-07-09T19:04:52.366+0000] {logging_mixin.py:149} INFO - [2023-07-09T19:04:52.366+0000] {dagbag.py:541} INFO - Filling up the DagBag from /home/airflow/.local/lib/python3.7/site-packages/airflow/example_dags/example_branch_labels.py
[2023-07-09T19:04:52.372+0000] {processor.py:836} INFO - DAG(s) dict_keys(['example_branch_labels']) retrieved from /home/airflow/.local/lib/python3.7/site-packages/airflow/example_dags/example_branch_labels.py
[2023-07-09T19:04:52.397+0000] {logging_mixin.py:149} INFO - [2023-07-09T19:04:52.397+0000] {dag.py:2726} INFO - Sync 1 DAGs
[2023-07-09T19:04:52.422+0000] {logging_mixin.py:149} INFO - [2023-07-09T19:04:52.422+0000] {dag.py:3490} INFO - Setting next_dagrun for example_branch_labels to 2023-07-08T00:00:00+00:00, run_after=2023-07-09T00:00:00+00:00
[2023-07-09T19:04:52.446+0000] {processor.py:179} INFO - Processing /home/airflow/.local/lib/python3.7/site-packages/airflow/example_dags/example_branch_labels.py took 0.086 seconds
[2023-07-09T19:05:23.029+0000] {processor.py:157} INFO - Started process (PID=755) to work on /home/airflow/.local/lib/python3.7/site-packages/airflow/example_dags/example_branch_labels.py
[2023-07-09T19:05:23.030+0000] {processor.py:826} INFO - Processing file /home/airflow/.local/lib/python3.7/site-packages/airflow/example_dags/example_branch_labels.py for tasks to queue
[2023-07-09T19:05:23.031+0000] {logging_mixin.py:149} INFO - [2023-07-09T19:05:23.031+0000] {dagbag.py:541} INFO - Filling up the DagBag from /home/airflow/.local/lib/python3.7/site-packages/airflow/example_dags/example_branch_labels.py
[2023-07-09T19:05:23.038+0000] {processor.py:836} INFO - DAG(s) dict_keys(['example_branch_labels']) retrieved from /home/airflow/.local/lib/python3.7/site-packages/airflow/example_dags/example_branch_labels.py
[2023-07-09T19:05:23.069+0000] {logging_mixin.py:149} INFO - [2023-07-09T19:05:23.069+0000] {dag.py:2726} INFO - Sync 1 DAGs
[2023-07-09T19:05:23.106+0000] {logging_mixin.py:149} INFO - [2023-07-09T19:05:23.106+0000] {dag.py:3490} INFO - Setting next_dagrun for example_branch_labels to 2023-07-08T00:00:00+00:00, run_after=2023-07-09T00:00:00+00:00
[2023-07-09T19:05:23.132+0000] {processor.py:179} INFO - Processing /home/airflow/.local/lib/python3.7/site-packages/airflow/example_dags/example_branch_labels.py took 0.107 seconds
[2023-07-09T19:05:53.347+0000] {processor.py:157} INFO - Started process (PID=820) to work on /home/airflow/.local/lib/python3.7/site-packages/airflow/example_dags/example_branch_labels.py
[2023-07-09T19:05:53.348+0000] {processor.py:826} INFO - Processing file /home/airflow/.local/lib/python3.7/site-packages/airflow/example_dags/example_branch_labels.py for tasks to queue
[2023-07-09T19:05:53.349+0000] {logging_mixin.py:149} INFO - [2023-07-09T19:05:53.349+0000] {dagbag.py:541} INFO - Filling up the DagBag from /home/airflow/.local/lib/python3.7/site-packages/airflow/example_dags/example_branch_labels.py
[2023-07-09T19:05:53.355+0000] {processor.py:836} INFO - DAG(s) dict_keys(['example_branch_labels']) retrieved from /home/airflow/.local/lib/python3.7/site-packages/airflow/example_dags/example_branch_labels.py
[2023-07-09T19:05:53.380+0000] {logging_mixin.py:149} INFO - [2023-07-09T19:05:53.380+0000] {dag.py:2726} INFO - Sync 1 DAGs
[2023-07-09T19:05:53.408+0000] {logging_mixin.py:149} INFO - [2023-07-09T19:05:53.408+0000] {dag.py:3490} INFO - Setting next_dagrun for example_branch_labels to 2023-07-08T00:00:00+00:00, run_after=2023-07-09T00:00:00+00:00
[2023-07-09T19:05:53.429+0000] {processor.py:179} INFO - Processing /home/airflow/.local/lib/python3.7/site-packages/airflow/example_dags/example_branch_labels.py took 0.085 seconds
[2023-07-09T19:06:23.661+0000] {processor.py:157} INFO - Started process (PID=885) to work on /home/airflow/.local/lib/python3.7/site-packages/airflow/example_dags/example_branch_labels.py
[2023-07-09T19:06:23.663+0000] {processor.py:826} INFO - Processing file /home/airflow/.local/lib/python3.7/site-packages/airflow/example_dags/example_branch_labels.py for tasks to queue
[2023-07-09T19:06:23.663+0000] {logging_mixin.py:149} INFO - [2023-07-09T19:06:23.663+0000] {dagbag.py:541} INFO - Filling up the DagBag from /home/airflow/.local/lib/python3.7/site-packages/airflow/example_dags/example_branch_labels.py
[2023-07-09T19:06:23.674+0000] {processor.py:836} INFO - DAG(s) dict_keys(['example_branch_labels']) retrieved from /home/airflow/.local/lib/python3.7/site-packages/airflow/example_dags/example_branch_labels.py
[2023-07-09T19:06:23.699+0000] {logging_mixin.py:149} INFO - [2023-07-09T19:06:23.699+0000] {dag.py:2726} INFO - Sync 1 DAGs
[2023-07-09T19:06:23.728+0000] {logging_mixin.py:149} INFO - [2023-07-09T19:06:23.728+0000] {dag.py:3490} INFO - Setting next_dagrun for example_branch_labels to 2023-07-08T00:00:00+00:00, run_after=2023-07-09T00:00:00+00:00
[2023-07-09T19:06:23.752+0000] {processor.py:179} INFO - Processing /home/airflow/.local/lib/python3.7/site-packages/airflow/example_dags/example_branch_labels.py took 0.094 seconds
[2023-07-09T19:06:54.649+0000] {processor.py:157} INFO - Started process (PID=950) to work on /home/airflow/.local/lib/python3.7/site-packages/airflow/example_dags/example_branch_labels.py
[2023-07-09T19:06:54.651+0000] {processor.py:826} INFO - Processing file /home/airflow/.local/lib/python3.7/site-packages/airflow/example_dags/example_branch_labels.py for tasks to queue
[2023-07-09T19:06:54.652+0000] {logging_mixin.py:149} INFO - [2023-07-09T19:06:54.652+0000] {dagbag.py:541} INFO - Filling up the DagBag from /home/airflow/.local/lib/python3.7/site-packages/airflow/example_dags/example_branch_labels.py
[2023-07-09T19:06:54.663+0000] {processor.py:836} INFO - DAG(s) dict_keys(['example_branch_labels']) retrieved from /home/airflow/.local/lib/python3.7/site-packages/airflow/example_dags/example_branch_labels.py
[2023-07-09T19:06:54.703+0000] {logging_mixin.py:149} INFO - [2023-07-09T19:06:54.703+0000] {dag.py:2726} INFO - Sync 1 DAGs
[2023-07-09T19:06:54.741+0000] {logging_mixin.py:149} INFO - [2023-07-09T19:06:54.741+0000] {dag.py:3490} INFO - Setting next_dagrun for example_branch_labels to 2023-07-08T00:00:00+00:00, run_after=2023-07-09T00:00:00+00:00
[2023-07-09T19:06:54.768+0000] {processor.py:179} INFO - Processing /home/airflow/.local/lib/python3.7/site-packages/airflow/example_dags/example_branch_labels.py took 0.124 seconds
[2023-07-09T19:07:24.828+0000] {processor.py:157} INFO - Started process (PID=1014) to work on /home/airflow/.local/lib/python3.7/site-packages/airflow/example_dags/example_branch_labels.py
[2023-07-09T19:07:24.831+0000] {processor.py:826} INFO - Processing file /home/airflow/.local/lib/python3.7/site-packages/airflow/example_dags/example_branch_labels.py for tasks to queue
[2023-07-09T19:07:24.832+0000] {logging_mixin.py:149} INFO - [2023-07-09T19:07:24.832+0000] {dagbag.py:541} INFO - Filling up the DagBag from /home/airflow/.local/lib/python3.7/site-packages/airflow/example_dags/example_branch_labels.py
[2023-07-09T19:07:24.838+0000] {processor.py:836} INFO - DAG(s) dict_keys(['example_branch_labels']) retrieved from /home/airflow/.local/lib/python3.7/site-packages/airflow/example_dags/example_branch_labels.py
[2023-07-09T19:07:24.863+0000] {logging_mixin.py:149} INFO - [2023-07-09T19:07:24.863+0000] {dag.py:2726} INFO - Sync 1 DAGs
[2023-07-09T19:07:24.890+0000] {logging_mixin.py:149} INFO - [2023-07-09T19:07:24.890+0000] {dag.py:3490} INFO - Setting next_dagrun for example_branch_labels to 2023-07-08T00:00:00+00:00, run_after=2023-07-09T00:00:00+00:00
[2023-07-09T19:07:24.908+0000] {processor.py:179} INFO - Processing /home/airflow/.local/lib/python3.7/site-packages/airflow/example_dags/example_branch_labels.py took 0.083 seconds
[2023-07-09T19:07:54.943+0000] {processor.py:157} INFO - Started process (PID=1079) to work on /home/airflow/.local/lib/python3.7/site-packages/airflow/example_dags/example_branch_labels.py
[2023-07-09T19:07:54.945+0000] {processor.py:826} INFO - Processing file /home/airflow/.local/lib/python3.7/site-packages/airflow/example_dags/example_branch_labels.py for tasks to queue
[2023-07-09T19:07:54.946+0000] {logging_mixin.py:149} INFO - [2023-07-09T19:07:54.946+0000] {dagbag.py:541} INFO - Filling up the DagBag from /home/airflow/.local/lib/python3.7/site-packages/airflow/example_dags/example_branch_labels.py
[2023-07-09T19:07:54.953+0000] {processor.py:836} INFO - DAG(s) dict_keys(['example_branch_labels']) retrieved from /home/airflow/.local/lib/python3.7/site-packages/airflow/example_dags/example_branch_labels.py
[2023-07-09T19:07:54.977+0000] {logging_mixin.py:149} INFO - [2023-07-09T19:07:54.977+0000] {dag.py:2726} INFO - Sync 1 DAGs
[2023-07-09T19:07:55.002+0000] {logging_mixin.py:149} INFO - [2023-07-09T19:07:55.001+0000] {dag.py:3490} INFO - Setting next_dagrun for example_branch_labels to 2023-07-08T00:00:00+00:00, run_after=2023-07-09T00:00:00+00:00
[2023-07-09T19:07:55.020+0000] {processor.py:179} INFO - Processing /home/airflow/.local/lib/python3.7/site-packages/airflow/example_dags/example_branch_labels.py took 0.081 seconds
