[2023-07-09T18:59:49.108+0000] {processor.py:157} INFO - Started process (PID=50) to work on /home/airflow/.local/lib/python3.7/site-packages/airflow/example_dags/example_task_group.py
[2023-07-09T18:59:49.109+0000] {processor.py:826} INFO - Processing file /home/airflow/.local/lib/python3.7/site-packages/airflow/example_dags/example_task_group.py for tasks to queue
[2023-07-09T18:59:49.111+0000] {logging_mixin.py:149} INFO - [2023-07-09T18:59:49.111+0000] {dagbag.py:541} INFO - Filling up the DagBag from /home/airflow/.local/lib/python3.7/site-packages/airflow/example_dags/example_task_group.py
[2023-07-09T18:59:49.127+0000] {processor.py:836} INFO - DAG(s) dict_keys(['example_task_group']) retrieved from /home/airflow/.local/lib/python3.7/site-packages/airflow/example_dags/example_task_group.py
[2023-07-09T18:59:49.248+0000] {logging_mixin.py:149} INFO - [2023-07-09T18:59:49.248+0000] {manager.py:504} INFO - Created Permission View: can read on DAG:example_task_group
[2023-07-09T18:59:49.260+0000] {logging_mixin.py:149} INFO - [2023-07-09T18:59:49.260+0000] {manager.py:504} INFO - Created Permission View: can edit on DAG:example_task_group
[2023-07-09T18:59:49.268+0000] {logging_mixin.py:149} INFO - [2023-07-09T18:59:49.268+0000] {manager.py:504} INFO - Created Permission View: can delete on DAG:example_task_group
[2023-07-09T18:59:49.285+0000] {logging_mixin.py:149} INFO - [2023-07-09T18:59:49.285+0000] {dag.py:2726} INFO - Sync 1 DAGs
[2023-07-09T18:59:49.300+0000] {logging_mixin.py:149} INFO - [2023-07-09T18:59:49.300+0000] {dag.py:2747} INFO - Creating ORM DAG for example_task_group
[2023-07-09T18:59:49.315+0000] {logging_mixin.py:149} INFO - [2023-07-09T18:59:49.315+0000] {dag.py:3490} INFO - Setting next_dagrun for example_task_group to 2023-07-08T18:59:49.315197+00:00, run_after=2023-07-09T18:59:49.315197+00:00
[2023-07-09T18:59:49.335+0000] {processor.py:179} INFO - Processing /home/airflow/.local/lib/python3.7/site-packages/airflow/example_dags/example_task_group.py took 0.231 seconds
[2023-07-09T19:00:19.428+0000] {processor.py:157} INFO - Started process (PID=115) to work on /home/airflow/.local/lib/python3.7/site-packages/airflow/example_dags/example_task_group.py
[2023-07-09T19:00:19.429+0000] {processor.py:826} INFO - Processing file /home/airflow/.local/lib/python3.7/site-packages/airflow/example_dags/example_task_group.py for tasks to queue
[2023-07-09T19:00:19.430+0000] {logging_mixin.py:149} INFO - [2023-07-09T19:00:19.429+0000] {dagbag.py:541} INFO - Filling up the DagBag from /home/airflow/.local/lib/python3.7/site-packages/airflow/example_dags/example_task_group.py
[2023-07-09T19:00:19.437+0000] {processor.py:836} INFO - DAG(s) dict_keys(['example_task_group']) retrieved from /home/airflow/.local/lib/python3.7/site-packages/airflow/example_dags/example_task_group.py
[2023-07-09T19:00:19.460+0000] {logging_mixin.py:149} INFO - [2023-07-09T19:00:19.460+0000] {dag.py:2726} INFO - Sync 1 DAGs
[2023-07-09T19:00:19.484+0000] {logging_mixin.py:149} INFO - [2023-07-09T19:00:19.483+0000] {dag.py:3490} INFO - Setting next_dagrun for example_task_group to 2023-07-08T19:00:19.483648+00:00, run_after=2023-07-09T19:00:19.483648+00:00
[2023-07-09T19:00:19.508+0000] {processor.py:179} INFO - Processing /home/airflow/.local/lib/python3.7/site-packages/airflow/example_dags/example_task_group.py took 0.083 seconds
[2023-07-09T19:00:49.593+0000] {processor.py:157} INFO - Started process (PID=180) to work on /home/airflow/.local/lib/python3.7/site-packages/airflow/example_dags/example_task_group.py
[2023-07-09T19:00:49.594+0000] {processor.py:826} INFO - Processing file /home/airflow/.local/lib/python3.7/site-packages/airflow/example_dags/example_task_group.py for tasks to queue
[2023-07-09T19:00:49.595+0000] {logging_mixin.py:149} INFO - [2023-07-09T19:00:49.595+0000] {dagbag.py:541} INFO - Filling up the DagBag from /home/airflow/.local/lib/python3.7/site-packages/airflow/example_dags/example_task_group.py
[2023-07-09T19:00:49.602+0000] {processor.py:836} INFO - DAG(s) dict_keys(['example_task_group']) retrieved from /home/airflow/.local/lib/python3.7/site-packages/airflow/example_dags/example_task_group.py
[2023-07-09T19:00:49.626+0000] {logging_mixin.py:149} INFO - [2023-07-09T19:00:49.626+0000] {dag.py:2726} INFO - Sync 1 DAGs
[2023-07-09T19:00:49.650+0000] {logging_mixin.py:149} INFO - [2023-07-09T19:00:49.650+0000] {dag.py:3490} INFO - Setting next_dagrun for example_task_group to 2023-07-08T19:00:49.649781+00:00, run_after=2023-07-09T19:00:49.649781+00:00
[2023-07-09T19:00:49.669+0000] {processor.py:179} INFO - Processing /home/airflow/.local/lib/python3.7/site-packages/airflow/example_dags/example_task_group.py took 0.078 seconds
[2023-07-09T19:01:19.799+0000] {processor.py:157} INFO - Started process (PID=245) to work on /home/airflow/.local/lib/python3.7/site-packages/airflow/example_dags/example_task_group.py
[2023-07-09T19:01:19.800+0000] {processor.py:826} INFO - Processing file /home/airflow/.local/lib/python3.7/site-packages/airflow/example_dags/example_task_group.py for tasks to queue
[2023-07-09T19:01:19.801+0000] {logging_mixin.py:149} INFO - [2023-07-09T19:01:19.801+0000] {dagbag.py:541} INFO - Filling up the DagBag from /home/airflow/.local/lib/python3.7/site-packages/airflow/example_dags/example_task_group.py
[2023-07-09T19:01:19.808+0000] {processor.py:836} INFO - DAG(s) dict_keys(['example_task_group']) retrieved from /home/airflow/.local/lib/python3.7/site-packages/airflow/example_dags/example_task_group.py
[2023-07-09T19:01:19.832+0000] {logging_mixin.py:149} INFO - [2023-07-09T19:01:19.832+0000] {dag.py:2726} INFO - Sync 1 DAGs
[2023-07-09T19:01:19.856+0000] {logging_mixin.py:149} INFO - [2023-07-09T19:01:19.856+0000] {dag.py:3490} INFO - Setting next_dagrun for example_task_group to 2023-07-08T19:01:19.856403+00:00, run_after=2023-07-09T19:01:19.856403+00:00
[2023-07-09T19:01:19.877+0000] {processor.py:179} INFO - Processing /home/airflow/.local/lib/python3.7/site-packages/airflow/example_dags/example_task_group.py took 0.081 seconds
[2023-07-09T19:01:50.405+0000] {processor.py:157} INFO - Started process (PID=310) to work on /home/airflow/.local/lib/python3.7/site-packages/airflow/example_dags/example_task_group.py
[2023-07-09T19:01:50.406+0000] {processor.py:826} INFO - Processing file /home/airflow/.local/lib/python3.7/site-packages/airflow/example_dags/example_task_group.py for tasks to queue
[2023-07-09T19:01:50.406+0000] {logging_mixin.py:149} INFO - [2023-07-09T19:01:50.406+0000] {dagbag.py:541} INFO - Filling up the DagBag from /home/airflow/.local/lib/python3.7/site-packages/airflow/example_dags/example_task_group.py
[2023-07-09T19:01:50.415+0000] {processor.py:836} INFO - DAG(s) dict_keys(['example_task_group']) retrieved from /home/airflow/.local/lib/python3.7/site-packages/airflow/example_dags/example_task_group.py
[2023-07-09T19:01:50.437+0000] {logging_mixin.py:149} INFO - [2023-07-09T19:01:50.437+0000] {dag.py:2726} INFO - Sync 1 DAGs
[2023-07-09T19:01:50.461+0000] {logging_mixin.py:149} INFO - [2023-07-09T19:01:50.461+0000] {dag.py:3490} INFO - Setting next_dagrun for example_task_group to 2023-07-08T19:01:50.461320+00:00, run_after=2023-07-09T19:01:50.461320+00:00
[2023-07-09T19:01:50.479+0000] {processor.py:179} INFO - Processing /home/airflow/.local/lib/python3.7/site-packages/airflow/example_dags/example_task_group.py took 0.077 seconds
[2023-07-09T19:02:21.025+0000] {processor.py:157} INFO - Started process (PID=375) to work on /home/airflow/.local/lib/python3.7/site-packages/airflow/example_dags/example_task_group.py
[2023-07-09T19:02:21.026+0000] {processor.py:826} INFO - Processing file /home/airflow/.local/lib/python3.7/site-packages/airflow/example_dags/example_task_group.py for tasks to queue
[2023-07-09T19:02:21.027+0000] {logging_mixin.py:149} INFO - [2023-07-09T19:02:21.027+0000] {dagbag.py:541} INFO - Filling up the DagBag from /home/airflow/.local/lib/python3.7/site-packages/airflow/example_dags/example_task_group.py
[2023-07-09T19:02:21.035+0000] {processor.py:836} INFO - DAG(s) dict_keys(['example_task_group']) retrieved from /home/airflow/.local/lib/python3.7/site-packages/airflow/example_dags/example_task_group.py
[2023-07-09T19:02:21.059+0000] {logging_mixin.py:149} INFO - [2023-07-09T19:02:21.059+0000] {dag.py:2726} INFO - Sync 1 DAGs
[2023-07-09T19:02:21.083+0000] {logging_mixin.py:149} INFO - [2023-07-09T19:02:21.082+0000] {dag.py:3490} INFO - Setting next_dagrun for example_task_group to 2023-07-08T19:02:21.082676+00:00, run_after=2023-07-09T19:02:21.082676+00:00
[2023-07-09T19:02:21.099+0000] {processor.py:179} INFO - Processing /home/airflow/.local/lib/python3.7/site-packages/airflow/example_dags/example_task_group.py took 0.077 seconds
[2023-07-09T19:02:51.338+0000] {processor.py:157} INFO - Started process (PID=440) to work on /home/airflow/.local/lib/python3.7/site-packages/airflow/example_dags/example_task_group.py
[2023-07-09T19:02:51.339+0000] {processor.py:826} INFO - Processing file /home/airflow/.local/lib/python3.7/site-packages/airflow/example_dags/example_task_group.py for tasks to queue
[2023-07-09T19:02:51.340+0000] {logging_mixin.py:149} INFO - [2023-07-09T19:02:51.340+0000] {dagbag.py:541} INFO - Filling up the DagBag from /home/airflow/.local/lib/python3.7/site-packages/airflow/example_dags/example_task_group.py
[2023-07-09T19:02:51.349+0000] {processor.py:836} INFO - DAG(s) dict_keys(['example_task_group']) retrieved from /home/airflow/.local/lib/python3.7/site-packages/airflow/example_dags/example_task_group.py
[2023-07-09T19:02:51.375+0000] {logging_mixin.py:149} INFO - [2023-07-09T19:02:51.374+0000] {dag.py:2726} INFO - Sync 1 DAGs
[2023-07-09T19:02:51.400+0000] {logging_mixin.py:149} INFO - [2023-07-09T19:02:51.400+0000] {dag.py:3490} INFO - Setting next_dagrun for example_task_group to 2023-07-08T19:02:51.400366+00:00, run_after=2023-07-09T19:02:51.400366+00:00
[2023-07-09T19:02:51.421+0000] {processor.py:179} INFO - Processing /home/airflow/.local/lib/python3.7/site-packages/airflow/example_dags/example_task_group.py took 0.086 seconds
[2023-07-09T19:03:21.577+0000] {processor.py:157} INFO - Started process (PID=505) to work on /home/airflow/.local/lib/python3.7/site-packages/airflow/example_dags/example_task_group.py
[2023-07-09T19:03:21.579+0000] {processor.py:826} INFO - Processing file /home/airflow/.local/lib/python3.7/site-packages/airflow/example_dags/example_task_group.py for tasks to queue
[2023-07-09T19:03:21.579+0000] {logging_mixin.py:149} INFO - [2023-07-09T19:03:21.579+0000] {dagbag.py:541} INFO - Filling up the DagBag from /home/airflow/.local/lib/python3.7/site-packages/airflow/example_dags/example_task_group.py
[2023-07-09T19:03:21.589+0000] {processor.py:836} INFO - DAG(s) dict_keys(['example_task_group']) retrieved from /home/airflow/.local/lib/python3.7/site-packages/airflow/example_dags/example_task_group.py
[2023-07-09T19:03:21.614+0000] {logging_mixin.py:149} INFO - [2023-07-09T19:03:21.614+0000] {dag.py:2726} INFO - Sync 1 DAGs
[2023-07-09T19:03:21.638+0000] {logging_mixin.py:149} INFO - [2023-07-09T19:03:21.638+0000] {dag.py:3490} INFO - Setting next_dagrun for example_task_group to 2023-07-08T19:03:21.637939+00:00, run_after=2023-07-09T19:03:21.637939+00:00
[2023-07-09T19:03:21.658+0000] {processor.py:179} INFO - Processing /home/airflow/.local/lib/python3.7/site-packages/airflow/example_dags/example_task_group.py took 0.083 seconds
[2023-07-09T19:03:51.837+0000] {processor.py:157} INFO - Started process (PID=570) to work on /home/airflow/.local/lib/python3.7/site-packages/airflow/example_dags/example_task_group.py
[2023-07-09T19:03:51.838+0000] {processor.py:826} INFO - Processing file /home/airflow/.local/lib/python3.7/site-packages/airflow/example_dags/example_task_group.py for tasks to queue
[2023-07-09T19:03:51.838+0000] {logging_mixin.py:149} INFO - [2023-07-09T19:03:51.838+0000] {dagbag.py:541} INFO - Filling up the DagBag from /home/airflow/.local/lib/python3.7/site-packages/airflow/example_dags/example_task_group.py
[2023-07-09T19:03:51.846+0000] {processor.py:836} INFO - DAG(s) dict_keys(['example_task_group']) retrieved from /home/airflow/.local/lib/python3.7/site-packages/airflow/example_dags/example_task_group.py
[2023-07-09T19:03:51.869+0000] {logging_mixin.py:149} INFO - [2023-07-09T19:03:51.869+0000] {dag.py:2726} INFO - Sync 1 DAGs
[2023-07-09T19:03:51.894+0000] {logging_mixin.py:149} INFO - [2023-07-09T19:03:51.894+0000] {dag.py:3490} INFO - Setting next_dagrun for example_task_group to 2023-07-08T19:03:51.894403+00:00, run_after=2023-07-09T19:03:51.894403+00:00
[2023-07-09T19:03:51.914+0000] {processor.py:179} INFO - Processing /home/airflow/.local/lib/python3.7/site-packages/airflow/example_dags/example_task_group.py took 0.081 seconds
[2023-07-09T19:04:22.131+0000] {processor.py:157} INFO - Started process (PID=635) to work on /home/airflow/.local/lib/python3.7/site-packages/airflow/example_dags/example_task_group.py
[2023-07-09T19:04:22.132+0000] {processor.py:826} INFO - Processing file /home/airflow/.local/lib/python3.7/site-packages/airflow/example_dags/example_task_group.py for tasks to queue
[2023-07-09T19:04:22.132+0000] {logging_mixin.py:149} INFO - [2023-07-09T19:04:22.132+0000] {dagbag.py:541} INFO - Filling up the DagBag from /home/airflow/.local/lib/python3.7/site-packages/airflow/example_dags/example_task_group.py
[2023-07-09T19:04:22.140+0000] {processor.py:836} INFO - DAG(s) dict_keys(['example_task_group']) retrieved from /home/airflow/.local/lib/python3.7/site-packages/airflow/example_dags/example_task_group.py
[2023-07-09T19:04:22.163+0000] {logging_mixin.py:149} INFO - [2023-07-09T19:04:22.163+0000] {dag.py:2726} INFO - Sync 1 DAGs
[2023-07-09T19:04:22.187+0000] {logging_mixin.py:149} INFO - [2023-07-09T19:04:22.187+0000] {dag.py:3490} INFO - Setting next_dagrun for example_task_group to 2023-07-08T19:04:22.187602+00:00, run_after=2023-07-09T19:04:22.187602+00:00
[2023-07-09T19:04:22.206+0000] {processor.py:179} INFO - Processing /home/airflow/.local/lib/python3.7/site-packages/airflow/example_dags/example_task_group.py took 0.079 seconds
[2023-07-09T19:04:52.937+0000] {processor.py:157} INFO - Started process (PID=700) to work on /home/airflow/.local/lib/python3.7/site-packages/airflow/example_dags/example_task_group.py
[2023-07-09T19:04:52.938+0000] {processor.py:826} INFO - Processing file /home/airflow/.local/lib/python3.7/site-packages/airflow/example_dags/example_task_group.py for tasks to queue
[2023-07-09T19:04:52.939+0000] {logging_mixin.py:149} INFO - [2023-07-09T19:04:52.939+0000] {dagbag.py:541} INFO - Filling up the DagBag from /home/airflow/.local/lib/python3.7/site-packages/airflow/example_dags/example_task_group.py
[2023-07-09T19:04:52.950+0000] {processor.py:836} INFO - DAG(s) dict_keys(['example_task_group']) retrieved from /home/airflow/.local/lib/python3.7/site-packages/airflow/example_dags/example_task_group.py
[2023-07-09T19:04:52.976+0000] {logging_mixin.py:149} INFO - [2023-07-09T19:04:52.976+0000] {dag.py:2726} INFO - Sync 1 DAGs
[2023-07-09T19:04:53.001+0000] {logging_mixin.py:149} INFO - [2023-07-09T19:04:53.001+0000] {dag.py:3490} INFO - Setting next_dagrun for example_task_group to 2023-07-08T19:04:53.001251+00:00, run_after=2023-07-09T19:04:53.001251+00:00
[2023-07-09T19:04:53.021+0000] {processor.py:179} INFO - Processing /home/airflow/.local/lib/python3.7/site-packages/airflow/example_dags/example_task_group.py took 0.086 seconds
[2023-07-09T19:05:23.817+0000] {processor.py:157} INFO - Started process (PID=765) to work on /home/airflow/.local/lib/python3.7/site-packages/airflow/example_dags/example_task_group.py
[2023-07-09T19:05:23.818+0000] {processor.py:826} INFO - Processing file /home/airflow/.local/lib/python3.7/site-packages/airflow/example_dags/example_task_group.py for tasks to queue
[2023-07-09T19:05:23.819+0000] {logging_mixin.py:149} INFO - [2023-07-09T19:05:23.818+0000] {dagbag.py:541} INFO - Filling up the DagBag from /home/airflow/.local/lib/python3.7/site-packages/airflow/example_dags/example_task_group.py
[2023-07-09T19:05:23.828+0000] {processor.py:836} INFO - DAG(s) dict_keys(['example_task_group']) retrieved from /home/airflow/.local/lib/python3.7/site-packages/airflow/example_dags/example_task_group.py
[2023-07-09T19:05:23.859+0000] {logging_mixin.py:149} INFO - [2023-07-09T19:05:23.859+0000] {dag.py:2726} INFO - Sync 1 DAGs
[2023-07-09T19:05:23.896+0000] {logging_mixin.py:149} INFO - [2023-07-09T19:05:23.896+0000] {dag.py:3490} INFO - Setting next_dagrun for example_task_group to 2023-07-08T19:05:23.895989+00:00, run_after=2023-07-09T19:05:23.895989+00:00
[2023-07-09T19:05:23.934+0000] {processor.py:179} INFO - Processing /home/airflow/.local/lib/python3.7/site-packages/airflow/example_dags/example_task_group.py took 0.122 seconds
[2023-07-09T19:05:53.980+0000] {processor.py:157} INFO - Started process (PID=830) to work on /home/airflow/.local/lib/python3.7/site-packages/airflow/example_dags/example_task_group.py
[2023-07-09T19:05:53.981+0000] {processor.py:826} INFO - Processing file /home/airflow/.local/lib/python3.7/site-packages/airflow/example_dags/example_task_group.py for tasks to queue
[2023-07-09T19:05:53.981+0000] {logging_mixin.py:149} INFO - [2023-07-09T19:05:53.981+0000] {dagbag.py:541} INFO - Filling up the DagBag from /home/airflow/.local/lib/python3.7/site-packages/airflow/example_dags/example_task_group.py
[2023-07-09T19:05:53.988+0000] {processor.py:836} INFO - DAG(s) dict_keys(['example_task_group']) retrieved from /home/airflow/.local/lib/python3.7/site-packages/airflow/example_dags/example_task_group.py
[2023-07-09T19:05:54.012+0000] {logging_mixin.py:149} INFO - [2023-07-09T19:05:54.012+0000] {dag.py:2726} INFO - Sync 1 DAGs
[2023-07-09T19:05:54.034+0000] {logging_mixin.py:149} INFO - [2023-07-09T19:05:54.034+0000] {dag.py:3490} INFO - Setting next_dagrun for example_task_group to 2023-07-08T19:05:54.034475+00:00, run_after=2023-07-09T19:05:54.034475+00:00
[2023-07-09T19:05:54.052+0000] {processor.py:179} INFO - Processing /home/airflow/.local/lib/python3.7/site-packages/airflow/example_dags/example_task_group.py took 0.076 seconds
[2023-07-09T19:06:24.238+0000] {processor.py:157} INFO - Started process (PID=895) to work on /home/airflow/.local/lib/python3.7/site-packages/airflow/example_dags/example_task_group.py
[2023-07-09T19:06:24.239+0000] {processor.py:826} INFO - Processing file /home/airflow/.local/lib/python3.7/site-packages/airflow/example_dags/example_task_group.py for tasks to queue
[2023-07-09T19:06:24.240+0000] {logging_mixin.py:149} INFO - [2023-07-09T19:06:24.240+0000] {dagbag.py:541} INFO - Filling up the DagBag from /home/airflow/.local/lib/python3.7/site-packages/airflow/example_dags/example_task_group.py
[2023-07-09T19:06:24.249+0000] {processor.py:836} INFO - DAG(s) dict_keys(['example_task_group']) retrieved from /home/airflow/.local/lib/python3.7/site-packages/airflow/example_dags/example_task_group.py
[2023-07-09T19:06:24.277+0000] {logging_mixin.py:149} INFO - [2023-07-09T19:06:24.277+0000] {dag.py:2726} INFO - Sync 1 DAGs
[2023-07-09T19:06:24.308+0000] {logging_mixin.py:149} INFO - [2023-07-09T19:06:24.308+0000] {dag.py:3490} INFO - Setting next_dagrun for example_task_group to 2023-07-08T19:06:24.307854+00:00, run_after=2023-07-09T19:06:24.307854+00:00
[2023-07-09T19:06:24.330+0000] {processor.py:179} INFO - Processing /home/airflow/.local/lib/python3.7/site-packages/airflow/example_dags/example_task_group.py took 0.096 seconds
[2023-07-09T19:06:55.294+0000] {processor.py:157} INFO - Started process (PID=960) to work on /home/airflow/.local/lib/python3.7/site-packages/airflow/example_dags/example_task_group.py
[2023-07-09T19:06:55.296+0000] {processor.py:826} INFO - Processing file /home/airflow/.local/lib/python3.7/site-packages/airflow/example_dags/example_task_group.py for tasks to queue
[2023-07-09T19:06:55.296+0000] {logging_mixin.py:149} INFO - [2023-07-09T19:06:55.296+0000] {dagbag.py:541} INFO - Filling up the DagBag from /home/airflow/.local/lib/python3.7/site-packages/airflow/example_dags/example_task_group.py
[2023-07-09T19:06:55.307+0000] {processor.py:836} INFO - DAG(s) dict_keys(['example_task_group']) retrieved from /home/airflow/.local/lib/python3.7/site-packages/airflow/example_dags/example_task_group.py
[2023-07-09T19:06:55.333+0000] {logging_mixin.py:149} INFO - [2023-07-09T19:06:55.333+0000] {dag.py:2726} INFO - Sync 1 DAGs
[2023-07-09T19:06:55.361+0000] {logging_mixin.py:149} INFO - [2023-07-09T19:06:55.361+0000] {dag.py:3490} INFO - Setting next_dagrun for example_task_group to 2023-07-08T19:06:55.361451+00:00, run_after=2023-07-09T19:06:55.361451+00:00
[2023-07-09T19:06:55.382+0000] {processor.py:179} INFO - Processing /home/airflow/.local/lib/python3.7/site-packages/airflow/example_dags/example_task_group.py took 0.091 seconds
[2023-07-09T19:07:25.528+0000] {processor.py:157} INFO - Started process (PID=1025) to work on /home/airflow/.local/lib/python3.7/site-packages/airflow/example_dags/example_task_group.py
[2023-07-09T19:07:25.529+0000] {processor.py:826} INFO - Processing file /home/airflow/.local/lib/python3.7/site-packages/airflow/example_dags/example_task_group.py for tasks to queue
[2023-07-09T19:07:25.530+0000] {logging_mixin.py:149} INFO - [2023-07-09T19:07:25.529+0000] {dagbag.py:541} INFO - Filling up the DagBag from /home/airflow/.local/lib/python3.7/site-packages/airflow/example_dags/example_task_group.py
[2023-07-09T19:07:25.537+0000] {processor.py:836} INFO - DAG(s) dict_keys(['example_task_group']) retrieved from /home/airflow/.local/lib/python3.7/site-packages/airflow/example_dags/example_task_group.py
[2023-07-09T19:07:25.566+0000] {logging_mixin.py:149} INFO - [2023-07-09T19:07:25.566+0000] {dag.py:2726} INFO - Sync 1 DAGs
[2023-07-09T19:07:25.594+0000] {logging_mixin.py:149} INFO - [2023-07-09T19:07:25.594+0000] {dag.py:3490} INFO - Setting next_dagrun for example_task_group to 2023-07-08T19:07:25.594216+00:00, run_after=2023-07-09T19:07:25.594216+00:00
[2023-07-09T19:07:25.614+0000] {processor.py:179} INFO - Processing /home/airflow/.local/lib/python3.7/site-packages/airflow/example_dags/example_task_group.py took 0.089 seconds
[2023-07-09T19:07:55.769+0000] {processor.py:157} INFO - Started process (PID=1090) to work on /home/airflow/.local/lib/python3.7/site-packages/airflow/example_dags/example_task_group.py
[2023-07-09T19:07:55.770+0000] {processor.py:826} INFO - Processing file /home/airflow/.local/lib/python3.7/site-packages/airflow/example_dags/example_task_group.py for tasks to queue
[2023-07-09T19:07:55.771+0000] {logging_mixin.py:149} INFO - [2023-07-09T19:07:55.770+0000] {dagbag.py:541} INFO - Filling up the DagBag from /home/airflow/.local/lib/python3.7/site-packages/airflow/example_dags/example_task_group.py
[2023-07-09T19:07:55.778+0000] {processor.py:836} INFO - DAG(s) dict_keys(['example_task_group']) retrieved from /home/airflow/.local/lib/python3.7/site-packages/airflow/example_dags/example_task_group.py
[2023-07-09T19:07:55.801+0000] {logging_mixin.py:149} INFO - [2023-07-09T19:07:55.801+0000] {dag.py:2726} INFO - Sync 1 DAGs
[2023-07-09T19:07:55.826+0000] {logging_mixin.py:149} INFO - [2023-07-09T19:07:55.826+0000] {dag.py:3490} INFO - Setting next_dagrun for example_task_group to 2023-07-08T19:07:55.825793+00:00, run_after=2023-07-09T19:07:55.825793+00:00
[2023-07-09T19:07:55.845+0000] {processor.py:179} INFO - Processing /home/airflow/.local/lib/python3.7/site-packages/airflow/example_dags/example_task_group.py took 0.078 seconds
