[2023-07-09T18:59:49.063+0000] {processor.py:157} INFO - Started process (PID=49) to work on /home/airflow/.local/lib/python3.7/site-packages/airflow/example_dags/tutorial_dag.py
[2023-07-09T18:59:49.063+0000] {processor.py:826} INFO - Processing file /home/airflow/.local/lib/python3.7/site-packages/airflow/example_dags/tutorial_dag.py for tasks to queue
[2023-07-09T18:59:49.064+0000] {logging_mixin.py:149} INFO - [2023-07-09T18:59:49.064+0000] {dagbag.py:541} INFO - Filling up the DagBag from /home/airflow/.local/lib/python3.7/site-packages/airflow/example_dags/tutorial_dag.py
[2023-07-09T18:59:49.073+0000] {processor.py:836} INFO - DAG(s) dict_keys(['tutorial_dag']) retrieved from /home/airflow/.local/lib/python3.7/site-packages/airflow/example_dags/tutorial_dag.py
[2023-07-09T18:59:49.202+0000] {logging_mixin.py:149} INFO - [2023-07-09T18:59:49.202+0000] {manager.py:504} INFO - Created Permission View: can read on DAG:tutorial_dag
[2023-07-09T18:59:49.214+0000] {logging_mixin.py:149} INFO - [2023-07-09T18:59:49.214+0000] {manager.py:504} INFO - Created Permission View: can edit on DAG:tutorial_dag
[2023-07-09T18:59:49.222+0000] {logging_mixin.py:149} INFO - [2023-07-09T18:59:49.222+0000] {manager.py:504} INFO - Created Permission View: can delete on DAG:tutorial_dag
[2023-07-09T18:59:49.240+0000] {logging_mixin.py:149} INFO - [2023-07-09T18:59:49.240+0000] {dag.py:2726} INFO - Sync 1 DAGs
[2023-07-09T18:59:49.253+0000] {logging_mixin.py:149} INFO - [2023-07-09T18:59:49.253+0000] {dag.py:2747} INFO - Creating ORM DAG for tutorial_dag
[2023-07-09T18:59:49.265+0000] {logging_mixin.py:149} INFO - [2023-07-09T18:59:49.265+0000] {dag.py:3490} INFO - Setting next_dagrun for tutorial_dag to None, run_after=None
[2023-07-09T18:59:49.286+0000] {processor.py:179} INFO - Processing /home/airflow/.local/lib/python3.7/site-packages/airflow/example_dags/tutorial_dag.py took 0.227 seconds
[2023-07-09T19:00:19.339+0000] {processor.py:157} INFO - Started process (PID=114) to work on /home/airflow/.local/lib/python3.7/site-packages/airflow/example_dags/tutorial_dag.py
[2023-07-09T19:00:19.340+0000] {processor.py:826} INFO - Processing file /home/airflow/.local/lib/python3.7/site-packages/airflow/example_dags/tutorial_dag.py for tasks to queue
[2023-07-09T19:00:19.341+0000] {logging_mixin.py:149} INFO - [2023-07-09T19:00:19.340+0000] {dagbag.py:541} INFO - Filling up the DagBag from /home/airflow/.local/lib/python3.7/site-packages/airflow/example_dags/tutorial_dag.py
[2023-07-09T19:00:19.345+0000] {processor.py:836} INFO - DAG(s) dict_keys(['tutorial_dag']) retrieved from /home/airflow/.local/lib/python3.7/site-packages/airflow/example_dags/tutorial_dag.py
[2023-07-09T19:00:19.368+0000] {logging_mixin.py:149} INFO - [2023-07-09T19:00:19.368+0000] {dag.py:2726} INFO - Sync 1 DAGs
[2023-07-09T19:00:19.390+0000] {logging_mixin.py:149} INFO - [2023-07-09T19:00:19.390+0000] {dag.py:3490} INFO - Setting next_dagrun for tutorial_dag to None, run_after=None
[2023-07-09T19:00:19.413+0000] {processor.py:179} INFO - Processing /home/airflow/.local/lib/python3.7/site-packages/airflow/example_dags/tutorial_dag.py took 0.077 seconds
[2023-07-09T19:00:49.507+0000] {processor.py:157} INFO - Started process (PID=179) to work on /home/airflow/.local/lib/python3.7/site-packages/airflow/example_dags/tutorial_dag.py
[2023-07-09T19:00:49.508+0000] {processor.py:826} INFO - Processing file /home/airflow/.local/lib/python3.7/site-packages/airflow/example_dags/tutorial_dag.py for tasks to queue
[2023-07-09T19:00:49.509+0000] {logging_mixin.py:149} INFO - [2023-07-09T19:00:49.509+0000] {dagbag.py:541} INFO - Filling up the DagBag from /home/airflow/.local/lib/python3.7/site-packages/airflow/example_dags/tutorial_dag.py
[2023-07-09T19:00:49.513+0000] {processor.py:836} INFO - DAG(s) dict_keys(['tutorial_dag']) retrieved from /home/airflow/.local/lib/python3.7/site-packages/airflow/example_dags/tutorial_dag.py
[2023-07-09T19:00:49.537+0000] {logging_mixin.py:149} INFO - [2023-07-09T19:00:49.536+0000] {dag.py:2726} INFO - Sync 1 DAGs
[2023-07-09T19:00:49.559+0000] {logging_mixin.py:149} INFO - [2023-07-09T19:00:49.559+0000] {dag.py:3490} INFO - Setting next_dagrun for tutorial_dag to None, run_after=None
[2023-07-09T19:00:49.578+0000] {processor.py:179} INFO - Processing /home/airflow/.local/lib/python3.7/site-packages/airflow/example_dags/tutorial_dag.py took 0.075 seconds
[2023-07-09T19:01:19.732+0000] {processor.py:157} INFO - Started process (PID=244) to work on /home/airflow/.local/lib/python3.7/site-packages/airflow/example_dags/tutorial_dag.py
[2023-07-09T19:01:19.734+0000] {processor.py:826} INFO - Processing file /home/airflow/.local/lib/python3.7/site-packages/airflow/example_dags/tutorial_dag.py for tasks to queue
[2023-07-09T19:01:19.734+0000] {logging_mixin.py:149} INFO - [2023-07-09T19:01:19.734+0000] {dagbag.py:541} INFO - Filling up the DagBag from /home/airflow/.local/lib/python3.7/site-packages/airflow/example_dags/tutorial_dag.py
[2023-07-09T19:01:19.740+0000] {processor.py:836} INFO - DAG(s) dict_keys(['tutorial_dag']) retrieved from /home/airflow/.local/lib/python3.7/site-packages/airflow/example_dags/tutorial_dag.py
[2023-07-09T19:01:19.768+0000] {logging_mixin.py:149} INFO - [2023-07-09T19:01:19.767+0000] {dag.py:2726} INFO - Sync 1 DAGs
[2023-07-09T19:01:19.792+0000] {logging_mixin.py:149} INFO - [2023-07-09T19:01:19.792+0000] {dag.py:3490} INFO - Setting next_dagrun for tutorial_dag to None, run_after=None
[2023-07-09T19:01:19.811+0000] {processor.py:179} INFO - Processing /home/airflow/.local/lib/python3.7/site-packages/airflow/example_dags/tutorial_dag.py took 0.082 seconds
[2023-07-09T19:01:50.343+0000] {processor.py:157} INFO - Started process (PID=309) to work on /home/airflow/.local/lib/python3.7/site-packages/airflow/example_dags/tutorial_dag.py
[2023-07-09T19:01:50.344+0000] {processor.py:826} INFO - Processing file /home/airflow/.local/lib/python3.7/site-packages/airflow/example_dags/tutorial_dag.py for tasks to queue
[2023-07-09T19:01:50.344+0000] {logging_mixin.py:149} INFO - [2023-07-09T19:01:50.344+0000] {dagbag.py:541} INFO - Filling up the DagBag from /home/airflow/.local/lib/python3.7/site-packages/airflow/example_dags/tutorial_dag.py
[2023-07-09T19:01:50.349+0000] {processor.py:836} INFO - DAG(s) dict_keys(['tutorial_dag']) retrieved from /home/airflow/.local/lib/python3.7/site-packages/airflow/example_dags/tutorial_dag.py
[2023-07-09T19:01:50.372+0000] {logging_mixin.py:149} INFO - [2023-07-09T19:01:50.371+0000] {dag.py:2726} INFO - Sync 1 DAGs
[2023-07-09T19:01:50.396+0000] {logging_mixin.py:149} INFO - [2023-07-09T19:01:50.396+0000] {dag.py:3490} INFO - Setting next_dagrun for tutorial_dag to None, run_after=None
[2023-07-09T19:01:50.415+0000] {processor.py:179} INFO - Processing /home/airflow/.local/lib/python3.7/site-packages/airflow/example_dags/tutorial_dag.py took 0.076 seconds
[2023-07-09T19:02:20.975+0000] {processor.py:157} INFO - Started process (PID=374) to work on /home/airflow/.local/lib/python3.7/site-packages/airflow/example_dags/tutorial_dag.py
[2023-07-09T19:02:20.976+0000] {processor.py:826} INFO - Processing file /home/airflow/.local/lib/python3.7/site-packages/airflow/example_dags/tutorial_dag.py for tasks to queue
[2023-07-09T19:02:20.977+0000] {logging_mixin.py:149} INFO - [2023-07-09T19:02:20.977+0000] {dagbag.py:541} INFO - Filling up the DagBag from /home/airflow/.local/lib/python3.7/site-packages/airflow/example_dags/tutorial_dag.py
[2023-07-09T19:02:20.981+0000] {processor.py:836} INFO - DAG(s) dict_keys(['tutorial_dag']) retrieved from /home/airflow/.local/lib/python3.7/site-packages/airflow/example_dags/tutorial_dag.py
[2023-07-09T19:02:21.005+0000] {logging_mixin.py:149} INFO - [2023-07-09T19:02:21.005+0000] {dag.py:2726} INFO - Sync 1 DAGs
[2023-07-09T19:02:21.029+0000] {logging_mixin.py:149} INFO - [2023-07-09T19:02:21.029+0000] {dag.py:3490} INFO - Setting next_dagrun for tutorial_dag to None, run_after=None
[2023-07-09T19:02:21.049+0000] {processor.py:179} INFO - Processing /home/airflow/.local/lib/python3.7/site-packages/airflow/example_dags/tutorial_dag.py took 0.076 seconds
[2023-07-09T19:02:51.252+0000] {processor.py:157} INFO - Started process (PID=439) to work on /home/airflow/.local/lib/python3.7/site-packages/airflow/example_dags/tutorial_dag.py
[2023-07-09T19:02:51.253+0000] {processor.py:826} INFO - Processing file /home/airflow/.local/lib/python3.7/site-packages/airflow/example_dags/tutorial_dag.py for tasks to queue
[2023-07-09T19:02:51.253+0000] {logging_mixin.py:149} INFO - [2023-07-09T19:02:51.253+0000] {dagbag.py:541} INFO - Filling up the DagBag from /home/airflow/.local/lib/python3.7/site-packages/airflow/example_dags/tutorial_dag.py
[2023-07-09T19:02:51.258+0000] {processor.py:836} INFO - DAG(s) dict_keys(['tutorial_dag']) retrieved from /home/airflow/.local/lib/python3.7/site-packages/airflow/example_dags/tutorial_dag.py
[2023-07-09T19:02:51.283+0000] {logging_mixin.py:149} INFO - [2023-07-09T19:02:51.283+0000] {dag.py:2726} INFO - Sync 1 DAGs
[2023-07-09T19:02:51.315+0000] {logging_mixin.py:149} INFO - [2023-07-09T19:02:51.315+0000] {dag.py:3490} INFO - Setting next_dagrun for tutorial_dag to None, run_after=None
[2023-07-09T19:02:51.342+0000] {processor.py:179} INFO - Processing /home/airflow/.local/lib/python3.7/site-packages/airflow/example_dags/tutorial_dag.py took 0.093 seconds
[2023-07-09T19:03:21.491+0000] {processor.py:157} INFO - Started process (PID=504) to work on /home/airflow/.local/lib/python3.7/site-packages/airflow/example_dags/tutorial_dag.py
[2023-07-09T19:03:21.493+0000] {processor.py:826} INFO - Processing file /home/airflow/.local/lib/python3.7/site-packages/airflow/example_dags/tutorial_dag.py for tasks to queue
[2023-07-09T19:03:21.493+0000] {logging_mixin.py:149} INFO - [2023-07-09T19:03:21.493+0000] {dagbag.py:541} INFO - Filling up the DagBag from /home/airflow/.local/lib/python3.7/site-packages/airflow/example_dags/tutorial_dag.py
[2023-07-09T19:03:21.498+0000] {processor.py:836} INFO - DAG(s) dict_keys(['tutorial_dag']) retrieved from /home/airflow/.local/lib/python3.7/site-packages/airflow/example_dags/tutorial_dag.py
[2023-07-09T19:03:21.529+0000] {logging_mixin.py:149} INFO - [2023-07-09T19:03:21.529+0000] {dag.py:2726} INFO - Sync 1 DAGs
[2023-07-09T19:03:21.562+0000] {logging_mixin.py:149} INFO - [2023-07-09T19:03:21.562+0000] {dag.py:3490} INFO - Setting next_dagrun for tutorial_dag to None, run_after=None
[2023-07-09T19:03:21.585+0000] {processor.py:179} INFO - Processing /home/airflow/.local/lib/python3.7/site-packages/airflow/example_dags/tutorial_dag.py took 0.096 seconds
[2023-07-09T19:03:51.767+0000] {processor.py:157} INFO - Started process (PID=569) to work on /home/airflow/.local/lib/python3.7/site-packages/airflow/example_dags/tutorial_dag.py
[2023-07-09T19:03:51.768+0000] {processor.py:826} INFO - Processing file /home/airflow/.local/lib/python3.7/site-packages/airflow/example_dags/tutorial_dag.py for tasks to queue
[2023-07-09T19:03:51.769+0000] {logging_mixin.py:149} INFO - [2023-07-09T19:03:51.769+0000] {dagbag.py:541} INFO - Filling up the DagBag from /home/airflow/.local/lib/python3.7/site-packages/airflow/example_dags/tutorial_dag.py
[2023-07-09T19:03:51.773+0000] {processor.py:836} INFO - DAG(s) dict_keys(['tutorial_dag']) retrieved from /home/airflow/.local/lib/python3.7/site-packages/airflow/example_dags/tutorial_dag.py
[2023-07-09T19:03:51.797+0000] {logging_mixin.py:149} INFO - [2023-07-09T19:03:51.797+0000] {dag.py:2726} INFO - Sync 1 DAGs
[2023-07-09T19:03:51.822+0000] {logging_mixin.py:149} INFO - [2023-07-09T19:03:51.822+0000] {dag.py:3490} INFO - Setting next_dagrun for tutorial_dag to None, run_after=None
[2023-07-09T19:03:51.841+0000] {processor.py:179} INFO - Processing /home/airflow/.local/lib/python3.7/site-packages/airflow/example_dags/tutorial_dag.py took 0.077 seconds
[2023-07-09T19:04:22.065+0000] {processor.py:157} INFO - Started process (PID=634) to work on /home/airflow/.local/lib/python3.7/site-packages/airflow/example_dags/tutorial_dag.py
[2023-07-09T19:04:22.066+0000] {processor.py:826} INFO - Processing file /home/airflow/.local/lib/python3.7/site-packages/airflow/example_dags/tutorial_dag.py for tasks to queue
[2023-07-09T19:04:22.067+0000] {logging_mixin.py:149} INFO - [2023-07-09T19:04:22.066+0000] {dagbag.py:541} INFO - Filling up the DagBag from /home/airflow/.local/lib/python3.7/site-packages/airflow/example_dags/tutorial_dag.py
[2023-07-09T19:04:22.071+0000] {processor.py:836} INFO - DAG(s) dict_keys(['tutorial_dag']) retrieved from /home/airflow/.local/lib/python3.7/site-packages/airflow/example_dags/tutorial_dag.py
[2023-07-09T19:04:22.094+0000] {logging_mixin.py:149} INFO - [2023-07-09T19:04:22.094+0000] {dag.py:2726} INFO - Sync 1 DAGs
[2023-07-09T19:04:22.118+0000] {logging_mixin.py:149} INFO - [2023-07-09T19:04:22.118+0000] {dag.py:3490} INFO - Setting next_dagrun for tutorial_dag to None, run_after=None
[2023-07-09T19:04:22.136+0000] {processor.py:179} INFO - Processing /home/airflow/.local/lib/python3.7/site-packages/airflow/example_dags/tutorial_dag.py took 0.074 seconds
[2023-07-09T19:04:52.883+0000] {processor.py:157} INFO - Started process (PID=699) to work on /home/airflow/.local/lib/python3.7/site-packages/airflow/example_dags/tutorial_dag.py
[2023-07-09T19:04:52.884+0000] {processor.py:826} INFO - Processing file /home/airflow/.local/lib/python3.7/site-packages/airflow/example_dags/tutorial_dag.py for tasks to queue
[2023-07-09T19:04:52.884+0000] {logging_mixin.py:149} INFO - [2023-07-09T19:04:52.884+0000] {dagbag.py:541} INFO - Filling up the DagBag from /home/airflow/.local/lib/python3.7/site-packages/airflow/example_dags/tutorial_dag.py
[2023-07-09T19:04:52.889+0000] {processor.py:836} INFO - DAG(s) dict_keys(['tutorial_dag']) retrieved from /home/airflow/.local/lib/python3.7/site-packages/airflow/example_dags/tutorial_dag.py
[2023-07-09T19:04:52.915+0000] {logging_mixin.py:149} INFO - [2023-07-09T19:04:52.914+0000] {dag.py:2726} INFO - Sync 1 DAGs
[2023-07-09T19:04:52.941+0000] {logging_mixin.py:149} INFO - [2023-07-09T19:04:52.941+0000] {dag.py:3490} INFO - Setting next_dagrun for tutorial_dag to None, run_after=None
[2023-07-09T19:04:52.965+0000] {processor.py:179} INFO - Processing /home/airflow/.local/lib/python3.7/site-packages/airflow/example_dags/tutorial_dag.py took 0.087 seconds
[2023-07-09T19:05:23.668+0000] {processor.py:157} INFO - Started process (PID=764) to work on /home/airflow/.local/lib/python3.7/site-packages/airflow/example_dags/tutorial_dag.py
[2023-07-09T19:05:23.669+0000] {processor.py:826} INFO - Processing file /home/airflow/.local/lib/python3.7/site-packages/airflow/example_dags/tutorial_dag.py for tasks to queue
[2023-07-09T19:05:23.670+0000] {logging_mixin.py:149} INFO - [2023-07-09T19:05:23.669+0000] {dagbag.py:541} INFO - Filling up the DagBag from /home/airflow/.local/lib/python3.7/site-packages/airflow/example_dags/tutorial_dag.py
[2023-07-09T19:05:23.675+0000] {processor.py:836} INFO - DAG(s) dict_keys(['tutorial_dag']) retrieved from /home/airflow/.local/lib/python3.7/site-packages/airflow/example_dags/tutorial_dag.py
[2023-07-09T19:05:23.715+0000] {logging_mixin.py:149} INFO - [2023-07-09T19:05:23.714+0000] {dag.py:2726} INFO - Sync 1 DAGs
[2023-07-09T19:05:23.756+0000] {logging_mixin.py:149} INFO - [2023-07-09T19:05:23.756+0000] {dag.py:3490} INFO - Setting next_dagrun for tutorial_dag to None, run_after=None
[2023-07-09T19:05:23.791+0000] {processor.py:179} INFO - Processing /home/airflow/.local/lib/python3.7/site-packages/airflow/example_dags/tutorial_dag.py took 0.127 seconds
[2023-07-09T19:05:53.901+0000] {processor.py:157} INFO - Started process (PID=829) to work on /home/airflow/.local/lib/python3.7/site-packages/airflow/example_dags/tutorial_dag.py
[2023-07-09T19:05:53.902+0000] {processor.py:826} INFO - Processing file /home/airflow/.local/lib/python3.7/site-packages/airflow/example_dags/tutorial_dag.py for tasks to queue
[2023-07-09T19:05:53.902+0000] {logging_mixin.py:149} INFO - [2023-07-09T19:05:53.902+0000] {dagbag.py:541} INFO - Filling up the DagBag from /home/airflow/.local/lib/python3.7/site-packages/airflow/example_dags/tutorial_dag.py
[2023-07-09T19:05:53.906+0000] {processor.py:836} INFO - DAG(s) dict_keys(['tutorial_dag']) retrieved from /home/airflow/.local/lib/python3.7/site-packages/airflow/example_dags/tutorial_dag.py
[2023-07-09T19:05:53.930+0000] {logging_mixin.py:149} INFO - [2023-07-09T19:05:53.930+0000] {dag.py:2726} INFO - Sync 1 DAGs
[2023-07-09T19:05:53.956+0000] {logging_mixin.py:149} INFO - [2023-07-09T19:05:53.956+0000] {dag.py:3490} INFO - Setting next_dagrun for tutorial_dag to None, run_after=None
[2023-07-09T19:05:53.978+0000] {processor.py:179} INFO - Processing /home/airflow/.local/lib/python3.7/site-packages/airflow/example_dags/tutorial_dag.py took 0.080 seconds
[2023-07-09T19:06:24.164+0000] {processor.py:157} INFO - Started process (PID=894) to work on /home/airflow/.local/lib/python3.7/site-packages/airflow/example_dags/tutorial_dag.py
[2023-07-09T19:06:24.165+0000] {processor.py:826} INFO - Processing file /home/airflow/.local/lib/python3.7/site-packages/airflow/example_dags/tutorial_dag.py for tasks to queue
[2023-07-09T19:06:24.166+0000] {logging_mixin.py:149} INFO - [2023-07-09T19:06:24.166+0000] {dagbag.py:541} INFO - Filling up the DagBag from /home/airflow/.local/lib/python3.7/site-packages/airflow/example_dags/tutorial_dag.py
[2023-07-09T19:06:24.170+0000] {processor.py:836} INFO - DAG(s) dict_keys(['tutorial_dag']) retrieved from /home/airflow/.local/lib/python3.7/site-packages/airflow/example_dags/tutorial_dag.py
[2023-07-09T19:06:24.194+0000] {logging_mixin.py:149} INFO - [2023-07-09T19:06:24.194+0000] {dag.py:2726} INFO - Sync 1 DAGs
[2023-07-09T19:06:24.222+0000] {logging_mixin.py:149} INFO - [2023-07-09T19:06:24.221+0000] {dag.py:3490} INFO - Setting next_dagrun for tutorial_dag to None, run_after=None
[2023-07-09T19:06:24.245+0000] {processor.py:179} INFO - Processing /home/airflow/.local/lib/python3.7/site-packages/airflow/example_dags/tutorial_dag.py took 0.084 seconds
[2023-07-09T19:06:55.237+0000] {processor.py:157} INFO - Started process (PID=959) to work on /home/airflow/.local/lib/python3.7/site-packages/airflow/example_dags/tutorial_dag.py
[2023-07-09T19:06:55.238+0000] {processor.py:826} INFO - Processing file /home/airflow/.local/lib/python3.7/site-packages/airflow/example_dags/tutorial_dag.py for tasks to queue
[2023-07-09T19:06:55.239+0000] {logging_mixin.py:149} INFO - [2023-07-09T19:06:55.238+0000] {dagbag.py:541} INFO - Filling up the DagBag from /home/airflow/.local/lib/python3.7/site-packages/airflow/example_dags/tutorial_dag.py
[2023-07-09T19:06:55.244+0000] {processor.py:836} INFO - DAG(s) dict_keys(['tutorial_dag']) retrieved from /home/airflow/.local/lib/python3.7/site-packages/airflow/example_dags/tutorial_dag.py
[2023-07-09T19:06:55.267+0000] {logging_mixin.py:149} INFO - [2023-07-09T19:06:55.267+0000] {dag.py:2726} INFO - Sync 1 DAGs
[2023-07-09T19:06:55.292+0000] {logging_mixin.py:149} INFO - [2023-07-09T19:06:55.292+0000] {dag.py:3490} INFO - Setting next_dagrun for tutorial_dag to None, run_after=None
[2023-07-09T19:06:55.317+0000] {processor.py:179} INFO - Processing /home/airflow/.local/lib/python3.7/site-packages/airflow/example_dags/tutorial_dag.py took 0.083 seconds
[2023-07-09T19:07:25.501+0000] {processor.py:157} INFO - Started process (PID=1024) to work on /home/airflow/.local/lib/python3.7/site-packages/airflow/example_dags/tutorial_dag.py
[2023-07-09T19:07:25.502+0000] {processor.py:826} INFO - Processing file /home/airflow/.local/lib/python3.7/site-packages/airflow/example_dags/tutorial_dag.py for tasks to queue
[2023-07-09T19:07:25.502+0000] {logging_mixin.py:149} INFO - [2023-07-09T19:07:25.502+0000] {dagbag.py:541} INFO - Filling up the DagBag from /home/airflow/.local/lib/python3.7/site-packages/airflow/example_dags/tutorial_dag.py
[2023-07-09T19:07:25.507+0000] {processor.py:836} INFO - DAG(s) dict_keys(['tutorial_dag']) retrieved from /home/airflow/.local/lib/python3.7/site-packages/airflow/example_dags/tutorial_dag.py
[2023-07-09T19:07:25.530+0000] {logging_mixin.py:149} INFO - [2023-07-09T19:07:25.530+0000] {dag.py:2726} INFO - Sync 1 DAGs
[2023-07-09T19:07:25.555+0000] {logging_mixin.py:149} INFO - [2023-07-09T19:07:25.555+0000] {dag.py:3490} INFO - Setting next_dagrun for tutorial_dag to None, run_after=None
[2023-07-09T19:07:25.579+0000] {processor.py:179} INFO - Processing /home/airflow/.local/lib/python3.7/site-packages/airflow/example_dags/tutorial_dag.py took 0.082 seconds
[2023-07-09T19:07:55.681+0000] {processor.py:157} INFO - Started process (PID=1089) to work on /home/airflow/.local/lib/python3.7/site-packages/airflow/example_dags/tutorial_dag.py
[2023-07-09T19:07:55.682+0000] {processor.py:826} INFO - Processing file /home/airflow/.local/lib/python3.7/site-packages/airflow/example_dags/tutorial_dag.py for tasks to queue
[2023-07-09T19:07:55.682+0000] {logging_mixin.py:149} INFO - [2023-07-09T19:07:55.682+0000] {dagbag.py:541} INFO - Filling up the DagBag from /home/airflow/.local/lib/python3.7/site-packages/airflow/example_dags/tutorial_dag.py
[2023-07-09T19:07:55.687+0000] {processor.py:836} INFO - DAG(s) dict_keys(['tutorial_dag']) retrieved from /home/airflow/.local/lib/python3.7/site-packages/airflow/example_dags/tutorial_dag.py
[2023-07-09T19:07:55.711+0000] {logging_mixin.py:149} INFO - [2023-07-09T19:07:55.711+0000] {dag.py:2726} INFO - Sync 1 DAGs
[2023-07-09T19:07:55.735+0000] {logging_mixin.py:149} INFO - [2023-07-09T19:07:55.735+0000] {dag.py:3490} INFO - Setting next_dagrun for tutorial_dag to None, run_after=None
[2023-07-09T19:07:55.754+0000] {processor.py:179} INFO - Processing /home/airflow/.local/lib/python3.7/site-packages/airflow/example_dags/tutorial_dag.py took 0.077 seconds
