[2023-07-09T18:59:52.896+0000] {processor.py:157} INFO - Started process (PID=73) to work on /home/airflow/.local/lib/python3.7/site-packages/airflow/example_dags/tutorial.py
[2023-07-09T18:59:52.897+0000] {processor.py:826} INFO - Processing file /home/airflow/.local/lib/python3.7/site-packages/airflow/example_dags/tutorial.py for tasks to queue
[2023-07-09T18:59:52.898+0000] {logging_mixin.py:149} INFO - [2023-07-09T18:59:52.898+0000] {dagbag.py:541} INFO - Filling up the DagBag from /home/airflow/.local/lib/python3.7/site-packages/airflow/example_dags/tutorial.py
[2023-07-09T18:59:52.907+0000] {processor.py:836} INFO - DAG(s) dict_keys(['tutorial']) retrieved from /home/airflow/.local/lib/python3.7/site-packages/airflow/example_dags/tutorial.py
[2023-07-09T18:59:53.030+0000] {logging_mixin.py:149} INFO - [2023-07-09T18:59:53.030+0000] {manager.py:504} INFO - Created Permission View: can read on DAG:tutorial
[2023-07-09T18:59:53.044+0000] {logging_mixin.py:149} INFO - [2023-07-09T18:59:53.044+0000] {manager.py:504} INFO - Created Permission View: can edit on DAG:tutorial
[2023-07-09T18:59:53.053+0000] {logging_mixin.py:149} INFO - [2023-07-09T18:59:53.053+0000] {manager.py:504} INFO - Created Permission View: can delete on DAG:tutorial
[2023-07-09T18:59:53.073+0000] {logging_mixin.py:149} INFO - [2023-07-09T18:59:53.073+0000] {dag.py:2726} INFO - Sync 1 DAGs
[2023-07-09T18:59:53.087+0000] {logging_mixin.py:149} INFO - [2023-07-09T18:59:53.087+0000] {dag.py:2747} INFO - Creating ORM DAG for tutorial
[2023-07-09T18:59:53.100+0000] {logging_mixin.py:149} INFO - [2023-07-09T18:59:53.100+0000] {dag.py:3490} INFO - Setting next_dagrun for tutorial to 2023-07-08T18:59:53.099915+00:00, run_after=2023-07-09T18:59:53.099915+00:00
[2023-07-09T18:59:53.149+0000] {processor.py:179} INFO - Processing /home/airflow/.local/lib/python3.7/site-packages/airflow/example_dags/tutorial.py took 0.257 seconds
[2023-07-09T19:00:23.901+0000] {processor.py:157} INFO - Started process (PID=138) to work on /home/airflow/.local/lib/python3.7/site-packages/airflow/example_dags/tutorial.py
[2023-07-09T19:00:23.902+0000] {processor.py:826} INFO - Processing file /home/airflow/.local/lib/python3.7/site-packages/airflow/example_dags/tutorial.py for tasks to queue
[2023-07-09T19:00:23.902+0000] {logging_mixin.py:149} INFO - [2023-07-09T19:00:23.902+0000] {dagbag.py:541} INFO - Filling up the DagBag from /home/airflow/.local/lib/python3.7/site-packages/airflow/example_dags/tutorial.py
[2023-07-09T19:00:23.908+0000] {processor.py:836} INFO - DAG(s) dict_keys(['tutorial']) retrieved from /home/airflow/.local/lib/python3.7/site-packages/airflow/example_dags/tutorial.py
[2023-07-09T19:00:23.930+0000] {logging_mixin.py:149} INFO - [2023-07-09T19:00:23.930+0000] {dag.py:2726} INFO - Sync 1 DAGs
[2023-07-09T19:00:23.954+0000] {logging_mixin.py:149} INFO - [2023-07-09T19:00:23.954+0000] {dag.py:3490} INFO - Setting next_dagrun for tutorial to 2023-07-08T19:00:23.954122+00:00, run_after=2023-07-09T19:00:23.954122+00:00
[2023-07-09T19:00:23.975+0000] {processor.py:179} INFO - Processing /home/airflow/.local/lib/python3.7/site-packages/airflow/example_dags/tutorial.py took 0.078 seconds
[2023-07-09T19:00:54.153+0000] {processor.py:157} INFO - Started process (PID=203) to work on /home/airflow/.local/lib/python3.7/site-packages/airflow/example_dags/tutorial.py
[2023-07-09T19:00:54.154+0000] {processor.py:826} INFO - Processing file /home/airflow/.local/lib/python3.7/site-packages/airflow/example_dags/tutorial.py for tasks to queue
[2023-07-09T19:00:54.155+0000] {logging_mixin.py:149} INFO - [2023-07-09T19:00:54.155+0000] {dagbag.py:541} INFO - Filling up the DagBag from /home/airflow/.local/lib/python3.7/site-packages/airflow/example_dags/tutorial.py
[2023-07-09T19:00:54.162+0000] {processor.py:836} INFO - DAG(s) dict_keys(['tutorial']) retrieved from /home/airflow/.local/lib/python3.7/site-packages/airflow/example_dags/tutorial.py
[2023-07-09T19:00:54.185+0000] {logging_mixin.py:149} INFO - [2023-07-09T19:00:54.185+0000] {dag.py:2726} INFO - Sync 1 DAGs
[2023-07-09T19:00:54.210+0000] {logging_mixin.py:149} INFO - [2023-07-09T19:00:54.210+0000] {dag.py:3490} INFO - Setting next_dagrun for tutorial to 2023-07-08T19:00:54.210307+00:00, run_after=2023-07-09T19:00:54.210307+00:00
[2023-07-09T19:00:54.231+0000] {processor.py:179} INFO - Processing /home/airflow/.local/lib/python3.7/site-packages/airflow/example_dags/tutorial.py took 0.080 seconds
[2023-07-09T19:01:25.137+0000] {processor.py:157} INFO - Started process (PID=268) to work on /home/airflow/.local/lib/python3.7/site-packages/airflow/example_dags/tutorial.py
[2023-07-09T19:01:25.138+0000] {processor.py:826} INFO - Processing file /home/airflow/.local/lib/python3.7/site-packages/airflow/example_dags/tutorial.py for tasks to queue
[2023-07-09T19:01:25.139+0000] {logging_mixin.py:149} INFO - [2023-07-09T19:01:25.139+0000] {dagbag.py:541} INFO - Filling up the DagBag from /home/airflow/.local/lib/python3.7/site-packages/airflow/example_dags/tutorial.py
[2023-07-09T19:01:25.144+0000] {processor.py:836} INFO - DAG(s) dict_keys(['tutorial']) retrieved from /home/airflow/.local/lib/python3.7/site-packages/airflow/example_dags/tutorial.py
[2023-07-09T19:01:25.169+0000] {logging_mixin.py:149} INFO - [2023-07-09T19:01:25.169+0000] {dag.py:2726} INFO - Sync 1 DAGs
[2023-07-09T19:01:25.192+0000] {logging_mixin.py:149} INFO - [2023-07-09T19:01:25.192+0000] {dag.py:3490} INFO - Setting next_dagrun for tutorial to 2023-07-08T19:01:25.192276+00:00, run_after=2023-07-09T19:01:25.192276+00:00
[2023-07-09T19:01:25.211+0000] {processor.py:179} INFO - Processing /home/airflow/.local/lib/python3.7/site-packages/airflow/example_dags/tutorial.py took 0.077 seconds
[2023-07-09T19:01:55.734+0000] {processor.py:157} INFO - Started process (PID=333) to work on /home/airflow/.local/lib/python3.7/site-packages/airflow/example_dags/tutorial.py
[2023-07-09T19:01:55.735+0000] {processor.py:826} INFO - Processing file /home/airflow/.local/lib/python3.7/site-packages/airflow/example_dags/tutorial.py for tasks to queue
[2023-07-09T19:01:55.736+0000] {logging_mixin.py:149} INFO - [2023-07-09T19:01:55.736+0000] {dagbag.py:541} INFO - Filling up the DagBag from /home/airflow/.local/lib/python3.7/site-packages/airflow/example_dags/tutorial.py
[2023-07-09T19:01:55.742+0000] {processor.py:836} INFO - DAG(s) dict_keys(['tutorial']) retrieved from /home/airflow/.local/lib/python3.7/site-packages/airflow/example_dags/tutorial.py
[2023-07-09T19:01:55.766+0000] {logging_mixin.py:149} INFO - [2023-07-09T19:01:55.766+0000] {dag.py:2726} INFO - Sync 1 DAGs
[2023-07-09T19:01:55.792+0000] {logging_mixin.py:149} INFO - [2023-07-09T19:01:55.792+0000] {dag.py:3490} INFO - Setting next_dagrun for tutorial to 2023-07-08T19:01:55.792085+00:00, run_after=2023-07-09T19:01:55.792085+00:00
[2023-07-09T19:01:55.812+0000] {processor.py:179} INFO - Processing /home/airflow/.local/lib/python3.7/site-packages/airflow/example_dags/tutorial.py took 0.081 seconds
[2023-07-09T19:02:26.519+0000] {processor.py:157} INFO - Started process (PID=398) to work on /home/airflow/.local/lib/python3.7/site-packages/airflow/example_dags/tutorial.py
[2023-07-09T19:02:26.520+0000] {processor.py:826} INFO - Processing file /home/airflow/.local/lib/python3.7/site-packages/airflow/example_dags/tutorial.py for tasks to queue
[2023-07-09T19:02:26.521+0000] {logging_mixin.py:149} INFO - [2023-07-09T19:02:26.520+0000] {dagbag.py:541} INFO - Filling up the DagBag from /home/airflow/.local/lib/python3.7/site-packages/airflow/example_dags/tutorial.py
[2023-07-09T19:02:26.527+0000] {processor.py:836} INFO - DAG(s) dict_keys(['tutorial']) retrieved from /home/airflow/.local/lib/python3.7/site-packages/airflow/example_dags/tutorial.py
[2023-07-09T19:02:26.549+0000] {logging_mixin.py:149} INFO - [2023-07-09T19:02:26.549+0000] {dag.py:2726} INFO - Sync 1 DAGs
[2023-07-09T19:02:26.574+0000] {logging_mixin.py:149} INFO - [2023-07-09T19:02:26.574+0000] {dag.py:3490} INFO - Setting next_dagrun for tutorial to 2023-07-08T19:02:26.574314+00:00, run_after=2023-07-09T19:02:26.574314+00:00
[2023-07-09T19:02:26.594+0000] {processor.py:179} INFO - Processing /home/airflow/.local/lib/python3.7/site-packages/airflow/example_dags/tutorial.py took 0.079 seconds
[2023-07-09T19:02:56.741+0000] {processor.py:157} INFO - Started process (PID=463) to work on /home/airflow/.local/lib/python3.7/site-packages/airflow/example_dags/tutorial.py
[2023-07-09T19:02:56.742+0000] {processor.py:826} INFO - Processing file /home/airflow/.local/lib/python3.7/site-packages/airflow/example_dags/tutorial.py for tasks to queue
[2023-07-09T19:02:56.743+0000] {logging_mixin.py:149} INFO - [2023-07-09T19:02:56.743+0000] {dagbag.py:541} INFO - Filling up the DagBag from /home/airflow/.local/lib/python3.7/site-packages/airflow/example_dags/tutorial.py
[2023-07-09T19:02:56.749+0000] {processor.py:836} INFO - DAG(s) dict_keys(['tutorial']) retrieved from /home/airflow/.local/lib/python3.7/site-packages/airflow/example_dags/tutorial.py
[2023-07-09T19:02:56.774+0000] {logging_mixin.py:149} INFO - [2023-07-09T19:02:56.774+0000] {dag.py:2726} INFO - Sync 1 DAGs
[2023-07-09T19:02:56.803+0000] {logging_mixin.py:149} INFO - [2023-07-09T19:02:56.803+0000] {dag.py:3490} INFO - Setting next_dagrun for tutorial to 2023-07-08T19:02:56.803284+00:00, run_after=2023-07-09T19:02:56.803284+00:00
[2023-07-09T19:02:56.827+0000] {processor.py:179} INFO - Processing /home/airflow/.local/lib/python3.7/site-packages/airflow/example_dags/tutorial.py took 0.090 seconds
[2023-07-09T19:03:26.843+0000] {processor.py:157} INFO - Started process (PID=527) to work on /home/airflow/.local/lib/python3.7/site-packages/airflow/example_dags/tutorial.py
[2023-07-09T19:03:26.844+0000] {processor.py:826} INFO - Processing file /home/airflow/.local/lib/python3.7/site-packages/airflow/example_dags/tutorial.py for tasks to queue
[2023-07-09T19:03:26.845+0000] {logging_mixin.py:149} INFO - [2023-07-09T19:03:26.845+0000] {dagbag.py:541} INFO - Filling up the DagBag from /home/airflow/.local/lib/python3.7/site-packages/airflow/example_dags/tutorial.py
[2023-07-09T19:03:26.852+0000] {processor.py:836} INFO - DAG(s) dict_keys(['tutorial']) retrieved from /home/airflow/.local/lib/python3.7/site-packages/airflow/example_dags/tutorial.py
[2023-07-09T19:03:26.876+0000] {logging_mixin.py:149} INFO - [2023-07-09T19:03:26.875+0000] {dag.py:2726} INFO - Sync 1 DAGs
[2023-07-09T19:03:26.900+0000] {logging_mixin.py:149} INFO - [2023-07-09T19:03:26.900+0000] {dag.py:3490} INFO - Setting next_dagrun for tutorial to 2023-07-08T19:03:26.899897+00:00, run_after=2023-07-09T19:03:26.899897+00:00
[2023-07-09T19:03:26.923+0000] {processor.py:179} INFO - Processing /home/airflow/.local/lib/python3.7/site-packages/airflow/example_dags/tutorial.py took 0.083 seconds
[2023-07-09T19:03:57.147+0000] {processor.py:157} INFO - Started process (PID=592) to work on /home/airflow/.local/lib/python3.7/site-packages/airflow/example_dags/tutorial.py
[2023-07-09T19:03:57.148+0000] {processor.py:826} INFO - Processing file /home/airflow/.local/lib/python3.7/site-packages/airflow/example_dags/tutorial.py for tasks to queue
[2023-07-09T19:03:57.148+0000] {logging_mixin.py:149} INFO - [2023-07-09T19:03:57.148+0000] {dagbag.py:541} INFO - Filling up the DagBag from /home/airflow/.local/lib/python3.7/site-packages/airflow/example_dags/tutorial.py
[2023-07-09T19:03:57.154+0000] {processor.py:836} INFO - DAG(s) dict_keys(['tutorial']) retrieved from /home/airflow/.local/lib/python3.7/site-packages/airflow/example_dags/tutorial.py
[2023-07-09T19:03:57.179+0000] {logging_mixin.py:149} INFO - [2023-07-09T19:03:57.179+0000] {dag.py:2726} INFO - Sync 1 DAGs
[2023-07-09T19:03:57.206+0000] {logging_mixin.py:149} INFO - [2023-07-09T19:03:57.206+0000] {dag.py:3490} INFO - Setting next_dagrun for tutorial to 2023-07-08T19:03:57.206453+00:00, run_after=2023-07-09T19:03:57.206453+00:00
[2023-07-09T19:03:57.227+0000] {processor.py:179} INFO - Processing /home/airflow/.local/lib/python3.7/site-packages/airflow/example_dags/tutorial.py took 0.084 seconds
[2023-07-09T19:04:27.366+0000] {processor.py:157} INFO - Started process (PID=657) to work on /home/airflow/.local/lib/python3.7/site-packages/airflow/example_dags/tutorial.py
[2023-07-09T19:04:27.367+0000] {processor.py:826} INFO - Processing file /home/airflow/.local/lib/python3.7/site-packages/airflow/example_dags/tutorial.py for tasks to queue
[2023-07-09T19:04:27.367+0000] {logging_mixin.py:149} INFO - [2023-07-09T19:04:27.367+0000] {dagbag.py:541} INFO - Filling up the DagBag from /home/airflow/.local/lib/python3.7/site-packages/airflow/example_dags/tutorial.py
[2023-07-09T19:04:27.373+0000] {processor.py:836} INFO - DAG(s) dict_keys(['tutorial']) retrieved from /home/airflow/.local/lib/python3.7/site-packages/airflow/example_dags/tutorial.py
[2023-07-09T19:04:27.397+0000] {logging_mixin.py:149} INFO - [2023-07-09T19:04:27.396+0000] {dag.py:2726} INFO - Sync 1 DAGs
[2023-07-09T19:04:27.422+0000] {logging_mixin.py:149} INFO - [2023-07-09T19:04:27.422+0000] {dag.py:3490} INFO - Setting next_dagrun for tutorial to 2023-07-08T19:04:27.422507+00:00, run_after=2023-07-09T19:04:27.422507+00:00
[2023-07-09T19:04:27.443+0000] {processor.py:179} INFO - Processing /home/airflow/.local/lib/python3.7/site-packages/airflow/example_dags/tutorial.py took 0.080 seconds
[2023-07-09T19:04:58.061+0000] {processor.py:157} INFO - Started process (PID=722) to work on /home/airflow/.local/lib/python3.7/site-packages/airflow/example_dags/tutorial.py
[2023-07-09T19:04:58.062+0000] {processor.py:826} INFO - Processing file /home/airflow/.local/lib/python3.7/site-packages/airflow/example_dags/tutorial.py for tasks to queue
[2023-07-09T19:04:58.063+0000] {logging_mixin.py:149} INFO - [2023-07-09T19:04:58.063+0000] {dagbag.py:541} INFO - Filling up the DagBag from /home/airflow/.local/lib/python3.7/site-packages/airflow/example_dags/tutorial.py
[2023-07-09T19:04:58.069+0000] {processor.py:836} INFO - DAG(s) dict_keys(['tutorial']) retrieved from /home/airflow/.local/lib/python3.7/site-packages/airflow/example_dags/tutorial.py
[2023-07-09T19:04:58.095+0000] {logging_mixin.py:149} INFO - [2023-07-09T19:04:58.095+0000] {dag.py:2726} INFO - Sync 1 DAGs
[2023-07-09T19:04:58.123+0000] {logging_mixin.py:149} INFO - [2023-07-09T19:04:58.123+0000] {dag.py:3490} INFO - Setting next_dagrun for tutorial to 2023-07-08T19:04:58.122881+00:00, run_after=2023-07-09T19:04:58.122881+00:00
[2023-07-09T19:04:58.148+0000] {processor.py:179} INFO - Processing /home/airflow/.local/lib/python3.7/site-packages/airflow/example_dags/tutorial.py took 0.091 seconds
[2023-07-09T19:05:28.289+0000] {processor.py:157} INFO - Started process (PID=787) to work on /home/airflow/.local/lib/python3.7/site-packages/airflow/example_dags/tutorial.py
[2023-07-09T19:05:28.290+0000] {processor.py:826} INFO - Processing file /home/airflow/.local/lib/python3.7/site-packages/airflow/example_dags/tutorial.py for tasks to queue
[2023-07-09T19:05:28.290+0000] {logging_mixin.py:149} INFO - [2023-07-09T19:05:28.290+0000] {dagbag.py:541} INFO - Filling up the DagBag from /home/airflow/.local/lib/python3.7/site-packages/airflow/example_dags/tutorial.py
[2023-07-09T19:05:28.297+0000] {processor.py:836} INFO - DAG(s) dict_keys(['tutorial']) retrieved from /home/airflow/.local/lib/python3.7/site-packages/airflow/example_dags/tutorial.py
[2023-07-09T19:05:28.321+0000] {logging_mixin.py:149} INFO - [2023-07-09T19:05:28.321+0000] {dag.py:2726} INFO - Sync 1 DAGs
[2023-07-09T19:05:28.351+0000] {logging_mixin.py:149} INFO - [2023-07-09T19:05:28.350+0000] {dag.py:3490} INFO - Setting next_dagrun for tutorial to 2023-07-08T19:05:28.350585+00:00, run_after=2023-07-09T19:05:28.350585+00:00
[2023-07-09T19:05:28.374+0000] {processor.py:179} INFO - Processing /home/airflow/.local/lib/python3.7/site-packages/airflow/example_dags/tutorial.py took 0.088 seconds
[2023-07-09T19:05:59.248+0000] {processor.py:157} INFO - Started process (PID=852) to work on /home/airflow/.local/lib/python3.7/site-packages/airflow/example_dags/tutorial.py
[2023-07-09T19:05:59.249+0000] {processor.py:826} INFO - Processing file /home/airflow/.local/lib/python3.7/site-packages/airflow/example_dags/tutorial.py for tasks to queue
[2023-07-09T19:05:59.250+0000] {logging_mixin.py:149} INFO - [2023-07-09T19:05:59.250+0000] {dagbag.py:541} INFO - Filling up the DagBag from /home/airflow/.local/lib/python3.7/site-packages/airflow/example_dags/tutorial.py
[2023-07-09T19:05:59.256+0000] {processor.py:836} INFO - DAG(s) dict_keys(['tutorial']) retrieved from /home/airflow/.local/lib/python3.7/site-packages/airflow/example_dags/tutorial.py
[2023-07-09T19:05:59.282+0000] {logging_mixin.py:149} INFO - [2023-07-09T19:05:59.282+0000] {dag.py:2726} INFO - Sync 1 DAGs
[2023-07-09T19:05:59.310+0000] {logging_mixin.py:149} INFO - [2023-07-09T19:05:59.310+0000] {dag.py:3490} INFO - Setting next_dagrun for tutorial to 2023-07-08T19:05:59.310043+00:00, run_after=2023-07-09T19:05:59.310043+00:00
[2023-07-09T19:05:59.337+0000] {processor.py:179} INFO - Processing /home/airflow/.local/lib/python3.7/site-packages/airflow/example_dags/tutorial.py took 0.092 seconds
[2023-07-09T19:06:29.443+0000] {processor.py:157} INFO - Started process (PID=917) to work on /home/airflow/.local/lib/python3.7/site-packages/airflow/example_dags/tutorial.py
[2023-07-09T19:06:29.444+0000] {processor.py:826} INFO - Processing file /home/airflow/.local/lib/python3.7/site-packages/airflow/example_dags/tutorial.py for tasks to queue
[2023-07-09T19:06:29.445+0000] {logging_mixin.py:149} INFO - [2023-07-09T19:06:29.445+0000] {dagbag.py:541} INFO - Filling up the DagBag from /home/airflow/.local/lib/python3.7/site-packages/airflow/example_dags/tutorial.py
[2023-07-09T19:06:29.450+0000] {processor.py:836} INFO - DAG(s) dict_keys(['tutorial']) retrieved from /home/airflow/.local/lib/python3.7/site-packages/airflow/example_dags/tutorial.py
[2023-07-09T19:06:29.476+0000] {logging_mixin.py:149} INFO - [2023-07-09T19:06:29.476+0000] {dag.py:2726} INFO - Sync 1 DAGs
[2023-07-09T19:06:29.499+0000] {logging_mixin.py:149} INFO - [2023-07-09T19:06:29.499+0000] {dag.py:3490} INFO - Setting next_dagrun for tutorial to 2023-07-08T19:06:29.499336+00:00, run_after=2023-07-09T19:06:29.499336+00:00
[2023-07-09T19:06:29.520+0000] {processor.py:179} INFO - Processing /home/airflow/.local/lib/python3.7/site-packages/airflow/example_dags/tutorial.py took 0.079 seconds
[2023-07-09T19:06:59.583+0000] {processor.py:157} INFO - Started process (PID=981) to work on /home/airflow/.local/lib/python3.7/site-packages/airflow/example_dags/tutorial.py
[2023-07-09T19:06:59.584+0000] {processor.py:826} INFO - Processing file /home/airflow/.local/lib/python3.7/site-packages/airflow/example_dags/tutorial.py for tasks to queue
[2023-07-09T19:06:59.585+0000] {logging_mixin.py:149} INFO - [2023-07-09T19:06:59.585+0000] {dagbag.py:541} INFO - Filling up the DagBag from /home/airflow/.local/lib/python3.7/site-packages/airflow/example_dags/tutorial.py
[2023-07-09T19:06:59.593+0000] {processor.py:836} INFO - DAG(s) dict_keys(['tutorial']) retrieved from /home/airflow/.local/lib/python3.7/site-packages/airflow/example_dags/tutorial.py
[2023-07-09T19:06:59.615+0000] {logging_mixin.py:149} INFO - [2023-07-09T19:06:59.615+0000] {dag.py:2726} INFO - Sync 1 DAGs
[2023-07-09T19:06:59.645+0000] {logging_mixin.py:149} INFO - [2023-07-09T19:06:59.645+0000] {dag.py:3490} INFO - Setting next_dagrun for tutorial to 2023-07-08T19:06:59.645001+00:00, run_after=2023-07-09T19:06:59.645001+00:00
[2023-07-09T19:06:59.671+0000] {processor.py:179} INFO - Processing /home/airflow/.local/lib/python3.7/site-packages/airflow/example_dags/tutorial.py took 0.092 seconds
[2023-07-09T19:07:29.872+0000] {processor.py:157} INFO - Started process (PID=1046) to work on /home/airflow/.local/lib/python3.7/site-packages/airflow/example_dags/tutorial.py
[2023-07-09T19:07:29.873+0000] {processor.py:826} INFO - Processing file /home/airflow/.local/lib/python3.7/site-packages/airflow/example_dags/tutorial.py for tasks to queue
[2023-07-09T19:07:29.874+0000] {logging_mixin.py:149} INFO - [2023-07-09T19:07:29.874+0000] {dagbag.py:541} INFO - Filling up the DagBag from /home/airflow/.local/lib/python3.7/site-packages/airflow/example_dags/tutorial.py
[2023-07-09T19:07:29.880+0000] {processor.py:836} INFO - DAG(s) dict_keys(['tutorial']) retrieved from /home/airflow/.local/lib/python3.7/site-packages/airflow/example_dags/tutorial.py
[2023-07-09T19:07:29.906+0000] {logging_mixin.py:149} INFO - [2023-07-09T19:07:29.906+0000] {dag.py:2726} INFO - Sync 1 DAGs
[2023-07-09T19:07:29.933+0000] {logging_mixin.py:149} INFO - [2023-07-09T19:07:29.933+0000] {dag.py:3490} INFO - Setting next_dagrun for tutorial to 2023-07-08T19:07:29.933312+00:00, run_after=2023-07-09T19:07:29.933312+00:00
[2023-07-09T19:07:29.961+0000] {processor.py:179} INFO - Processing /home/airflow/.local/lib/python3.7/site-packages/airflow/example_dags/tutorial.py took 0.092 seconds
[2023-07-09T19:08:00.850+0000] {processor.py:157} INFO - Started process (PID=1111) to work on /home/airflow/.local/lib/python3.7/site-packages/airflow/example_dags/tutorial.py
[2023-07-09T19:08:00.851+0000] {processor.py:826} INFO - Processing file /home/airflow/.local/lib/python3.7/site-packages/airflow/example_dags/tutorial.py for tasks to queue
[2023-07-09T19:08:00.852+0000] {logging_mixin.py:149} INFO - [2023-07-09T19:08:00.852+0000] {dagbag.py:541} INFO - Filling up the DagBag from /home/airflow/.local/lib/python3.7/site-packages/airflow/example_dags/tutorial.py
[2023-07-09T19:08:00.858+0000] {processor.py:836} INFO - DAG(s) dict_keys(['tutorial']) retrieved from /home/airflow/.local/lib/python3.7/site-packages/airflow/example_dags/tutorial.py
[2023-07-09T19:08:00.882+0000] {logging_mixin.py:149} INFO - [2023-07-09T19:08:00.882+0000] {dag.py:2726} INFO - Sync 1 DAGs
[2023-07-09T19:08:00.909+0000] {logging_mixin.py:149} INFO - [2023-07-09T19:08:00.909+0000] {dag.py:3490} INFO - Setting next_dagrun for tutorial to 2023-07-08T19:08:00.908896+00:00, run_after=2023-07-09T19:08:00.908896+00:00
[2023-07-09T19:08:00.930+0000] {processor.py:179} INFO - Processing /home/airflow/.local/lib/python3.7/site-packages/airflow/example_dags/tutorial.py took 0.084 seconds
