[2023-07-09T18:59:47.304+0000] {processor.py:157} INFO - Started process (PID=38) to work on /home/airflow/.local/lib/python3.7/site-packages/airflow/example_dags/tutorial_taskflow_api_virtualenv.py
[2023-07-09T18:59:47.305+0000] {processor.py:826} INFO - Processing file /home/airflow/.local/lib/python3.7/site-packages/airflow/example_dags/tutorial_taskflow_api_virtualenv.py for tasks to queue
[2023-07-09T18:59:47.306+0000] {logging_mixin.py:149} INFO - [2023-07-09T18:59:47.306+0000] {dagbag.py:541} INFO - Filling up the DagBag from /home/airflow/.local/lib/python3.7/site-packages/airflow/example_dags/tutorial_taskflow_api_virtualenv.py
[2023-07-09T18:59:47.319+0000] {processor.py:836} INFO - DAG(s) dict_keys(['tutorial_taskflow_api_virtualenv']) retrieved from /home/airflow/.local/lib/python3.7/site-packages/airflow/example_dags/tutorial_taskflow_api_virtualenv.py
[2023-07-09T18:59:47.524+0000] {logging_mixin.py:149} INFO - [2023-07-09T18:59:47.524+0000] {manager.py:504} INFO - Created Permission View: can read on DAG:tutorial_taskflow_api_virtualenv
[2023-07-09T18:59:47.538+0000] {logging_mixin.py:149} INFO - [2023-07-09T18:59:47.538+0000] {manager.py:504} INFO - Created Permission View: can edit on DAG:tutorial_taskflow_api_virtualenv
[2023-07-09T18:59:47.545+0000] {logging_mixin.py:149} INFO - [2023-07-09T18:59:47.545+0000] {manager.py:504} INFO - Created Permission View: can delete on DAG:tutorial_taskflow_api_virtualenv
[2023-07-09T18:59:47.561+0000] {logging_mixin.py:149} INFO - [2023-07-09T18:59:47.560+0000] {dag.py:2726} INFO - Sync 1 DAGs
[2023-07-09T18:59:47.575+0000] {logging_mixin.py:149} INFO - [2023-07-09T18:59:47.575+0000] {dag.py:2747} INFO - Creating ORM DAG for tutorial_taskflow_api_virtualenv
[2023-07-09T18:59:47.587+0000] {logging_mixin.py:149} INFO - [2023-07-09T18:59:47.587+0000] {dag.py:3490} INFO - Setting next_dagrun for tutorial_taskflow_api_virtualenv to None, run_after=None
[2023-07-09T18:59:47.609+0000] {processor.py:179} INFO - Processing /home/airflow/.local/lib/python3.7/site-packages/airflow/example_dags/tutorial_taskflow_api_virtualenv.py took 0.309 seconds
[2023-07-09T19:00:17.743+0000] {processor.py:157} INFO - Started process (PID=103) to work on /home/airflow/.local/lib/python3.7/site-packages/airflow/example_dags/tutorial_taskflow_api_virtualenv.py
[2023-07-09T19:00:17.744+0000] {processor.py:826} INFO - Processing file /home/airflow/.local/lib/python3.7/site-packages/airflow/example_dags/tutorial_taskflow_api_virtualenv.py for tasks to queue
[2023-07-09T19:00:17.745+0000] {logging_mixin.py:149} INFO - [2023-07-09T19:00:17.745+0000] {dagbag.py:541} INFO - Filling up the DagBag from /home/airflow/.local/lib/python3.7/site-packages/airflow/example_dags/tutorial_taskflow_api_virtualenv.py
[2023-07-09T19:00:17.751+0000] {processor.py:836} INFO - DAG(s) dict_keys(['tutorial_taskflow_api_virtualenv']) retrieved from /home/airflow/.local/lib/python3.7/site-packages/airflow/example_dags/tutorial_taskflow_api_virtualenv.py
[2023-07-09T19:00:17.773+0000] {logging_mixin.py:149} INFO - [2023-07-09T19:00:17.773+0000] {dag.py:2726} INFO - Sync 1 DAGs
[2023-07-09T19:00:17.795+0000] {logging_mixin.py:149} INFO - [2023-07-09T19:00:17.795+0000] {dag.py:3490} INFO - Setting next_dagrun for tutorial_taskflow_api_virtualenv to None, run_after=None
[2023-07-09T19:00:17.814+0000] {processor.py:179} INFO - Processing /home/airflow/.local/lib/python3.7/site-packages/airflow/example_dags/tutorial_taskflow_api_virtualenv.py took 0.074 seconds
[2023-07-09T19:00:47.950+0000] {processor.py:157} INFO - Started process (PID=168) to work on /home/airflow/.local/lib/python3.7/site-packages/airflow/example_dags/tutorial_taskflow_api_virtualenv.py
[2023-07-09T19:00:47.951+0000] {processor.py:826} INFO - Processing file /home/airflow/.local/lib/python3.7/site-packages/airflow/example_dags/tutorial_taskflow_api_virtualenv.py for tasks to queue
[2023-07-09T19:00:47.951+0000] {logging_mixin.py:149} INFO - [2023-07-09T19:00:47.951+0000] {dagbag.py:541} INFO - Filling up the DagBag from /home/airflow/.local/lib/python3.7/site-packages/airflow/example_dags/tutorial_taskflow_api_virtualenv.py
[2023-07-09T19:00:47.957+0000] {processor.py:836} INFO - DAG(s) dict_keys(['tutorial_taskflow_api_virtualenv']) retrieved from /home/airflow/.local/lib/python3.7/site-packages/airflow/example_dags/tutorial_taskflow_api_virtualenv.py
[2023-07-09T19:00:47.979+0000] {logging_mixin.py:149} INFO - [2023-07-09T19:00:47.979+0000] {dag.py:2726} INFO - Sync 1 DAGs
[2023-07-09T19:00:48.003+0000] {logging_mixin.py:149} INFO - [2023-07-09T19:00:48.003+0000] {dag.py:3490} INFO - Setting next_dagrun for tutorial_taskflow_api_virtualenv to None, run_after=None
[2023-07-09T19:00:48.021+0000] {processor.py:179} INFO - Processing /home/airflow/.local/lib/python3.7/site-packages/airflow/example_dags/tutorial_taskflow_api_virtualenv.py took 0.075 seconds
[2023-07-09T19:01:18.186+0000] {processor.py:157} INFO - Started process (PID=233) to work on /home/airflow/.local/lib/python3.7/site-packages/airflow/example_dags/tutorial_taskflow_api_virtualenv.py
[2023-07-09T19:01:18.187+0000] {processor.py:826} INFO - Processing file /home/airflow/.local/lib/python3.7/site-packages/airflow/example_dags/tutorial_taskflow_api_virtualenv.py for tasks to queue
[2023-07-09T19:01:18.188+0000] {logging_mixin.py:149} INFO - [2023-07-09T19:01:18.188+0000] {dagbag.py:541} INFO - Filling up the DagBag from /home/airflow/.local/lib/python3.7/site-packages/airflow/example_dags/tutorial_taskflow_api_virtualenv.py
[2023-07-09T19:01:18.194+0000] {processor.py:836} INFO - DAG(s) dict_keys(['tutorial_taskflow_api_virtualenv']) retrieved from /home/airflow/.local/lib/python3.7/site-packages/airflow/example_dags/tutorial_taskflow_api_virtualenv.py
[2023-07-09T19:01:18.217+0000] {logging_mixin.py:149} INFO - [2023-07-09T19:01:18.217+0000] {dag.py:2726} INFO - Sync 1 DAGs
[2023-07-09T19:01:18.239+0000] {logging_mixin.py:149} INFO - [2023-07-09T19:01:18.239+0000] {dag.py:3490} INFO - Setting next_dagrun for tutorial_taskflow_api_virtualenv to None, run_after=None
[2023-07-09T19:01:18.257+0000] {processor.py:179} INFO - Processing /home/airflow/.local/lib/python3.7/site-packages/airflow/example_dags/tutorial_taskflow_api_virtualenv.py took 0.074 seconds
[2023-07-09T19:01:48.868+0000] {processor.py:157} INFO - Started process (PID=298) to work on /home/airflow/.local/lib/python3.7/site-packages/airflow/example_dags/tutorial_taskflow_api_virtualenv.py
[2023-07-09T19:01:48.871+0000] {processor.py:826} INFO - Processing file /home/airflow/.local/lib/python3.7/site-packages/airflow/example_dags/tutorial_taskflow_api_virtualenv.py for tasks to queue
[2023-07-09T19:01:48.872+0000] {logging_mixin.py:149} INFO - [2023-07-09T19:01:48.872+0000] {dagbag.py:541} INFO - Filling up the DagBag from /home/airflow/.local/lib/python3.7/site-packages/airflow/example_dags/tutorial_taskflow_api_virtualenv.py
[2023-07-09T19:01:48.879+0000] {processor.py:836} INFO - DAG(s) dict_keys(['tutorial_taskflow_api_virtualenv']) retrieved from /home/airflow/.local/lib/python3.7/site-packages/airflow/example_dags/tutorial_taskflow_api_virtualenv.py
[2023-07-09T19:01:48.901+0000] {logging_mixin.py:149} INFO - [2023-07-09T19:01:48.900+0000] {dag.py:2726} INFO - Sync 1 DAGs
[2023-07-09T19:01:48.923+0000] {logging_mixin.py:149} INFO - [2023-07-09T19:01:48.923+0000] {dag.py:3490} INFO - Setting next_dagrun for tutorial_taskflow_api_virtualenv to None, run_after=None
[2023-07-09T19:01:48.943+0000] {processor.py:179} INFO - Processing /home/airflow/.local/lib/python3.7/site-packages/airflow/example_dags/tutorial_taskflow_api_virtualenv.py took 0.078 seconds
[2023-07-09T19:02:19.392+0000] {processor.py:157} INFO - Started process (PID=363) to work on /home/airflow/.local/lib/python3.7/site-packages/airflow/example_dags/tutorial_taskflow_api_virtualenv.py
[2023-07-09T19:02:19.393+0000] {processor.py:826} INFO - Processing file /home/airflow/.local/lib/python3.7/site-packages/airflow/example_dags/tutorial_taskflow_api_virtualenv.py for tasks to queue
[2023-07-09T19:02:19.394+0000] {logging_mixin.py:149} INFO - [2023-07-09T19:02:19.393+0000] {dagbag.py:541} INFO - Filling up the DagBag from /home/airflow/.local/lib/python3.7/site-packages/airflow/example_dags/tutorial_taskflow_api_virtualenv.py
[2023-07-09T19:02:19.400+0000] {processor.py:836} INFO - DAG(s) dict_keys(['tutorial_taskflow_api_virtualenv']) retrieved from /home/airflow/.local/lib/python3.7/site-packages/airflow/example_dags/tutorial_taskflow_api_virtualenv.py
[2023-07-09T19:02:19.422+0000] {logging_mixin.py:149} INFO - [2023-07-09T19:02:19.422+0000] {dag.py:2726} INFO - Sync 1 DAGs
[2023-07-09T19:02:19.445+0000] {logging_mixin.py:149} INFO - [2023-07-09T19:02:19.444+0000] {dag.py:3490} INFO - Setting next_dagrun for tutorial_taskflow_api_virtualenv to None, run_after=None
[2023-07-09T19:02:19.463+0000] {processor.py:179} INFO - Processing /home/airflow/.local/lib/python3.7/site-packages/airflow/example_dags/tutorial_taskflow_api_virtualenv.py took 0.074 seconds
[2023-07-09T19:02:49.681+0000] {processor.py:157} INFO - Started process (PID=428) to work on /home/airflow/.local/lib/python3.7/site-packages/airflow/example_dags/tutorial_taskflow_api_virtualenv.py
[2023-07-09T19:02:49.682+0000] {processor.py:826} INFO - Processing file /home/airflow/.local/lib/python3.7/site-packages/airflow/example_dags/tutorial_taskflow_api_virtualenv.py for tasks to queue
[2023-07-09T19:02:49.683+0000] {logging_mixin.py:149} INFO - [2023-07-09T19:02:49.683+0000] {dagbag.py:541} INFO - Filling up the DagBag from /home/airflow/.local/lib/python3.7/site-packages/airflow/example_dags/tutorial_taskflow_api_virtualenv.py
[2023-07-09T19:02:49.689+0000] {processor.py:836} INFO - DAG(s) dict_keys(['tutorial_taskflow_api_virtualenv']) retrieved from /home/airflow/.local/lib/python3.7/site-packages/airflow/example_dags/tutorial_taskflow_api_virtualenv.py
[2023-07-09T19:02:49.715+0000] {logging_mixin.py:149} INFO - [2023-07-09T19:02:49.715+0000] {dag.py:2726} INFO - Sync 1 DAGs
[2023-07-09T19:02:49.740+0000] {logging_mixin.py:149} INFO - [2023-07-09T19:02:49.740+0000] {dag.py:3490} INFO - Setting next_dagrun for tutorial_taskflow_api_virtualenv to None, run_after=None
[2023-07-09T19:02:49.762+0000] {processor.py:179} INFO - Processing /home/airflow/.local/lib/python3.7/site-packages/airflow/example_dags/tutorial_taskflow_api_virtualenv.py took 0.084 seconds
[2023-07-09T19:03:19.924+0000] {processor.py:157} INFO - Started process (PID=493) to work on /home/airflow/.local/lib/python3.7/site-packages/airflow/example_dags/tutorial_taskflow_api_virtualenv.py
[2023-07-09T19:03:19.925+0000] {processor.py:826} INFO - Processing file /home/airflow/.local/lib/python3.7/site-packages/airflow/example_dags/tutorial_taskflow_api_virtualenv.py for tasks to queue
[2023-07-09T19:03:19.926+0000] {logging_mixin.py:149} INFO - [2023-07-09T19:03:19.926+0000] {dagbag.py:541} INFO - Filling up the DagBag from /home/airflow/.local/lib/python3.7/site-packages/airflow/example_dags/tutorial_taskflow_api_virtualenv.py
[2023-07-09T19:03:19.932+0000] {processor.py:836} INFO - DAG(s) dict_keys(['tutorial_taskflow_api_virtualenv']) retrieved from /home/airflow/.local/lib/python3.7/site-packages/airflow/example_dags/tutorial_taskflow_api_virtualenv.py
[2023-07-09T19:03:19.954+0000] {logging_mixin.py:149} INFO - [2023-07-09T19:03:19.954+0000] {dag.py:2726} INFO - Sync 1 DAGs
[2023-07-09T19:03:19.976+0000] {logging_mixin.py:149} INFO - [2023-07-09T19:03:19.976+0000] {dag.py:3490} INFO - Setting next_dagrun for tutorial_taskflow_api_virtualenv to None, run_after=None
[2023-07-09T19:03:19.994+0000] {processor.py:179} INFO - Processing /home/airflow/.local/lib/python3.7/site-packages/airflow/example_dags/tutorial_taskflow_api_virtualenv.py took 0.073 seconds
[2023-07-09T19:03:50.229+0000] {processor.py:157} INFO - Started process (PID=558) to work on /home/airflow/.local/lib/python3.7/site-packages/airflow/example_dags/tutorial_taskflow_api_virtualenv.py
[2023-07-09T19:03:50.231+0000] {processor.py:826} INFO - Processing file /home/airflow/.local/lib/python3.7/site-packages/airflow/example_dags/tutorial_taskflow_api_virtualenv.py for tasks to queue
[2023-07-09T19:03:50.231+0000] {logging_mixin.py:149} INFO - [2023-07-09T19:03:50.231+0000] {dagbag.py:541} INFO - Filling up the DagBag from /home/airflow/.local/lib/python3.7/site-packages/airflow/example_dags/tutorial_taskflow_api_virtualenv.py
[2023-07-09T19:03:50.237+0000] {processor.py:836} INFO - DAG(s) dict_keys(['tutorial_taskflow_api_virtualenv']) retrieved from /home/airflow/.local/lib/python3.7/site-packages/airflow/example_dags/tutorial_taskflow_api_virtualenv.py
[2023-07-09T19:03:50.261+0000] {logging_mixin.py:149} INFO - [2023-07-09T19:03:50.261+0000] {dag.py:2726} INFO - Sync 1 DAGs
[2023-07-09T19:03:50.284+0000] {logging_mixin.py:149} INFO - [2023-07-09T19:03:50.284+0000] {dag.py:3490} INFO - Setting next_dagrun for tutorial_taskflow_api_virtualenv to None, run_after=None
[2023-07-09T19:03:50.302+0000] {processor.py:179} INFO - Processing /home/airflow/.local/lib/python3.7/site-packages/airflow/example_dags/tutorial_taskflow_api_virtualenv.py took 0.076 seconds
[2023-07-09T19:04:20.547+0000] {processor.py:157} INFO - Started process (PID=623) to work on /home/airflow/.local/lib/python3.7/site-packages/airflow/example_dags/tutorial_taskflow_api_virtualenv.py
[2023-07-09T19:04:20.549+0000] {processor.py:826} INFO - Processing file /home/airflow/.local/lib/python3.7/site-packages/airflow/example_dags/tutorial_taskflow_api_virtualenv.py for tasks to queue
[2023-07-09T19:04:20.549+0000] {logging_mixin.py:149} INFO - [2023-07-09T19:04:20.549+0000] {dagbag.py:541} INFO - Filling up the DagBag from /home/airflow/.local/lib/python3.7/site-packages/airflow/example_dags/tutorial_taskflow_api_virtualenv.py
[2023-07-09T19:04:20.555+0000] {processor.py:836} INFO - DAG(s) dict_keys(['tutorial_taskflow_api_virtualenv']) retrieved from /home/airflow/.local/lib/python3.7/site-packages/airflow/example_dags/tutorial_taskflow_api_virtualenv.py
[2023-07-09T19:04:20.579+0000] {logging_mixin.py:149} INFO - [2023-07-09T19:04:20.578+0000] {dag.py:2726} INFO - Sync 1 DAGs
[2023-07-09T19:04:20.603+0000] {logging_mixin.py:149} INFO - [2023-07-09T19:04:20.603+0000] {dag.py:3490} INFO - Setting next_dagrun for tutorial_taskflow_api_virtualenv to None, run_after=None
[2023-07-09T19:04:20.622+0000] {processor.py:179} INFO - Processing /home/airflow/.local/lib/python3.7/site-packages/airflow/example_dags/tutorial_taskflow_api_virtualenv.py took 0.079 seconds
[2023-07-09T19:04:51.340+0000] {processor.py:157} INFO - Started process (PID=688) to work on /home/airflow/.local/lib/python3.7/site-packages/airflow/example_dags/tutorial_taskflow_api_virtualenv.py
[2023-07-09T19:04:51.340+0000] {processor.py:826} INFO - Processing file /home/airflow/.local/lib/python3.7/site-packages/airflow/example_dags/tutorial_taskflow_api_virtualenv.py for tasks to queue
[2023-07-09T19:04:51.341+0000] {logging_mixin.py:149} INFO - [2023-07-09T19:04:51.341+0000] {dagbag.py:541} INFO - Filling up the DagBag from /home/airflow/.local/lib/python3.7/site-packages/airflow/example_dags/tutorial_taskflow_api_virtualenv.py
[2023-07-09T19:04:51.348+0000] {processor.py:836} INFO - DAG(s) dict_keys(['tutorial_taskflow_api_virtualenv']) retrieved from /home/airflow/.local/lib/python3.7/site-packages/airflow/example_dags/tutorial_taskflow_api_virtualenv.py
[2023-07-09T19:04:51.372+0000] {logging_mixin.py:149} INFO - [2023-07-09T19:04:51.372+0000] {dag.py:2726} INFO - Sync 1 DAGs
[2023-07-09T19:04:51.400+0000] {logging_mixin.py:149} INFO - [2023-07-09T19:04:51.400+0000] {dag.py:3490} INFO - Setting next_dagrun for tutorial_taskflow_api_virtualenv to None, run_after=None
[2023-07-09T19:04:51.422+0000] {processor.py:179} INFO - Processing /home/airflow/.local/lib/python3.7/site-packages/airflow/example_dags/tutorial_taskflow_api_virtualenv.py took 0.086 seconds
[2023-07-09T19:05:21.984+0000] {processor.py:157} INFO - Started process (PID=753) to work on /home/airflow/.local/lib/python3.7/site-packages/airflow/example_dags/tutorial_taskflow_api_virtualenv.py
[2023-07-09T19:05:21.985+0000] {processor.py:826} INFO - Processing file /home/airflow/.local/lib/python3.7/site-packages/airflow/example_dags/tutorial_taskflow_api_virtualenv.py for tasks to queue
[2023-07-09T19:05:21.986+0000] {logging_mixin.py:149} INFO - [2023-07-09T19:05:21.985+0000] {dagbag.py:541} INFO - Filling up the DagBag from /home/airflow/.local/lib/python3.7/site-packages/airflow/example_dags/tutorial_taskflow_api_virtualenv.py
[2023-07-09T19:05:21.991+0000] {processor.py:836} INFO - DAG(s) dict_keys(['tutorial_taskflow_api_virtualenv']) retrieved from /home/airflow/.local/lib/python3.7/site-packages/airflow/example_dags/tutorial_taskflow_api_virtualenv.py
[2023-07-09T19:05:22.014+0000] {logging_mixin.py:149} INFO - [2023-07-09T19:05:22.014+0000] {dag.py:2726} INFO - Sync 1 DAGs
[2023-07-09T19:05:22.038+0000] {logging_mixin.py:149} INFO - [2023-07-09T19:05:22.038+0000] {dag.py:3490} INFO - Setting next_dagrun for tutorial_taskflow_api_virtualenv to None, run_after=None
[2023-07-09T19:05:22.057+0000] {processor.py:179} INFO - Processing /home/airflow/.local/lib/python3.7/site-packages/airflow/example_dags/tutorial_taskflow_api_virtualenv.py took 0.076 seconds
[2023-07-09T19:05:52.304+0000] {processor.py:157} INFO - Started process (PID=818) to work on /home/airflow/.local/lib/python3.7/site-packages/airflow/example_dags/tutorial_taskflow_api_virtualenv.py
[2023-07-09T19:05:52.305+0000] {processor.py:826} INFO - Processing file /home/airflow/.local/lib/python3.7/site-packages/airflow/example_dags/tutorial_taskflow_api_virtualenv.py for tasks to queue
[2023-07-09T19:05:52.306+0000] {logging_mixin.py:149} INFO - [2023-07-09T19:05:52.306+0000] {dagbag.py:541} INFO - Filling up the DagBag from /home/airflow/.local/lib/python3.7/site-packages/airflow/example_dags/tutorial_taskflow_api_virtualenv.py
[2023-07-09T19:05:52.312+0000] {processor.py:836} INFO - DAG(s) dict_keys(['tutorial_taskflow_api_virtualenv']) retrieved from /home/airflow/.local/lib/python3.7/site-packages/airflow/example_dags/tutorial_taskflow_api_virtualenv.py
[2023-07-09T19:05:52.340+0000] {logging_mixin.py:149} INFO - [2023-07-09T19:05:52.340+0000] {dag.py:2726} INFO - Sync 1 DAGs
[2023-07-09T19:05:52.364+0000] {logging_mixin.py:149} INFO - [2023-07-09T19:05:52.364+0000] {dag.py:3490} INFO - Setting next_dagrun for tutorial_taskflow_api_virtualenv to None, run_after=None
[2023-07-09T19:05:52.384+0000] {processor.py:179} INFO - Processing /home/airflow/.local/lib/python3.7/site-packages/airflow/example_dags/tutorial_taskflow_api_virtualenv.py took 0.083 seconds
[2023-07-09T19:06:22.534+0000] {processor.py:157} INFO - Started process (PID=883) to work on /home/airflow/.local/lib/python3.7/site-packages/airflow/example_dags/tutorial_taskflow_api_virtualenv.py
[2023-07-09T19:06:22.535+0000] {processor.py:826} INFO - Processing file /home/airflow/.local/lib/python3.7/site-packages/airflow/example_dags/tutorial_taskflow_api_virtualenv.py for tasks to queue
[2023-07-09T19:06:22.536+0000] {logging_mixin.py:149} INFO - [2023-07-09T19:06:22.536+0000] {dagbag.py:541} INFO - Filling up the DagBag from /home/airflow/.local/lib/python3.7/site-packages/airflow/example_dags/tutorial_taskflow_api_virtualenv.py
[2023-07-09T19:06:22.544+0000] {processor.py:836} INFO - DAG(s) dict_keys(['tutorial_taskflow_api_virtualenv']) retrieved from /home/airflow/.local/lib/python3.7/site-packages/airflow/example_dags/tutorial_taskflow_api_virtualenv.py
[2023-07-09T19:06:22.574+0000] {logging_mixin.py:149} INFO - [2023-07-09T19:06:22.573+0000] {dag.py:2726} INFO - Sync 1 DAGs
[2023-07-09T19:06:22.604+0000] {logging_mixin.py:149} INFO - [2023-07-09T19:06:22.604+0000] {dag.py:3490} INFO - Setting next_dagrun for tutorial_taskflow_api_virtualenv to None, run_after=None
[2023-07-09T19:06:22.631+0000] {processor.py:179} INFO - Processing /home/airflow/.local/lib/python3.7/site-packages/airflow/example_dags/tutorial_taskflow_api_virtualenv.py took 0.102 seconds
[2023-07-09T19:06:53.570+0000] {processor.py:157} INFO - Started process (PID=948) to work on /home/airflow/.local/lib/python3.7/site-packages/airflow/example_dags/tutorial_taskflow_api_virtualenv.py
[2023-07-09T19:06:53.571+0000] {processor.py:826} INFO - Processing file /home/airflow/.local/lib/python3.7/site-packages/airflow/example_dags/tutorial_taskflow_api_virtualenv.py for tasks to queue
[2023-07-09T19:06:53.575+0000] {logging_mixin.py:149} INFO - [2023-07-09T19:06:53.574+0000] {dagbag.py:541} INFO - Filling up the DagBag from /home/airflow/.local/lib/python3.7/site-packages/airflow/example_dags/tutorial_taskflow_api_virtualenv.py
[2023-07-09T19:06:53.583+0000] {processor.py:836} INFO - DAG(s) dict_keys(['tutorial_taskflow_api_virtualenv']) retrieved from /home/airflow/.local/lib/python3.7/site-packages/airflow/example_dags/tutorial_taskflow_api_virtualenv.py
[2023-07-09T19:06:53.618+0000] {logging_mixin.py:149} INFO - [2023-07-09T19:06:53.618+0000] {dag.py:2726} INFO - Sync 1 DAGs
[2023-07-09T19:06:53.649+0000] {logging_mixin.py:149} INFO - [2023-07-09T19:06:53.649+0000] {dag.py:3490} INFO - Setting next_dagrun for tutorial_taskflow_api_virtualenv to None, run_after=None
[2023-07-09T19:06:53.673+0000] {processor.py:179} INFO - Processing /home/airflow/.local/lib/python3.7/site-packages/airflow/example_dags/tutorial_taskflow_api_virtualenv.py took 0.109 seconds
[2023-07-09T19:07:23.714+0000] {processor.py:157} INFO - Started process (PID=1013) to work on /home/airflow/.local/lib/python3.7/site-packages/airflow/example_dags/tutorial_taskflow_api_virtualenv.py
[2023-07-09T19:07:23.715+0000] {processor.py:826} INFO - Processing file /home/airflow/.local/lib/python3.7/site-packages/airflow/example_dags/tutorial_taskflow_api_virtualenv.py for tasks to queue
[2023-07-09T19:07:23.715+0000] {logging_mixin.py:149} INFO - [2023-07-09T19:07:23.715+0000] {dagbag.py:541} INFO - Filling up the DagBag from /home/airflow/.local/lib/python3.7/site-packages/airflow/example_dags/tutorial_taskflow_api_virtualenv.py
[2023-07-09T19:07:23.721+0000] {processor.py:836} INFO - DAG(s) dict_keys(['tutorial_taskflow_api_virtualenv']) retrieved from /home/airflow/.local/lib/python3.7/site-packages/airflow/example_dags/tutorial_taskflow_api_virtualenv.py
[2023-07-09T19:07:23.749+0000] {logging_mixin.py:149} INFO - [2023-07-09T19:07:23.748+0000] {dag.py:2726} INFO - Sync 1 DAGs
[2023-07-09T19:07:23.777+0000] {logging_mixin.py:149} INFO - [2023-07-09T19:07:23.777+0000] {dag.py:3490} INFO - Setting next_dagrun for tutorial_taskflow_api_virtualenv to None, run_after=None
[2023-07-09T19:07:23.803+0000] {processor.py:179} INFO - Processing /home/airflow/.local/lib/python3.7/site-packages/airflow/example_dags/tutorial_taskflow_api_virtualenv.py took 0.092 seconds
[2023-07-09T19:07:53.841+0000] {processor.py:157} INFO - Started process (PID=1077) to work on /home/airflow/.local/lib/python3.7/site-packages/airflow/example_dags/tutorial_taskflow_api_virtualenv.py
[2023-07-09T19:07:53.842+0000] {processor.py:826} INFO - Processing file /home/airflow/.local/lib/python3.7/site-packages/airflow/example_dags/tutorial_taskflow_api_virtualenv.py for tasks to queue
[2023-07-09T19:07:53.843+0000] {logging_mixin.py:149} INFO - [2023-07-09T19:07:53.842+0000] {dagbag.py:541} INFO - Filling up the DagBag from /home/airflow/.local/lib/python3.7/site-packages/airflow/example_dags/tutorial_taskflow_api_virtualenv.py
[2023-07-09T19:07:53.848+0000] {processor.py:836} INFO - DAG(s) dict_keys(['tutorial_taskflow_api_virtualenv']) retrieved from /home/airflow/.local/lib/python3.7/site-packages/airflow/example_dags/tutorial_taskflow_api_virtualenv.py
[2023-07-09T19:07:53.869+0000] {logging_mixin.py:149} INFO - [2023-07-09T19:07:53.869+0000] {dag.py:2726} INFO - Sync 1 DAGs
[2023-07-09T19:07:53.892+0000] {logging_mixin.py:149} INFO - [2023-07-09T19:07:53.892+0000] {dag.py:3490} INFO - Setting next_dagrun for tutorial_taskflow_api_virtualenv to None, run_after=None
[2023-07-09T19:07:53.911+0000] {processor.py:179} INFO - Processing /home/airflow/.local/lib/python3.7/site-packages/airflow/example_dags/tutorial_taskflow_api_virtualenv.py took 0.073 seconds
