[2023-07-09T18:59:51.271+0000] {processor.py:157} INFO - Started process (PID=62) to work on /home/airflow/.local/lib/python3.7/site-packages/airflow/example_dags/tutorial_taskflow_api.py
[2023-07-09T18:59:51.273+0000] {processor.py:826} INFO - Processing file /home/airflow/.local/lib/python3.7/site-packages/airflow/example_dags/tutorial_taskflow_api.py for tasks to queue
[2023-07-09T18:59:51.274+0000] {logging_mixin.py:149} INFO - [2023-07-09T18:59:51.273+0000] {dagbag.py:541} INFO - Filling up the DagBag from /home/airflow/.local/lib/python3.7/site-packages/airflow/example_dags/tutorial_taskflow_api.py
[2023-07-09T18:59:51.284+0000] {processor.py:836} INFO - DAG(s) dict_keys(['tutorial_taskflow_api']) retrieved from /home/airflow/.local/lib/python3.7/site-packages/airflow/example_dags/tutorial_taskflow_api.py
[2023-07-09T18:59:51.396+0000] {logging_mixin.py:149} INFO - [2023-07-09T18:59:51.396+0000] {manager.py:504} INFO - Created Permission View: can read on DAG:tutorial_taskflow_api
[2023-07-09T18:59:51.409+0000] {logging_mixin.py:149} INFO - [2023-07-09T18:59:51.409+0000] {manager.py:504} INFO - Created Permission View: can edit on DAG:tutorial_taskflow_api
[2023-07-09T18:59:51.417+0000] {logging_mixin.py:149} INFO - [2023-07-09T18:59:51.417+0000] {manager.py:504} INFO - Created Permission View: can delete on DAG:tutorial_taskflow_api
[2023-07-09T18:59:51.432+0000] {logging_mixin.py:149} INFO - [2023-07-09T18:59:51.431+0000] {dag.py:2726} INFO - Sync 1 DAGs
[2023-07-09T18:59:51.444+0000] {logging_mixin.py:149} INFO - [2023-07-09T18:59:51.444+0000] {dag.py:2747} INFO - Creating ORM DAG for tutorial_taskflow_api
[2023-07-09T18:59:51.455+0000] {logging_mixin.py:149} INFO - [2023-07-09T18:59:51.455+0000] {dag.py:3490} INFO - Setting next_dagrun for tutorial_taskflow_api to None, run_after=None
[2023-07-09T18:59:51.472+0000] {processor.py:179} INFO - Processing /home/airflow/.local/lib/python3.7/site-packages/airflow/example_dags/tutorial_taskflow_api.py took 0.205 seconds
[2023-07-09T19:00:22.110+0000] {processor.py:157} INFO - Started process (PID=127) to work on /home/airflow/.local/lib/python3.7/site-packages/airflow/example_dags/tutorial_taskflow_api.py
[2023-07-09T19:00:22.111+0000] {processor.py:826} INFO - Processing file /home/airflow/.local/lib/python3.7/site-packages/airflow/example_dags/tutorial_taskflow_api.py for tasks to queue
[2023-07-09T19:00:22.112+0000] {logging_mixin.py:149} INFO - [2023-07-09T19:00:22.112+0000] {dagbag.py:541} INFO - Filling up the DagBag from /home/airflow/.local/lib/python3.7/site-packages/airflow/example_dags/tutorial_taskflow_api.py
[2023-07-09T19:00:22.118+0000] {processor.py:836} INFO - DAG(s) dict_keys(['tutorial_taskflow_api']) retrieved from /home/airflow/.local/lib/python3.7/site-packages/airflow/example_dags/tutorial_taskflow_api.py
[2023-07-09T19:00:22.140+0000] {logging_mixin.py:149} INFO - [2023-07-09T19:00:22.139+0000] {dag.py:2726} INFO - Sync 1 DAGs
[2023-07-09T19:00:22.165+0000] {logging_mixin.py:149} INFO - [2023-07-09T19:00:22.165+0000] {dag.py:3490} INFO - Setting next_dagrun for tutorial_taskflow_api to None, run_after=None
[2023-07-09T19:00:22.183+0000] {processor.py:179} INFO - Processing /home/airflow/.local/lib/python3.7/site-packages/airflow/example_dags/tutorial_taskflow_api.py took 0.076 seconds
[2023-07-09T19:00:52.410+0000] {processor.py:157} INFO - Started process (PID=192) to work on /home/airflow/.local/lib/python3.7/site-packages/airflow/example_dags/tutorial_taskflow_api.py
[2023-07-09T19:00:52.411+0000] {processor.py:826} INFO - Processing file /home/airflow/.local/lib/python3.7/site-packages/airflow/example_dags/tutorial_taskflow_api.py for tasks to queue
[2023-07-09T19:00:52.412+0000] {logging_mixin.py:149} INFO - [2023-07-09T19:00:52.412+0000] {dagbag.py:541} INFO - Filling up the DagBag from /home/airflow/.local/lib/python3.7/site-packages/airflow/example_dags/tutorial_taskflow_api.py
[2023-07-09T19:00:52.420+0000] {processor.py:836} INFO - DAG(s) dict_keys(['tutorial_taskflow_api']) retrieved from /home/airflow/.local/lib/python3.7/site-packages/airflow/example_dags/tutorial_taskflow_api.py
[2023-07-09T19:00:52.445+0000] {logging_mixin.py:149} INFO - [2023-07-09T19:00:52.445+0000] {dag.py:2726} INFO - Sync 1 DAGs
[2023-07-09T19:00:52.473+0000] {logging_mixin.py:149} INFO - [2023-07-09T19:00:52.473+0000] {dag.py:3490} INFO - Setting next_dagrun for tutorial_taskflow_api to None, run_after=None
[2023-07-09T19:00:52.495+0000] {processor.py:179} INFO - Processing /home/airflow/.local/lib/python3.7/site-packages/airflow/example_dags/tutorial_taskflow_api.py took 0.088 seconds
[2023-07-09T19:01:23.429+0000] {processor.py:157} INFO - Started process (PID=257) to work on /home/airflow/.local/lib/python3.7/site-packages/airflow/example_dags/tutorial_taskflow_api.py
[2023-07-09T19:01:23.430+0000] {processor.py:826} INFO - Processing file /home/airflow/.local/lib/python3.7/site-packages/airflow/example_dags/tutorial_taskflow_api.py for tasks to queue
[2023-07-09T19:01:23.431+0000] {logging_mixin.py:149} INFO - [2023-07-09T19:01:23.431+0000] {dagbag.py:541} INFO - Filling up the DagBag from /home/airflow/.local/lib/python3.7/site-packages/airflow/example_dags/tutorial_taskflow_api.py
[2023-07-09T19:01:23.436+0000] {processor.py:836} INFO - DAG(s) dict_keys(['tutorial_taskflow_api']) retrieved from /home/airflow/.local/lib/python3.7/site-packages/airflow/example_dags/tutorial_taskflow_api.py
[2023-07-09T19:01:23.459+0000] {logging_mixin.py:149} INFO - [2023-07-09T19:01:23.459+0000] {dag.py:2726} INFO - Sync 1 DAGs
[2023-07-09T19:01:23.483+0000] {logging_mixin.py:149} INFO - [2023-07-09T19:01:23.483+0000] {dag.py:3490} INFO - Setting next_dagrun for tutorial_taskflow_api to None, run_after=None
[2023-07-09T19:01:23.501+0000] {processor.py:179} INFO - Processing /home/airflow/.local/lib/python3.7/site-packages/airflow/example_dags/tutorial_taskflow_api.py took 0.075 seconds
[2023-07-09T19:01:54.006+0000] {processor.py:157} INFO - Started process (PID=322) to work on /home/airflow/.local/lib/python3.7/site-packages/airflow/example_dags/tutorial_taskflow_api.py
[2023-07-09T19:01:54.008+0000] {processor.py:826} INFO - Processing file /home/airflow/.local/lib/python3.7/site-packages/airflow/example_dags/tutorial_taskflow_api.py for tasks to queue
[2023-07-09T19:01:54.008+0000] {logging_mixin.py:149} INFO - [2023-07-09T19:01:54.008+0000] {dagbag.py:541} INFO - Filling up the DagBag from /home/airflow/.local/lib/python3.7/site-packages/airflow/example_dags/tutorial_taskflow_api.py
[2023-07-09T19:01:54.014+0000] {processor.py:836} INFO - DAG(s) dict_keys(['tutorial_taskflow_api']) retrieved from /home/airflow/.local/lib/python3.7/site-packages/airflow/example_dags/tutorial_taskflow_api.py
[2023-07-09T19:01:54.036+0000] {logging_mixin.py:149} INFO - [2023-07-09T19:01:54.036+0000] {dag.py:2726} INFO - Sync 1 DAGs
[2023-07-09T19:01:54.059+0000] {logging_mixin.py:149} INFO - [2023-07-09T19:01:54.059+0000] {dag.py:3490} INFO - Setting next_dagrun for tutorial_taskflow_api to None, run_after=None
[2023-07-09T19:01:54.078+0000] {processor.py:179} INFO - Processing /home/airflow/.local/lib/python3.7/site-packages/airflow/example_dags/tutorial_taskflow_api.py took 0.075 seconds
[2023-07-09T19:02:24.724+0000] {processor.py:157} INFO - Started process (PID=387) to work on /home/airflow/.local/lib/python3.7/site-packages/airflow/example_dags/tutorial_taskflow_api.py
[2023-07-09T19:02:24.725+0000] {processor.py:826} INFO - Processing file /home/airflow/.local/lib/python3.7/site-packages/airflow/example_dags/tutorial_taskflow_api.py for tasks to queue
[2023-07-09T19:02:24.726+0000] {logging_mixin.py:149} INFO - [2023-07-09T19:02:24.726+0000] {dagbag.py:541} INFO - Filling up the DagBag from /home/airflow/.local/lib/python3.7/site-packages/airflow/example_dags/tutorial_taskflow_api.py
[2023-07-09T19:02:24.731+0000] {processor.py:836} INFO - DAG(s) dict_keys(['tutorial_taskflow_api']) retrieved from /home/airflow/.local/lib/python3.7/site-packages/airflow/example_dags/tutorial_taskflow_api.py
[2023-07-09T19:02:24.755+0000] {logging_mixin.py:149} INFO - [2023-07-09T19:02:24.755+0000] {dag.py:2726} INFO - Sync 1 DAGs
[2023-07-09T19:02:24.779+0000] {logging_mixin.py:149} INFO - [2023-07-09T19:02:24.778+0000] {dag.py:3490} INFO - Setting next_dagrun for tutorial_taskflow_api to None, run_after=None
[2023-07-09T19:02:24.799+0000] {processor.py:179} INFO - Processing /home/airflow/.local/lib/python3.7/site-packages/airflow/example_dags/tutorial_taskflow_api.py took 0.078 seconds
[2023-07-09T19:02:54.840+0000] {processor.py:157} INFO - Started process (PID=451) to work on /home/airflow/.local/lib/python3.7/site-packages/airflow/example_dags/tutorial_taskflow_api.py
[2023-07-09T19:02:54.841+0000] {processor.py:826} INFO - Processing file /home/airflow/.local/lib/python3.7/site-packages/airflow/example_dags/tutorial_taskflow_api.py for tasks to queue
[2023-07-09T19:02:54.841+0000] {logging_mixin.py:149} INFO - [2023-07-09T19:02:54.841+0000] {dagbag.py:541} INFO - Filling up the DagBag from /home/airflow/.local/lib/python3.7/site-packages/airflow/example_dags/tutorial_taskflow_api.py
[2023-07-09T19:02:54.848+0000] {processor.py:836} INFO - DAG(s) dict_keys(['tutorial_taskflow_api']) retrieved from /home/airflow/.local/lib/python3.7/site-packages/airflow/example_dags/tutorial_taskflow_api.py
[2023-07-09T19:02:54.875+0000] {logging_mixin.py:149} INFO - [2023-07-09T19:02:54.875+0000] {dag.py:2726} INFO - Sync 1 DAGs
[2023-07-09T19:02:54.903+0000] {logging_mixin.py:149} INFO - [2023-07-09T19:02:54.903+0000] {dag.py:3490} INFO - Setting next_dagrun for tutorial_taskflow_api to None, run_after=None
[2023-07-09T19:02:54.923+0000] {processor.py:179} INFO - Processing /home/airflow/.local/lib/python3.7/site-packages/airflow/example_dags/tutorial_taskflow_api.py took 0.087 seconds
[2023-07-09T19:03:24.973+0000] {processor.py:157} INFO - Started process (PID=516) to work on /home/airflow/.local/lib/python3.7/site-packages/airflow/example_dags/tutorial_taskflow_api.py
[2023-07-09T19:03:24.974+0000] {processor.py:826} INFO - Processing file /home/airflow/.local/lib/python3.7/site-packages/airflow/example_dags/tutorial_taskflow_api.py for tasks to queue
[2023-07-09T19:03:24.975+0000] {logging_mixin.py:149} INFO - [2023-07-09T19:03:24.975+0000] {dagbag.py:541} INFO - Filling up the DagBag from /home/airflow/.local/lib/python3.7/site-packages/airflow/example_dags/tutorial_taskflow_api.py
[2023-07-09T19:03:24.984+0000] {processor.py:836} INFO - DAG(s) dict_keys(['tutorial_taskflow_api']) retrieved from /home/airflow/.local/lib/python3.7/site-packages/airflow/example_dags/tutorial_taskflow_api.py
[2023-07-09T19:03:25.016+0000] {logging_mixin.py:149} INFO - [2023-07-09T19:03:25.016+0000] {dag.py:2726} INFO - Sync 1 DAGs
[2023-07-09T19:03:25.047+0000] {logging_mixin.py:149} INFO - [2023-07-09T19:03:25.047+0000] {dag.py:3490} INFO - Setting next_dagrun for tutorial_taskflow_api to None, run_after=None
[2023-07-09T19:03:25.070+0000] {processor.py:179} INFO - Processing /home/airflow/.local/lib/python3.7/site-packages/airflow/example_dags/tutorial_taskflow_api.py took 0.101 seconds
[2023-07-09T19:03:55.238+0000] {processor.py:157} INFO - Started process (PID=581) to work on /home/airflow/.local/lib/python3.7/site-packages/airflow/example_dags/tutorial_taskflow_api.py
[2023-07-09T19:03:55.239+0000] {processor.py:826} INFO - Processing file /home/airflow/.local/lib/python3.7/site-packages/airflow/example_dags/tutorial_taskflow_api.py for tasks to queue
[2023-07-09T19:03:55.240+0000] {logging_mixin.py:149} INFO - [2023-07-09T19:03:55.240+0000] {dagbag.py:541} INFO - Filling up the DagBag from /home/airflow/.local/lib/python3.7/site-packages/airflow/example_dags/tutorial_taskflow_api.py
[2023-07-09T19:03:55.246+0000] {processor.py:836} INFO - DAG(s) dict_keys(['tutorial_taskflow_api']) retrieved from /home/airflow/.local/lib/python3.7/site-packages/airflow/example_dags/tutorial_taskflow_api.py
[2023-07-09T19:03:55.268+0000] {logging_mixin.py:149} INFO - [2023-07-09T19:03:55.268+0000] {dag.py:2726} INFO - Sync 1 DAGs
[2023-07-09T19:03:55.295+0000] {logging_mixin.py:149} INFO - [2023-07-09T19:03:55.295+0000] {dag.py:3490} INFO - Setting next_dagrun for tutorial_taskflow_api to None, run_after=None
[2023-07-09T19:03:55.314+0000] {processor.py:179} INFO - Processing /home/airflow/.local/lib/python3.7/site-packages/airflow/example_dags/tutorial_taskflow_api.py took 0.078 seconds
[2023-07-09T19:04:25.634+0000] {processor.py:157} INFO - Started process (PID=646) to work on /home/airflow/.local/lib/python3.7/site-packages/airflow/example_dags/tutorial_taskflow_api.py
[2023-07-09T19:04:25.636+0000] {processor.py:826} INFO - Processing file /home/airflow/.local/lib/python3.7/site-packages/airflow/example_dags/tutorial_taskflow_api.py for tasks to queue
[2023-07-09T19:04:25.637+0000] {logging_mixin.py:149} INFO - [2023-07-09T19:04:25.637+0000] {dagbag.py:541} INFO - Filling up the DagBag from /home/airflow/.local/lib/python3.7/site-packages/airflow/example_dags/tutorial_taskflow_api.py
[2023-07-09T19:04:25.644+0000] {processor.py:836} INFO - DAG(s) dict_keys(['tutorial_taskflow_api']) retrieved from /home/airflow/.local/lib/python3.7/site-packages/airflow/example_dags/tutorial_taskflow_api.py
[2023-07-09T19:04:25.673+0000] {logging_mixin.py:149} INFO - [2023-07-09T19:04:25.673+0000] {dag.py:2726} INFO - Sync 1 DAGs
[2023-07-09T19:04:25.707+0000] {logging_mixin.py:149} INFO - [2023-07-09T19:04:25.707+0000] {dag.py:3490} INFO - Setting next_dagrun for tutorial_taskflow_api to None, run_after=None
[2023-07-09T19:04:25.731+0000] {processor.py:179} INFO - Processing /home/airflow/.local/lib/python3.7/site-packages/airflow/example_dags/tutorial_taskflow_api.py took 0.101 seconds
[2023-07-09T19:04:56.370+0000] {processor.py:157} INFO - Started process (PID=711) to work on /home/airflow/.local/lib/python3.7/site-packages/airflow/example_dags/tutorial_taskflow_api.py
[2023-07-09T19:04:56.371+0000] {processor.py:826} INFO - Processing file /home/airflow/.local/lib/python3.7/site-packages/airflow/example_dags/tutorial_taskflow_api.py for tasks to queue
[2023-07-09T19:04:56.372+0000] {logging_mixin.py:149} INFO - [2023-07-09T19:04:56.371+0000] {dagbag.py:541} INFO - Filling up the DagBag from /home/airflow/.local/lib/python3.7/site-packages/airflow/example_dags/tutorial_taskflow_api.py
[2023-07-09T19:04:56.378+0000] {processor.py:836} INFO - DAG(s) dict_keys(['tutorial_taskflow_api']) retrieved from /home/airflow/.local/lib/python3.7/site-packages/airflow/example_dags/tutorial_taskflow_api.py
[2023-07-09T19:04:56.401+0000] {logging_mixin.py:149} INFO - [2023-07-09T19:04:56.401+0000] {dag.py:2726} INFO - Sync 1 DAGs
[2023-07-09T19:04:56.429+0000] {logging_mixin.py:149} INFO - [2023-07-09T19:04:56.429+0000] {dag.py:3490} INFO - Setting next_dagrun for tutorial_taskflow_api to None, run_after=None
[2023-07-09T19:04:56.449+0000] {processor.py:179} INFO - Processing /home/airflow/.local/lib/python3.7/site-packages/airflow/example_dags/tutorial_taskflow_api.py took 0.082 seconds
[2023-07-09T19:05:26.579+0000] {processor.py:157} INFO - Started process (PID=776) to work on /home/airflow/.local/lib/python3.7/site-packages/airflow/example_dags/tutorial_taskflow_api.py
[2023-07-09T19:05:26.580+0000] {processor.py:826} INFO - Processing file /home/airflow/.local/lib/python3.7/site-packages/airflow/example_dags/tutorial_taskflow_api.py for tasks to queue
[2023-07-09T19:05:26.581+0000] {logging_mixin.py:149} INFO - [2023-07-09T19:05:26.581+0000] {dagbag.py:541} INFO - Filling up the DagBag from /home/airflow/.local/lib/python3.7/site-packages/airflow/example_dags/tutorial_taskflow_api.py
[2023-07-09T19:05:26.589+0000] {processor.py:836} INFO - DAG(s) dict_keys(['tutorial_taskflow_api']) retrieved from /home/airflow/.local/lib/python3.7/site-packages/airflow/example_dags/tutorial_taskflow_api.py
[2023-07-09T19:05:26.615+0000] {logging_mixin.py:149} INFO - [2023-07-09T19:05:26.614+0000] {dag.py:2726} INFO - Sync 1 DAGs
[2023-07-09T19:05:26.640+0000] {logging_mixin.py:149} INFO - [2023-07-09T19:05:26.639+0000] {dag.py:3490} INFO - Setting next_dagrun for tutorial_taskflow_api to None, run_after=None
[2023-07-09T19:05:26.658+0000] {processor.py:179} INFO - Processing /home/airflow/.local/lib/python3.7/site-packages/airflow/example_dags/tutorial_taskflow_api.py took 0.083 seconds
[2023-07-09T19:05:57.545+0000] {processor.py:157} INFO - Started process (PID=841) to work on /home/airflow/.local/lib/python3.7/site-packages/airflow/example_dags/tutorial_taskflow_api.py
[2023-07-09T19:05:57.546+0000] {processor.py:826} INFO - Processing file /home/airflow/.local/lib/python3.7/site-packages/airflow/example_dags/tutorial_taskflow_api.py for tasks to queue
[2023-07-09T19:05:57.547+0000] {logging_mixin.py:149} INFO - [2023-07-09T19:05:57.546+0000] {dagbag.py:541} INFO - Filling up the DagBag from /home/airflow/.local/lib/python3.7/site-packages/airflow/example_dags/tutorial_taskflow_api.py
[2023-07-09T19:05:57.553+0000] {processor.py:836} INFO - DAG(s) dict_keys(['tutorial_taskflow_api']) retrieved from /home/airflow/.local/lib/python3.7/site-packages/airflow/example_dags/tutorial_taskflow_api.py
[2023-07-09T19:05:57.579+0000] {logging_mixin.py:149} INFO - [2023-07-09T19:05:57.579+0000] {dag.py:2726} INFO - Sync 1 DAGs
[2023-07-09T19:05:57.604+0000] {logging_mixin.py:149} INFO - [2023-07-09T19:05:57.604+0000] {dag.py:3490} INFO - Setting next_dagrun for tutorial_taskflow_api to None, run_after=None
[2023-07-09T19:05:57.624+0000] {processor.py:179} INFO - Processing /home/airflow/.local/lib/python3.7/site-packages/airflow/example_dags/tutorial_taskflow_api.py took 0.083 seconds
[2023-07-09T19:06:27.681+0000] {processor.py:157} INFO - Started process (PID=906) to work on /home/airflow/.local/lib/python3.7/site-packages/airflow/example_dags/tutorial_taskflow_api.py
[2023-07-09T19:06:27.682+0000] {processor.py:826} INFO - Processing file /home/airflow/.local/lib/python3.7/site-packages/airflow/example_dags/tutorial_taskflow_api.py for tasks to queue
[2023-07-09T19:06:27.683+0000] {logging_mixin.py:149} INFO - [2023-07-09T19:06:27.682+0000] {dagbag.py:541} INFO - Filling up the DagBag from /home/airflow/.local/lib/python3.7/site-packages/airflow/example_dags/tutorial_taskflow_api.py
[2023-07-09T19:06:27.688+0000] {processor.py:836} INFO - DAG(s) dict_keys(['tutorial_taskflow_api']) retrieved from /home/airflow/.local/lib/python3.7/site-packages/airflow/example_dags/tutorial_taskflow_api.py
[2023-07-09T19:06:27.711+0000] {logging_mixin.py:149} INFO - [2023-07-09T19:06:27.711+0000] {dag.py:2726} INFO - Sync 1 DAGs
[2023-07-09T19:06:27.736+0000] {logging_mixin.py:149} INFO - [2023-07-09T19:06:27.735+0000] {dag.py:3490} INFO - Setting next_dagrun for tutorial_taskflow_api to None, run_after=None
[2023-07-09T19:06:27.754+0000] {processor.py:179} INFO - Processing /home/airflow/.local/lib/python3.7/site-packages/airflow/example_dags/tutorial_taskflow_api.py took 0.076 seconds
[2023-07-09T19:06:57.825+0000] {processor.py:157} INFO - Started process (PID=971) to work on /home/airflow/.local/lib/python3.7/site-packages/airflow/example_dags/tutorial_taskflow_api.py
[2023-07-09T19:06:57.827+0000] {processor.py:826} INFO - Processing file /home/airflow/.local/lib/python3.7/site-packages/airflow/example_dags/tutorial_taskflow_api.py for tasks to queue
[2023-07-09T19:06:57.828+0000] {logging_mixin.py:149} INFO - [2023-07-09T19:06:57.828+0000] {dagbag.py:541} INFO - Filling up the DagBag from /home/airflow/.local/lib/python3.7/site-packages/airflow/example_dags/tutorial_taskflow_api.py
[2023-07-09T19:06:57.834+0000] {processor.py:836} INFO - DAG(s) dict_keys(['tutorial_taskflow_api']) retrieved from /home/airflow/.local/lib/python3.7/site-packages/airflow/example_dags/tutorial_taskflow_api.py
[2023-07-09T19:06:57.859+0000] {logging_mixin.py:149} INFO - [2023-07-09T19:06:57.859+0000] {dag.py:2726} INFO - Sync 1 DAGs
[2023-07-09T19:06:57.886+0000] {logging_mixin.py:149} INFO - [2023-07-09T19:06:57.886+0000] {dag.py:3490} INFO - Setting next_dagrun for tutorial_taskflow_api to None, run_after=None
[2023-07-09T19:06:57.908+0000] {processor.py:179} INFO - Processing /home/airflow/.local/lib/python3.7/site-packages/airflow/example_dags/tutorial_taskflow_api.py took 0.087 seconds
[2023-07-09T19:07:28.142+0000] {processor.py:157} INFO - Started process (PID=1036) to work on /home/airflow/.local/lib/python3.7/site-packages/airflow/example_dags/tutorial_taskflow_api.py
[2023-07-09T19:07:28.143+0000] {processor.py:826} INFO - Processing file /home/airflow/.local/lib/python3.7/site-packages/airflow/example_dags/tutorial_taskflow_api.py for tasks to queue
[2023-07-09T19:07:28.144+0000] {logging_mixin.py:149} INFO - [2023-07-09T19:07:28.143+0000] {dagbag.py:541} INFO - Filling up the DagBag from /home/airflow/.local/lib/python3.7/site-packages/airflow/example_dags/tutorial_taskflow_api.py
[2023-07-09T19:07:28.149+0000] {processor.py:836} INFO - DAG(s) dict_keys(['tutorial_taskflow_api']) retrieved from /home/airflow/.local/lib/python3.7/site-packages/airflow/example_dags/tutorial_taskflow_api.py
[2023-07-09T19:07:28.173+0000] {logging_mixin.py:149} INFO - [2023-07-09T19:07:28.173+0000] {dag.py:2726} INFO - Sync 1 DAGs
[2023-07-09T19:07:28.199+0000] {logging_mixin.py:149} INFO - [2023-07-09T19:07:28.199+0000] {dag.py:3490} INFO - Setting next_dagrun for tutorial_taskflow_api to None, run_after=None
[2023-07-09T19:07:28.218+0000] {processor.py:179} INFO - Processing /home/airflow/.local/lib/python3.7/site-packages/airflow/example_dags/tutorial_taskflow_api.py took 0.079 seconds
[2023-07-09T19:07:58.314+0000] {processor.py:157} INFO - Started process (PID=1101) to work on /home/airflow/.local/lib/python3.7/site-packages/airflow/example_dags/tutorial_taskflow_api.py
[2023-07-09T19:07:58.315+0000] {processor.py:826} INFO - Processing file /home/airflow/.local/lib/python3.7/site-packages/airflow/example_dags/tutorial_taskflow_api.py for tasks to queue
[2023-07-09T19:07:58.315+0000] {logging_mixin.py:149} INFO - [2023-07-09T19:07:58.315+0000] {dagbag.py:541} INFO - Filling up the DagBag from /home/airflow/.local/lib/python3.7/site-packages/airflow/example_dags/tutorial_taskflow_api.py
[2023-07-09T19:07:58.321+0000] {processor.py:836} INFO - DAG(s) dict_keys(['tutorial_taskflow_api']) retrieved from /home/airflow/.local/lib/python3.7/site-packages/airflow/example_dags/tutorial_taskflow_api.py
[2023-07-09T19:07:58.344+0000] {logging_mixin.py:149} INFO - [2023-07-09T19:07:58.344+0000] {dag.py:2726} INFO - Sync 1 DAGs
[2023-07-09T19:07:58.368+0000] {logging_mixin.py:149} INFO - [2023-07-09T19:07:58.368+0000] {dag.py:3490} INFO - Setting next_dagrun for tutorial_taskflow_api to None, run_after=None
[2023-07-09T19:07:58.387+0000] {processor.py:179} INFO - Processing /home/airflow/.local/lib/python3.7/site-packages/airflow/example_dags/tutorial_taskflow_api.py took 0.077 seconds
