[2023-07-09T19:33:52.451+0000] {processor.py:157} INFO - Started process (PID=602) to work on /opt/airflow/dags/segmentacao_tim/dag_insert_preditivo_tim.py
[2023-07-09T19:33:52.452+0000] {processor.py:826} INFO - Processing file /opt/airflow/dags/segmentacao_tim/dag_insert_preditivo_tim.py for tasks to queue
[2023-07-09T19:33:52.452+0000] {logging_mixin.py:149} INFO - [2023-07-09T19:33:52.452+0000] {dagbag.py:541} INFO - Filling up the DagBag from /opt/airflow/dags/segmentacao_tim/dag_insert_preditivo_tim.py
[2023-07-09T19:33:52.459+0000] {processor.py:836} INFO - DAG(s) dict_keys(['Trigger_insert_agv_preditivo_tim']) retrieved from /opt/airflow/dags/segmentacao_tim/dag_insert_preditivo_tim.py
[2023-07-09T19:33:52.561+0000] {logging_mixin.py:149} INFO - [2023-07-09T19:33:52.561+0000] {manager.py:504} INFO - Created Permission View: can read on DAG:Trigger_insert_agv_preditivo_tim
[2023-07-09T19:33:52.571+0000] {logging_mixin.py:149} INFO - [2023-07-09T19:33:52.571+0000] {manager.py:504} INFO - Created Permission View: can edit on DAG:Trigger_insert_agv_preditivo_tim
[2023-07-09T19:33:52.578+0000] {logging_mixin.py:149} INFO - [2023-07-09T19:33:52.577+0000] {manager.py:504} INFO - Created Permission View: can delete on DAG:Trigger_insert_agv_preditivo_tim
[2023-07-09T19:33:52.593+0000] {logging_mixin.py:149} INFO - [2023-07-09T19:33:52.593+0000] {dag.py:2726} INFO - Sync 1 DAGs
[2023-07-09T19:33:52.607+0000] {logging_mixin.py:149} INFO - [2023-07-09T19:33:52.607+0000] {dag.py:2747} INFO - Creating ORM DAG for Trigger_insert_agv_preditivo_tim
[2023-07-09T19:33:52.617+0000] {logging_mixin.py:149} INFO - [2023-07-09T19:33:52.617+0000] {dag.py:3490} INFO - Setting next_dagrun for Trigger_insert_agv_preditivo_tim to 2023-07-01T00:00:00+00:00, run_after=2023-07-01T00:00:00+00:00
[2023-07-09T19:33:52.635+0000] {processor.py:179} INFO - Processing /opt/airflow/dags/segmentacao_tim/dag_insert_preditivo_tim.py took 0.188 seconds
[2023-07-09T19:34:12.674+0000] {processor.py:157} INFO - Started process (PID=606) to work on /opt/airflow/dags/segmentacao_tim/dag_insert_preditivo_tim.py
[2023-07-09T19:34:12.677+0000] {processor.py:826} INFO - Processing file /opt/airflow/dags/segmentacao_tim/dag_insert_preditivo_tim.py for tasks to queue
[2023-07-09T19:34:12.677+0000] {logging_mixin.py:149} INFO - [2023-07-09T19:34:12.677+0000] {dagbag.py:541} INFO - Filling up the DagBag from /opt/airflow/dags/segmentacao_tim/dag_insert_preditivo_tim.py
[2023-07-09T19:34:12.683+0000] {processor.py:836} INFO - DAG(s) dict_keys(['Trigger_insert_agv_preditivo_tim']) retrieved from /opt/airflow/dags/segmentacao_tim/dag_insert_preditivo_tim.py
[2023-07-09T19:34:12.695+0000] {logging_mixin.py:149} INFO - [2023-07-09T19:34:12.695+0000] {dag.py:2726} INFO - Sync 1 DAGs
[2023-07-09T19:34:12.721+0000] {logging_mixin.py:149} INFO - [2023-07-09T19:34:12.721+0000] {dag.py:3490} INFO - Setting next_dagrun for Trigger_insert_agv_preditivo_tim to 2023-07-01T00:00:00+00:00, run_after=2023-07-01T00:00:00+00:00
[2023-07-09T19:34:12.738+0000] {processor.py:179} INFO - Processing /opt/airflow/dags/segmentacao_tim/dag_insert_preditivo_tim.py took 0.067 seconds
[2023-07-09T19:34:13.692+0000] {processor.py:157} INFO - Started process (PID=607) to work on /opt/airflow/dags/segmentacao_tim/dag_insert_preditivo_tim.py
[2023-07-09T19:34:13.694+0000] {processor.py:826} INFO - Processing file /opt/airflow/dags/segmentacao_tim/dag_insert_preditivo_tim.py for tasks to queue
[2023-07-09T19:34:13.695+0000] {logging_mixin.py:149} INFO - [2023-07-09T19:34:13.694+0000] {dagbag.py:541} INFO - Filling up the DagBag from /opt/airflow/dags/segmentacao_tim/dag_insert_preditivo_tim.py
[2023-07-09T19:34:13.702+0000] {processor.py:836} INFO - DAG(s) dict_keys(['Trigger_insert_agv_preditivo_tim']) retrieved from /opt/airflow/dags/segmentacao_tim/dag_insert_preditivo_tim.py
[2023-07-09T19:34:13.715+0000] {logging_mixin.py:149} INFO - [2023-07-09T19:34:13.715+0000] {dag.py:2726} INFO - Sync 1 DAGs
[2023-07-09T19:34:13.740+0000] {logging_mixin.py:149} INFO - [2023-07-09T19:34:13.739+0000] {dag.py:3490} INFO - Setting next_dagrun for Trigger_insert_agv_preditivo_tim to 2023-07-01T00:00:00+00:00, run_after=2023-07-01T00:00:00+00:00
[2023-07-09T19:34:13.760+0000] {processor.py:179} INFO - Processing /opt/airflow/dags/segmentacao_tim/dag_insert_preditivo_tim.py took 0.072 seconds
[2023-07-09T19:34:14.760+0000] {processor.py:157} INFO - Started process (PID=608) to work on /opt/airflow/dags/segmentacao_tim/dag_insert_preditivo_tim.py
[2023-07-09T19:34:14.761+0000] {processor.py:826} INFO - Processing file /opt/airflow/dags/segmentacao_tim/dag_insert_preditivo_tim.py for tasks to queue
[2023-07-09T19:34:14.761+0000] {logging_mixin.py:149} INFO - [2023-07-09T19:34:14.761+0000] {dagbag.py:541} INFO - Filling up the DagBag from /opt/airflow/dags/segmentacao_tim/dag_insert_preditivo_tim.py
[2023-07-09T19:34:14.767+0000] {processor.py:836} INFO - DAG(s) dict_keys(['Trigger_insert_agv_preditivo_tim']) retrieved from /opt/airflow/dags/segmentacao_tim/dag_insert_preditivo_tim.py
[2023-07-09T19:34:14.779+0000] {logging_mixin.py:149} INFO - [2023-07-09T19:34:14.779+0000] {dag.py:2726} INFO - Sync 1 DAGs
[2023-07-09T19:34:14.807+0000] {logging_mixin.py:149} INFO - [2023-07-09T19:34:14.807+0000] {dag.py:3490} INFO - Setting next_dagrun for Trigger_insert_agv_preditivo_tim to 2023-07-01T00:00:00+00:00, run_after=2023-07-01T00:00:00+00:00
[2023-07-09T19:34:14.828+0000] {processor.py:179} INFO - Processing /opt/airflow/dags/segmentacao_tim/dag_insert_preditivo_tim.py took 0.071 seconds
[2023-07-09T19:35:05.170+0000] {processor.py:157} INFO - Started process (PID=32) to work on /opt/airflow/dags/segmentacao_tim/dag_insert_preditivo_tim.py
[2023-07-09T19:35:05.173+0000] {processor.py:826} INFO - Processing file /opt/airflow/dags/segmentacao_tim/dag_insert_preditivo_tim.py for tasks to queue
[2023-07-09T19:35:05.173+0000] {logging_mixin.py:149} INFO - [2023-07-09T19:35:05.173+0000] {dagbag.py:541} INFO - Filling up the DagBag from /opt/airflow/dags/segmentacao_tim/dag_insert_preditivo_tim.py
[2023-07-09T19:35:05.186+0000] {processor.py:836} INFO - DAG(s) dict_keys(['Trigger_insert_agv_preditivo_tim']) retrieved from /opt/airflow/dags/segmentacao_tim/dag_insert_preditivo_tim.py
[2023-07-09T19:35:05.391+0000] {logging_mixin.py:149} INFO - [2023-07-09T19:35:05.391+0000] {dag.py:2726} INFO - Sync 1 DAGs
[2023-07-09T19:35:05.415+0000] {logging_mixin.py:149} INFO - [2023-07-09T19:35:05.415+0000] {dag.py:3490} INFO - Setting next_dagrun for Trigger_insert_agv_preditivo_tim to 2023-07-01T00:00:00+00:00, run_after=2023-07-01T00:00:00+00:00
[2023-07-09T19:35:05.455+0000] {processor.py:179} INFO - Processing /opt/airflow/dags/segmentacao_tim/dag_insert_preditivo_tim.py took 0.287 seconds
[2023-07-09T19:35:35.939+0000] {processor.py:157} INFO - Started process (PID=48) to work on /opt/airflow/dags/segmentacao_tim/dag_insert_preditivo_tim.py
[2023-07-09T19:35:35.940+0000] {processor.py:826} INFO - Processing file /opt/airflow/dags/segmentacao_tim/dag_insert_preditivo_tim.py for tasks to queue
[2023-07-09T19:35:35.940+0000] {logging_mixin.py:149} INFO - [2023-07-09T19:35:35.940+0000] {dagbag.py:541} INFO - Filling up the DagBag from /opt/airflow/dags/segmentacao_tim/dag_insert_preditivo_tim.py
[2023-07-09T19:35:35.946+0000] {processor.py:836} INFO - DAG(s) dict_keys(['Trigger_insert_agv_preditivo_tim']) retrieved from /opt/airflow/dags/segmentacao_tim/dag_insert_preditivo_tim.py
[2023-07-09T19:35:35.973+0000] {logging_mixin.py:149} INFO - [2023-07-09T19:35:35.973+0000] {dag.py:2726} INFO - Sync 1 DAGs
[2023-07-09T19:35:35.999+0000] {logging_mixin.py:149} INFO - [2023-07-09T19:35:35.999+0000] {dag.py:3490} INFO - Setting next_dagrun for Trigger_insert_agv_preditivo_tim to None, run_after=None
[2023-07-09T19:35:36.019+0000] {processor.py:179} INFO - Processing /opt/airflow/dags/segmentacao_tim/dag_insert_preditivo_tim.py took 0.083 seconds
[2023-07-09T19:36:06.402+0000] {processor.py:157} INFO - Started process (PID=60) to work on /opt/airflow/dags/segmentacao_tim/dag_insert_preditivo_tim.py
[2023-07-09T19:36:06.406+0000] {processor.py:826} INFO - Processing file /opt/airflow/dags/segmentacao_tim/dag_insert_preditivo_tim.py for tasks to queue
[2023-07-09T19:36:06.406+0000] {logging_mixin.py:149} INFO - [2023-07-09T19:36:06.406+0000] {dagbag.py:541} INFO - Filling up the DagBag from /opt/airflow/dags/segmentacao_tim/dag_insert_preditivo_tim.py
[2023-07-09T19:36:06.412+0000] {processor.py:836} INFO - DAG(s) dict_keys(['Trigger_insert_agv_preditivo_tim']) retrieved from /opt/airflow/dags/segmentacao_tim/dag_insert_preditivo_tim.py
[2023-07-09T19:36:06.437+0000] {logging_mixin.py:149} INFO - [2023-07-09T19:36:06.436+0000] {dag.py:2726} INFO - Sync 1 DAGs
[2023-07-09T19:36:06.464+0000] {logging_mixin.py:149} INFO - [2023-07-09T19:36:06.464+0000] {dag.py:3490} INFO - Setting next_dagrun for Trigger_insert_agv_preditivo_tim to None, run_after=None
[2023-07-09T19:36:06.486+0000] {processor.py:179} INFO - Processing /opt/airflow/dags/segmentacao_tim/dag_insert_preditivo_tim.py took 0.086 seconds
[2023-07-09T19:36:36.884+0000] {processor.py:157} INFO - Started process (PID=72) to work on /opt/airflow/dags/segmentacao_tim/dag_insert_preditivo_tim.py
[2023-07-09T19:36:36.887+0000] {processor.py:826} INFO - Processing file /opt/airflow/dags/segmentacao_tim/dag_insert_preditivo_tim.py for tasks to queue
[2023-07-09T19:36:36.888+0000] {logging_mixin.py:149} INFO - [2023-07-09T19:36:36.888+0000] {dagbag.py:541} INFO - Filling up the DagBag from /opt/airflow/dags/segmentacao_tim/dag_insert_preditivo_tim.py
[2023-07-09T19:36:36.893+0000] {processor.py:836} INFO - DAG(s) dict_keys(['Trigger_insert_agv_preditivo_tim']) retrieved from /opt/airflow/dags/segmentacao_tim/dag_insert_preditivo_tim.py
[2023-07-09T19:36:36.920+0000] {logging_mixin.py:149} INFO - [2023-07-09T19:36:36.919+0000] {dag.py:2726} INFO - Sync 1 DAGs
[2023-07-09T19:36:36.946+0000] {logging_mixin.py:149} INFO - [2023-07-09T19:36:36.946+0000] {dag.py:3490} INFO - Setting next_dagrun for Trigger_insert_agv_preditivo_tim to None, run_after=None
[2023-07-09T19:36:36.967+0000] {processor.py:179} INFO - Processing /opt/airflow/dags/segmentacao_tim/dag_insert_preditivo_tim.py took 0.086 seconds
[2023-07-09T19:37:07.463+0000] {processor.py:157} INFO - Started process (PID=84) to work on /opt/airflow/dags/segmentacao_tim/dag_insert_preditivo_tim.py
[2023-07-09T19:37:07.465+0000] {processor.py:826} INFO - Processing file /opt/airflow/dags/segmentacao_tim/dag_insert_preditivo_tim.py for tasks to queue
[2023-07-09T19:37:07.466+0000] {logging_mixin.py:149} INFO - [2023-07-09T19:37:07.465+0000] {dagbag.py:541} INFO - Filling up the DagBag from /opt/airflow/dags/segmentacao_tim/dag_insert_preditivo_tim.py
[2023-07-09T19:37:07.473+0000] {processor.py:836} INFO - DAG(s) dict_keys(['Trigger_insert_agv_preditivo_tim']) retrieved from /opt/airflow/dags/segmentacao_tim/dag_insert_preditivo_tim.py
[2023-07-09T19:37:07.502+0000] {logging_mixin.py:149} INFO - [2023-07-09T19:37:07.502+0000] {dag.py:2726} INFO - Sync 1 DAGs
[2023-07-09T19:37:07.530+0000] {logging_mixin.py:149} INFO - [2023-07-09T19:37:07.530+0000] {dag.py:3490} INFO - Setting next_dagrun for Trigger_insert_agv_preditivo_tim to None, run_after=None
[2023-07-09T19:37:07.552+0000] {processor.py:179} INFO - Processing /opt/airflow/dags/segmentacao_tim/dag_insert_preditivo_tim.py took 0.092 seconds
[2023-07-09T19:37:37.931+0000] {processor.py:157} INFO - Started process (PID=96) to work on /opt/airflow/dags/segmentacao_tim/dag_insert_preditivo_tim.py
[2023-07-09T19:37:37.934+0000] {processor.py:826} INFO - Processing file /opt/airflow/dags/segmentacao_tim/dag_insert_preditivo_tim.py for tasks to queue
[2023-07-09T19:37:37.934+0000] {logging_mixin.py:149} INFO - [2023-07-09T19:37:37.934+0000] {dagbag.py:541} INFO - Filling up the DagBag from /opt/airflow/dags/segmentacao_tim/dag_insert_preditivo_tim.py
[2023-07-09T19:37:37.952+0000] {processor.py:836} INFO - DAG(s) dict_keys(['Trigger_insert_agv_preditivo_tim']) retrieved from /opt/airflow/dags/segmentacao_tim/dag_insert_preditivo_tim.py
[2023-07-09T19:37:37.984+0000] {logging_mixin.py:149} INFO - [2023-07-09T19:37:37.984+0000] {dag.py:2726} INFO - Sync 1 DAGs
[2023-07-09T19:37:38.012+0000] {logging_mixin.py:149} INFO - [2023-07-09T19:37:38.012+0000] {dag.py:3490} INFO - Setting next_dagrun for Trigger_insert_agv_preditivo_tim to None, run_after=None
[2023-07-09T19:37:38.031+0000] {processor.py:179} INFO - Processing /opt/airflow/dags/segmentacao_tim/dag_insert_preditivo_tim.py took 0.103 seconds
[2023-07-09T19:38:08.319+0000] {processor.py:157} INFO - Started process (PID=109) to work on /opt/airflow/dags/segmentacao_tim/dag_insert_preditivo_tim.py
[2023-07-09T19:38:08.322+0000] {processor.py:826} INFO - Processing file /opt/airflow/dags/segmentacao_tim/dag_insert_preditivo_tim.py for tasks to queue
[2023-07-09T19:38:08.323+0000] {logging_mixin.py:149} INFO - [2023-07-09T19:38:08.323+0000] {dagbag.py:541} INFO - Filling up the DagBag from /opt/airflow/dags/segmentacao_tim/dag_insert_preditivo_tim.py
[2023-07-09T19:38:08.329+0000] {processor.py:836} INFO - DAG(s) dict_keys(['Trigger_insert_agv_preditivo_tim']) retrieved from /opt/airflow/dags/segmentacao_tim/dag_insert_preditivo_tim.py
[2023-07-09T19:38:08.355+0000] {logging_mixin.py:149} INFO - [2023-07-09T19:38:08.355+0000] {dag.py:2726} INFO - Sync 1 DAGs
[2023-07-09T19:38:08.384+0000] {logging_mixin.py:149} INFO - [2023-07-09T19:38:08.384+0000] {dag.py:3490} INFO - Setting next_dagrun for Trigger_insert_agv_preditivo_tim to None, run_after=None
[2023-07-09T19:38:08.408+0000] {processor.py:179} INFO - Processing /opt/airflow/dags/segmentacao_tim/dag_insert_preditivo_tim.py took 0.092 seconds
[2023-07-09T19:38:38.762+0000] {processor.py:157} INFO - Started process (PID=121) to work on /opt/airflow/dags/segmentacao_tim/dag_insert_preditivo_tim.py
[2023-07-09T19:38:38.766+0000] {processor.py:826} INFO - Processing file /opt/airflow/dags/segmentacao_tim/dag_insert_preditivo_tim.py for tasks to queue
[2023-07-09T19:38:38.766+0000] {logging_mixin.py:149} INFO - [2023-07-09T19:38:38.766+0000] {dagbag.py:541} INFO - Filling up the DagBag from /opt/airflow/dags/segmentacao_tim/dag_insert_preditivo_tim.py
[2023-07-09T19:38:38.775+0000] {processor.py:836} INFO - DAG(s) dict_keys(['Trigger_insert_agv_preditivo_tim']) retrieved from /opt/airflow/dags/segmentacao_tim/dag_insert_preditivo_tim.py
[2023-07-09T19:38:38.807+0000] {logging_mixin.py:149} INFO - [2023-07-09T19:38:38.807+0000] {dag.py:2726} INFO - Sync 1 DAGs
[2023-07-09T19:38:38.838+0000] {logging_mixin.py:149} INFO - [2023-07-09T19:38:38.838+0000] {dag.py:3490} INFO - Setting next_dagrun for Trigger_insert_agv_preditivo_tim to None, run_after=None
[2023-07-09T19:38:38.861+0000] {processor.py:179} INFO - Processing /opt/airflow/dags/segmentacao_tim/dag_insert_preditivo_tim.py took 0.104 seconds
[2023-07-09T19:39:09.188+0000] {processor.py:157} INFO - Started process (PID=133) to work on /opt/airflow/dags/segmentacao_tim/dag_insert_preditivo_tim.py
[2023-07-09T19:39:09.191+0000] {processor.py:826} INFO - Processing file /opt/airflow/dags/segmentacao_tim/dag_insert_preditivo_tim.py for tasks to queue
[2023-07-09T19:39:09.192+0000] {logging_mixin.py:149} INFO - [2023-07-09T19:39:09.192+0000] {dagbag.py:541} INFO - Filling up the DagBag from /opt/airflow/dags/segmentacao_tim/dag_insert_preditivo_tim.py
[2023-07-09T19:39:09.198+0000] {processor.py:836} INFO - DAG(s) dict_keys(['Trigger_insert_agv_preditivo_tim']) retrieved from /opt/airflow/dags/segmentacao_tim/dag_insert_preditivo_tim.py
[2023-07-09T19:39:09.225+0000] {logging_mixin.py:149} INFO - [2023-07-09T19:39:09.225+0000] {dag.py:2726} INFO - Sync 1 DAGs
[2023-07-09T19:39:09.251+0000] {logging_mixin.py:149} INFO - [2023-07-09T19:39:09.251+0000] {dag.py:3490} INFO - Setting next_dagrun for Trigger_insert_agv_preditivo_tim to None, run_after=None
[2023-07-09T19:39:09.270+0000] {processor.py:179} INFO - Processing /opt/airflow/dags/segmentacao_tim/dag_insert_preditivo_tim.py took 0.085 seconds
[2023-07-09T19:39:13.484+0000] {processor.py:157} INFO - Started process (PID=137) to work on /opt/airflow/dags/segmentacao_tim/dag_insert_preditivo_tim.py
[2023-07-09T19:39:13.487+0000] {processor.py:826} INFO - Processing file /opt/airflow/dags/segmentacao_tim/dag_insert_preditivo_tim.py for tasks to queue
[2023-07-09T19:39:13.488+0000] {logging_mixin.py:149} INFO - [2023-07-09T19:39:13.487+0000] {dagbag.py:541} INFO - Filling up the DagBag from /opt/airflow/dags/segmentacao_tim/dag_insert_preditivo_tim.py
[2023-07-09T19:39:13.493+0000] {processor.py:836} INFO - DAG(s) dict_keys(['Trigger_insert_agv_preditivo_tim']) retrieved from /opt/airflow/dags/segmentacao_tim/dag_insert_preditivo_tim.py
[2023-07-09T19:39:13.603+0000] {logging_mixin.py:149} INFO - [2023-07-09T19:39:13.603+0000] {dag.py:2726} INFO - Sync 1 DAGs
[2023-07-09T19:39:13.626+0000] {logging_mixin.py:149} INFO - [2023-07-09T19:39:13.625+0000] {dag.py:3490} INFO - Setting next_dagrun for Trigger_insert_agv_preditivo_tim to None, run_after=None
[2023-07-09T19:39:13.648+0000] {processor.py:179} INFO - Processing /opt/airflow/dags/segmentacao_tim/dag_insert_preditivo_tim.py took 0.167 seconds
