[2023-07-09T19:48:29.805+0000] {processor.py:157} INFO - Started process (PID=35) to work on /opt/airflow/dags/segmentacao_tim/dag_trigger_insert_agv_tim.py
[2023-07-09T19:48:29.806+0000] {processor.py:826} INFO - Processing file /opt/airflow/dags/segmentacao_tim/dag_trigger_insert_agv_tim.py for tasks to queue
[2023-07-09T19:48:29.806+0000] {logging_mixin.py:149} INFO - [2023-07-09T19:48:29.806+0000] {dagbag.py:541} INFO - Filling up the DagBag from /opt/airflow/dags/segmentacao_tim/dag_trigger_insert_agv_tim.py
[2023-07-09T19:48:29.812+0000] {processor.py:836} INFO - DAG(s) dict_keys(['Trigger_insert_agv_tim']) retrieved from /opt/airflow/dags/segmentacao_tim/dag_trigger_insert_agv_tim.py
[2023-07-09T19:48:29.937+0000] {logging_mixin.py:149} INFO - [2023-07-09T19:48:29.937+0000] {dag.py:2726} INFO - Sync 1 DAGs
[2023-07-09T19:48:29.964+0000] {logging_mixin.py:149} INFO - [2023-07-09T19:48:29.964+0000] {dag.py:3490} INFO - Setting next_dagrun for Trigger_insert_agv_tim to 2023-07-01T00:00:00+00:00, run_after=2023-07-01T00:00:00+00:00
[2023-07-09T19:48:29.988+0000] {processor.py:179} INFO - Processing /opt/airflow/dags/segmentacao_tim/dag_trigger_insert_agv_tim.py took 0.187 seconds
[2023-07-09T19:49:00.280+0000] {processor.py:157} INFO - Started process (PID=53) to work on /opt/airflow/dags/segmentacao_tim/dag_trigger_insert_agv_tim.py
[2023-07-09T19:49:00.281+0000] {processor.py:826} INFO - Processing file /opt/airflow/dags/segmentacao_tim/dag_trigger_insert_agv_tim.py for tasks to queue
[2023-07-09T19:49:00.281+0000] {logging_mixin.py:149} INFO - [2023-07-09T19:49:00.281+0000] {dagbag.py:541} INFO - Filling up the DagBag from /opt/airflow/dags/segmentacao_tim/dag_trigger_insert_agv_tim.py
[2023-07-09T19:49:00.287+0000] {processor.py:836} INFO - DAG(s) dict_keys(['Trigger_insert_agv_tim']) retrieved from /opt/airflow/dags/segmentacao_tim/dag_trigger_insert_agv_tim.py
[2023-07-09T19:49:00.315+0000] {logging_mixin.py:149} INFO - [2023-07-09T19:49:00.314+0000] {dag.py:2726} INFO - Sync 1 DAGs
[2023-07-09T19:49:00.346+0000] {logging_mixin.py:149} INFO - [2023-07-09T19:49:00.345+0000] {dag.py:3490} INFO - Setting next_dagrun for Trigger_insert_agv_tim to None, run_after=None
[2023-07-09T19:49:00.366+0000] {processor.py:179} INFO - Processing /opt/airflow/dags/segmentacao_tim/dag_trigger_insert_agv_tim.py took 0.089 seconds
[2023-07-09T19:49:30.809+0000] {processor.py:157} INFO - Started process (PID=66) to work on /opt/airflow/dags/segmentacao_tim/dag_trigger_insert_agv_tim.py
[2023-07-09T19:49:30.810+0000] {processor.py:826} INFO - Processing file /opt/airflow/dags/segmentacao_tim/dag_trigger_insert_agv_tim.py for tasks to queue
[2023-07-09T19:49:30.811+0000] {logging_mixin.py:149} INFO - [2023-07-09T19:49:30.811+0000] {dagbag.py:541} INFO - Filling up the DagBag from /opt/airflow/dags/segmentacao_tim/dag_trigger_insert_agv_tim.py
[2023-07-09T19:49:30.816+0000] {processor.py:836} INFO - DAG(s) dict_keys(['Trigger_insert_agv_tim']) retrieved from /opt/airflow/dags/segmentacao_tim/dag_trigger_insert_agv_tim.py
[2023-07-09T19:49:30.839+0000] {logging_mixin.py:149} INFO - [2023-07-09T19:49:30.839+0000] {dag.py:2726} INFO - Sync 1 DAGs
[2023-07-09T19:49:30.862+0000] {logging_mixin.py:149} INFO - [2023-07-09T19:49:30.861+0000] {dag.py:3490} INFO - Setting next_dagrun for Trigger_insert_agv_tim to None, run_after=None
[2023-07-09T19:49:30.879+0000] {processor.py:179} INFO - Processing /opt/airflow/dags/segmentacao_tim/dag_trigger_insert_agv_tim.py took 0.073 seconds
[2023-07-09T19:50:01.201+0000] {processor.py:157} INFO - Started process (PID=78) to work on /opt/airflow/dags/segmentacao_tim/dag_trigger_insert_agv_tim.py
[2023-07-09T19:50:01.202+0000] {processor.py:826} INFO - Processing file /opt/airflow/dags/segmentacao_tim/dag_trigger_insert_agv_tim.py for tasks to queue
[2023-07-09T19:50:01.202+0000] {logging_mixin.py:149} INFO - [2023-07-09T19:50:01.202+0000] {dagbag.py:541} INFO - Filling up the DagBag from /opt/airflow/dags/segmentacao_tim/dag_trigger_insert_agv_tim.py
[2023-07-09T19:50:01.209+0000] {processor.py:836} INFO - DAG(s) dict_keys(['Trigger_insert_agv_tim']) retrieved from /opt/airflow/dags/segmentacao_tim/dag_trigger_insert_agv_tim.py
[2023-07-09T19:50:01.236+0000] {logging_mixin.py:149} INFO - [2023-07-09T19:50:01.236+0000] {dag.py:2726} INFO - Sync 1 DAGs
[2023-07-09T19:50:01.260+0000] {logging_mixin.py:149} INFO - [2023-07-09T19:50:01.260+0000] {dag.py:3490} INFO - Setting next_dagrun for Trigger_insert_agv_tim to None, run_after=None
[2023-07-09T19:50:01.278+0000] {processor.py:179} INFO - Processing /opt/airflow/dags/segmentacao_tim/dag_trigger_insert_agv_tim.py took 0.080 seconds
[2023-07-09T19:50:31.621+0000] {processor.py:157} INFO - Started process (PID=90) to work on /opt/airflow/dags/segmentacao_tim/dag_trigger_insert_agv_tim.py
[2023-07-09T19:50:31.622+0000] {processor.py:826} INFO - Processing file /opt/airflow/dags/segmentacao_tim/dag_trigger_insert_agv_tim.py for tasks to queue
[2023-07-09T19:50:31.622+0000] {logging_mixin.py:149} INFO - [2023-07-09T19:50:31.622+0000] {dagbag.py:541} INFO - Filling up the DagBag from /opt/airflow/dags/segmentacao_tim/dag_trigger_insert_agv_tim.py
[2023-07-09T19:50:31.628+0000] {processor.py:836} INFO - DAG(s) dict_keys(['Trigger_insert_agv_tim']) retrieved from /opt/airflow/dags/segmentacao_tim/dag_trigger_insert_agv_tim.py
[2023-07-09T19:50:31.651+0000] {logging_mixin.py:149} INFO - [2023-07-09T19:50:31.651+0000] {dag.py:2726} INFO - Sync 1 DAGs
[2023-07-09T19:50:31.675+0000] {logging_mixin.py:149} INFO - [2023-07-09T19:50:31.675+0000] {dag.py:3490} INFO - Setting next_dagrun for Trigger_insert_agv_tim to None, run_after=None
[2023-07-09T19:50:31.693+0000] {processor.py:179} INFO - Processing /opt/airflow/dags/segmentacao_tim/dag_trigger_insert_agv_tim.py took 0.076 seconds
[2023-07-09T19:51:01.993+0000] {processor.py:157} INFO - Started process (PID=102) to work on /opt/airflow/dags/segmentacao_tim/dag_trigger_insert_agv_tim.py
[2023-07-09T19:51:01.994+0000] {processor.py:826} INFO - Processing file /opt/airflow/dags/segmentacao_tim/dag_trigger_insert_agv_tim.py for tasks to queue
[2023-07-09T19:51:01.995+0000] {logging_mixin.py:149} INFO - [2023-07-09T19:51:01.995+0000] {dagbag.py:541} INFO - Filling up the DagBag from /opt/airflow/dags/segmentacao_tim/dag_trigger_insert_agv_tim.py
[2023-07-09T19:51:02.000+0000] {processor.py:836} INFO - DAG(s) dict_keys(['Trigger_insert_agv_tim']) retrieved from /opt/airflow/dags/segmentacao_tim/dag_trigger_insert_agv_tim.py
[2023-07-09T19:51:02.025+0000] {logging_mixin.py:149} INFO - [2023-07-09T19:51:02.025+0000] {dag.py:2726} INFO - Sync 1 DAGs
[2023-07-09T19:51:02.052+0000] {logging_mixin.py:149} INFO - [2023-07-09T19:51:02.051+0000] {dag.py:3490} INFO - Setting next_dagrun for Trigger_insert_agv_tim to None, run_after=None
[2023-07-09T19:51:02.070+0000] {processor.py:179} INFO - Processing /opt/airflow/dags/segmentacao_tim/dag_trigger_insert_agv_tim.py took 0.080 seconds
[2023-07-09T19:51:32.424+0000] {processor.py:157} INFO - Started process (PID=114) to work on /opt/airflow/dags/segmentacao_tim/dag_trigger_insert_agv_tim.py
[2023-07-09T19:51:32.425+0000] {processor.py:826} INFO - Processing file /opt/airflow/dags/segmentacao_tim/dag_trigger_insert_agv_tim.py for tasks to queue
[2023-07-09T19:51:32.426+0000] {logging_mixin.py:149} INFO - [2023-07-09T19:51:32.426+0000] {dagbag.py:541} INFO - Filling up the DagBag from /opt/airflow/dags/segmentacao_tim/dag_trigger_insert_agv_tim.py
[2023-07-09T19:51:32.431+0000] {processor.py:836} INFO - DAG(s) dict_keys(['Trigger_insert_agv_tim']) retrieved from /opt/airflow/dags/segmentacao_tim/dag_trigger_insert_agv_tim.py
[2023-07-09T19:51:32.458+0000] {logging_mixin.py:149} INFO - [2023-07-09T19:51:32.458+0000] {dag.py:2726} INFO - Sync 1 DAGs
[2023-07-09T19:51:32.485+0000] {logging_mixin.py:149} INFO - [2023-07-09T19:51:32.484+0000] {dag.py:3490} INFO - Setting next_dagrun for Trigger_insert_agv_tim to None, run_after=None
[2023-07-09T19:51:32.505+0000] {processor.py:179} INFO - Processing /opt/airflow/dags/segmentacao_tim/dag_trigger_insert_agv_tim.py took 0.085 seconds
[2023-07-09T19:52:02.828+0000] {processor.py:157} INFO - Started process (PID=126) to work on /opt/airflow/dags/segmentacao_tim/dag_trigger_insert_agv_tim.py
[2023-07-09T19:52:02.829+0000] {processor.py:826} INFO - Processing file /opt/airflow/dags/segmentacao_tim/dag_trigger_insert_agv_tim.py for tasks to queue
[2023-07-09T19:52:02.830+0000] {logging_mixin.py:149} INFO - [2023-07-09T19:52:02.830+0000] {dagbag.py:541} INFO - Filling up the DagBag from /opt/airflow/dags/segmentacao_tim/dag_trigger_insert_agv_tim.py
[2023-07-09T19:52:02.835+0000] {processor.py:836} INFO - DAG(s) dict_keys(['Trigger_insert_agv_tim']) retrieved from /opt/airflow/dags/segmentacao_tim/dag_trigger_insert_agv_tim.py
[2023-07-09T19:52:02.859+0000] {logging_mixin.py:149} INFO - [2023-07-09T19:52:02.858+0000] {dag.py:2726} INFO - Sync 1 DAGs
[2023-07-09T19:52:02.882+0000] {logging_mixin.py:149} INFO - [2023-07-09T19:52:02.882+0000] {dag.py:3490} INFO - Setting next_dagrun for Trigger_insert_agv_tim to None, run_after=None
[2023-07-09T19:52:02.900+0000] {processor.py:179} INFO - Processing /opt/airflow/dags/segmentacao_tim/dag_trigger_insert_agv_tim.py took 0.074 seconds
[2023-07-09T19:52:33.143+0000] {processor.py:157} INFO - Started process (PID=138) to work on /opt/airflow/dags/segmentacao_tim/dag_trigger_insert_agv_tim.py
[2023-07-09T19:52:33.144+0000] {processor.py:826} INFO - Processing file /opt/airflow/dags/segmentacao_tim/dag_trigger_insert_agv_tim.py for tasks to queue
[2023-07-09T19:52:33.145+0000] {logging_mixin.py:149} INFO - [2023-07-09T19:52:33.145+0000] {dagbag.py:541} INFO - Filling up the DagBag from /opt/airflow/dags/segmentacao_tim/dag_trigger_insert_agv_tim.py
[2023-07-09T19:52:33.151+0000] {processor.py:836} INFO - DAG(s) dict_keys(['Trigger_insert_agv_tim']) retrieved from /opt/airflow/dags/segmentacao_tim/dag_trigger_insert_agv_tim.py
[2023-07-09T19:52:33.175+0000] {logging_mixin.py:149} INFO - [2023-07-09T19:52:33.175+0000] {dag.py:2726} INFO - Sync 1 DAGs
[2023-07-09T19:52:33.199+0000] {logging_mixin.py:149} INFO - [2023-07-09T19:52:33.199+0000] {dag.py:3490} INFO - Setting next_dagrun for Trigger_insert_agv_tim to None, run_after=None
[2023-07-09T19:52:33.219+0000] {processor.py:179} INFO - Processing /opt/airflow/dags/segmentacao_tim/dag_trigger_insert_agv_tim.py took 0.079 seconds
[2023-07-09T19:53:03.576+0000] {processor.py:157} INFO - Started process (PID=150) to work on /opt/airflow/dags/segmentacao_tim/dag_trigger_insert_agv_tim.py
[2023-07-09T19:53:03.577+0000] {processor.py:826} INFO - Processing file /opt/airflow/dags/segmentacao_tim/dag_trigger_insert_agv_tim.py for tasks to queue
[2023-07-09T19:53:03.578+0000] {logging_mixin.py:149} INFO - [2023-07-09T19:53:03.578+0000] {dagbag.py:541} INFO - Filling up the DagBag from /opt/airflow/dags/segmentacao_tim/dag_trigger_insert_agv_tim.py
[2023-07-09T19:53:03.584+0000] {processor.py:836} INFO - DAG(s) dict_keys(['Trigger_insert_agv_tim']) retrieved from /opt/airflow/dags/segmentacao_tim/dag_trigger_insert_agv_tim.py
[2023-07-09T19:53:03.609+0000] {logging_mixin.py:149} INFO - [2023-07-09T19:53:03.609+0000] {dag.py:2726} INFO - Sync 1 DAGs
[2023-07-09T19:53:03.632+0000] {logging_mixin.py:149} INFO - [2023-07-09T19:53:03.632+0000] {dag.py:3490} INFO - Setting next_dagrun for Trigger_insert_agv_tim to None, run_after=None
[2023-07-09T19:53:03.652+0000] {processor.py:179} INFO - Processing /opt/airflow/dags/segmentacao_tim/dag_trigger_insert_agv_tim.py took 0.079 seconds
[2023-07-09T19:53:33.998+0000] {processor.py:157} INFO - Started process (PID=162) to work on /opt/airflow/dags/segmentacao_tim/dag_trigger_insert_agv_tim.py
[2023-07-09T19:53:33.998+0000] {processor.py:826} INFO - Processing file /opt/airflow/dags/segmentacao_tim/dag_trigger_insert_agv_tim.py for tasks to queue
[2023-07-09T19:53:33.999+0000] {logging_mixin.py:149} INFO - [2023-07-09T19:53:33.999+0000] {dagbag.py:541} INFO - Filling up the DagBag from /opt/airflow/dags/segmentacao_tim/dag_trigger_insert_agv_tim.py
[2023-07-09T19:53:34.004+0000] {processor.py:836} INFO - DAG(s) dict_keys(['Trigger_insert_agv_tim']) retrieved from /opt/airflow/dags/segmentacao_tim/dag_trigger_insert_agv_tim.py
[2023-07-09T19:53:34.028+0000] {logging_mixin.py:149} INFO - [2023-07-09T19:53:34.027+0000] {dag.py:2726} INFO - Sync 1 DAGs
[2023-07-09T19:53:34.055+0000] {logging_mixin.py:149} INFO - [2023-07-09T19:53:34.055+0000] {dag.py:3490} INFO - Setting next_dagrun for Trigger_insert_agv_tim to None, run_after=None
[2023-07-09T19:53:34.078+0000] {processor.py:179} INFO - Processing /opt/airflow/dags/segmentacao_tim/dag_trigger_insert_agv_tim.py took 0.084 seconds
[2023-07-09T19:54:04.454+0000] {processor.py:157} INFO - Started process (PID=176) to work on /opt/airflow/dags/segmentacao_tim/dag_trigger_insert_agv_tim.py
[2023-07-09T19:54:04.455+0000] {processor.py:826} INFO - Processing file /opt/airflow/dags/segmentacao_tim/dag_trigger_insert_agv_tim.py for tasks to queue
[2023-07-09T19:54:04.456+0000] {logging_mixin.py:149} INFO - [2023-07-09T19:54:04.456+0000] {dagbag.py:541} INFO - Filling up the DagBag from /opt/airflow/dags/segmentacao_tim/dag_trigger_insert_agv_tim.py
[2023-07-09T19:54:04.463+0000] {processor.py:836} INFO - DAG(s) dict_keys(['Trigger_insert_agv_tim']) retrieved from /opt/airflow/dags/segmentacao_tim/dag_trigger_insert_agv_tim.py
[2023-07-09T19:54:04.490+0000] {logging_mixin.py:149} INFO - [2023-07-09T19:54:04.490+0000] {dag.py:2726} INFO - Sync 1 DAGs
[2023-07-09T19:54:04.517+0000] {logging_mixin.py:149} INFO - [2023-07-09T19:54:04.517+0000] {dag.py:3490} INFO - Setting next_dagrun for Trigger_insert_agv_tim to None, run_after=None
[2023-07-09T19:54:04.535+0000] {processor.py:179} INFO - Processing /opt/airflow/dags/segmentacao_tim/dag_trigger_insert_agv_tim.py took 0.085 seconds
[2023-07-09T19:54:34.845+0000] {processor.py:157} INFO - Started process (PID=188) to work on /opt/airflow/dags/segmentacao_tim/dag_trigger_insert_agv_tim.py
[2023-07-09T19:54:34.846+0000] {processor.py:826} INFO - Processing file /opt/airflow/dags/segmentacao_tim/dag_trigger_insert_agv_tim.py for tasks to queue
[2023-07-09T19:54:34.846+0000] {logging_mixin.py:149} INFO - [2023-07-09T19:54:34.846+0000] {dagbag.py:541} INFO - Filling up the DagBag from /opt/airflow/dags/segmentacao_tim/dag_trigger_insert_agv_tim.py
[2023-07-09T19:54:34.853+0000] {processor.py:836} INFO - DAG(s) dict_keys(['Trigger_insert_agv_tim']) retrieved from /opt/airflow/dags/segmentacao_tim/dag_trigger_insert_agv_tim.py
[2023-07-09T19:54:34.885+0000] {logging_mixin.py:149} INFO - [2023-07-09T19:54:34.885+0000] {dag.py:2726} INFO - Sync 1 DAGs
[2023-07-09T19:54:34.916+0000] {logging_mixin.py:149} INFO - [2023-07-09T19:54:34.916+0000] {dag.py:3490} INFO - Setting next_dagrun for Trigger_insert_agv_tim to None, run_after=None
[2023-07-09T19:54:34.947+0000] {processor.py:179} INFO - Processing /opt/airflow/dags/segmentacao_tim/dag_trigger_insert_agv_tim.py took 0.107 seconds
[2023-07-09T19:55:05.319+0000] {processor.py:157} INFO - Started process (PID=202) to work on /opt/airflow/dags/segmentacao_tim/dag_trigger_insert_agv_tim.py
[2023-07-09T19:55:05.319+0000] {processor.py:826} INFO - Processing file /opt/airflow/dags/segmentacao_tim/dag_trigger_insert_agv_tim.py for tasks to queue
[2023-07-09T19:55:05.320+0000] {logging_mixin.py:149} INFO - [2023-07-09T19:55:05.320+0000] {dagbag.py:541} INFO - Filling up the DagBag from /opt/airflow/dags/segmentacao_tim/dag_trigger_insert_agv_tim.py
[2023-07-09T19:55:05.325+0000] {processor.py:836} INFO - DAG(s) dict_keys(['Trigger_insert_agv_tim']) retrieved from /opt/airflow/dags/segmentacao_tim/dag_trigger_insert_agv_tim.py
[2023-07-09T19:55:05.350+0000] {logging_mixin.py:149} INFO - [2023-07-09T19:55:05.350+0000] {dag.py:2726} INFO - Sync 1 DAGs
[2023-07-09T19:55:05.374+0000] {logging_mixin.py:149} INFO - [2023-07-09T19:55:05.374+0000] {dag.py:3490} INFO - Setting next_dagrun for Trigger_insert_agv_tim to None, run_after=None
[2023-07-09T19:55:05.391+0000] {processor.py:179} INFO - Processing /opt/airflow/dags/segmentacao_tim/dag_trigger_insert_agv_tim.py took 0.076 seconds
[2023-07-09T19:55:35.723+0000] {processor.py:157} INFO - Started process (PID=215) to work on /opt/airflow/dags/segmentacao_tim/dag_trigger_insert_agv_tim.py
[2023-07-09T19:55:35.724+0000] {processor.py:826} INFO - Processing file /opt/airflow/dags/segmentacao_tim/dag_trigger_insert_agv_tim.py for tasks to queue
[2023-07-09T19:55:35.725+0000] {logging_mixin.py:149} INFO - [2023-07-09T19:55:35.725+0000] {dagbag.py:541} INFO - Filling up the DagBag from /opt/airflow/dags/segmentacao_tim/dag_trigger_insert_agv_tim.py
[2023-07-09T19:55:35.731+0000] {processor.py:836} INFO - DAG(s) dict_keys(['Trigger_insert_agv_tim']) retrieved from /opt/airflow/dags/segmentacao_tim/dag_trigger_insert_agv_tim.py
[2023-07-09T19:55:35.762+0000] {logging_mixin.py:149} INFO - [2023-07-09T19:55:35.762+0000] {dag.py:2726} INFO - Sync 1 DAGs
[2023-07-09T19:55:35.794+0000] {logging_mixin.py:149} INFO - [2023-07-09T19:55:35.793+0000] {dag.py:3490} INFO - Setting next_dagrun for Trigger_insert_agv_tim to None, run_after=None
[2023-07-09T19:55:35.819+0000] {processor.py:179} INFO - Processing /opt/airflow/dags/segmentacao_tim/dag_trigger_insert_agv_tim.py took 0.099 seconds
[2023-07-09T19:56:06.110+0000] {processor.py:157} INFO - Started process (PID=227) to work on /opt/airflow/dags/segmentacao_tim/dag_trigger_insert_agv_tim.py
[2023-07-09T19:56:06.111+0000] {processor.py:826} INFO - Processing file /opt/airflow/dags/segmentacao_tim/dag_trigger_insert_agv_tim.py for tasks to queue
[2023-07-09T19:56:06.112+0000] {logging_mixin.py:149} INFO - [2023-07-09T19:56:06.112+0000] {dagbag.py:541} INFO - Filling up the DagBag from /opt/airflow/dags/segmentacao_tim/dag_trigger_insert_agv_tim.py
[2023-07-09T19:56:06.118+0000] {processor.py:836} INFO - DAG(s) dict_keys(['Trigger_insert_agv_tim']) retrieved from /opt/airflow/dags/segmentacao_tim/dag_trigger_insert_agv_tim.py
[2023-07-09T19:56:06.145+0000] {logging_mixin.py:149} INFO - [2023-07-09T19:56:06.145+0000] {dag.py:2726} INFO - Sync 1 DAGs
[2023-07-09T19:56:06.174+0000] {logging_mixin.py:149} INFO - [2023-07-09T19:56:06.173+0000] {dag.py:3490} INFO - Setting next_dagrun for Trigger_insert_agv_tim to None, run_after=None
[2023-07-09T19:56:06.194+0000] {processor.py:179} INFO - Processing /opt/airflow/dags/segmentacao_tim/dag_trigger_insert_agv_tim.py took 0.088 seconds
[2023-07-09T19:56:36.831+0000] {processor.py:157} INFO - Started process (PID=242) to work on /opt/airflow/dags/segmentacao_tim/dag_trigger_insert_agv_tim.py
[2023-07-09T19:56:36.832+0000] {processor.py:826} INFO - Processing file /opt/airflow/dags/segmentacao_tim/dag_trigger_insert_agv_tim.py for tasks to queue
[2023-07-09T19:56:36.833+0000] {logging_mixin.py:149} INFO - [2023-07-09T19:56:36.833+0000] {dagbag.py:541} INFO - Filling up the DagBag from /opt/airflow/dags/segmentacao_tim/dag_trigger_insert_agv_tim.py
[2023-07-09T19:56:36.840+0000] {processor.py:836} INFO - DAG(s) dict_keys(['Trigger_insert_agv_tim']) retrieved from /opt/airflow/dags/segmentacao_tim/dag_trigger_insert_agv_tim.py
[2023-07-09T19:56:36.868+0000] {logging_mixin.py:149} INFO - [2023-07-09T19:56:36.868+0000] {dag.py:2726} INFO - Sync 1 DAGs
[2023-07-09T19:56:36.900+0000] {logging_mixin.py:149} INFO - [2023-07-09T19:56:36.900+0000] {dag.py:3490} INFO - Setting next_dagrun for Trigger_insert_agv_tim to None, run_after=None
[2023-07-09T19:56:36.924+0000] {processor.py:179} INFO - Processing /opt/airflow/dags/segmentacao_tim/dag_trigger_insert_agv_tim.py took 0.097 seconds
[2023-07-09T19:57:18.414+0000] {processor.py:157} INFO - Started process (PID=35) to work on /opt/airflow/dags/segmentacao_tim/dag_trigger_insert_agv_tim.py
[2023-07-09T19:57:18.416+0000] {processor.py:826} INFO - Processing file /opt/airflow/dags/segmentacao_tim/dag_trigger_insert_agv_tim.py for tasks to queue
[2023-07-09T19:57:18.417+0000] {logging_mixin.py:149} INFO - [2023-07-09T19:57:18.416+0000] {dagbag.py:541} INFO - Filling up the DagBag from /opt/airflow/dags/segmentacao_tim/dag_trigger_insert_agv_tim.py
[2023-07-09T19:57:18.422+0000] {processor.py:836} INFO - DAG(s) dict_keys(['Trigger_insert_agv_tim']) retrieved from /opt/airflow/dags/segmentacao_tim/dag_trigger_insert_agv_tim.py
[2023-07-09T19:57:18.559+0000] {logging_mixin.py:149} INFO - [2023-07-09T19:57:18.558+0000] {dag.py:2726} INFO - Sync 1 DAGs
[2023-07-09T19:57:18.592+0000] {logging_mixin.py:149} INFO - [2023-07-09T19:57:18.591+0000] {dag.py:3490} INFO - Setting next_dagrun for Trigger_insert_agv_tim to None, run_after=None
[2023-07-09T19:57:18.617+0000] {processor.py:179} INFO - Processing /opt/airflow/dags/segmentacao_tim/dag_trigger_insert_agv_tim.py took 0.207 seconds
[2023-07-09T19:57:49.031+0000] {processor.py:157} INFO - Started process (PID=48) to work on /opt/airflow/dags/segmentacao_tim/dag_trigger_insert_agv_tim.py
[2023-07-09T19:57:49.032+0000] {processor.py:826} INFO - Processing file /opt/airflow/dags/segmentacao_tim/dag_trigger_insert_agv_tim.py for tasks to queue
[2023-07-09T19:57:49.033+0000] {logging_mixin.py:149} INFO - [2023-07-09T19:57:49.033+0000] {dagbag.py:541} INFO - Filling up the DagBag from /opt/airflow/dags/segmentacao_tim/dag_trigger_insert_agv_tim.py
[2023-07-09T19:57:49.041+0000] {processor.py:836} INFO - DAG(s) dict_keys(['Trigger_insert_agv_tim']) retrieved from /opt/airflow/dags/segmentacao_tim/dag_trigger_insert_agv_tim.py
[2023-07-09T19:57:49.078+0000] {logging_mixin.py:149} INFO - [2023-07-09T19:57:49.077+0000] {dag.py:2726} INFO - Sync 1 DAGs
[2023-07-09T19:57:49.113+0000] {logging_mixin.py:149} INFO - [2023-07-09T19:57:49.113+0000] {dag.py:3490} INFO - Setting next_dagrun for Trigger_insert_agv_tim to None, run_after=None
[2023-07-09T19:57:49.138+0000] {processor.py:179} INFO - Processing /opt/airflow/dags/segmentacao_tim/dag_trigger_insert_agv_tim.py took 0.112 seconds
[2023-07-09T19:58:19.426+0000] {processor.py:157} INFO - Started process (PID=64) to work on /opt/airflow/dags/segmentacao_tim/dag_trigger_insert_agv_tim.py
[2023-07-09T19:58:19.427+0000] {processor.py:826} INFO - Processing file /opt/airflow/dags/segmentacao_tim/dag_trigger_insert_agv_tim.py for tasks to queue
[2023-07-09T19:58:19.428+0000] {logging_mixin.py:149} INFO - [2023-07-09T19:58:19.427+0000] {dagbag.py:541} INFO - Filling up the DagBag from /opt/airflow/dags/segmentacao_tim/dag_trigger_insert_agv_tim.py
[2023-07-09T19:58:19.434+0000] {processor.py:836} INFO - DAG(s) dict_keys(['Trigger_insert_agv_tim']) retrieved from /opt/airflow/dags/segmentacao_tim/dag_trigger_insert_agv_tim.py
[2023-07-09T19:58:19.458+0000] {logging_mixin.py:149} INFO - [2023-07-09T19:58:19.458+0000] {dag.py:2726} INFO - Sync 1 DAGs
[2023-07-09T19:58:19.486+0000] {logging_mixin.py:149} INFO - [2023-07-09T19:58:19.486+0000] {dag.py:3490} INFO - Setting next_dagrun for Trigger_insert_agv_tim to None, run_after=None
[2023-07-09T19:58:19.503+0000] {processor.py:179} INFO - Processing /opt/airflow/dags/segmentacao_tim/dag_trigger_insert_agv_tim.py took 0.081 seconds
[2023-07-09T19:58:49.870+0000] {processor.py:157} INFO - Started process (PID=76) to work on /opt/airflow/dags/segmentacao_tim/dag_trigger_insert_agv_tim.py
[2023-07-09T19:58:49.871+0000] {processor.py:826} INFO - Processing file /opt/airflow/dags/segmentacao_tim/dag_trigger_insert_agv_tim.py for tasks to queue
[2023-07-09T19:58:49.872+0000] {logging_mixin.py:149} INFO - [2023-07-09T19:58:49.872+0000] {dagbag.py:541} INFO - Filling up the DagBag from /opt/airflow/dags/segmentacao_tim/dag_trigger_insert_agv_tim.py
[2023-07-09T19:58:49.878+0000] {processor.py:836} INFO - DAG(s) dict_keys(['Trigger_insert_agv_tim']) retrieved from /opt/airflow/dags/segmentacao_tim/dag_trigger_insert_agv_tim.py
[2023-07-09T19:58:49.904+0000] {logging_mixin.py:149} INFO - [2023-07-09T19:58:49.904+0000] {dag.py:2726} INFO - Sync 1 DAGs
[2023-07-09T19:58:49.929+0000] {logging_mixin.py:149} INFO - [2023-07-09T19:58:49.929+0000] {dag.py:3490} INFO - Setting next_dagrun for Trigger_insert_agv_tim to None, run_after=None
[2023-07-09T19:58:49.949+0000] {processor.py:179} INFO - Processing /opt/airflow/dags/segmentacao_tim/dag_trigger_insert_agv_tim.py took 0.082 seconds
[2023-07-09T19:59:20.235+0000] {processor.py:157} INFO - Started process (PID=88) to work on /opt/airflow/dags/segmentacao_tim/dag_trigger_insert_agv_tim.py
[2023-07-09T19:59:20.236+0000] {processor.py:826} INFO - Processing file /opt/airflow/dags/segmentacao_tim/dag_trigger_insert_agv_tim.py for tasks to queue
[2023-07-09T19:59:20.237+0000] {logging_mixin.py:149} INFO - [2023-07-09T19:59:20.237+0000] {dagbag.py:541} INFO - Filling up the DagBag from /opt/airflow/dags/segmentacao_tim/dag_trigger_insert_agv_tim.py
[2023-07-09T19:59:20.243+0000] {processor.py:836} INFO - DAG(s) dict_keys(['Trigger_insert_agv_tim']) retrieved from /opt/airflow/dags/segmentacao_tim/dag_trigger_insert_agv_tim.py
[2023-07-09T19:59:20.268+0000] {logging_mixin.py:149} INFO - [2023-07-09T19:59:20.268+0000] {dag.py:2726} INFO - Sync 1 DAGs
[2023-07-09T19:59:20.296+0000] {logging_mixin.py:149} INFO - [2023-07-09T19:59:20.296+0000] {dag.py:3490} INFO - Setting next_dagrun for Trigger_insert_agv_tim to None, run_after=None
[2023-07-09T19:59:20.316+0000] {processor.py:179} INFO - Processing /opt/airflow/dags/segmentacao_tim/dag_trigger_insert_agv_tim.py took 0.083 seconds
[2023-07-09T19:59:50.578+0000] {processor.py:157} INFO - Started process (PID=100) to work on /opt/airflow/dags/segmentacao_tim/dag_trigger_insert_agv_tim.py
[2023-07-09T19:59:50.579+0000] {processor.py:826} INFO - Processing file /opt/airflow/dags/segmentacao_tim/dag_trigger_insert_agv_tim.py for tasks to queue
[2023-07-09T19:59:50.580+0000] {logging_mixin.py:149} INFO - [2023-07-09T19:59:50.580+0000] {dagbag.py:541} INFO - Filling up the DagBag from /opt/airflow/dags/segmentacao_tim/dag_trigger_insert_agv_tim.py
[2023-07-09T19:59:50.585+0000] {processor.py:836} INFO - DAG(s) dict_keys(['Trigger_insert_agv_tim']) retrieved from /opt/airflow/dags/segmentacao_tim/dag_trigger_insert_agv_tim.py
[2023-07-09T19:59:50.609+0000] {logging_mixin.py:149} INFO - [2023-07-09T19:59:50.609+0000] {dag.py:2726} INFO - Sync 1 DAGs
[2023-07-09T19:59:50.634+0000] {logging_mixin.py:149} INFO - [2023-07-09T19:59:50.633+0000] {dag.py:3490} INFO - Setting next_dagrun for Trigger_insert_agv_tim to None, run_after=None
[2023-07-09T19:59:50.651+0000] {processor.py:179} INFO - Processing /opt/airflow/dags/segmentacao_tim/dag_trigger_insert_agv_tim.py took 0.076 seconds
[2023-07-09T20:00:20.964+0000] {processor.py:157} INFO - Started process (PID=112) to work on /opt/airflow/dags/segmentacao_tim/dag_trigger_insert_agv_tim.py
[2023-07-09T20:00:20.965+0000] {processor.py:826} INFO - Processing file /opt/airflow/dags/segmentacao_tim/dag_trigger_insert_agv_tim.py for tasks to queue
[2023-07-09T20:00:20.965+0000] {logging_mixin.py:149} INFO - [2023-07-09T20:00:20.965+0000] {dagbag.py:541} INFO - Filling up the DagBag from /opt/airflow/dags/segmentacao_tim/dag_trigger_insert_agv_tim.py
[2023-07-09T20:00:20.970+0000] {processor.py:836} INFO - DAG(s) dict_keys(['Trigger_insert_agv_tim']) retrieved from /opt/airflow/dags/segmentacao_tim/dag_trigger_insert_agv_tim.py
[2023-07-09T20:00:20.995+0000] {logging_mixin.py:149} INFO - [2023-07-09T20:00:20.995+0000] {dag.py:2726} INFO - Sync 1 DAGs
[2023-07-09T20:00:21.019+0000] {logging_mixin.py:149} INFO - [2023-07-09T20:00:21.019+0000] {dag.py:3490} INFO - Setting next_dagrun for Trigger_insert_agv_tim to None, run_after=None
[2023-07-09T20:00:21.036+0000] {processor.py:179} INFO - Processing /opt/airflow/dags/segmentacao_tim/dag_trigger_insert_agv_tim.py took 0.076 seconds
[2023-07-09T20:00:51.263+0000] {processor.py:157} INFO - Started process (PID=124) to work on /opt/airflow/dags/segmentacao_tim/dag_trigger_insert_agv_tim.py
[2023-07-09T20:00:51.264+0000] {processor.py:826} INFO - Processing file /opt/airflow/dags/segmentacao_tim/dag_trigger_insert_agv_tim.py for tasks to queue
[2023-07-09T20:00:51.265+0000] {logging_mixin.py:149} INFO - [2023-07-09T20:00:51.265+0000] {dagbag.py:541} INFO - Filling up the DagBag from /opt/airflow/dags/segmentacao_tim/dag_trigger_insert_agv_tim.py
[2023-07-09T20:00:51.270+0000] {processor.py:836} INFO - DAG(s) dict_keys(['Trigger_insert_agv_tim']) retrieved from /opt/airflow/dags/segmentacao_tim/dag_trigger_insert_agv_tim.py
[2023-07-09T20:00:51.299+0000] {logging_mixin.py:149} INFO - [2023-07-09T20:00:51.299+0000] {dag.py:2726} INFO - Sync 1 DAGs
[2023-07-09T20:00:51.329+0000] {logging_mixin.py:149} INFO - [2023-07-09T20:00:51.329+0000] {dag.py:3490} INFO - Setting next_dagrun for Trigger_insert_agv_tim to None, run_after=None
[2023-07-09T20:00:51.347+0000] {processor.py:179} INFO - Processing /opt/airflow/dags/segmentacao_tim/dag_trigger_insert_agv_tim.py took 0.088 seconds
[2023-07-09T20:01:21.724+0000] {processor.py:157} INFO - Started process (PID=136) to work on /opt/airflow/dags/segmentacao_tim/dag_trigger_insert_agv_tim.py
[2023-07-09T20:01:21.725+0000] {processor.py:826} INFO - Processing file /opt/airflow/dags/segmentacao_tim/dag_trigger_insert_agv_tim.py for tasks to queue
[2023-07-09T20:01:21.726+0000] {logging_mixin.py:149} INFO - [2023-07-09T20:01:21.725+0000] {dagbag.py:541} INFO - Filling up the DagBag from /opt/airflow/dags/segmentacao_tim/dag_trigger_insert_agv_tim.py
[2023-07-09T20:01:21.731+0000] {processor.py:836} INFO - DAG(s) dict_keys(['Trigger_insert_agv_tim']) retrieved from /opt/airflow/dags/segmentacao_tim/dag_trigger_insert_agv_tim.py
[2023-07-09T20:01:21.755+0000] {logging_mixin.py:149} INFO - [2023-07-09T20:01:21.755+0000] {dag.py:2726} INFO - Sync 1 DAGs
[2023-07-09T20:01:21.779+0000] {logging_mixin.py:149} INFO - [2023-07-09T20:01:21.779+0000] {dag.py:3490} INFO - Setting next_dagrun for Trigger_insert_agv_tim to None, run_after=None
[2023-07-09T20:01:21.798+0000] {processor.py:179} INFO - Processing /opt/airflow/dags/segmentacao_tim/dag_trigger_insert_agv_tim.py took 0.077 seconds
[2023-07-09T20:01:52.010+0000] {processor.py:157} INFO - Started process (PID=148) to work on /opt/airflow/dags/segmentacao_tim/dag_trigger_insert_agv_tim.py
[2023-07-09T20:01:52.011+0000] {processor.py:826} INFO - Processing file /opt/airflow/dags/segmentacao_tim/dag_trigger_insert_agv_tim.py for tasks to queue
[2023-07-09T20:01:52.012+0000] {logging_mixin.py:149} INFO - [2023-07-09T20:01:52.012+0000] {dagbag.py:541} INFO - Filling up the DagBag from /opt/airflow/dags/segmentacao_tim/dag_trigger_insert_agv_tim.py
[2023-07-09T20:01:52.017+0000] {processor.py:836} INFO - DAG(s) dict_keys(['Trigger_insert_agv_tim']) retrieved from /opt/airflow/dags/segmentacao_tim/dag_trigger_insert_agv_tim.py
[2023-07-09T20:01:52.041+0000] {logging_mixin.py:149} INFO - [2023-07-09T20:01:52.041+0000] {dag.py:2726} INFO - Sync 1 DAGs
[2023-07-09T20:01:52.064+0000] {logging_mixin.py:149} INFO - [2023-07-09T20:01:52.063+0000] {dag.py:3490} INFO - Setting next_dagrun for Trigger_insert_agv_tim to None, run_after=None
[2023-07-09T20:01:52.079+0000] {processor.py:179} INFO - Processing /opt/airflow/dags/segmentacao_tim/dag_trigger_insert_agv_tim.py took 0.072 seconds
[2023-07-09T20:02:22.485+0000] {processor.py:157} INFO - Started process (PID=160) to work on /opt/airflow/dags/segmentacao_tim/dag_trigger_insert_agv_tim.py
[2023-07-09T20:02:22.486+0000] {processor.py:826} INFO - Processing file /opt/airflow/dags/segmentacao_tim/dag_trigger_insert_agv_tim.py for tasks to queue
[2023-07-09T20:02:22.487+0000] {logging_mixin.py:149} INFO - [2023-07-09T20:02:22.487+0000] {dagbag.py:541} INFO - Filling up the DagBag from /opt/airflow/dags/segmentacao_tim/dag_trigger_insert_agv_tim.py
[2023-07-09T20:02:22.493+0000] {processor.py:836} INFO - DAG(s) dict_keys(['Trigger_insert_agv_tim']) retrieved from /opt/airflow/dags/segmentacao_tim/dag_trigger_insert_agv_tim.py
[2023-07-09T20:02:22.517+0000] {logging_mixin.py:149} INFO - [2023-07-09T20:02:22.517+0000] {dag.py:2726} INFO - Sync 1 DAGs
[2023-07-09T20:02:22.541+0000] {logging_mixin.py:149} INFO - [2023-07-09T20:02:22.541+0000] {dag.py:3490} INFO - Setting next_dagrun for Trigger_insert_agv_tim to None, run_after=None
[2023-07-09T20:02:22.560+0000] {processor.py:179} INFO - Processing /opt/airflow/dags/segmentacao_tim/dag_trigger_insert_agv_tim.py took 0.078 seconds
[2023-07-09T20:02:52.897+0000] {processor.py:157} INFO - Started process (PID=172) to work on /opt/airflow/dags/segmentacao_tim/dag_trigger_insert_agv_tim.py
[2023-07-09T20:02:52.898+0000] {processor.py:826} INFO - Processing file /opt/airflow/dags/segmentacao_tim/dag_trigger_insert_agv_tim.py for tasks to queue
[2023-07-09T20:02:52.899+0000] {logging_mixin.py:149} INFO - [2023-07-09T20:02:52.898+0000] {dagbag.py:541} INFO - Filling up the DagBag from /opt/airflow/dags/segmentacao_tim/dag_trigger_insert_agv_tim.py
[2023-07-09T20:02:52.904+0000] {processor.py:836} INFO - DAG(s) dict_keys(['Trigger_insert_agv_tim']) retrieved from /opt/airflow/dags/segmentacao_tim/dag_trigger_insert_agv_tim.py
[2023-07-09T20:02:52.931+0000] {logging_mixin.py:149} INFO - [2023-07-09T20:02:52.931+0000] {dag.py:2726} INFO - Sync 1 DAGs
[2023-07-09T20:02:52.957+0000] {logging_mixin.py:149} INFO - [2023-07-09T20:02:52.957+0000] {dag.py:3490} INFO - Setting next_dagrun for Trigger_insert_agv_tim to None, run_after=None
[2023-07-09T20:02:52.978+0000] {processor.py:179} INFO - Processing /opt/airflow/dags/segmentacao_tim/dag_trigger_insert_agv_tim.py took 0.085 seconds
[2023-07-09T20:03:23.431+0000] {processor.py:157} INFO - Started process (PID=184) to work on /opt/airflow/dags/segmentacao_tim/dag_trigger_insert_agv_tim.py
[2023-07-09T20:03:23.433+0000] {processor.py:826} INFO - Processing file /opt/airflow/dags/segmentacao_tim/dag_trigger_insert_agv_tim.py for tasks to queue
[2023-07-09T20:03:23.433+0000] {logging_mixin.py:149} INFO - [2023-07-09T20:03:23.433+0000] {dagbag.py:541} INFO - Filling up the DagBag from /opt/airflow/dags/segmentacao_tim/dag_trigger_insert_agv_tim.py
[2023-07-09T20:03:23.440+0000] {processor.py:836} INFO - DAG(s) dict_keys(['Trigger_insert_agv_tim']) retrieved from /opt/airflow/dags/segmentacao_tim/dag_trigger_insert_agv_tim.py
[2023-07-09T20:03:23.469+0000] {logging_mixin.py:149} INFO - [2023-07-09T20:03:23.468+0000] {dag.py:2726} INFO - Sync 1 DAGs
[2023-07-09T20:03:23.498+0000] {logging_mixin.py:149} INFO - [2023-07-09T20:03:23.498+0000] {dag.py:3490} INFO - Setting next_dagrun for Trigger_insert_agv_tim to None, run_after=None
[2023-07-09T20:03:23.524+0000] {processor.py:179} INFO - Processing /opt/airflow/dags/segmentacao_tim/dag_trigger_insert_agv_tim.py took 0.096 seconds
[2023-07-09T20:03:53.920+0000] {processor.py:157} INFO - Started process (PID=196) to work on /opt/airflow/dags/segmentacao_tim/dag_trigger_insert_agv_tim.py
[2023-07-09T20:03:53.921+0000] {processor.py:826} INFO - Processing file /opt/airflow/dags/segmentacao_tim/dag_trigger_insert_agv_tim.py for tasks to queue
[2023-07-09T20:03:53.921+0000] {logging_mixin.py:149} INFO - [2023-07-09T20:03:53.921+0000] {dagbag.py:541} INFO - Filling up the DagBag from /opt/airflow/dags/segmentacao_tim/dag_trigger_insert_agv_tim.py
[2023-07-09T20:03:53.926+0000] {processor.py:836} INFO - DAG(s) dict_keys(['Trigger_insert_agv_tim']) retrieved from /opt/airflow/dags/segmentacao_tim/dag_trigger_insert_agv_tim.py
[2023-07-09T20:03:53.952+0000] {logging_mixin.py:149} INFO - [2023-07-09T20:03:53.951+0000] {dag.py:2726} INFO - Sync 1 DAGs
[2023-07-09T20:03:53.976+0000] {logging_mixin.py:149} INFO - [2023-07-09T20:03:53.976+0000] {dag.py:3490} INFO - Setting next_dagrun for Trigger_insert_agv_tim to None, run_after=None
[2023-07-09T20:03:53.994+0000] {processor.py:179} INFO - Processing /opt/airflow/dags/segmentacao_tim/dag_trigger_insert_agv_tim.py took 0.078 seconds
[2023-07-09T20:04:24.283+0000] {processor.py:157} INFO - Started process (PID=208) to work on /opt/airflow/dags/segmentacao_tim/dag_trigger_insert_agv_tim.py
[2023-07-09T20:04:24.284+0000] {processor.py:826} INFO - Processing file /opt/airflow/dags/segmentacao_tim/dag_trigger_insert_agv_tim.py for tasks to queue
[2023-07-09T20:04:24.285+0000] {logging_mixin.py:149} INFO - [2023-07-09T20:04:24.285+0000] {dagbag.py:541} INFO - Filling up the DagBag from /opt/airflow/dags/segmentacao_tim/dag_trigger_insert_agv_tim.py
[2023-07-09T20:04:24.291+0000] {processor.py:836} INFO - DAG(s) dict_keys(['Trigger_insert_agv_tim']) retrieved from /opt/airflow/dags/segmentacao_tim/dag_trigger_insert_agv_tim.py
[2023-07-09T20:04:24.321+0000] {logging_mixin.py:149} INFO - [2023-07-09T20:04:24.320+0000] {dag.py:2726} INFO - Sync 1 DAGs
[2023-07-09T20:04:24.350+0000] {logging_mixin.py:149} INFO - [2023-07-09T20:04:24.349+0000] {dag.py:3490} INFO - Setting next_dagrun for Trigger_insert_agv_tim to None, run_after=None
[2023-07-09T20:04:24.372+0000] {processor.py:179} INFO - Processing /opt/airflow/dags/segmentacao_tim/dag_trigger_insert_agv_tim.py took 0.092 seconds
[2023-07-09T20:04:54.632+0000] {processor.py:157} INFO - Started process (PID=220) to work on /opt/airflow/dags/segmentacao_tim/dag_trigger_insert_agv_tim.py
[2023-07-09T20:04:54.633+0000] {processor.py:826} INFO - Processing file /opt/airflow/dags/segmentacao_tim/dag_trigger_insert_agv_tim.py for tasks to queue
[2023-07-09T20:04:54.634+0000] {logging_mixin.py:149} INFO - [2023-07-09T20:04:54.634+0000] {dagbag.py:541} INFO - Filling up the DagBag from /opt/airflow/dags/segmentacao_tim/dag_trigger_insert_agv_tim.py
[2023-07-09T20:04:54.639+0000] {processor.py:836} INFO - DAG(s) dict_keys(['Trigger_insert_agv_tim']) retrieved from /opt/airflow/dags/segmentacao_tim/dag_trigger_insert_agv_tim.py
[2023-07-09T20:04:54.664+0000] {logging_mixin.py:149} INFO - [2023-07-09T20:04:54.664+0000] {dag.py:2726} INFO - Sync 1 DAGs
[2023-07-09T20:04:54.687+0000] {logging_mixin.py:149} INFO - [2023-07-09T20:04:54.687+0000] {dag.py:3490} INFO - Setting next_dagrun for Trigger_insert_agv_tim to None, run_after=None
[2023-07-09T20:04:54.705+0000] {processor.py:179} INFO - Processing /opt/airflow/dags/segmentacao_tim/dag_trigger_insert_agv_tim.py took 0.075 seconds
[2023-07-09T20:05:25.082+0000] {processor.py:157} INFO - Started process (PID=232) to work on /opt/airflow/dags/segmentacao_tim/dag_trigger_insert_agv_tim.py
[2023-07-09T20:05:25.083+0000] {processor.py:826} INFO - Processing file /opt/airflow/dags/segmentacao_tim/dag_trigger_insert_agv_tim.py for tasks to queue
[2023-07-09T20:05:25.084+0000] {logging_mixin.py:149} INFO - [2023-07-09T20:05:25.083+0000] {dagbag.py:541} INFO - Filling up the DagBag from /opt/airflow/dags/segmentacao_tim/dag_trigger_insert_agv_tim.py
[2023-07-09T20:05:25.089+0000] {processor.py:836} INFO - DAG(s) dict_keys(['Trigger_insert_agv_tim']) retrieved from /opt/airflow/dags/segmentacao_tim/dag_trigger_insert_agv_tim.py
[2023-07-09T20:05:25.114+0000] {logging_mixin.py:149} INFO - [2023-07-09T20:05:25.114+0000] {dag.py:2726} INFO - Sync 1 DAGs
[2023-07-09T20:05:25.140+0000] {logging_mixin.py:149} INFO - [2023-07-09T20:05:25.140+0000] {dag.py:3490} INFO - Setting next_dagrun for Trigger_insert_agv_tim to None, run_after=None
[2023-07-09T20:05:25.159+0000] {processor.py:179} INFO - Processing /opt/airflow/dags/segmentacao_tim/dag_trigger_insert_agv_tim.py took 0.080 seconds
[2023-07-09T20:05:55.489+0000] {processor.py:157} INFO - Started process (PID=244) to work on /opt/airflow/dags/segmentacao_tim/dag_trigger_insert_agv_tim.py
[2023-07-09T20:05:55.490+0000] {processor.py:826} INFO - Processing file /opt/airflow/dags/segmentacao_tim/dag_trigger_insert_agv_tim.py for tasks to queue
[2023-07-09T20:05:55.490+0000] {logging_mixin.py:149} INFO - [2023-07-09T20:05:55.490+0000] {dagbag.py:541} INFO - Filling up the DagBag from /opt/airflow/dags/segmentacao_tim/dag_trigger_insert_agv_tim.py
[2023-07-09T20:05:55.496+0000] {processor.py:836} INFO - DAG(s) dict_keys(['Trigger_insert_agv_tim']) retrieved from /opt/airflow/dags/segmentacao_tim/dag_trigger_insert_agv_tim.py
[2023-07-09T20:05:55.521+0000] {logging_mixin.py:149} INFO - [2023-07-09T20:05:55.520+0000] {dag.py:2726} INFO - Sync 1 DAGs
[2023-07-09T20:05:55.546+0000] {logging_mixin.py:149} INFO - [2023-07-09T20:05:55.546+0000] {dag.py:3490} INFO - Setting next_dagrun for Trigger_insert_agv_tim to None, run_after=None
[2023-07-09T20:05:55.564+0000] {processor.py:179} INFO - Processing /opt/airflow/dags/segmentacao_tim/dag_trigger_insert_agv_tim.py took 0.079 seconds
[2023-07-09T20:06:25.809+0000] {processor.py:157} INFO - Started process (PID=256) to work on /opt/airflow/dags/segmentacao_tim/dag_trigger_insert_agv_tim.py
[2023-07-09T20:06:25.811+0000] {processor.py:826} INFO - Processing file /opt/airflow/dags/segmentacao_tim/dag_trigger_insert_agv_tim.py for tasks to queue
[2023-07-09T20:06:25.811+0000] {logging_mixin.py:149} INFO - [2023-07-09T20:06:25.811+0000] {dagbag.py:541} INFO - Filling up the DagBag from /opt/airflow/dags/segmentacao_tim/dag_trigger_insert_agv_tim.py
[2023-07-09T20:06:25.817+0000] {processor.py:836} INFO - DAG(s) dict_keys(['Trigger_insert_agv_tim']) retrieved from /opt/airflow/dags/segmentacao_tim/dag_trigger_insert_agv_tim.py
[2023-07-09T20:06:25.843+0000] {logging_mixin.py:149} INFO - [2023-07-09T20:06:25.843+0000] {dag.py:2726} INFO - Sync 1 DAGs
[2023-07-09T20:06:25.867+0000] {logging_mixin.py:149} INFO - [2023-07-09T20:06:25.867+0000] {dag.py:3490} INFO - Setting next_dagrun for Trigger_insert_agv_tim to None, run_after=None
[2023-07-09T20:06:25.886+0000] {processor.py:179} INFO - Processing /opt/airflow/dags/segmentacao_tim/dag_trigger_insert_agv_tim.py took 0.080 seconds
[2023-07-09T20:06:56.191+0000] {processor.py:157} INFO - Started process (PID=268) to work on /opt/airflow/dags/segmentacao_tim/dag_trigger_insert_agv_tim.py
[2023-07-09T20:06:56.192+0000] {processor.py:826} INFO - Processing file /opt/airflow/dags/segmentacao_tim/dag_trigger_insert_agv_tim.py for tasks to queue
[2023-07-09T20:06:56.193+0000] {logging_mixin.py:149} INFO - [2023-07-09T20:06:56.193+0000] {dagbag.py:541} INFO - Filling up the DagBag from /opt/airflow/dags/segmentacao_tim/dag_trigger_insert_agv_tim.py
[2023-07-09T20:06:56.199+0000] {processor.py:836} INFO - DAG(s) dict_keys(['Trigger_insert_agv_tim']) retrieved from /opt/airflow/dags/segmentacao_tim/dag_trigger_insert_agv_tim.py
[2023-07-09T20:06:56.224+0000] {logging_mixin.py:149} INFO - [2023-07-09T20:06:56.224+0000] {dag.py:2726} INFO - Sync 1 DAGs
[2023-07-09T20:06:56.249+0000] {logging_mixin.py:149} INFO - [2023-07-09T20:06:56.248+0000] {dag.py:3490} INFO - Setting next_dagrun for Trigger_insert_agv_tim to None, run_after=None
[2023-07-09T20:06:56.267+0000] {processor.py:179} INFO - Processing /opt/airflow/dags/segmentacao_tim/dag_trigger_insert_agv_tim.py took 0.079 seconds
[2023-07-09T20:07:26.542+0000] {processor.py:157} INFO - Started process (PID=280) to work on /opt/airflow/dags/segmentacao_tim/dag_trigger_insert_agv_tim.py
[2023-07-09T20:07:26.543+0000] {processor.py:826} INFO - Processing file /opt/airflow/dags/segmentacao_tim/dag_trigger_insert_agv_tim.py for tasks to queue
[2023-07-09T20:07:26.544+0000] {logging_mixin.py:149} INFO - [2023-07-09T20:07:26.544+0000] {dagbag.py:541} INFO - Filling up the DagBag from /opt/airflow/dags/segmentacao_tim/dag_trigger_insert_agv_tim.py
[2023-07-09T20:07:26.550+0000] {processor.py:836} INFO - DAG(s) dict_keys(['Trigger_insert_agv_tim']) retrieved from /opt/airflow/dags/segmentacao_tim/dag_trigger_insert_agv_tim.py
[2023-07-09T20:07:26.574+0000] {logging_mixin.py:149} INFO - [2023-07-09T20:07:26.574+0000] {dag.py:2726} INFO - Sync 1 DAGs
[2023-07-09T20:07:26.600+0000] {logging_mixin.py:149} INFO - [2023-07-09T20:07:26.599+0000] {dag.py:3490} INFO - Setting next_dagrun for Trigger_insert_agv_tim to None, run_after=None
[2023-07-09T20:07:26.619+0000] {processor.py:179} INFO - Processing /opt/airflow/dags/segmentacao_tim/dag_trigger_insert_agv_tim.py took 0.081 seconds
[2023-07-09T20:07:57.019+0000] {processor.py:157} INFO - Started process (PID=292) to work on /opt/airflow/dags/segmentacao_tim/dag_trigger_insert_agv_tim.py
[2023-07-09T20:07:57.020+0000] {processor.py:826} INFO - Processing file /opt/airflow/dags/segmentacao_tim/dag_trigger_insert_agv_tim.py for tasks to queue
[2023-07-09T20:07:57.021+0000] {logging_mixin.py:149} INFO - [2023-07-09T20:07:57.021+0000] {dagbag.py:541} INFO - Filling up the DagBag from /opt/airflow/dags/segmentacao_tim/dag_trigger_insert_agv_tim.py
[2023-07-09T20:07:57.026+0000] {processor.py:836} INFO - DAG(s) dict_keys(['Trigger_insert_agv_tim']) retrieved from /opt/airflow/dags/segmentacao_tim/dag_trigger_insert_agv_tim.py
[2023-07-09T20:07:57.052+0000] {logging_mixin.py:149} INFO - [2023-07-09T20:07:57.052+0000] {dag.py:2726} INFO - Sync 1 DAGs
[2023-07-09T20:07:57.077+0000] {logging_mixin.py:149} INFO - [2023-07-09T20:07:57.076+0000] {dag.py:3490} INFO - Setting next_dagrun for Trigger_insert_agv_tim to None, run_after=None
[2023-07-09T20:07:57.095+0000] {processor.py:179} INFO - Processing /opt/airflow/dags/segmentacao_tim/dag_trigger_insert_agv_tim.py took 0.079 seconds
[2023-07-09T20:08:27.463+0000] {processor.py:157} INFO - Started process (PID=304) to work on /opt/airflow/dags/segmentacao_tim/dag_trigger_insert_agv_tim.py
[2023-07-09T20:08:27.464+0000] {processor.py:826} INFO - Processing file /opt/airflow/dags/segmentacao_tim/dag_trigger_insert_agv_tim.py for tasks to queue
[2023-07-09T20:08:27.465+0000] {logging_mixin.py:149} INFO - [2023-07-09T20:08:27.465+0000] {dagbag.py:541} INFO - Filling up the DagBag from /opt/airflow/dags/segmentacao_tim/dag_trigger_insert_agv_tim.py
[2023-07-09T20:08:27.470+0000] {processor.py:836} INFO - DAG(s) dict_keys(['Trigger_insert_agv_tim']) retrieved from /opt/airflow/dags/segmentacao_tim/dag_trigger_insert_agv_tim.py
[2023-07-09T20:08:27.494+0000] {logging_mixin.py:149} INFO - [2023-07-09T20:08:27.493+0000] {dag.py:2726} INFO - Sync 1 DAGs
[2023-07-09T20:08:27.518+0000] {logging_mixin.py:149} INFO - [2023-07-09T20:08:27.517+0000] {dag.py:3490} INFO - Setting next_dagrun for Trigger_insert_agv_tim to None, run_after=None
[2023-07-09T20:08:27.535+0000] {processor.py:179} INFO - Processing /opt/airflow/dags/segmentacao_tim/dag_trigger_insert_agv_tim.py took 0.075 seconds
[2023-07-09T20:08:57.989+0000] {processor.py:157} INFO - Started process (PID=316) to work on /opt/airflow/dags/segmentacao_tim/dag_trigger_insert_agv_tim.py
[2023-07-09T20:08:57.990+0000] {processor.py:826} INFO - Processing file /opt/airflow/dags/segmentacao_tim/dag_trigger_insert_agv_tim.py for tasks to queue
[2023-07-09T20:08:57.991+0000] {logging_mixin.py:149} INFO - [2023-07-09T20:08:57.991+0000] {dagbag.py:541} INFO - Filling up the DagBag from /opt/airflow/dags/segmentacao_tim/dag_trigger_insert_agv_tim.py
[2023-07-09T20:08:57.998+0000] {processor.py:836} INFO - DAG(s) dict_keys(['Trigger_insert_agv_tim']) retrieved from /opt/airflow/dags/segmentacao_tim/dag_trigger_insert_agv_tim.py
[2023-07-09T20:08:58.026+0000] {logging_mixin.py:149} INFO - [2023-07-09T20:08:58.026+0000] {dag.py:2726} INFO - Sync 1 DAGs
[2023-07-09T20:08:58.057+0000] {logging_mixin.py:149} INFO - [2023-07-09T20:08:58.057+0000] {dag.py:3490} INFO - Setting next_dagrun for Trigger_insert_agv_tim to None, run_after=None
[2023-07-09T20:08:58.083+0000] {processor.py:179} INFO - Processing /opt/airflow/dags/segmentacao_tim/dag_trigger_insert_agv_tim.py took 0.098 seconds
[2023-07-09T20:09:28.376+0000] {processor.py:157} INFO - Started process (PID=328) to work on /opt/airflow/dags/segmentacao_tim/dag_trigger_insert_agv_tim.py
[2023-07-09T20:09:28.377+0000] {processor.py:826} INFO - Processing file /opt/airflow/dags/segmentacao_tim/dag_trigger_insert_agv_tim.py for tasks to queue
[2023-07-09T20:09:28.378+0000] {logging_mixin.py:149} INFO - [2023-07-09T20:09:28.378+0000] {dagbag.py:541} INFO - Filling up the DagBag from /opt/airflow/dags/segmentacao_tim/dag_trigger_insert_agv_tim.py
[2023-07-09T20:09:28.384+0000] {processor.py:836} INFO - DAG(s) dict_keys(['Trigger_insert_agv_tim']) retrieved from /opt/airflow/dags/segmentacao_tim/dag_trigger_insert_agv_tim.py
[2023-07-09T20:09:28.410+0000] {logging_mixin.py:149} INFO - [2023-07-09T20:09:28.409+0000] {dag.py:2726} INFO - Sync 1 DAGs
[2023-07-09T20:09:28.434+0000] {logging_mixin.py:149} INFO - [2023-07-09T20:09:28.434+0000] {dag.py:3490} INFO - Setting next_dagrun for Trigger_insert_agv_tim to None, run_after=None
[2023-07-09T20:09:28.458+0000] {processor.py:179} INFO - Processing /opt/airflow/dags/segmentacao_tim/dag_trigger_insert_agv_tim.py took 0.086 seconds
[2023-07-09T20:09:58.753+0000] {processor.py:157} INFO - Started process (PID=340) to work on /opt/airflow/dags/segmentacao_tim/dag_trigger_insert_agv_tim.py
[2023-07-09T20:09:58.754+0000] {processor.py:826} INFO - Processing file /opt/airflow/dags/segmentacao_tim/dag_trigger_insert_agv_tim.py for tasks to queue
[2023-07-09T20:09:58.755+0000] {logging_mixin.py:149} INFO - [2023-07-09T20:09:58.755+0000] {dagbag.py:541} INFO - Filling up the DagBag from /opt/airflow/dags/segmentacao_tim/dag_trigger_insert_agv_tim.py
[2023-07-09T20:09:58.761+0000] {processor.py:836} INFO - DAG(s) dict_keys(['Trigger_insert_agv_tim']) retrieved from /opt/airflow/dags/segmentacao_tim/dag_trigger_insert_agv_tim.py
[2023-07-09T20:09:58.792+0000] {logging_mixin.py:149} INFO - [2023-07-09T20:09:58.792+0000] {dag.py:2726} INFO - Sync 1 DAGs
[2023-07-09T20:09:58.824+0000] {logging_mixin.py:149} INFO - [2023-07-09T20:09:58.823+0000] {dag.py:3490} INFO - Setting next_dagrun for Trigger_insert_agv_tim to None, run_after=None
[2023-07-09T20:09:58.846+0000] {processor.py:179} INFO - Processing /opt/airflow/dags/segmentacao_tim/dag_trigger_insert_agv_tim.py took 0.097 seconds
[2023-07-09T20:10:29.112+0000] {processor.py:157} INFO - Started process (PID=352) to work on /opt/airflow/dags/segmentacao_tim/dag_trigger_insert_agv_tim.py
[2023-07-09T20:10:29.113+0000] {processor.py:826} INFO - Processing file /opt/airflow/dags/segmentacao_tim/dag_trigger_insert_agv_tim.py for tasks to queue
[2023-07-09T20:10:29.113+0000] {logging_mixin.py:149} INFO - [2023-07-09T20:10:29.113+0000] {dagbag.py:541} INFO - Filling up the DagBag from /opt/airflow/dags/segmentacao_tim/dag_trigger_insert_agv_tim.py
[2023-07-09T20:10:29.119+0000] {processor.py:836} INFO - DAG(s) dict_keys(['Trigger_insert_agv_tim']) retrieved from /opt/airflow/dags/segmentacao_tim/dag_trigger_insert_agv_tim.py
[2023-07-09T20:10:29.144+0000] {logging_mixin.py:149} INFO - [2023-07-09T20:10:29.144+0000] {dag.py:2726} INFO - Sync 1 DAGs
[2023-07-09T20:10:29.170+0000] {logging_mixin.py:149} INFO - [2023-07-09T20:10:29.170+0000] {dag.py:3490} INFO - Setting next_dagrun for Trigger_insert_agv_tim to None, run_after=None
[2023-07-09T20:10:29.188+0000] {processor.py:179} INFO - Processing /opt/airflow/dags/segmentacao_tim/dag_trigger_insert_agv_tim.py took 0.080 seconds
[2023-07-09T20:10:59.428+0000] {processor.py:157} INFO - Started process (PID=364) to work on /opt/airflow/dags/segmentacao_tim/dag_trigger_insert_agv_tim.py
[2023-07-09T20:10:59.429+0000] {processor.py:826} INFO - Processing file /opt/airflow/dags/segmentacao_tim/dag_trigger_insert_agv_tim.py for tasks to queue
[2023-07-09T20:10:59.430+0000] {logging_mixin.py:149} INFO - [2023-07-09T20:10:59.430+0000] {dagbag.py:541} INFO - Filling up the DagBag from /opt/airflow/dags/segmentacao_tim/dag_trigger_insert_agv_tim.py
[2023-07-09T20:10:59.435+0000] {processor.py:836} INFO - DAG(s) dict_keys(['Trigger_insert_agv_tim']) retrieved from /opt/airflow/dags/segmentacao_tim/dag_trigger_insert_agv_tim.py
[2023-07-09T20:10:59.460+0000] {logging_mixin.py:149} INFO - [2023-07-09T20:10:59.460+0000] {dag.py:2726} INFO - Sync 1 DAGs
[2023-07-09T20:10:59.486+0000] {logging_mixin.py:149} INFO - [2023-07-09T20:10:59.486+0000] {dag.py:3490} INFO - Setting next_dagrun for Trigger_insert_agv_tim to None, run_after=None
[2023-07-09T20:10:59.506+0000] {processor.py:179} INFO - Processing /opt/airflow/dags/segmentacao_tim/dag_trigger_insert_agv_tim.py took 0.082 seconds
[2023-07-09T20:11:29.880+0000] {processor.py:157} INFO - Started process (PID=376) to work on /opt/airflow/dags/segmentacao_tim/dag_trigger_insert_agv_tim.py
[2023-07-09T20:11:29.881+0000] {processor.py:826} INFO - Processing file /opt/airflow/dags/segmentacao_tim/dag_trigger_insert_agv_tim.py for tasks to queue
[2023-07-09T20:11:29.882+0000] {logging_mixin.py:149} INFO - [2023-07-09T20:11:29.882+0000] {dagbag.py:541} INFO - Filling up the DagBag from /opt/airflow/dags/segmentacao_tim/dag_trigger_insert_agv_tim.py
[2023-07-09T20:11:29.887+0000] {processor.py:836} INFO - DAG(s) dict_keys(['Trigger_insert_agv_tim']) retrieved from /opt/airflow/dags/segmentacao_tim/dag_trigger_insert_agv_tim.py
[2023-07-09T20:11:29.912+0000] {logging_mixin.py:149} INFO - [2023-07-09T20:11:29.911+0000] {dag.py:2726} INFO - Sync 1 DAGs
[2023-07-09T20:11:29.938+0000] {logging_mixin.py:149} INFO - [2023-07-09T20:11:29.938+0000] {dag.py:3490} INFO - Setting next_dagrun for Trigger_insert_agv_tim to None, run_after=None
[2023-07-09T20:11:29.959+0000] {processor.py:179} INFO - Processing /opt/airflow/dags/segmentacao_tim/dag_trigger_insert_agv_tim.py took 0.081 seconds
[2023-07-09T20:12:00.370+0000] {processor.py:157} INFO - Started process (PID=388) to work on /opt/airflow/dags/segmentacao_tim/dag_trigger_insert_agv_tim.py
[2023-07-09T20:12:00.371+0000] {processor.py:826} INFO - Processing file /opt/airflow/dags/segmentacao_tim/dag_trigger_insert_agv_tim.py for tasks to queue
[2023-07-09T20:12:00.372+0000] {logging_mixin.py:149} INFO - [2023-07-09T20:12:00.372+0000] {dagbag.py:541} INFO - Filling up the DagBag from /opt/airflow/dags/segmentacao_tim/dag_trigger_insert_agv_tim.py
[2023-07-09T20:12:00.379+0000] {processor.py:836} INFO - DAG(s) dict_keys(['Trigger_insert_agv_tim']) retrieved from /opt/airflow/dags/segmentacao_tim/dag_trigger_insert_agv_tim.py
[2023-07-09T20:12:00.406+0000] {logging_mixin.py:149} INFO - [2023-07-09T20:12:00.406+0000] {dag.py:2726} INFO - Sync 1 DAGs
[2023-07-09T20:12:00.436+0000] {logging_mixin.py:149} INFO - [2023-07-09T20:12:00.436+0000] {dag.py:3490} INFO - Setting next_dagrun for Trigger_insert_agv_tim to None, run_after=None
[2023-07-09T20:12:00.457+0000] {processor.py:179} INFO - Processing /opt/airflow/dags/segmentacao_tim/dag_trigger_insert_agv_tim.py took 0.090 seconds
[2023-07-09T20:12:30.834+0000] {processor.py:157} INFO - Started process (PID=401) to work on /opt/airflow/dags/segmentacao_tim/dag_trigger_insert_agv_tim.py
[2023-07-09T20:12:30.835+0000] {processor.py:826} INFO - Processing file /opt/airflow/dags/segmentacao_tim/dag_trigger_insert_agv_tim.py for tasks to queue
[2023-07-09T20:12:30.836+0000] {logging_mixin.py:149} INFO - [2023-07-09T20:12:30.836+0000] {dagbag.py:541} INFO - Filling up the DagBag from /opt/airflow/dags/segmentacao_tim/dag_trigger_insert_agv_tim.py
[2023-07-09T20:12:30.841+0000] {processor.py:836} INFO - DAG(s) dict_keys(['Trigger_insert_agv_tim']) retrieved from /opt/airflow/dags/segmentacao_tim/dag_trigger_insert_agv_tim.py
[2023-07-09T20:12:30.866+0000] {logging_mixin.py:149} INFO - [2023-07-09T20:12:30.865+0000] {dag.py:2726} INFO - Sync 1 DAGs
[2023-07-09T20:12:30.888+0000] {logging_mixin.py:149} INFO - [2023-07-09T20:12:30.888+0000] {dag.py:3490} INFO - Setting next_dagrun for Trigger_insert_agv_tim to None, run_after=None
[2023-07-09T20:12:30.905+0000] {processor.py:179} INFO - Processing /opt/airflow/dags/segmentacao_tim/dag_trigger_insert_agv_tim.py took 0.074 seconds
[2023-07-09T20:13:01.165+0000] {processor.py:157} INFO - Started process (PID=413) to work on /opt/airflow/dags/segmentacao_tim/dag_trigger_insert_agv_tim.py
[2023-07-09T20:13:01.166+0000] {processor.py:826} INFO - Processing file /opt/airflow/dags/segmentacao_tim/dag_trigger_insert_agv_tim.py for tasks to queue
[2023-07-09T20:13:01.167+0000] {logging_mixin.py:149} INFO - [2023-07-09T20:13:01.167+0000] {dagbag.py:541} INFO - Filling up the DagBag from /opt/airflow/dags/segmentacao_tim/dag_trigger_insert_agv_tim.py
[2023-07-09T20:13:01.172+0000] {processor.py:836} INFO - DAG(s) dict_keys(['Trigger_insert_agv_tim']) retrieved from /opt/airflow/dags/segmentacao_tim/dag_trigger_insert_agv_tim.py
[2023-07-09T20:13:01.197+0000] {logging_mixin.py:149} INFO - [2023-07-09T20:13:01.196+0000] {dag.py:2726} INFO - Sync 1 DAGs
[2023-07-09T20:13:01.219+0000] {logging_mixin.py:149} INFO - [2023-07-09T20:13:01.219+0000] {dag.py:3490} INFO - Setting next_dagrun for Trigger_insert_agv_tim to None, run_after=None
[2023-07-09T20:13:01.237+0000] {processor.py:179} INFO - Processing /opt/airflow/dags/segmentacao_tim/dag_trigger_insert_agv_tim.py took 0.075 seconds
[2023-07-09T20:13:31.640+0000] {processor.py:157} INFO - Started process (PID=425) to work on /opt/airflow/dags/segmentacao_tim/dag_trigger_insert_agv_tim.py
[2023-07-09T20:13:31.641+0000] {processor.py:826} INFO - Processing file /opt/airflow/dags/segmentacao_tim/dag_trigger_insert_agv_tim.py for tasks to queue
[2023-07-09T20:13:31.642+0000] {logging_mixin.py:149} INFO - [2023-07-09T20:13:31.642+0000] {dagbag.py:541} INFO - Filling up the DagBag from /opt/airflow/dags/segmentacao_tim/dag_trigger_insert_agv_tim.py
[2023-07-09T20:13:31.648+0000] {processor.py:836} INFO - DAG(s) dict_keys(['Trigger_insert_agv_tim']) retrieved from /opt/airflow/dags/segmentacao_tim/dag_trigger_insert_agv_tim.py
[2023-07-09T20:13:31.674+0000] {logging_mixin.py:149} INFO - [2023-07-09T20:13:31.673+0000] {dag.py:2726} INFO - Sync 1 DAGs
[2023-07-09T20:13:31.699+0000] {logging_mixin.py:149} INFO - [2023-07-09T20:13:31.699+0000] {dag.py:3490} INFO - Setting next_dagrun for Trigger_insert_agv_tim to None, run_after=None
[2023-07-09T20:13:31.721+0000] {processor.py:179} INFO - Processing /opt/airflow/dags/segmentacao_tim/dag_trigger_insert_agv_tim.py took 0.084 seconds
[2023-07-09T20:14:02.084+0000] {processor.py:157} INFO - Started process (PID=438) to work on /opt/airflow/dags/segmentacao_tim/dag_trigger_insert_agv_tim.py
[2023-07-09T20:14:02.085+0000] {processor.py:826} INFO - Processing file /opt/airflow/dags/segmentacao_tim/dag_trigger_insert_agv_tim.py for tasks to queue
[2023-07-09T20:14:02.086+0000] {logging_mixin.py:149} INFO - [2023-07-09T20:14:02.086+0000] {dagbag.py:541} INFO - Filling up the DagBag from /opt/airflow/dags/segmentacao_tim/dag_trigger_insert_agv_tim.py
[2023-07-09T20:14:02.092+0000] {processor.py:836} INFO - DAG(s) dict_keys(['Trigger_insert_agv_tim']) retrieved from /opt/airflow/dags/segmentacao_tim/dag_trigger_insert_agv_tim.py
[2023-07-09T20:14:02.118+0000] {logging_mixin.py:149} INFO - [2023-07-09T20:14:02.118+0000] {dag.py:2726} INFO - Sync 1 DAGs
[2023-07-09T20:14:02.144+0000] {logging_mixin.py:149} INFO - [2023-07-09T20:14:02.143+0000] {dag.py:3490} INFO - Setting next_dagrun for Trigger_insert_agv_tim to None, run_after=None
[2023-07-09T20:14:02.165+0000] {processor.py:179} INFO - Processing /opt/airflow/dags/segmentacao_tim/dag_trigger_insert_agv_tim.py took 0.083 seconds
[2023-07-09T20:14:32.440+0000] {processor.py:157} INFO - Started process (PID=450) to work on /opt/airflow/dags/segmentacao_tim/dag_trigger_insert_agv_tim.py
[2023-07-09T20:14:32.441+0000] {processor.py:826} INFO - Processing file /opt/airflow/dags/segmentacao_tim/dag_trigger_insert_agv_tim.py for tasks to queue
[2023-07-09T20:14:32.442+0000] {logging_mixin.py:149} INFO - [2023-07-09T20:14:32.442+0000] {dagbag.py:541} INFO - Filling up the DagBag from /opt/airflow/dags/segmentacao_tim/dag_trigger_insert_agv_tim.py
[2023-07-09T20:14:32.449+0000] {processor.py:836} INFO - DAG(s) dict_keys(['Trigger_insert_agv_tim']) retrieved from /opt/airflow/dags/segmentacao_tim/dag_trigger_insert_agv_tim.py
[2023-07-09T20:14:32.478+0000] {logging_mixin.py:149} INFO - [2023-07-09T20:14:32.478+0000] {dag.py:2726} INFO - Sync 1 DAGs
[2023-07-09T20:14:32.505+0000] {logging_mixin.py:149} INFO - [2023-07-09T20:14:32.505+0000] {dag.py:3490} INFO - Setting next_dagrun for Trigger_insert_agv_tim to None, run_after=None
[2023-07-09T20:14:32.528+0000] {processor.py:179} INFO - Processing /opt/airflow/dags/segmentacao_tim/dag_trigger_insert_agv_tim.py took 0.092 seconds
[2023-07-09T20:15:02.926+0000] {processor.py:157} INFO - Started process (PID=462) to work on /opt/airflow/dags/segmentacao_tim/dag_trigger_insert_agv_tim.py
[2023-07-09T20:15:02.927+0000] {processor.py:826} INFO - Processing file /opt/airflow/dags/segmentacao_tim/dag_trigger_insert_agv_tim.py for tasks to queue
[2023-07-09T20:15:02.928+0000] {logging_mixin.py:149} INFO - [2023-07-09T20:15:02.928+0000] {dagbag.py:541} INFO - Filling up the DagBag from /opt/airflow/dags/segmentacao_tim/dag_trigger_insert_agv_tim.py
[2023-07-09T20:15:02.935+0000] {processor.py:836} INFO - DAG(s) dict_keys(['Trigger_insert_agv_tim']) retrieved from /opt/airflow/dags/segmentacao_tim/dag_trigger_insert_agv_tim.py
[2023-07-09T20:15:02.963+0000] {logging_mixin.py:149} INFO - [2023-07-09T20:15:02.963+0000] {dag.py:2726} INFO - Sync 1 DAGs
[2023-07-09T20:15:02.990+0000] {logging_mixin.py:149} INFO - [2023-07-09T20:15:02.989+0000] {dag.py:3490} INFO - Setting next_dagrun for Trigger_insert_agv_tim to None, run_after=None
[2023-07-09T20:15:03.014+0000] {processor.py:179} INFO - Processing /opt/airflow/dags/segmentacao_tim/dag_trigger_insert_agv_tim.py took 0.091 seconds
[2023-07-09T20:15:33.362+0000] {processor.py:157} INFO - Started process (PID=474) to work on /opt/airflow/dags/segmentacao_tim/dag_trigger_insert_agv_tim.py
[2023-07-09T20:15:33.364+0000] {processor.py:826} INFO - Processing file /opt/airflow/dags/segmentacao_tim/dag_trigger_insert_agv_tim.py for tasks to queue
[2023-07-09T20:15:33.364+0000] {logging_mixin.py:149} INFO - [2023-07-09T20:15:33.364+0000] {dagbag.py:541} INFO - Filling up the DagBag from /opt/airflow/dags/segmentacao_tim/dag_trigger_insert_agv_tim.py
[2023-07-09T20:15:33.372+0000] {processor.py:836} INFO - DAG(s) dict_keys(['Trigger_insert_agv_tim']) retrieved from /opt/airflow/dags/segmentacao_tim/dag_trigger_insert_agv_tim.py
[2023-07-09T20:15:33.398+0000] {logging_mixin.py:149} INFO - [2023-07-09T20:15:33.398+0000] {dag.py:2726} INFO - Sync 1 DAGs
[2023-07-09T20:15:33.422+0000] {logging_mixin.py:149} INFO - [2023-07-09T20:15:33.422+0000] {dag.py:3490} INFO - Setting next_dagrun for Trigger_insert_agv_tim to None, run_after=None
[2023-07-09T20:15:33.441+0000] {processor.py:179} INFO - Processing /opt/airflow/dags/segmentacao_tim/dag_trigger_insert_agv_tim.py took 0.083 seconds
[2023-07-09T20:16:03.849+0000] {processor.py:157} INFO - Started process (PID=486) to work on /opt/airflow/dags/segmentacao_tim/dag_trigger_insert_agv_tim.py
[2023-07-09T20:16:03.850+0000] {processor.py:826} INFO - Processing file /opt/airflow/dags/segmentacao_tim/dag_trigger_insert_agv_tim.py for tasks to queue
[2023-07-09T20:16:03.850+0000] {logging_mixin.py:149} INFO - [2023-07-09T20:16:03.850+0000] {dagbag.py:541} INFO - Filling up the DagBag from /opt/airflow/dags/segmentacao_tim/dag_trigger_insert_agv_tim.py
[2023-07-09T20:16:03.857+0000] {processor.py:836} INFO - DAG(s) dict_keys(['Trigger_insert_agv_tim']) retrieved from /opt/airflow/dags/segmentacao_tim/dag_trigger_insert_agv_tim.py
[2023-07-09T20:16:03.881+0000] {logging_mixin.py:149} INFO - [2023-07-09T20:16:03.881+0000] {dag.py:2726} INFO - Sync 1 DAGs
[2023-07-09T20:16:03.904+0000] {logging_mixin.py:149} INFO - [2023-07-09T20:16:03.904+0000] {dag.py:3490} INFO - Setting next_dagrun for Trigger_insert_agv_tim to None, run_after=None
[2023-07-09T20:16:03.923+0000] {processor.py:179} INFO - Processing /opt/airflow/dags/segmentacao_tim/dag_trigger_insert_agv_tim.py took 0.078 seconds
[2023-07-09T20:16:34.226+0000] {processor.py:157} INFO - Started process (PID=498) to work on /opt/airflow/dags/segmentacao_tim/dag_trigger_insert_agv_tim.py
[2023-07-09T20:16:34.227+0000] {processor.py:826} INFO - Processing file /opt/airflow/dags/segmentacao_tim/dag_trigger_insert_agv_tim.py for tasks to queue
[2023-07-09T20:16:34.228+0000] {logging_mixin.py:149} INFO - [2023-07-09T20:16:34.228+0000] {dagbag.py:541} INFO - Filling up the DagBag from /opt/airflow/dags/segmentacao_tim/dag_trigger_insert_agv_tim.py
[2023-07-09T20:16:34.233+0000] {processor.py:836} INFO - DAG(s) dict_keys(['Trigger_insert_agv_tim']) retrieved from /opt/airflow/dags/segmentacao_tim/dag_trigger_insert_agv_tim.py
[2023-07-09T20:16:34.258+0000] {logging_mixin.py:149} INFO - [2023-07-09T20:16:34.258+0000] {dag.py:2726} INFO - Sync 1 DAGs
[2023-07-09T20:16:34.282+0000] {logging_mixin.py:149} INFO - [2023-07-09T20:16:34.282+0000] {dag.py:3490} INFO - Setting next_dagrun for Trigger_insert_agv_tim to None, run_after=None
[2023-07-09T20:16:34.301+0000] {processor.py:179} INFO - Processing /opt/airflow/dags/segmentacao_tim/dag_trigger_insert_agv_tim.py took 0.078 seconds
[2023-07-09T20:17:04.506+0000] {processor.py:157} INFO - Started process (PID=510) to work on /opt/airflow/dags/segmentacao_tim/dag_trigger_insert_agv_tim.py
[2023-07-09T20:17:04.507+0000] {processor.py:826} INFO - Processing file /opt/airflow/dags/segmentacao_tim/dag_trigger_insert_agv_tim.py for tasks to queue
[2023-07-09T20:17:04.508+0000] {logging_mixin.py:149} INFO - [2023-07-09T20:17:04.507+0000] {dagbag.py:541} INFO - Filling up the DagBag from /opt/airflow/dags/segmentacao_tim/dag_trigger_insert_agv_tim.py
[2023-07-09T20:17:04.514+0000] {processor.py:836} INFO - DAG(s) dict_keys(['Trigger_insert_agv_tim']) retrieved from /opt/airflow/dags/segmentacao_tim/dag_trigger_insert_agv_tim.py
[2023-07-09T20:17:04.543+0000] {logging_mixin.py:149} INFO - [2023-07-09T20:17:04.542+0000] {dag.py:2726} INFO - Sync 1 DAGs
[2023-07-09T20:17:04.571+0000] {logging_mixin.py:149} INFO - [2023-07-09T20:17:04.570+0000] {dag.py:3490} INFO - Setting next_dagrun for Trigger_insert_agv_tim to None, run_after=None
[2023-07-09T20:17:04.593+0000] {processor.py:179} INFO - Processing /opt/airflow/dags/segmentacao_tim/dag_trigger_insert_agv_tim.py took 0.090 seconds
[2023-07-09T20:17:35.008+0000] {processor.py:157} INFO - Started process (PID=523) to work on /opt/airflow/dags/segmentacao_tim/dag_trigger_insert_agv_tim.py
[2023-07-09T20:17:35.009+0000] {processor.py:826} INFO - Processing file /opt/airflow/dags/segmentacao_tim/dag_trigger_insert_agv_tim.py for tasks to queue
[2023-07-09T20:17:35.010+0000] {logging_mixin.py:149} INFO - [2023-07-09T20:17:35.010+0000] {dagbag.py:541} INFO - Filling up the DagBag from /opt/airflow/dags/segmentacao_tim/dag_trigger_insert_agv_tim.py
[2023-07-09T20:17:35.016+0000] {processor.py:836} INFO - DAG(s) dict_keys(['Trigger_insert_agv_tim']) retrieved from /opt/airflow/dags/segmentacao_tim/dag_trigger_insert_agv_tim.py
[2023-07-09T20:17:35.044+0000] {logging_mixin.py:149} INFO - [2023-07-09T20:17:35.043+0000] {dag.py:2726} INFO - Sync 1 DAGs
[2023-07-09T20:17:35.069+0000] {logging_mixin.py:149} INFO - [2023-07-09T20:17:35.069+0000] {dag.py:3490} INFO - Setting next_dagrun for Trigger_insert_agv_tim to None, run_after=None
[2023-07-09T20:17:35.088+0000] {processor.py:179} INFO - Processing /opt/airflow/dags/segmentacao_tim/dag_trigger_insert_agv_tim.py took 0.083 seconds
[2023-07-09T20:18:05.387+0000] {processor.py:157} INFO - Started process (PID=535) to work on /opt/airflow/dags/segmentacao_tim/dag_trigger_insert_agv_tim.py
[2023-07-09T20:18:05.388+0000] {processor.py:826} INFO - Processing file /opt/airflow/dags/segmentacao_tim/dag_trigger_insert_agv_tim.py for tasks to queue
[2023-07-09T20:18:05.389+0000] {logging_mixin.py:149} INFO - [2023-07-09T20:18:05.389+0000] {dagbag.py:541} INFO - Filling up the DagBag from /opt/airflow/dags/segmentacao_tim/dag_trigger_insert_agv_tim.py
[2023-07-09T20:18:05.396+0000] {processor.py:836} INFO - DAG(s) dict_keys(['Trigger_insert_agv_tim']) retrieved from /opt/airflow/dags/segmentacao_tim/dag_trigger_insert_agv_tim.py
[2023-07-09T20:18:05.431+0000] {logging_mixin.py:149} INFO - [2023-07-09T20:18:05.431+0000] {dag.py:2726} INFO - Sync 1 DAGs
[2023-07-09T20:18:05.469+0000] {logging_mixin.py:149} INFO - [2023-07-09T20:18:05.468+0000] {dag.py:3490} INFO - Setting next_dagrun for Trigger_insert_agv_tim to None, run_after=None
[2023-07-09T20:18:05.498+0000] {processor.py:179} INFO - Processing /opt/airflow/dags/segmentacao_tim/dag_trigger_insert_agv_tim.py took 0.116 seconds
[2023-07-09T20:18:35.941+0000] {processor.py:157} INFO - Started process (PID=547) to work on /opt/airflow/dags/segmentacao_tim/dag_trigger_insert_agv_tim.py
[2023-07-09T20:18:35.942+0000] {processor.py:826} INFO - Processing file /opt/airflow/dags/segmentacao_tim/dag_trigger_insert_agv_tim.py for tasks to queue
[2023-07-09T20:18:35.943+0000] {logging_mixin.py:149} INFO - [2023-07-09T20:18:35.943+0000] {dagbag.py:541} INFO - Filling up the DagBag from /opt/airflow/dags/segmentacao_tim/dag_trigger_insert_agv_tim.py
[2023-07-09T20:18:35.950+0000] {processor.py:836} INFO - DAG(s) dict_keys(['Trigger_insert_agv_tim']) retrieved from /opt/airflow/dags/segmentacao_tim/dag_trigger_insert_agv_tim.py
[2023-07-09T20:18:35.979+0000] {logging_mixin.py:149} INFO - [2023-07-09T20:18:35.979+0000] {dag.py:2726} INFO - Sync 1 DAGs
[2023-07-09T20:18:36.011+0000] {logging_mixin.py:149} INFO - [2023-07-09T20:18:36.011+0000] {dag.py:3490} INFO - Setting next_dagrun for Trigger_insert_agv_tim to None, run_after=None
[2023-07-09T20:18:36.037+0000] {processor.py:179} INFO - Processing /opt/airflow/dags/segmentacao_tim/dag_trigger_insert_agv_tim.py took 0.100 seconds
[2023-07-09T20:19:06.313+0000] {processor.py:157} INFO - Started process (PID=559) to work on /opt/airflow/dags/segmentacao_tim/dag_trigger_insert_agv_tim.py
[2023-07-09T20:19:06.314+0000] {processor.py:826} INFO - Processing file /opt/airflow/dags/segmentacao_tim/dag_trigger_insert_agv_tim.py for tasks to queue
[2023-07-09T20:19:06.315+0000] {logging_mixin.py:149} INFO - [2023-07-09T20:19:06.315+0000] {dagbag.py:541} INFO - Filling up the DagBag from /opt/airflow/dags/segmentacao_tim/dag_trigger_insert_agv_tim.py
[2023-07-09T20:19:06.320+0000] {processor.py:836} INFO - DAG(s) dict_keys(['Trigger_insert_agv_tim']) retrieved from /opt/airflow/dags/segmentacao_tim/dag_trigger_insert_agv_tim.py
[2023-07-09T20:19:06.347+0000] {logging_mixin.py:149} INFO - [2023-07-09T20:19:06.346+0000] {dag.py:2726} INFO - Sync 1 DAGs
[2023-07-09T20:19:06.378+0000] {logging_mixin.py:149} INFO - [2023-07-09T20:19:06.378+0000] {dag.py:3490} INFO - Setting next_dagrun for Trigger_insert_agv_tim to None, run_after=None
[2023-07-09T20:19:06.403+0000] {processor.py:179} INFO - Processing /opt/airflow/dags/segmentacao_tim/dag_trigger_insert_agv_tim.py took 0.093 seconds
[2023-07-09T20:19:36.668+0000] {processor.py:157} INFO - Started process (PID=571) to work on /opt/airflow/dags/segmentacao_tim/dag_trigger_insert_agv_tim.py
[2023-07-09T20:19:36.669+0000] {processor.py:826} INFO - Processing file /opt/airflow/dags/segmentacao_tim/dag_trigger_insert_agv_tim.py for tasks to queue
[2023-07-09T20:19:36.670+0000] {logging_mixin.py:149} INFO - [2023-07-09T20:19:36.670+0000] {dagbag.py:541} INFO - Filling up the DagBag from /opt/airflow/dags/segmentacao_tim/dag_trigger_insert_agv_tim.py
[2023-07-09T20:19:36.677+0000] {processor.py:836} INFO - DAG(s) dict_keys(['Trigger_insert_agv_tim']) retrieved from /opt/airflow/dags/segmentacao_tim/dag_trigger_insert_agv_tim.py
[2023-07-09T20:19:36.709+0000] {logging_mixin.py:149} INFO - [2023-07-09T20:19:36.709+0000] {dag.py:2726} INFO - Sync 1 DAGs
[2023-07-09T20:19:36.742+0000] {logging_mixin.py:149} INFO - [2023-07-09T20:19:36.742+0000] {dag.py:3490} INFO - Setting next_dagrun for Trigger_insert_agv_tim to None, run_after=None
[2023-07-09T20:19:36.772+0000] {processor.py:179} INFO - Processing /opt/airflow/dags/segmentacao_tim/dag_trigger_insert_agv_tim.py took 0.107 seconds
[2023-07-09T20:20:07.163+0000] {processor.py:157} INFO - Started process (PID=583) to work on /opt/airflow/dags/segmentacao_tim/dag_trigger_insert_agv_tim.py
[2023-07-09T20:20:07.164+0000] {processor.py:826} INFO - Processing file /opt/airflow/dags/segmentacao_tim/dag_trigger_insert_agv_tim.py for tasks to queue
[2023-07-09T20:20:07.165+0000] {logging_mixin.py:149} INFO - [2023-07-09T20:20:07.165+0000] {dagbag.py:541} INFO - Filling up the DagBag from /opt/airflow/dags/segmentacao_tim/dag_trigger_insert_agv_tim.py
[2023-07-09T20:20:07.171+0000] {processor.py:836} INFO - DAG(s) dict_keys(['Trigger_insert_agv_tim']) retrieved from /opt/airflow/dags/segmentacao_tim/dag_trigger_insert_agv_tim.py
[2023-07-09T20:20:07.198+0000] {logging_mixin.py:149} INFO - [2023-07-09T20:20:07.198+0000] {dag.py:2726} INFO - Sync 1 DAGs
[2023-07-09T20:20:07.225+0000] {logging_mixin.py:149} INFO - [2023-07-09T20:20:07.225+0000] {dag.py:3490} INFO - Setting next_dagrun for Trigger_insert_agv_tim to None, run_after=None
[2023-07-09T20:20:07.246+0000] {processor.py:179} INFO - Processing /opt/airflow/dags/segmentacao_tim/dag_trigger_insert_agv_tim.py took 0.087 seconds
[2023-07-09T20:20:37.590+0000] {processor.py:157} INFO - Started process (PID=595) to work on /opt/airflow/dags/segmentacao_tim/dag_trigger_insert_agv_tim.py
[2023-07-09T20:20:37.591+0000] {processor.py:826} INFO - Processing file /opt/airflow/dags/segmentacao_tim/dag_trigger_insert_agv_tim.py for tasks to queue
[2023-07-09T20:20:37.592+0000] {logging_mixin.py:149} INFO - [2023-07-09T20:20:37.592+0000] {dagbag.py:541} INFO - Filling up the DagBag from /opt/airflow/dags/segmentacao_tim/dag_trigger_insert_agv_tim.py
[2023-07-09T20:20:37.598+0000] {processor.py:836} INFO - DAG(s) dict_keys(['Trigger_insert_agv_tim']) retrieved from /opt/airflow/dags/segmentacao_tim/dag_trigger_insert_agv_tim.py
[2023-07-09T20:20:37.627+0000] {logging_mixin.py:149} INFO - [2023-07-09T20:20:37.627+0000] {dag.py:2726} INFO - Sync 1 DAGs
[2023-07-09T20:20:37.657+0000] {logging_mixin.py:149} INFO - [2023-07-09T20:20:37.657+0000] {dag.py:3490} INFO - Setting next_dagrun for Trigger_insert_agv_tim to None, run_after=None
[2023-07-09T20:20:37.681+0000] {processor.py:179} INFO - Processing /opt/airflow/dags/segmentacao_tim/dag_trigger_insert_agv_tim.py took 0.095 seconds
[2023-07-09T20:21:07.945+0000] {processor.py:157} INFO - Started process (PID=607) to work on /opt/airflow/dags/segmentacao_tim/dag_trigger_insert_agv_tim.py
[2023-07-09T20:21:07.946+0000] {processor.py:826} INFO - Processing file /opt/airflow/dags/segmentacao_tim/dag_trigger_insert_agv_tim.py for tasks to queue
[2023-07-09T20:21:07.947+0000] {logging_mixin.py:149} INFO - [2023-07-09T20:21:07.947+0000] {dagbag.py:541} INFO - Filling up the DagBag from /opt/airflow/dags/segmentacao_tim/dag_trigger_insert_agv_tim.py
[2023-07-09T20:21:07.954+0000] {processor.py:836} INFO - DAG(s) dict_keys(['Trigger_insert_agv_tim']) retrieved from /opt/airflow/dags/segmentacao_tim/dag_trigger_insert_agv_tim.py
[2023-07-09T20:21:07.981+0000] {logging_mixin.py:149} INFO - [2023-07-09T20:21:07.980+0000] {dag.py:2726} INFO - Sync 1 DAGs
[2023-07-09T20:21:08.010+0000] {logging_mixin.py:149} INFO - [2023-07-09T20:21:08.009+0000] {dag.py:3490} INFO - Setting next_dagrun for Trigger_insert_agv_tim to None, run_after=None
[2023-07-09T20:21:08.030+0000] {processor.py:179} INFO - Processing /opt/airflow/dags/segmentacao_tim/dag_trigger_insert_agv_tim.py took 0.088 seconds
[2023-07-09T20:21:38.435+0000] {processor.py:157} INFO - Started process (PID=619) to work on /opt/airflow/dags/segmentacao_tim/dag_trigger_insert_agv_tim.py
[2023-07-09T20:21:38.436+0000] {processor.py:826} INFO - Processing file /opt/airflow/dags/segmentacao_tim/dag_trigger_insert_agv_tim.py for tasks to queue
[2023-07-09T20:21:38.437+0000] {logging_mixin.py:149} INFO - [2023-07-09T20:21:38.437+0000] {dagbag.py:541} INFO - Filling up the DagBag from /opt/airflow/dags/segmentacao_tim/dag_trigger_insert_agv_tim.py
[2023-07-09T20:21:38.442+0000] {processor.py:836} INFO - DAG(s) dict_keys(['Trigger_insert_agv_tim']) retrieved from /opt/airflow/dags/segmentacao_tim/dag_trigger_insert_agv_tim.py
[2023-07-09T20:21:38.467+0000] {logging_mixin.py:149} INFO - [2023-07-09T20:21:38.467+0000] {dag.py:2726} INFO - Sync 1 DAGs
[2023-07-09T20:21:38.490+0000] {logging_mixin.py:149} INFO - [2023-07-09T20:21:38.489+0000] {dag.py:3490} INFO - Setting next_dagrun for Trigger_insert_agv_tim to None, run_after=None
[2023-07-09T20:21:38.507+0000] {processor.py:179} INFO - Processing /opt/airflow/dags/segmentacao_tim/dag_trigger_insert_agv_tim.py took 0.075 seconds
[2023-07-09T20:22:08.853+0000] {processor.py:157} INFO - Started process (PID=631) to work on /opt/airflow/dags/segmentacao_tim/dag_trigger_insert_agv_tim.py
[2023-07-09T20:22:08.855+0000] {processor.py:826} INFO - Processing file /opt/airflow/dags/segmentacao_tim/dag_trigger_insert_agv_tim.py for tasks to queue
[2023-07-09T20:22:08.855+0000] {logging_mixin.py:149} INFO - [2023-07-09T20:22:08.855+0000] {dagbag.py:541} INFO - Filling up the DagBag from /opt/airflow/dags/segmentacao_tim/dag_trigger_insert_agv_tim.py
[2023-07-09T20:22:08.862+0000] {processor.py:836} INFO - DAG(s) dict_keys(['Trigger_insert_agv_tim']) retrieved from /opt/airflow/dags/segmentacao_tim/dag_trigger_insert_agv_tim.py
[2023-07-09T20:22:08.891+0000] {logging_mixin.py:149} INFO - [2023-07-09T20:22:08.891+0000] {dag.py:2726} INFO - Sync 1 DAGs
[2023-07-09T20:22:08.924+0000] {logging_mixin.py:149} INFO - [2023-07-09T20:22:08.923+0000] {dag.py:3490} INFO - Setting next_dagrun for Trigger_insert_agv_tim to None, run_after=None
[2023-07-09T20:22:08.946+0000] {processor.py:179} INFO - Processing /opt/airflow/dags/segmentacao_tim/dag_trigger_insert_agv_tim.py took 0.097 seconds
[2023-07-09T20:22:39.255+0000] {processor.py:157} INFO - Started process (PID=643) to work on /opt/airflow/dags/segmentacao_tim/dag_trigger_insert_agv_tim.py
[2023-07-09T20:22:39.256+0000] {processor.py:826} INFO - Processing file /opt/airflow/dags/segmentacao_tim/dag_trigger_insert_agv_tim.py for tasks to queue
[2023-07-09T20:22:39.256+0000] {logging_mixin.py:149} INFO - [2023-07-09T20:22:39.256+0000] {dagbag.py:541} INFO - Filling up the DagBag from /opt/airflow/dags/segmentacao_tim/dag_trigger_insert_agv_tim.py
[2023-07-09T20:22:39.262+0000] {processor.py:836} INFO - DAG(s) dict_keys(['Trigger_insert_agv_tim']) retrieved from /opt/airflow/dags/segmentacao_tim/dag_trigger_insert_agv_tim.py
[2023-07-09T20:22:39.298+0000] {logging_mixin.py:149} INFO - [2023-07-09T20:22:39.298+0000] {dag.py:2726} INFO - Sync 1 DAGs
[2023-07-09T20:22:39.332+0000] {logging_mixin.py:149} INFO - [2023-07-09T20:22:39.332+0000] {dag.py:3490} INFO - Setting next_dagrun for Trigger_insert_agv_tim to None, run_after=None
[2023-07-09T20:22:39.366+0000] {processor.py:179} INFO - Processing /opt/airflow/dags/segmentacao_tim/dag_trigger_insert_agv_tim.py took 0.115 seconds
[2023-07-09T20:23:09.761+0000] {processor.py:157} INFO - Started process (PID=655) to work on /opt/airflow/dags/segmentacao_tim/dag_trigger_insert_agv_tim.py
[2023-07-09T20:23:09.762+0000] {processor.py:826} INFO - Processing file /opt/airflow/dags/segmentacao_tim/dag_trigger_insert_agv_tim.py for tasks to queue
[2023-07-09T20:23:09.763+0000] {logging_mixin.py:149} INFO - [2023-07-09T20:23:09.763+0000] {dagbag.py:541} INFO - Filling up the DagBag from /opt/airflow/dags/segmentacao_tim/dag_trigger_insert_agv_tim.py
[2023-07-09T20:23:09.769+0000] {processor.py:836} INFO - DAG(s) dict_keys(['Trigger_insert_agv_tim']) retrieved from /opt/airflow/dags/segmentacao_tim/dag_trigger_insert_agv_tim.py
[2023-07-09T20:23:09.803+0000] {logging_mixin.py:149} INFO - [2023-07-09T20:23:09.803+0000] {dag.py:2726} INFO - Sync 1 DAGs
[2023-07-09T20:23:09.834+0000] {logging_mixin.py:149} INFO - [2023-07-09T20:23:09.833+0000] {dag.py:3490} INFO - Setting next_dagrun for Trigger_insert_agv_tim to None, run_after=None
[2023-07-09T20:23:09.859+0000] {processor.py:179} INFO - Processing /opt/airflow/dags/segmentacao_tim/dag_trigger_insert_agv_tim.py took 0.101 seconds
[2023-07-09T20:23:40.208+0000] {processor.py:157} INFO - Started process (PID=667) to work on /opt/airflow/dags/segmentacao_tim/dag_trigger_insert_agv_tim.py
[2023-07-09T20:23:40.210+0000] {processor.py:826} INFO - Processing file /opt/airflow/dags/segmentacao_tim/dag_trigger_insert_agv_tim.py for tasks to queue
[2023-07-09T20:23:40.210+0000] {logging_mixin.py:149} INFO - [2023-07-09T20:23:40.210+0000] {dagbag.py:541} INFO - Filling up the DagBag from /opt/airflow/dags/segmentacao_tim/dag_trigger_insert_agv_tim.py
[2023-07-09T20:23:40.218+0000] {processor.py:836} INFO - DAG(s) dict_keys(['Trigger_insert_agv_tim']) retrieved from /opt/airflow/dags/segmentacao_tim/dag_trigger_insert_agv_tim.py
[2023-07-09T20:23:40.265+0000] {logging_mixin.py:149} INFO - [2023-07-09T20:23:40.265+0000] {dag.py:2726} INFO - Sync 1 DAGs
[2023-07-09T20:23:40.314+0000] {logging_mixin.py:149} INFO - [2023-07-09T20:23:40.314+0000] {dag.py:3490} INFO - Setting next_dagrun for Trigger_insert_agv_tim to None, run_after=None
[2023-07-09T20:23:40.345+0000] {processor.py:179} INFO - Processing /opt/airflow/dags/segmentacao_tim/dag_trigger_insert_agv_tim.py took 0.141 seconds
[2023-07-09T20:24:10.734+0000] {processor.py:157} INFO - Started process (PID=679) to work on /opt/airflow/dags/segmentacao_tim/dag_trigger_insert_agv_tim.py
[2023-07-09T20:24:10.736+0000] {processor.py:826} INFO - Processing file /opt/airflow/dags/segmentacao_tim/dag_trigger_insert_agv_tim.py for tasks to queue
[2023-07-09T20:24:10.736+0000] {logging_mixin.py:149} INFO - [2023-07-09T20:24:10.736+0000] {dagbag.py:541} INFO - Filling up the DagBag from /opt/airflow/dags/segmentacao_tim/dag_trigger_insert_agv_tim.py
[2023-07-09T20:24:10.741+0000] {processor.py:836} INFO - DAG(s) dict_keys(['Trigger_insert_agv_tim']) retrieved from /opt/airflow/dags/segmentacao_tim/dag_trigger_insert_agv_tim.py
[2023-07-09T20:24:10.775+0000] {logging_mixin.py:149} INFO - [2023-07-09T20:24:10.775+0000] {dag.py:2726} INFO - Sync 1 DAGs
[2023-07-09T20:24:10.810+0000] {logging_mixin.py:149} INFO - [2023-07-09T20:24:10.810+0000] {dag.py:3490} INFO - Setting next_dagrun for Trigger_insert_agv_tim to None, run_after=None
[2023-07-09T20:24:10.843+0000] {processor.py:179} INFO - Processing /opt/airflow/dags/segmentacao_tim/dag_trigger_insert_agv_tim.py took 0.113 seconds
[2023-07-09T20:24:41.130+0000] {processor.py:157} INFO - Started process (PID=691) to work on /opt/airflow/dags/segmentacao_tim/dag_trigger_insert_agv_tim.py
[2023-07-09T20:24:41.131+0000] {processor.py:826} INFO - Processing file /opt/airflow/dags/segmentacao_tim/dag_trigger_insert_agv_tim.py for tasks to queue
[2023-07-09T20:24:41.132+0000] {logging_mixin.py:149} INFO - [2023-07-09T20:24:41.132+0000] {dagbag.py:541} INFO - Filling up the DagBag from /opt/airflow/dags/segmentacao_tim/dag_trigger_insert_agv_tim.py
[2023-07-09T20:24:41.139+0000] {processor.py:836} INFO - DAG(s) dict_keys(['Trigger_insert_agv_tim']) retrieved from /opt/airflow/dags/segmentacao_tim/dag_trigger_insert_agv_tim.py
[2023-07-09T20:24:41.171+0000] {logging_mixin.py:149} INFO - [2023-07-09T20:24:41.171+0000] {dag.py:2726} INFO - Sync 1 DAGs
[2023-07-09T20:24:41.202+0000] {logging_mixin.py:149} INFO - [2023-07-09T20:24:41.201+0000] {dag.py:3490} INFO - Setting next_dagrun for Trigger_insert_agv_tim to None, run_after=None
[2023-07-09T20:24:41.228+0000] {processor.py:179} INFO - Processing /opt/airflow/dags/segmentacao_tim/dag_trigger_insert_agv_tim.py took 0.103 seconds
[2023-07-09T20:25:11.490+0000] {processor.py:157} INFO - Started process (PID=703) to work on /opt/airflow/dags/segmentacao_tim/dag_trigger_insert_agv_tim.py
[2023-07-09T20:25:11.491+0000] {processor.py:826} INFO - Processing file /opt/airflow/dags/segmentacao_tim/dag_trigger_insert_agv_tim.py for tasks to queue
[2023-07-09T20:25:11.492+0000] {logging_mixin.py:149} INFO - [2023-07-09T20:25:11.492+0000] {dagbag.py:541} INFO - Filling up the DagBag from /opt/airflow/dags/segmentacao_tim/dag_trigger_insert_agv_tim.py
[2023-07-09T20:25:11.497+0000] {processor.py:836} INFO - DAG(s) dict_keys(['Trigger_insert_agv_tim']) retrieved from /opt/airflow/dags/segmentacao_tim/dag_trigger_insert_agv_tim.py
[2023-07-09T20:25:11.522+0000] {logging_mixin.py:149} INFO - [2023-07-09T20:25:11.522+0000] {dag.py:2726} INFO - Sync 1 DAGs
[2023-07-09T20:25:11.547+0000] {logging_mixin.py:149} INFO - [2023-07-09T20:25:11.547+0000] {dag.py:3490} INFO - Setting next_dagrun for Trigger_insert_agv_tim to None, run_after=None
[2023-07-09T20:25:11.566+0000] {processor.py:179} INFO - Processing /opt/airflow/dags/segmentacao_tim/dag_trigger_insert_agv_tim.py took 0.079 seconds
[2023-07-09T20:25:41.783+0000] {processor.py:157} INFO - Started process (PID=715) to work on /opt/airflow/dags/segmentacao_tim/dag_trigger_insert_agv_tim.py
[2023-07-09T20:25:41.784+0000] {processor.py:826} INFO - Processing file /opt/airflow/dags/segmentacao_tim/dag_trigger_insert_agv_tim.py for tasks to queue
[2023-07-09T20:25:41.785+0000] {logging_mixin.py:149} INFO - [2023-07-09T20:25:41.785+0000] {dagbag.py:541} INFO - Filling up the DagBag from /opt/airflow/dags/segmentacao_tim/dag_trigger_insert_agv_tim.py
[2023-07-09T20:25:41.790+0000] {processor.py:836} INFO - DAG(s) dict_keys(['Trigger_insert_agv_tim']) retrieved from /opt/airflow/dags/segmentacao_tim/dag_trigger_insert_agv_tim.py
[2023-07-09T20:25:41.816+0000] {logging_mixin.py:149} INFO - [2023-07-09T20:25:41.816+0000] {dag.py:2726} INFO - Sync 1 DAGs
[2023-07-09T20:25:41.840+0000] {logging_mixin.py:149} INFO - [2023-07-09T20:25:41.840+0000] {dag.py:3490} INFO - Setting next_dagrun for Trigger_insert_agv_tim to None, run_after=None
[2023-07-09T20:25:41.857+0000] {processor.py:179} INFO - Processing /opt/airflow/dags/segmentacao_tim/dag_trigger_insert_agv_tim.py took 0.078 seconds
[2023-07-09T20:26:12.235+0000] {processor.py:157} INFO - Started process (PID=727) to work on /opt/airflow/dags/segmentacao_tim/dag_trigger_insert_agv_tim.py
[2023-07-09T20:26:12.236+0000] {processor.py:826} INFO - Processing file /opt/airflow/dags/segmentacao_tim/dag_trigger_insert_agv_tim.py for tasks to queue
[2023-07-09T20:26:12.237+0000] {logging_mixin.py:149} INFO - [2023-07-09T20:26:12.237+0000] {dagbag.py:541} INFO - Filling up the DagBag from /opt/airflow/dags/segmentacao_tim/dag_trigger_insert_agv_tim.py
[2023-07-09T20:26:12.242+0000] {processor.py:836} INFO - DAG(s) dict_keys(['Trigger_insert_agv_tim']) retrieved from /opt/airflow/dags/segmentacao_tim/dag_trigger_insert_agv_tim.py
[2023-07-09T20:26:12.268+0000] {logging_mixin.py:149} INFO - [2023-07-09T20:26:12.268+0000] {dag.py:2726} INFO - Sync 1 DAGs
[2023-07-09T20:26:12.295+0000] {logging_mixin.py:149} INFO - [2023-07-09T20:26:12.294+0000] {dag.py:3490} INFO - Setting next_dagrun for Trigger_insert_agv_tim to None, run_after=None
[2023-07-09T20:26:12.316+0000] {processor.py:179} INFO - Processing /opt/airflow/dags/segmentacao_tim/dag_trigger_insert_agv_tim.py took 0.084 seconds
[2023-07-09T20:26:42.707+0000] {processor.py:157} INFO - Started process (PID=739) to work on /opt/airflow/dags/segmentacao_tim/dag_trigger_insert_agv_tim.py
[2023-07-09T20:26:42.709+0000] {processor.py:826} INFO - Processing file /opt/airflow/dags/segmentacao_tim/dag_trigger_insert_agv_tim.py for tasks to queue
[2023-07-09T20:26:42.710+0000] {logging_mixin.py:149} INFO - [2023-07-09T20:26:42.710+0000] {dagbag.py:541} INFO - Filling up the DagBag from /opt/airflow/dags/segmentacao_tim/dag_trigger_insert_agv_tim.py
[2023-07-09T20:26:42.715+0000] {processor.py:836} INFO - DAG(s) dict_keys(['Trigger_insert_agv_tim']) retrieved from /opt/airflow/dags/segmentacao_tim/dag_trigger_insert_agv_tim.py
[2023-07-09T20:26:42.745+0000] {logging_mixin.py:149} INFO - [2023-07-09T20:26:42.745+0000] {dag.py:2726} INFO - Sync 1 DAGs
[2023-07-09T20:26:42.770+0000] {logging_mixin.py:149} INFO - [2023-07-09T20:26:42.770+0000] {dag.py:3490} INFO - Setting next_dagrun for Trigger_insert_agv_tim to None, run_after=None
[2023-07-09T20:26:42.794+0000] {processor.py:179} INFO - Processing /opt/airflow/dags/segmentacao_tim/dag_trigger_insert_agv_tim.py took 0.090 seconds
[2023-07-09T20:27:13.192+0000] {processor.py:157} INFO - Started process (PID=751) to work on /opt/airflow/dags/segmentacao_tim/dag_trigger_insert_agv_tim.py
[2023-07-09T20:27:13.194+0000] {processor.py:826} INFO - Processing file /opt/airflow/dags/segmentacao_tim/dag_trigger_insert_agv_tim.py for tasks to queue
[2023-07-09T20:27:13.195+0000] {logging_mixin.py:149} INFO - [2023-07-09T20:27:13.194+0000] {dagbag.py:541} INFO - Filling up the DagBag from /opt/airflow/dags/segmentacao_tim/dag_trigger_insert_agv_tim.py
[2023-07-09T20:27:13.201+0000] {processor.py:836} INFO - DAG(s) dict_keys(['Trigger_insert_agv_tim']) retrieved from /opt/airflow/dags/segmentacao_tim/dag_trigger_insert_agv_tim.py
[2023-07-09T20:27:13.234+0000] {logging_mixin.py:149} INFO - [2023-07-09T20:27:13.234+0000] {dag.py:2726} INFO - Sync 1 DAGs
[2023-07-09T20:27:13.267+0000] {logging_mixin.py:149} INFO - [2023-07-09T20:27:13.267+0000] {dag.py:3490} INFO - Setting next_dagrun for Trigger_insert_agv_tim to None, run_after=None
[2023-07-09T20:27:13.295+0000] {processor.py:179} INFO - Processing /opt/airflow/dags/segmentacao_tim/dag_trigger_insert_agv_tim.py took 0.106 seconds
[2023-07-09T20:27:43.608+0000] {processor.py:157} INFO - Started process (PID=763) to work on /opt/airflow/dags/segmentacao_tim/dag_trigger_insert_agv_tim.py
[2023-07-09T20:27:43.609+0000] {processor.py:826} INFO - Processing file /opt/airflow/dags/segmentacao_tim/dag_trigger_insert_agv_tim.py for tasks to queue
[2023-07-09T20:27:43.610+0000] {logging_mixin.py:149} INFO - [2023-07-09T20:27:43.610+0000] {dagbag.py:541} INFO - Filling up the DagBag from /opt/airflow/dags/segmentacao_tim/dag_trigger_insert_agv_tim.py
[2023-07-09T20:27:43.616+0000] {processor.py:836} INFO - DAG(s) dict_keys(['Trigger_insert_agv_tim']) retrieved from /opt/airflow/dags/segmentacao_tim/dag_trigger_insert_agv_tim.py
[2023-07-09T20:27:43.641+0000] {logging_mixin.py:149} INFO - [2023-07-09T20:27:43.641+0000] {dag.py:2726} INFO - Sync 1 DAGs
[2023-07-09T20:27:43.668+0000] {logging_mixin.py:149} INFO - [2023-07-09T20:27:43.668+0000] {dag.py:3490} INFO - Setting next_dagrun for Trigger_insert_agv_tim to None, run_after=None
[2023-07-09T20:27:43.687+0000] {processor.py:179} INFO - Processing /opt/airflow/dags/segmentacao_tim/dag_trigger_insert_agv_tim.py took 0.083 seconds
[2023-07-09T20:28:14.068+0000] {processor.py:157} INFO - Started process (PID=775) to work on /opt/airflow/dags/segmentacao_tim/dag_trigger_insert_agv_tim.py
[2023-07-09T20:28:14.069+0000] {processor.py:826} INFO - Processing file /opt/airflow/dags/segmentacao_tim/dag_trigger_insert_agv_tim.py for tasks to queue
[2023-07-09T20:28:14.070+0000] {logging_mixin.py:149} INFO - [2023-07-09T20:28:14.070+0000] {dagbag.py:541} INFO - Filling up the DagBag from /opt/airflow/dags/segmentacao_tim/dag_trigger_insert_agv_tim.py
[2023-07-09T20:28:14.075+0000] {processor.py:836} INFO - DAG(s) dict_keys(['Trigger_insert_agv_tim']) retrieved from /opt/airflow/dags/segmentacao_tim/dag_trigger_insert_agv_tim.py
[2023-07-09T20:28:14.099+0000] {logging_mixin.py:149} INFO - [2023-07-09T20:28:14.099+0000] {dag.py:2726} INFO - Sync 1 DAGs
[2023-07-09T20:28:14.122+0000] {logging_mixin.py:149} INFO - [2023-07-09T20:28:14.122+0000] {dag.py:3490} INFO - Setting next_dagrun for Trigger_insert_agv_tim to None, run_after=None
[2023-07-09T20:28:14.140+0000] {processor.py:179} INFO - Processing /opt/airflow/dags/segmentacao_tim/dag_trigger_insert_agv_tim.py took 0.074 seconds
[2023-07-09T20:28:44.549+0000] {processor.py:157} INFO - Started process (PID=787) to work on /opt/airflow/dags/segmentacao_tim/dag_trigger_insert_agv_tim.py
[2023-07-09T20:28:44.550+0000] {processor.py:826} INFO - Processing file /opt/airflow/dags/segmentacao_tim/dag_trigger_insert_agv_tim.py for tasks to queue
[2023-07-09T20:28:44.551+0000] {logging_mixin.py:149} INFO - [2023-07-09T20:28:44.551+0000] {dagbag.py:541} INFO - Filling up the DagBag from /opt/airflow/dags/segmentacao_tim/dag_trigger_insert_agv_tim.py
[2023-07-09T20:28:44.556+0000] {processor.py:836} INFO - DAG(s) dict_keys(['Trigger_insert_agv_tim']) retrieved from /opt/airflow/dags/segmentacao_tim/dag_trigger_insert_agv_tim.py
[2023-07-09T20:28:44.582+0000] {logging_mixin.py:149} INFO - [2023-07-09T20:28:44.581+0000] {dag.py:2726} INFO - Sync 1 DAGs
[2023-07-09T20:28:44.604+0000] {logging_mixin.py:149} INFO - [2023-07-09T20:28:44.604+0000] {dag.py:3490} INFO - Setting next_dagrun for Trigger_insert_agv_tim to None, run_after=None
[2023-07-09T20:28:44.622+0000] {processor.py:179} INFO - Processing /opt/airflow/dags/segmentacao_tim/dag_trigger_insert_agv_tim.py took 0.075 seconds
[2023-07-09T20:29:15.045+0000] {processor.py:157} INFO - Started process (PID=799) to work on /opt/airflow/dags/segmentacao_tim/dag_trigger_insert_agv_tim.py
[2023-07-09T20:29:15.046+0000] {processor.py:826} INFO - Processing file /opt/airflow/dags/segmentacao_tim/dag_trigger_insert_agv_tim.py for tasks to queue
[2023-07-09T20:29:15.046+0000] {logging_mixin.py:149} INFO - [2023-07-09T20:29:15.046+0000] {dagbag.py:541} INFO - Filling up the DagBag from /opt/airflow/dags/segmentacao_tim/dag_trigger_insert_agv_tim.py
[2023-07-09T20:29:15.052+0000] {processor.py:836} INFO - DAG(s) dict_keys(['Trigger_insert_agv_tim']) retrieved from /opt/airflow/dags/segmentacao_tim/dag_trigger_insert_agv_tim.py
[2023-07-09T20:29:15.076+0000] {logging_mixin.py:149} INFO - [2023-07-09T20:29:15.076+0000] {dag.py:2726} INFO - Sync 1 DAGs
[2023-07-09T20:29:15.098+0000] {logging_mixin.py:149} INFO - [2023-07-09T20:29:15.098+0000] {dag.py:3490} INFO - Setting next_dagrun for Trigger_insert_agv_tim to None, run_after=None
[2023-07-09T20:29:15.116+0000] {processor.py:179} INFO - Processing /opt/airflow/dags/segmentacao_tim/dag_trigger_insert_agv_tim.py took 0.074 seconds
[2023-07-09T20:29:45.385+0000] {processor.py:157} INFO - Started process (PID=811) to work on /opt/airflow/dags/segmentacao_tim/dag_trigger_insert_agv_tim.py
[2023-07-09T20:29:45.386+0000] {processor.py:826} INFO - Processing file /opt/airflow/dags/segmentacao_tim/dag_trigger_insert_agv_tim.py for tasks to queue
[2023-07-09T20:29:45.387+0000] {logging_mixin.py:149} INFO - [2023-07-09T20:29:45.387+0000] {dagbag.py:541} INFO - Filling up the DagBag from /opt/airflow/dags/segmentacao_tim/dag_trigger_insert_agv_tim.py
[2023-07-09T20:29:45.393+0000] {processor.py:836} INFO - DAG(s) dict_keys(['Trigger_insert_agv_tim']) retrieved from /opt/airflow/dags/segmentacao_tim/dag_trigger_insert_agv_tim.py
[2023-07-09T20:29:45.438+0000] {logging_mixin.py:149} INFO - [2023-07-09T20:29:45.437+0000] {dag.py:2726} INFO - Sync 1 DAGs
[2023-07-09T20:29:45.465+0000] {logging_mixin.py:149} INFO - [2023-07-09T20:29:45.465+0000] {dag.py:3490} INFO - Setting next_dagrun for Trigger_insert_agv_tim to None, run_after=None
[2023-07-09T20:29:45.483+0000] {processor.py:179} INFO - Processing /opt/airflow/dags/segmentacao_tim/dag_trigger_insert_agv_tim.py took 0.100 seconds
[2023-07-09T20:30:15.759+0000] {processor.py:157} INFO - Started process (PID=823) to work on /opt/airflow/dags/segmentacao_tim/dag_trigger_insert_agv_tim.py
[2023-07-09T20:30:15.760+0000] {processor.py:826} INFO - Processing file /opt/airflow/dags/segmentacao_tim/dag_trigger_insert_agv_tim.py for tasks to queue
[2023-07-09T20:30:15.760+0000] {logging_mixin.py:149} INFO - [2023-07-09T20:30:15.760+0000] {dagbag.py:541} INFO - Filling up the DagBag from /opt/airflow/dags/segmentacao_tim/dag_trigger_insert_agv_tim.py
[2023-07-09T20:30:15.765+0000] {processor.py:836} INFO - DAG(s) dict_keys(['Trigger_insert_agv_tim']) retrieved from /opt/airflow/dags/segmentacao_tim/dag_trigger_insert_agv_tim.py
[2023-07-09T20:30:15.789+0000] {logging_mixin.py:149} INFO - [2023-07-09T20:30:15.789+0000] {dag.py:2726} INFO - Sync 1 DAGs
[2023-07-09T20:30:15.811+0000] {logging_mixin.py:149} INFO - [2023-07-09T20:30:15.811+0000] {dag.py:3490} INFO - Setting next_dagrun for Trigger_insert_agv_tim to None, run_after=None
[2023-07-09T20:30:15.829+0000] {processor.py:179} INFO - Processing /opt/airflow/dags/segmentacao_tim/dag_trigger_insert_agv_tim.py took 0.073 seconds
[2023-07-09T20:30:46.228+0000] {processor.py:157} INFO - Started process (PID=835) to work on /opt/airflow/dags/segmentacao_tim/dag_trigger_insert_agv_tim.py
[2023-07-09T20:30:46.229+0000] {processor.py:826} INFO - Processing file /opt/airflow/dags/segmentacao_tim/dag_trigger_insert_agv_tim.py for tasks to queue
[2023-07-09T20:30:46.230+0000] {logging_mixin.py:149} INFO - [2023-07-09T20:30:46.229+0000] {dagbag.py:541} INFO - Filling up the DagBag from /opt/airflow/dags/segmentacao_tim/dag_trigger_insert_agv_tim.py
[2023-07-09T20:30:46.235+0000] {processor.py:836} INFO - DAG(s) dict_keys(['Trigger_insert_agv_tim']) retrieved from /opt/airflow/dags/segmentacao_tim/dag_trigger_insert_agv_tim.py
[2023-07-09T20:30:46.260+0000] {logging_mixin.py:149} INFO - [2023-07-09T20:30:46.260+0000] {dag.py:2726} INFO - Sync 1 DAGs
[2023-07-09T20:30:46.283+0000] {logging_mixin.py:149} INFO - [2023-07-09T20:30:46.283+0000] {dag.py:3490} INFO - Setting next_dagrun for Trigger_insert_agv_tim to None, run_after=None
[2023-07-09T20:30:46.302+0000] {processor.py:179} INFO - Processing /opt/airflow/dags/segmentacao_tim/dag_trigger_insert_agv_tim.py took 0.077 seconds
