[2023-07-09T19:08:50.869+0000] {processor.py:157} INFO - Started process (PID=33) to work on /opt/airflow/dags/segmentacao_tim/dag_insert_agv_tim.py
[2023-07-09T19:08:50.870+0000] {processor.py:826} INFO - Processing file /opt/airflow/dags/segmentacao_tim/dag_insert_agv_tim.py for tasks to queue
[2023-07-09T19:08:50.871+0000] {logging_mixin.py:149} INFO - [2023-07-09T19:08:50.871+0000] {dagbag.py:541} INFO - Filling up the DagBag from /opt/airflow/dags/segmentacao_tim/dag_insert_agv_tim.py
[2023-07-09T19:08:50.901+0000] {processor.py:836} INFO - DAG(s) dict_keys(['segmentacao_agv_tim']) retrieved from /opt/airflow/dags/segmentacao_tim/dag_insert_agv_tim.py
[2023-07-09T19:08:51.113+0000] {logging_mixin.py:149} INFO - [2023-07-09T19:08:51.113+0000] {manager.py:414} ERROR - Add View Menu Error: (psycopg2.errors.UniqueViolation) duplicate key value violates unique constraint "serialized_dag_pkey"
DETAIL:  Key (dag_id)=(segmentacao_agv_tim) already exists.

[SQL: INSERT INTO serialized_dag (dag_id, fileloc, fileloc_hash, data, data_compressed, last_updated, dag_hash, processor_subdir) VALUES (%(dag_id)s, %(fileloc)s, %(fileloc_hash)s, %(data)s, %(data_compressed)s, %(last_updated)s, %(dag_hash)s, %(processor_subdir)s)]
[parameters: {'dag_id': 'segmentacao_agv_tim', 'fileloc': '/opt/airflow/dags/segmentacao_tim/dag_insert_agv_tim.py', 'fileloc_hash': 6534198545398512, 'data': '{"__version": 1, "dag": {"fileloc": "/opt/airflow/dags/segmentacao_tim/dag_insert_agv_tim.py", "_dag_id": "segmentacao_agv_tim", "_default_view": "gr ... (2224 characters truncated) ... op_args": "(XComArg(<Task(_PythonDecoratedOperator): transform>, \'total_order_value\'),)", "op_kwargs": {}}], "dag_dependencies": [], "params": {}}}', 'data_compressed': None, 'last_updated': datetime.datetime(2023, 7, 9, 19, 8, 50, 940500, tzinfo=Timezone('UTC')), 'dag_hash': '41d38ace71f12a13cac9a5ed78eabc82', 'processor_subdir': None}]
(Background on this error at: https://sqlalche.me/e/14/gkpj)
[2023-07-09T19:08:51.121+0000] {logging_mixin.py:149} INFO - [2023-07-09T19:08:51.120+0000] {manager.py:504} INFO - Created Permission View: can read on None
[2023-07-09T19:08:51.133+0000] {logging_mixin.py:149} INFO - [2023-07-09T19:08:51.133+0000] {manager.py:507} ERROR - Creation of Permission View Error: (psycopg2.errors.UniqueViolation) duplicate key value violates unique constraint "ab_permission_view_permission_id_view_menu_id_uq"
DETAIL:  Key (permission_id, view_menu_id)=(1, 100) already exists.

[SQL: INSERT INTO ab_permission_view (permission_id, view_menu_id) VALUES (%(permission_id)s, %(view_menu_id)s) RETURNING ab_permission_view.id]
[parameters: {'permission_id': 1, 'view_menu_id': 100}]
(Background on this error at: https://sqlalche.me/e/14/gkpj)
[2023-07-09T19:08:51.143+0000] {logging_mixin.py:149} INFO - [2023-07-09T19:08:51.143+0000] {manager.py:507} ERROR - Creation of Permission View Error: (psycopg2.errors.UniqueViolation) duplicate key value violates unique constraint "ab_permission_view_permission_id_view_menu_id_uq"
DETAIL:  Key (permission_id, view_menu_id)=(4, 100) already exists.

[SQL: INSERT INTO ab_permission_view (permission_id, view_menu_id) VALUES (%(permission_id)s, %(view_menu_id)s) RETURNING ab_permission_view.id]
[parameters: {'permission_id': 4, 'view_menu_id': 100}]
(Background on this error at: https://sqlalche.me/e/14/gkpj)
[2023-07-09T19:08:51.158+0000] {logging_mixin.py:149} INFO - [2023-07-09T19:08:51.157+0000] {dag.py:2726} INFO - Sync 1 DAGs
[2023-07-09T19:08:51.172+0000] {logging_mixin.py:149} INFO - [2023-07-09T19:08:51.172+0000] {dag.py:2747} INFO - Creating ORM DAG for segmentacao_agv_tim
[2023-07-09T19:08:51.184+0000] {logging_mixin.py:149} INFO - [2023-07-09T19:08:51.184+0000] {dag.py:3490} INFO - Setting next_dagrun for segmentacao_agv_tim to None, run_after=None
[2023-07-09T19:08:51.207+0000] {processor.py:179} INFO - Processing /opt/airflow/dags/segmentacao_tim/dag_insert_agv_tim.py took 0.345 seconds
[2023-07-09T19:09:21.468+0000] {processor.py:157} INFO - Started process (PID=45) to work on /opt/airflow/dags/segmentacao_tim/dag_insert_agv_tim.py
[2023-07-09T19:09:21.470+0000] {processor.py:826} INFO - Processing file /opt/airflow/dags/segmentacao_tim/dag_insert_agv_tim.py for tasks to queue
[2023-07-09T19:09:21.471+0000] {logging_mixin.py:149} INFO - [2023-07-09T19:09:21.471+0000] {dagbag.py:541} INFO - Filling up the DagBag from /opt/airflow/dags/segmentacao_tim/dag_insert_agv_tim.py
[2023-07-09T19:09:21.481+0000] {processor.py:836} INFO - DAG(s) dict_keys(['segmentacao_agv_tim']) retrieved from /opt/airflow/dags/segmentacao_tim/dag_insert_agv_tim.py
[2023-07-09T19:09:21.617+0000] {logging_mixin.py:149} INFO - [2023-07-09T19:09:21.616+0000] {dag.py:2726} INFO - Sync 1 DAGs
[2023-07-09T19:09:21.641+0000] {logging_mixin.py:149} INFO - [2023-07-09T19:09:21.641+0000] {dag.py:3490} INFO - Setting next_dagrun for segmentacao_agv_tim to None, run_after=None
[2023-07-09T19:09:21.666+0000] {processor.py:179} INFO - Processing /opt/airflow/dags/segmentacao_tim/dag_insert_agv_tim.py took 0.200 seconds
[2023-07-09T19:09:51.717+0000] {processor.py:157} INFO - Started process (PID=55) to work on /opt/airflow/dags/segmentacao_tim/dag_insert_agv_tim.py
[2023-07-09T19:09:51.720+0000] {processor.py:826} INFO - Processing file /opt/airflow/dags/segmentacao_tim/dag_insert_agv_tim.py for tasks to queue
[2023-07-09T19:09:51.721+0000] {logging_mixin.py:149} INFO - [2023-07-09T19:09:51.721+0000] {dagbag.py:541} INFO - Filling up the DagBag from /opt/airflow/dags/segmentacao_tim/dag_insert_agv_tim.py
[2023-07-09T19:09:51.730+0000] {processor.py:836} INFO - DAG(s) dict_keys(['segmentacao_agv_tim']) retrieved from /opt/airflow/dags/segmentacao_tim/dag_insert_agv_tim.py
[2023-07-09T19:09:51.762+0000] {logging_mixin.py:149} INFO - [2023-07-09T19:09:51.762+0000] {dag.py:2726} INFO - Sync 1 DAGs
[2023-07-09T19:09:51.788+0000] {logging_mixin.py:149} INFO - [2023-07-09T19:09:51.788+0000] {dag.py:3490} INFO - Setting next_dagrun for segmentacao_agv_tim to None, run_after=None
[2023-07-09T19:09:51.808+0000] {processor.py:179} INFO - Processing /opt/airflow/dags/segmentacao_tim/dag_insert_agv_tim.py took 0.093 seconds
[2023-07-09T19:10:21.903+0000] {processor.py:157} INFO - Started process (PID=65) to work on /opt/airflow/dags/segmentacao_tim/dag_insert_agv_tim.py
[2023-07-09T19:10:21.906+0000] {processor.py:826} INFO - Processing file /opt/airflow/dags/segmentacao_tim/dag_insert_agv_tim.py for tasks to queue
[2023-07-09T19:10:21.907+0000] {logging_mixin.py:149} INFO - [2023-07-09T19:10:21.907+0000] {dagbag.py:541} INFO - Filling up the DagBag from /opt/airflow/dags/segmentacao_tim/dag_insert_agv_tim.py
[2023-07-09T19:10:21.917+0000] {processor.py:836} INFO - DAG(s) dict_keys(['segmentacao_agv_tim']) retrieved from /opt/airflow/dags/segmentacao_tim/dag_insert_agv_tim.py
[2023-07-09T19:10:21.955+0000] {logging_mixin.py:149} INFO - [2023-07-09T19:10:21.955+0000] {dag.py:2726} INFO - Sync 1 DAGs
[2023-07-09T19:10:21.982+0000] {logging_mixin.py:149} INFO - [2023-07-09T19:10:21.982+0000] {dag.py:3490} INFO - Setting next_dagrun for segmentacao_agv_tim to None, run_after=None
[2023-07-09T19:10:22.007+0000] {processor.py:179} INFO - Processing /opt/airflow/dags/segmentacao_tim/dag_insert_agv_tim.py took 0.109 seconds
[2023-07-09T19:10:52.171+0000] {processor.py:157} INFO - Started process (PID=76) to work on /opt/airflow/dags/segmentacao_tim/dag_insert_agv_tim.py
[2023-07-09T19:10:52.174+0000] {processor.py:826} INFO - Processing file /opt/airflow/dags/segmentacao_tim/dag_insert_agv_tim.py for tasks to queue
[2023-07-09T19:10:52.175+0000] {logging_mixin.py:149} INFO - [2023-07-09T19:10:52.174+0000] {dagbag.py:541} INFO - Filling up the DagBag from /opt/airflow/dags/segmentacao_tim/dag_insert_agv_tim.py
[2023-07-09T19:10:52.183+0000] {processor.py:836} INFO - DAG(s) dict_keys(['segmentacao_agv_tim']) retrieved from /opt/airflow/dags/segmentacao_tim/dag_insert_agv_tim.py
[2023-07-09T19:10:52.214+0000] {logging_mixin.py:149} INFO - [2023-07-09T19:10:52.213+0000] {dag.py:2726} INFO - Sync 1 DAGs
[2023-07-09T19:10:52.239+0000] {logging_mixin.py:149} INFO - [2023-07-09T19:10:52.238+0000] {dag.py:3490} INFO - Setting next_dagrun for segmentacao_agv_tim to None, run_after=None
[2023-07-09T19:10:52.261+0000] {processor.py:179} INFO - Processing /opt/airflow/dags/segmentacao_tim/dag_insert_agv_tim.py took 0.093 seconds
[2023-07-09T19:11:22.412+0000] {processor.py:157} INFO - Started process (PID=99) to work on /opt/airflow/dags/segmentacao_tim/dag_insert_agv_tim.py
[2023-07-09T19:11:22.413+0000] {processor.py:826} INFO - Processing file /opt/airflow/dags/segmentacao_tim/dag_insert_agv_tim.py for tasks to queue
[2023-07-09T19:11:22.414+0000] {logging_mixin.py:149} INFO - [2023-07-09T19:11:22.414+0000] {dagbag.py:541} INFO - Filling up the DagBag from /opt/airflow/dags/segmentacao_tim/dag_insert_agv_tim.py
[2023-07-09T19:11:22.423+0000] {processor.py:836} INFO - DAG(s) dict_keys(['segmentacao_agv_tim']) retrieved from /opt/airflow/dags/segmentacao_tim/dag_insert_agv_tim.py
[2023-07-09T19:11:22.460+0000] {logging_mixin.py:149} INFO - [2023-07-09T19:11:22.460+0000] {dag.py:2726} INFO - Sync 1 DAGs
[2023-07-09T19:11:22.487+0000] {logging_mixin.py:149} INFO - [2023-07-09T19:11:22.486+0000] {dag.py:3490} INFO - Setting next_dagrun for segmentacao_agv_tim to None, run_after=None
[2023-07-09T19:11:22.509+0000] {processor.py:179} INFO - Processing /opt/airflow/dags/segmentacao_tim/dag_insert_agv_tim.py took 0.101 seconds
[2023-07-09T19:11:52.723+0000] {processor.py:157} INFO - Started process (PID=112) to work on /opt/airflow/dags/segmentacao_tim/dag_insert_agv_tim.py
[2023-07-09T19:11:52.724+0000] {processor.py:826} INFO - Processing file /opt/airflow/dags/segmentacao_tim/dag_insert_agv_tim.py for tasks to queue
[2023-07-09T19:11:52.725+0000] {logging_mixin.py:149} INFO - [2023-07-09T19:11:52.725+0000] {dagbag.py:541} INFO - Filling up the DagBag from /opt/airflow/dags/segmentacao_tim/dag_insert_agv_tim.py
[2023-07-09T19:11:52.734+0000] {processor.py:836} INFO - DAG(s) dict_keys(['segmentacao_agv_tim']) retrieved from /opt/airflow/dags/segmentacao_tim/dag_insert_agv_tim.py
[2023-07-09T19:11:52.767+0000] {logging_mixin.py:149} INFO - [2023-07-09T19:11:52.766+0000] {dag.py:2726} INFO - Sync 1 DAGs
[2023-07-09T19:11:52.793+0000] {logging_mixin.py:149} INFO - [2023-07-09T19:11:52.793+0000] {dag.py:3490} INFO - Setting next_dagrun for segmentacao_agv_tim to None, run_after=None
[2023-07-09T19:11:52.815+0000] {processor.py:179} INFO - Processing /opt/airflow/dags/segmentacao_tim/dag_insert_agv_tim.py took 0.095 seconds
[2023-07-09T19:12:22.990+0000] {processor.py:157} INFO - Started process (PID=122) to work on /opt/airflow/dags/segmentacao_tim/dag_insert_agv_tim.py
[2023-07-09T19:12:22.991+0000] {processor.py:826} INFO - Processing file /opt/airflow/dags/segmentacao_tim/dag_insert_agv_tim.py for tasks to queue
[2023-07-09T19:12:22.991+0000] {logging_mixin.py:149} INFO - [2023-07-09T19:12:22.991+0000] {dagbag.py:541} INFO - Filling up the DagBag from /opt/airflow/dags/segmentacao_tim/dag_insert_agv_tim.py
[2023-07-09T19:12:23.000+0000] {processor.py:836} INFO - DAG(s) dict_keys(['segmentacao_agv_tim']) retrieved from /opt/airflow/dags/segmentacao_tim/dag_insert_agv_tim.py
[2023-07-09T19:12:23.013+0000] {logging_mixin.py:149} INFO - [2023-07-09T19:12:23.012+0000] {dag.py:2726} INFO - Sync 1 DAGs
[2023-07-09T19:12:23.040+0000] {logging_mixin.py:149} INFO - [2023-07-09T19:12:23.040+0000] {dag.py:3490} INFO - Setting next_dagrun for segmentacao_agv_tim to None, run_after=None
[2023-07-09T19:12:23.060+0000] {processor.py:179} INFO - Processing /opt/airflow/dags/segmentacao_tim/dag_insert_agv_tim.py took 0.073 seconds
[2023-07-09T19:12:53.316+0000] {processor.py:157} INFO - Started process (PID=132) to work on /opt/airflow/dags/segmentacao_tim/dag_insert_agv_tim.py
[2023-07-09T19:12:53.317+0000] {processor.py:826} INFO - Processing file /opt/airflow/dags/segmentacao_tim/dag_insert_agv_tim.py for tasks to queue
[2023-07-09T19:12:53.317+0000] {logging_mixin.py:149} INFO - [2023-07-09T19:12:53.317+0000] {dagbag.py:541} INFO - Filling up the DagBag from /opt/airflow/dags/segmentacao_tim/dag_insert_agv_tim.py
[2023-07-09T19:12:53.326+0000] {processor.py:836} INFO - DAG(s) dict_keys(['segmentacao_agv_tim']) retrieved from /opt/airflow/dags/segmentacao_tim/dag_insert_agv_tim.py
[2023-07-09T19:12:53.441+0000] {logging_mixin.py:149} INFO - [2023-07-09T19:12:53.441+0000] {dag.py:2726} INFO - Sync 1 DAGs
[2023-07-09T19:12:53.462+0000] {logging_mixin.py:149} INFO - [2023-07-09T19:12:53.462+0000] {dag.py:3490} INFO - Setting next_dagrun for segmentacao_agv_tim to None, run_after=None
[2023-07-09T19:12:53.484+0000] {processor.py:179} INFO - Processing /opt/airflow/dags/segmentacao_tim/dag_insert_agv_tim.py took 0.171 seconds
[2023-07-09T19:13:23.572+0000] {processor.py:157} INFO - Started process (PID=142) to work on /opt/airflow/dags/segmentacao_tim/dag_insert_agv_tim.py
[2023-07-09T19:13:23.575+0000] {processor.py:826} INFO - Processing file /opt/airflow/dags/segmentacao_tim/dag_insert_agv_tim.py for tasks to queue
[2023-07-09T19:13:23.576+0000] {logging_mixin.py:149} INFO - [2023-07-09T19:13:23.576+0000] {dagbag.py:541} INFO - Filling up the DagBag from /opt/airflow/dags/segmentacao_tim/dag_insert_agv_tim.py
[2023-07-09T19:13:23.586+0000] {processor.py:836} INFO - DAG(s) dict_keys(['segmentacao_agv_tim']) retrieved from /opt/airflow/dags/segmentacao_tim/dag_insert_agv_tim.py
[2023-07-09T19:13:23.616+0000] {logging_mixin.py:149} INFO - [2023-07-09T19:13:23.616+0000] {dag.py:2726} INFO - Sync 1 DAGs
[2023-07-09T19:13:23.644+0000] {logging_mixin.py:149} INFO - [2023-07-09T19:13:23.644+0000] {dag.py:3490} INFO - Setting next_dagrun for segmentacao_agv_tim to None, run_after=None
[2023-07-09T19:13:23.681+0000] {processor.py:179} INFO - Processing /opt/airflow/dags/segmentacao_tim/dag_insert_agv_tim.py took 0.113 seconds
[2023-07-09T19:13:53.944+0000] {processor.py:157} INFO - Started process (PID=154) to work on /opt/airflow/dags/segmentacao_tim/dag_insert_agv_tim.py
[2023-07-09T19:13:53.945+0000] {processor.py:826} INFO - Processing file /opt/airflow/dags/segmentacao_tim/dag_insert_agv_tim.py for tasks to queue
[2023-07-09T19:13:53.946+0000] {logging_mixin.py:149} INFO - [2023-07-09T19:13:53.946+0000] {dagbag.py:541} INFO - Filling up the DagBag from /opt/airflow/dags/segmentacao_tim/dag_insert_agv_tim.py
[2023-07-09T19:13:53.954+0000] {processor.py:836} INFO - DAG(s) dict_keys(['segmentacao_agv_tim']) retrieved from /opt/airflow/dags/segmentacao_tim/dag_insert_agv_tim.py
[2023-07-09T19:13:53.966+0000] {logging_mixin.py:149} INFO - [2023-07-09T19:13:53.966+0000] {dag.py:2726} INFO - Sync 1 DAGs
[2023-07-09T19:13:53.992+0000] {logging_mixin.py:149} INFO - [2023-07-09T19:13:53.992+0000] {dag.py:3490} INFO - Setting next_dagrun for segmentacao_agv_tim to None, run_after=None
[2023-07-09T19:13:54.012+0000] {processor.py:179} INFO - Processing /opt/airflow/dags/segmentacao_tim/dag_insert_agv_tim.py took 0.070 seconds
[2023-07-09T19:14:24.271+0000] {processor.py:157} INFO - Started process (PID=165) to work on /opt/airflow/dags/segmentacao_tim/dag_insert_agv_tim.py
[2023-07-09T19:14:24.272+0000] {processor.py:826} INFO - Processing file /opt/airflow/dags/segmentacao_tim/dag_insert_agv_tim.py for tasks to queue
[2023-07-09T19:14:24.273+0000] {logging_mixin.py:149} INFO - [2023-07-09T19:14:24.273+0000] {dagbag.py:541} INFO - Filling up the DagBag from /opt/airflow/dags/segmentacao_tim/dag_insert_agv_tim.py
[2023-07-09T19:14:24.281+0000] {processor.py:836} INFO - DAG(s) dict_keys(['segmentacao_agv_tim']) retrieved from /opt/airflow/dags/segmentacao_tim/dag_insert_agv_tim.py
[2023-07-09T19:14:24.411+0000] {logging_mixin.py:149} INFO - [2023-07-09T19:14:24.410+0000] {dag.py:2726} INFO - Sync 1 DAGs
[2023-07-09T19:14:24.438+0000] {logging_mixin.py:149} INFO - [2023-07-09T19:14:24.438+0000] {dag.py:3490} INFO - Setting next_dagrun for segmentacao_agv_tim to None, run_after=None
[2023-07-09T19:14:24.463+0000] {processor.py:179} INFO - Processing /opt/airflow/dags/segmentacao_tim/dag_insert_agv_tim.py took 0.195 seconds
[2023-07-09T19:14:54.579+0000] {processor.py:157} INFO - Started process (PID=176) to work on /opt/airflow/dags/segmentacao_tim/dag_insert_agv_tim.py
[2023-07-09T19:14:54.580+0000] {processor.py:826} INFO - Processing file /opt/airflow/dags/segmentacao_tim/dag_insert_agv_tim.py for tasks to queue
[2023-07-09T19:14:54.581+0000] {logging_mixin.py:149} INFO - [2023-07-09T19:14:54.581+0000] {dagbag.py:541} INFO - Filling up the DagBag from /opt/airflow/dags/segmentacao_tim/dag_insert_agv_tim.py
[2023-07-09T19:14:54.591+0000] {processor.py:836} INFO - DAG(s) dict_keys(['segmentacao_agv_tim']) retrieved from /opt/airflow/dags/segmentacao_tim/dag_insert_agv_tim.py
[2023-07-09T19:14:54.622+0000] {logging_mixin.py:149} INFO - [2023-07-09T19:14:54.622+0000] {dag.py:2726} INFO - Sync 1 DAGs
[2023-07-09T19:14:54.648+0000] {logging_mixin.py:149} INFO - [2023-07-09T19:14:54.648+0000] {dag.py:3490} INFO - Setting next_dagrun for segmentacao_agv_tim to None, run_after=None
[2023-07-09T19:14:54.669+0000] {processor.py:179} INFO - Processing /opt/airflow/dags/segmentacao_tim/dag_insert_agv_tim.py took 0.094 seconds
[2023-07-09T19:15:24.965+0000] {processor.py:157} INFO - Started process (PID=187) to work on /opt/airflow/dags/segmentacao_tim/dag_insert_agv_tim.py
[2023-07-09T19:15:24.969+0000] {processor.py:826} INFO - Processing file /opt/airflow/dags/segmentacao_tim/dag_insert_agv_tim.py for tasks to queue
[2023-07-09T19:15:24.970+0000] {logging_mixin.py:149} INFO - [2023-07-09T19:15:24.969+0000] {dagbag.py:541} INFO - Filling up the DagBag from /opt/airflow/dags/segmentacao_tim/dag_insert_agv_tim.py
[2023-07-09T19:15:24.979+0000] {processor.py:836} INFO - DAG(s) dict_keys(['segmentacao_agv_tim']) retrieved from /opt/airflow/dags/segmentacao_tim/dag_insert_agv_tim.py
[2023-07-09T19:15:24.994+0000] {logging_mixin.py:149} INFO - [2023-07-09T19:15:24.993+0000] {dag.py:2726} INFO - Sync 1 DAGs
[2023-07-09T19:15:25.020+0000] {logging_mixin.py:149} INFO - [2023-07-09T19:15:25.020+0000] {dag.py:3490} INFO - Setting next_dagrun for segmentacao_agv_tim to None, run_after=None
[2023-07-09T19:15:25.041+0000] {processor.py:179} INFO - Processing /opt/airflow/dags/segmentacao_tim/dag_insert_agv_tim.py took 0.080 seconds
[2023-07-09T19:15:55.329+0000] {processor.py:157} INFO - Started process (PID=198) to work on /opt/airflow/dags/segmentacao_tim/dag_insert_agv_tim.py
[2023-07-09T19:15:55.332+0000] {processor.py:826} INFO - Processing file /opt/airflow/dags/segmentacao_tim/dag_insert_agv_tim.py for tasks to queue
[2023-07-09T19:15:55.333+0000] {logging_mixin.py:149} INFO - [2023-07-09T19:15:55.333+0000] {dagbag.py:541} INFO - Filling up the DagBag from /opt/airflow/dags/segmentacao_tim/dag_insert_agv_tim.py
[2023-07-09T19:15:55.340+0000] {processor.py:836} INFO - DAG(s) dict_keys(['segmentacao_agv_tim']) retrieved from /opt/airflow/dags/segmentacao_tim/dag_insert_agv_tim.py
[2023-07-09T19:15:55.464+0000] {logging_mixin.py:149} INFO - [2023-07-09T19:15:55.464+0000] {dag.py:2726} INFO - Sync 1 DAGs
[2023-07-09T19:15:55.486+0000] {logging_mixin.py:149} INFO - [2023-07-09T19:15:55.486+0000] {dag.py:3490} INFO - Setting next_dagrun for segmentacao_agv_tim to None, run_after=None
[2023-07-09T19:15:55.508+0000] {processor.py:179} INFO - Processing /opt/airflow/dags/segmentacao_tim/dag_insert_agv_tim.py took 0.182 seconds
[2023-07-09T19:16:25.644+0000] {processor.py:157} INFO - Started process (PID=209) to work on /opt/airflow/dags/segmentacao_tim/dag_insert_agv_tim.py
[2023-07-09T19:16:25.645+0000] {processor.py:826} INFO - Processing file /opt/airflow/dags/segmentacao_tim/dag_insert_agv_tim.py for tasks to queue
[2023-07-09T19:16:25.645+0000] {logging_mixin.py:149} INFO - [2023-07-09T19:16:25.645+0000] {dagbag.py:541} INFO - Filling up the DagBag from /opt/airflow/dags/segmentacao_tim/dag_insert_agv_tim.py
[2023-07-09T19:16:25.652+0000] {processor.py:836} INFO - DAG(s) dict_keys(['segmentacao_agv_tim']) retrieved from /opt/airflow/dags/segmentacao_tim/dag_insert_agv_tim.py
[2023-07-09T19:16:25.685+0000] {logging_mixin.py:149} INFO - [2023-07-09T19:16:25.685+0000] {dag.py:2726} INFO - Sync 1 DAGs
[2023-07-09T19:16:25.708+0000] {logging_mixin.py:149} INFO - [2023-07-09T19:16:25.708+0000] {dag.py:3490} INFO - Setting next_dagrun for segmentacao_agv_tim to None, run_after=None
[2023-07-09T19:16:25.729+0000] {processor.py:179} INFO - Processing /opt/airflow/dags/segmentacao_tim/dag_insert_agv_tim.py took 0.088 seconds
[2023-07-09T19:16:55.928+0000] {processor.py:157} INFO - Started process (PID=220) to work on /opt/airflow/dags/segmentacao_tim/dag_insert_agv_tim.py
[2023-07-09T19:16:55.931+0000] {processor.py:826} INFO - Processing file /opt/airflow/dags/segmentacao_tim/dag_insert_agv_tim.py for tasks to queue
[2023-07-09T19:16:55.931+0000] {logging_mixin.py:149} INFO - [2023-07-09T19:16:55.931+0000] {dagbag.py:541} INFO - Filling up the DagBag from /opt/airflow/dags/segmentacao_tim/dag_insert_agv_tim.py
[2023-07-09T19:16:55.939+0000] {processor.py:836} INFO - DAG(s) dict_keys(['segmentacao_agv_tim']) retrieved from /opt/airflow/dags/segmentacao_tim/dag_insert_agv_tim.py
[2023-07-09T19:16:55.950+0000] {logging_mixin.py:149} INFO - [2023-07-09T19:16:55.950+0000] {dag.py:2726} INFO - Sync 1 DAGs
[2023-07-09T19:16:55.975+0000] {logging_mixin.py:149} INFO - [2023-07-09T19:16:55.974+0000] {dag.py:3490} INFO - Setting next_dagrun for segmentacao_agv_tim to None, run_after=None
[2023-07-09T19:16:55.995+0000] {processor.py:179} INFO - Processing /opt/airflow/dags/segmentacao_tim/dag_insert_agv_tim.py took 0.074 seconds
[2023-07-09T19:17:26.247+0000] {processor.py:157} INFO - Started process (PID=231) to work on /opt/airflow/dags/segmentacao_tim/dag_insert_agv_tim.py
[2023-07-09T19:17:26.248+0000] {processor.py:826} INFO - Processing file /opt/airflow/dags/segmentacao_tim/dag_insert_agv_tim.py for tasks to queue
[2023-07-09T19:17:26.248+0000] {logging_mixin.py:149} INFO - [2023-07-09T19:17:26.248+0000] {dagbag.py:541} INFO - Filling up the DagBag from /opt/airflow/dags/segmentacao_tim/dag_insert_agv_tim.py
[2023-07-09T19:17:26.256+0000] {processor.py:836} INFO - DAG(s) dict_keys(['segmentacao_agv_tim']) retrieved from /opt/airflow/dags/segmentacao_tim/dag_insert_agv_tim.py
[2023-07-09T19:17:26.382+0000] {logging_mixin.py:149} INFO - [2023-07-09T19:17:26.382+0000] {dag.py:2726} INFO - Sync 1 DAGs
[2023-07-09T19:17:26.408+0000] {logging_mixin.py:149} INFO - [2023-07-09T19:17:26.408+0000] {dag.py:3490} INFO - Setting next_dagrun for segmentacao_agv_tim to None, run_after=None
[2023-07-09T19:17:26.434+0000] {processor.py:179} INFO - Processing /opt/airflow/dags/segmentacao_tim/dag_insert_agv_tim.py took 0.190 seconds
[2023-07-09T19:17:56.605+0000] {processor.py:157} INFO - Started process (PID=242) to work on /opt/airflow/dags/segmentacao_tim/dag_insert_agv_tim.py
[2023-07-09T19:17:56.608+0000] {processor.py:826} INFO - Processing file /opt/airflow/dags/segmentacao_tim/dag_insert_agv_tim.py for tasks to queue
[2023-07-09T19:17:56.609+0000] {logging_mixin.py:149} INFO - [2023-07-09T19:17:56.609+0000] {dagbag.py:541} INFO - Filling up the DagBag from /opt/airflow/dags/segmentacao_tim/dag_insert_agv_tim.py
[2023-07-09T19:17:56.621+0000] {processor.py:836} INFO - DAG(s) dict_keys(['segmentacao_agv_tim']) retrieved from /opt/airflow/dags/segmentacao_tim/dag_insert_agv_tim.py
[2023-07-09T19:17:56.690+0000] {logging_mixin.py:149} INFO - [2023-07-09T19:17:56.690+0000] {dag.py:2726} INFO - Sync 1 DAGs
[2023-07-09T19:17:56.727+0000] {logging_mixin.py:149} INFO - [2023-07-09T19:17:56.726+0000] {dag.py:3490} INFO - Setting next_dagrun for segmentacao_agv_tim to None, run_after=None
[2023-07-09T19:17:56.752+0000] {processor.py:179} INFO - Processing /opt/airflow/dags/segmentacao_tim/dag_insert_agv_tim.py took 0.152 seconds
[2023-07-09T19:18:27.075+0000] {processor.py:157} INFO - Started process (PID=253) to work on /opt/airflow/dags/segmentacao_tim/dag_insert_agv_tim.py
[2023-07-09T19:18:27.079+0000] {processor.py:826} INFO - Processing file /opt/airflow/dags/segmentacao_tim/dag_insert_agv_tim.py for tasks to queue
[2023-07-09T19:18:27.080+0000] {logging_mixin.py:149} INFO - [2023-07-09T19:18:27.080+0000] {dagbag.py:541} INFO - Filling up the DagBag from /opt/airflow/dags/segmentacao_tim/dag_insert_agv_tim.py
[2023-07-09T19:18:27.093+0000] {processor.py:836} INFO - DAG(s) dict_keys(['segmentacao_agv_tim']) retrieved from /opt/airflow/dags/segmentacao_tim/dag_insert_agv_tim.py
[2023-07-09T19:18:27.107+0000] {logging_mixin.py:149} INFO - [2023-07-09T19:18:27.107+0000] {dag.py:2726} INFO - Sync 1 DAGs
[2023-07-09T19:18:27.134+0000] {logging_mixin.py:149} INFO - [2023-07-09T19:18:27.134+0000] {dag.py:3490} INFO - Setting next_dagrun for segmentacao_agv_tim to None, run_after=None
[2023-07-09T19:18:27.155+0000] {processor.py:179} INFO - Processing /opt/airflow/dags/segmentacao_tim/dag_insert_agv_tim.py took 0.087 seconds
[2023-07-09T19:18:57.463+0000] {processor.py:157} INFO - Started process (PID=264) to work on /opt/airflow/dags/segmentacao_tim/dag_insert_agv_tim.py
[2023-07-09T19:18:57.464+0000] {processor.py:826} INFO - Processing file /opt/airflow/dags/segmentacao_tim/dag_insert_agv_tim.py for tasks to queue
[2023-07-09T19:18:57.464+0000] {logging_mixin.py:149} INFO - [2023-07-09T19:18:57.464+0000] {dagbag.py:541} INFO - Filling up the DagBag from /opt/airflow/dags/segmentacao_tim/dag_insert_agv_tim.py
[2023-07-09T19:18:57.472+0000] {processor.py:836} INFO - DAG(s) dict_keys(['segmentacao_agv_tim']) retrieved from /opt/airflow/dags/segmentacao_tim/dag_insert_agv_tim.py
[2023-07-09T19:18:57.596+0000] {logging_mixin.py:149} INFO - [2023-07-09T19:18:57.596+0000] {dag.py:2726} INFO - Sync 1 DAGs
[2023-07-09T19:18:57.619+0000] {logging_mixin.py:149} INFO - [2023-07-09T19:18:57.619+0000] {dag.py:3490} INFO - Setting next_dagrun for segmentacao_agv_tim to None, run_after=None
[2023-07-09T19:18:57.640+0000] {processor.py:179} INFO - Processing /opt/airflow/dags/segmentacao_tim/dag_insert_agv_tim.py took 0.180 seconds
[2023-07-09T19:19:27.764+0000] {processor.py:157} INFO - Started process (PID=275) to work on /opt/airflow/dags/segmentacao_tim/dag_insert_agv_tim.py
[2023-07-09T19:19:27.767+0000] {processor.py:826} INFO - Processing file /opt/airflow/dags/segmentacao_tim/dag_insert_agv_tim.py for tasks to queue
[2023-07-09T19:19:27.768+0000] {logging_mixin.py:149} INFO - [2023-07-09T19:19:27.768+0000] {dagbag.py:541} INFO - Filling up the DagBag from /opt/airflow/dags/segmentacao_tim/dag_insert_agv_tim.py
[2023-07-09T19:19:27.775+0000] {processor.py:836} INFO - DAG(s) dict_keys(['segmentacao_agv_tim']) retrieved from /opt/airflow/dags/segmentacao_tim/dag_insert_agv_tim.py
[2023-07-09T19:19:27.802+0000] {logging_mixin.py:149} INFO - [2023-07-09T19:19:27.802+0000] {dag.py:2726} INFO - Sync 1 DAGs
[2023-07-09T19:19:27.825+0000] {logging_mixin.py:149} INFO - [2023-07-09T19:19:27.825+0000] {dag.py:3490} INFO - Setting next_dagrun for segmentacao_agv_tim to None, run_after=None
[2023-07-09T19:19:27.850+0000] {processor.py:179} INFO - Processing /opt/airflow/dags/segmentacao_tim/dag_insert_agv_tim.py took 0.089 seconds
[2023-07-09T19:19:58.154+0000] {processor.py:157} INFO - Started process (PID=286) to work on /opt/airflow/dags/segmentacao_tim/dag_insert_agv_tim.py
[2023-07-09T19:19:58.157+0000] {processor.py:826} INFO - Processing file /opt/airflow/dags/segmentacao_tim/dag_insert_agv_tim.py for tasks to queue
[2023-07-09T19:19:58.158+0000] {logging_mixin.py:149} INFO - [2023-07-09T19:19:58.158+0000] {dagbag.py:541} INFO - Filling up the DagBag from /opt/airflow/dags/segmentacao_tim/dag_insert_agv_tim.py
[2023-07-09T19:19:58.165+0000] {processor.py:836} INFO - DAG(s) dict_keys(['segmentacao_agv_tim']) retrieved from /opt/airflow/dags/segmentacao_tim/dag_insert_agv_tim.py
[2023-07-09T19:19:58.177+0000] {logging_mixin.py:149} INFO - [2023-07-09T19:19:58.177+0000] {dag.py:2726} INFO - Sync 1 DAGs
[2023-07-09T19:19:58.201+0000] {logging_mixin.py:149} INFO - [2023-07-09T19:19:58.201+0000] {dag.py:3490} INFO - Setting next_dagrun for segmentacao_agv_tim to None, run_after=None
[2023-07-09T19:19:58.221+0000] {processor.py:179} INFO - Processing /opt/airflow/dags/segmentacao_tim/dag_insert_agv_tim.py took 0.069 seconds
[2023-07-09T19:20:28.493+0000] {processor.py:157} INFO - Started process (PID=297) to work on /opt/airflow/dags/segmentacao_tim/dag_insert_agv_tim.py
[2023-07-09T19:20:28.496+0000] {processor.py:826} INFO - Processing file /opt/airflow/dags/segmentacao_tim/dag_insert_agv_tim.py for tasks to queue
[2023-07-09T19:20:28.497+0000] {logging_mixin.py:149} INFO - [2023-07-09T19:20:28.497+0000] {dagbag.py:541} INFO - Filling up the DagBag from /opt/airflow/dags/segmentacao_tim/dag_insert_agv_tim.py
[2023-07-09T19:20:28.504+0000] {processor.py:836} INFO - DAG(s) dict_keys(['segmentacao_agv_tim']) retrieved from /opt/airflow/dags/segmentacao_tim/dag_insert_agv_tim.py
[2023-07-09T19:20:28.629+0000] {logging_mixin.py:149} INFO - [2023-07-09T19:20:28.629+0000] {dag.py:2726} INFO - Sync 1 DAGs
[2023-07-09T19:20:28.654+0000] {logging_mixin.py:149} INFO - [2023-07-09T19:20:28.654+0000] {dag.py:3490} INFO - Setting next_dagrun for segmentacao_agv_tim to None, run_after=None
[2023-07-09T19:20:28.681+0000] {processor.py:179} INFO - Processing /opt/airflow/dags/segmentacao_tim/dag_insert_agv_tim.py took 0.190 seconds
[2023-07-09T19:20:58.828+0000] {processor.py:157} INFO - Started process (PID=308) to work on /opt/airflow/dags/segmentacao_tim/dag_insert_agv_tim.py
[2023-07-09T19:20:58.831+0000] {processor.py:826} INFO - Processing file /opt/airflow/dags/segmentacao_tim/dag_insert_agv_tim.py for tasks to queue
[2023-07-09T19:20:58.831+0000] {logging_mixin.py:149} INFO - [2023-07-09T19:20:58.831+0000] {dagbag.py:541} INFO - Filling up the DagBag from /opt/airflow/dags/segmentacao_tim/dag_insert_agv_tim.py
[2023-07-09T19:20:58.838+0000] {processor.py:836} INFO - DAG(s) dict_keys(['segmentacao_agv_tim']) retrieved from /opt/airflow/dags/segmentacao_tim/dag_insert_agv_tim.py
[2023-07-09T19:20:58.867+0000] {logging_mixin.py:149} INFO - [2023-07-09T19:20:58.867+0000] {dag.py:2726} INFO - Sync 1 DAGs
[2023-07-09T19:20:58.891+0000] {logging_mixin.py:149} INFO - [2023-07-09T19:20:58.891+0000] {dag.py:3490} INFO - Setting next_dagrun for segmentacao_agv_tim to None, run_after=None
[2023-07-09T19:20:58.912+0000] {processor.py:179} INFO - Processing /opt/airflow/dags/segmentacao_tim/dag_insert_agv_tim.py took 0.087 seconds
[2023-07-09T19:21:29.200+0000] {processor.py:157} INFO - Started process (PID=319) to work on /opt/airflow/dags/segmentacao_tim/dag_insert_agv_tim.py
[2023-07-09T19:21:29.203+0000] {processor.py:826} INFO - Processing file /opt/airflow/dags/segmentacao_tim/dag_insert_agv_tim.py for tasks to queue
[2023-07-09T19:21:29.204+0000] {logging_mixin.py:149} INFO - [2023-07-09T19:21:29.203+0000] {dagbag.py:541} INFO - Filling up the DagBag from /opt/airflow/dags/segmentacao_tim/dag_insert_agv_tim.py
[2023-07-09T19:21:29.213+0000] {processor.py:836} INFO - DAG(s) dict_keys(['segmentacao_agv_tim']) retrieved from /opt/airflow/dags/segmentacao_tim/dag_insert_agv_tim.py
[2023-07-09T19:21:29.227+0000] {logging_mixin.py:149} INFO - [2023-07-09T19:21:29.227+0000] {dag.py:2726} INFO - Sync 1 DAGs
[2023-07-09T19:21:29.258+0000] {logging_mixin.py:149} INFO - [2023-07-09T19:21:29.258+0000] {dag.py:3490} INFO - Setting next_dagrun for segmentacao_agv_tim to None, run_after=None
[2023-07-09T19:21:29.280+0000] {processor.py:179} INFO - Processing /opt/airflow/dags/segmentacao_tim/dag_insert_agv_tim.py took 0.083 seconds
[2023-07-09T19:21:59.563+0000] {processor.py:157} INFO - Started process (PID=330) to work on /opt/airflow/dags/segmentacao_tim/dag_insert_agv_tim.py
[2023-07-09T19:21:59.566+0000] {processor.py:826} INFO - Processing file /opt/airflow/dags/segmentacao_tim/dag_insert_agv_tim.py for tasks to queue
[2023-07-09T19:21:59.567+0000] {logging_mixin.py:149} INFO - [2023-07-09T19:21:59.567+0000] {dagbag.py:541} INFO - Filling up the DagBag from /opt/airflow/dags/segmentacao_tim/dag_insert_agv_tim.py
[2023-07-09T19:21:59.575+0000] {processor.py:836} INFO - DAG(s) dict_keys(['segmentacao_agv_tim']) retrieved from /opt/airflow/dags/segmentacao_tim/dag_insert_agv_tim.py
[2023-07-09T19:21:59.695+0000] {logging_mixin.py:149} INFO - [2023-07-09T19:21:59.695+0000] {dag.py:2726} INFO - Sync 1 DAGs
[2023-07-09T19:21:59.718+0000] {logging_mixin.py:149} INFO - [2023-07-09T19:21:59.717+0000] {dag.py:3490} INFO - Setting next_dagrun for segmentacao_agv_tim to None, run_after=None
[2023-07-09T19:21:59.740+0000] {processor.py:179} INFO - Processing /opt/airflow/dags/segmentacao_tim/dag_insert_agv_tim.py took 0.181 seconds
[2023-07-09T19:22:29.893+0000] {processor.py:157} INFO - Started process (PID=341) to work on /opt/airflow/dags/segmentacao_tim/dag_insert_agv_tim.py
[2023-07-09T19:22:29.896+0000] {processor.py:826} INFO - Processing file /opt/airflow/dags/segmentacao_tim/dag_insert_agv_tim.py for tasks to queue
[2023-07-09T19:22:29.897+0000] {logging_mixin.py:149} INFO - [2023-07-09T19:22:29.897+0000] {dagbag.py:541} INFO - Filling up the DagBag from /opt/airflow/dags/segmentacao_tim/dag_insert_agv_tim.py
[2023-07-09T19:22:29.905+0000] {processor.py:836} INFO - DAG(s) dict_keys(['segmentacao_agv_tim']) retrieved from /opt/airflow/dags/segmentacao_tim/dag_insert_agv_tim.py
[2023-07-09T19:22:29.934+0000] {logging_mixin.py:149} INFO - [2023-07-09T19:22:29.933+0000] {dag.py:2726} INFO - Sync 1 DAGs
[2023-07-09T19:22:29.956+0000] {logging_mixin.py:149} INFO - [2023-07-09T19:22:29.956+0000] {dag.py:3490} INFO - Setting next_dagrun for segmentacao_agv_tim to None, run_after=None
[2023-07-09T19:22:29.979+0000] {processor.py:179} INFO - Processing /opt/airflow/dags/segmentacao_tim/dag_insert_agv_tim.py took 0.089 seconds
[2023-07-09T19:23:00.166+0000] {processor.py:157} INFO - Started process (PID=352) to work on /opt/airflow/dags/segmentacao_tim/dag_insert_agv_tim.py
[2023-07-09T19:23:00.169+0000] {processor.py:826} INFO - Processing file /opt/airflow/dags/segmentacao_tim/dag_insert_agv_tim.py for tasks to queue
[2023-07-09T19:23:00.170+0000] {logging_mixin.py:149} INFO - [2023-07-09T19:23:00.170+0000] {dagbag.py:541} INFO - Filling up the DagBag from /opt/airflow/dags/segmentacao_tim/dag_insert_agv_tim.py
[2023-07-09T19:23:00.180+0000] {processor.py:836} INFO - DAG(s) dict_keys(['segmentacao_agv_tim']) retrieved from /opt/airflow/dags/segmentacao_tim/dag_insert_agv_tim.py
[2023-07-09T19:23:00.196+0000] {logging_mixin.py:149} INFO - [2023-07-09T19:23:00.196+0000] {dag.py:2726} INFO - Sync 1 DAGs
[2023-07-09T19:23:00.229+0000] {logging_mixin.py:149} INFO - [2023-07-09T19:23:00.228+0000] {dag.py:3490} INFO - Setting next_dagrun for segmentacao_agv_tim to None, run_after=None
[2023-07-09T19:23:00.256+0000] {processor.py:179} INFO - Processing /opt/airflow/dags/segmentacao_tim/dag_insert_agv_tim.py took 0.096 seconds
[2023-07-09T19:23:30.535+0000] {processor.py:157} INFO - Started process (PID=363) to work on /opt/airflow/dags/segmentacao_tim/dag_insert_agv_tim.py
[2023-07-09T19:23:30.538+0000] {processor.py:826} INFO - Processing file /opt/airflow/dags/segmentacao_tim/dag_insert_agv_tim.py for tasks to queue
[2023-07-09T19:23:30.539+0000] {logging_mixin.py:149} INFO - [2023-07-09T19:23:30.539+0000] {dagbag.py:541} INFO - Filling up the DagBag from /opt/airflow/dags/segmentacao_tim/dag_insert_agv_tim.py
[2023-07-09T19:23:30.546+0000] {processor.py:836} INFO - DAG(s) dict_keys(['segmentacao_agv_tim']) retrieved from /opt/airflow/dags/segmentacao_tim/dag_insert_agv_tim.py
[2023-07-09T19:23:30.666+0000] {logging_mixin.py:149} INFO - [2023-07-09T19:23:30.665+0000] {dag.py:2726} INFO - Sync 1 DAGs
[2023-07-09T19:23:30.692+0000] {logging_mixin.py:149} INFO - [2023-07-09T19:23:30.692+0000] {dag.py:3490} INFO - Setting next_dagrun for segmentacao_agv_tim to None, run_after=None
[2023-07-09T19:23:30.714+0000] {processor.py:179} INFO - Processing /opt/airflow/dags/segmentacao_tim/dag_insert_agv_tim.py took 0.183 seconds
[2023-07-09T19:24:00.876+0000] {processor.py:157} INFO - Started process (PID=374) to work on /opt/airflow/dags/segmentacao_tim/dag_insert_agv_tim.py
[2023-07-09T19:24:00.876+0000] {processor.py:826} INFO - Processing file /opt/airflow/dags/segmentacao_tim/dag_insert_agv_tim.py for tasks to queue
[2023-07-09T19:24:00.877+0000] {logging_mixin.py:149} INFO - [2023-07-09T19:24:00.877+0000] {dagbag.py:541} INFO - Filling up the DagBag from /opt/airflow/dags/segmentacao_tim/dag_insert_agv_tim.py
[2023-07-09T19:24:00.884+0000] {processor.py:836} INFO - DAG(s) dict_keys(['segmentacao_agv_tim']) retrieved from /opt/airflow/dags/segmentacao_tim/dag_insert_agv_tim.py
[2023-07-09T19:24:00.915+0000] {logging_mixin.py:149} INFO - [2023-07-09T19:24:00.915+0000] {dag.py:2726} INFO - Sync 1 DAGs
[2023-07-09T19:24:00.938+0000] {logging_mixin.py:149} INFO - [2023-07-09T19:24:00.938+0000] {dag.py:3490} INFO - Setting next_dagrun for segmentacao_agv_tim to None, run_after=None
[2023-07-09T19:24:00.960+0000] {processor.py:179} INFO - Processing /opt/airflow/dags/segmentacao_tim/dag_insert_agv_tim.py took 0.088 seconds
[2023-07-09T19:24:31.229+0000] {processor.py:157} INFO - Started process (PID=385) to work on /opt/airflow/dags/segmentacao_tim/dag_insert_agv_tim.py
[2023-07-09T19:24:31.232+0000] {processor.py:826} INFO - Processing file /opt/airflow/dags/segmentacao_tim/dag_insert_agv_tim.py for tasks to queue
[2023-07-09T19:24:31.233+0000] {logging_mixin.py:149} INFO - [2023-07-09T19:24:31.232+0000] {dagbag.py:541} INFO - Filling up the DagBag from /opt/airflow/dags/segmentacao_tim/dag_insert_agv_tim.py
[2023-07-09T19:24:31.240+0000] {processor.py:836} INFO - DAG(s) dict_keys(['segmentacao_agv_tim']) retrieved from /opt/airflow/dags/segmentacao_tim/dag_insert_agv_tim.py
[2023-07-09T19:24:31.253+0000] {logging_mixin.py:149} INFO - [2023-07-09T19:24:31.253+0000] {dag.py:2726} INFO - Sync 1 DAGs
[2023-07-09T19:24:31.279+0000] {logging_mixin.py:149} INFO - [2023-07-09T19:24:31.279+0000] {dag.py:3490} INFO - Setting next_dagrun for segmentacao_agv_tim to None, run_after=None
[2023-07-09T19:24:31.298+0000] {processor.py:179} INFO - Processing /opt/airflow/dags/segmentacao_tim/dag_insert_agv_tim.py took 0.073 seconds
[2023-07-09T19:25:01.587+0000] {processor.py:157} INFO - Started process (PID=396) to work on /opt/airflow/dags/segmentacao_tim/dag_insert_agv_tim.py
[2023-07-09T19:25:01.590+0000] {processor.py:826} INFO - Processing file /opt/airflow/dags/segmentacao_tim/dag_insert_agv_tim.py for tasks to queue
[2023-07-09T19:25:01.591+0000] {logging_mixin.py:149} INFO - [2023-07-09T19:25:01.591+0000] {dagbag.py:541} INFO - Filling up the DagBag from /opt/airflow/dags/segmentacao_tim/dag_insert_agv_tim.py
[2023-07-09T19:25:01.599+0000] {processor.py:836} INFO - DAG(s) dict_keys(['segmentacao_agv_tim']) retrieved from /opt/airflow/dags/segmentacao_tim/dag_insert_agv_tim.py
[2023-07-09T19:25:01.717+0000] {logging_mixin.py:149} INFO - [2023-07-09T19:25:01.717+0000] {dag.py:2726} INFO - Sync 1 DAGs
[2023-07-09T19:25:01.739+0000] {logging_mixin.py:149} INFO - [2023-07-09T19:25:01.739+0000] {dag.py:3490} INFO - Setting next_dagrun for segmentacao_agv_tim to None, run_after=None
[2023-07-09T19:25:01.762+0000] {processor.py:179} INFO - Processing /opt/airflow/dags/segmentacao_tim/dag_insert_agv_tim.py took 0.178 seconds
[2023-07-09T19:25:31.925+0000] {processor.py:157} INFO - Started process (PID=407) to work on /opt/airflow/dags/segmentacao_tim/dag_insert_agv_tim.py
[2023-07-09T19:25:31.928+0000] {processor.py:826} INFO - Processing file /opt/airflow/dags/segmentacao_tim/dag_insert_agv_tim.py for tasks to queue
[2023-07-09T19:25:31.929+0000] {logging_mixin.py:149} INFO - [2023-07-09T19:25:31.929+0000] {dagbag.py:541} INFO - Filling up the DagBag from /opt/airflow/dags/segmentacao_tim/dag_insert_agv_tim.py
[2023-07-09T19:25:31.936+0000] {processor.py:836} INFO - DAG(s) dict_keys(['segmentacao_agv_tim']) retrieved from /opt/airflow/dags/segmentacao_tim/dag_insert_agv_tim.py
[2023-07-09T19:25:31.964+0000] {logging_mixin.py:149} INFO - [2023-07-09T19:25:31.964+0000] {dag.py:2726} INFO - Sync 1 DAGs
[2023-07-09T19:25:31.989+0000] {logging_mixin.py:149} INFO - [2023-07-09T19:25:31.989+0000] {dag.py:3490} INFO - Setting next_dagrun for segmentacao_agv_tim to None, run_after=None
[2023-07-09T19:25:32.010+0000] {processor.py:179} INFO - Processing /opt/airflow/dags/segmentacao_tim/dag_insert_agv_tim.py took 0.087 seconds
[2023-07-09T19:26:02.210+0000] {processor.py:157} INFO - Started process (PID=418) to work on /opt/airflow/dags/segmentacao_tim/dag_insert_agv_tim.py
[2023-07-09T19:26:02.213+0000] {processor.py:826} INFO - Processing file /opt/airflow/dags/segmentacao_tim/dag_insert_agv_tim.py for tasks to queue
[2023-07-09T19:26:02.214+0000] {logging_mixin.py:149} INFO - [2023-07-09T19:26:02.214+0000] {dagbag.py:541} INFO - Filling up the DagBag from /opt/airflow/dags/segmentacao_tim/dag_insert_agv_tim.py
[2023-07-09T19:26:02.224+0000] {processor.py:836} INFO - DAG(s) dict_keys(['segmentacao_agv_tim']) retrieved from /opt/airflow/dags/segmentacao_tim/dag_insert_agv_tim.py
[2023-07-09T19:26:02.239+0000] {logging_mixin.py:149} INFO - [2023-07-09T19:26:02.239+0000] {dag.py:2726} INFO - Sync 1 DAGs
[2023-07-09T19:26:02.269+0000] {logging_mixin.py:149} INFO - [2023-07-09T19:26:02.269+0000] {dag.py:3490} INFO - Setting next_dagrun for segmentacao_agv_tim to None, run_after=None
[2023-07-09T19:26:02.293+0000] {processor.py:179} INFO - Processing /opt/airflow/dags/segmentacao_tim/dag_insert_agv_tim.py took 0.086 seconds
[2023-07-09T19:26:32.547+0000] {processor.py:157} INFO - Started process (PID=430) to work on /opt/airflow/dags/segmentacao_tim/dag_insert_agv_tim.py
[2023-07-09T19:26:32.548+0000] {processor.py:826} INFO - Processing file /opt/airflow/dags/segmentacao_tim/dag_insert_agv_tim.py for tasks to queue
[2023-07-09T19:26:32.549+0000] {logging_mixin.py:149} INFO - [2023-07-09T19:26:32.549+0000] {dagbag.py:541} INFO - Filling up the DagBag from /opt/airflow/dags/segmentacao_tim/dag_insert_agv_tim.py
[2023-07-09T19:26:32.556+0000] {processor.py:836} INFO - DAG(s) dict_keys(['segmentacao_agv_tim']) retrieved from /opt/airflow/dags/segmentacao_tim/dag_insert_agv_tim.py
[2023-07-09T19:26:32.673+0000] {logging_mixin.py:149} INFO - [2023-07-09T19:26:32.672+0000] {dag.py:2726} INFO - Sync 1 DAGs
[2023-07-09T19:26:32.696+0000] {logging_mixin.py:149} INFO - [2023-07-09T19:26:32.696+0000] {dag.py:3490} INFO - Setting next_dagrun for segmentacao_agv_tim to None, run_after=None
[2023-07-09T19:26:32.720+0000] {processor.py:179} INFO - Processing /opt/airflow/dags/segmentacao_tim/dag_insert_agv_tim.py took 0.176 seconds
[2023-07-09T19:27:02.861+0000] {processor.py:157} INFO - Started process (PID=443) to work on /opt/airflow/dags/segmentacao_tim/dag_insert_agv_tim.py
[2023-07-09T19:27:02.862+0000] {processor.py:826} INFO - Processing file /opt/airflow/dags/segmentacao_tim/dag_insert_agv_tim.py for tasks to queue
[2023-07-09T19:27:02.863+0000] {logging_mixin.py:149} INFO - [2023-07-09T19:27:02.863+0000] {dagbag.py:541} INFO - Filling up the DagBag from /opt/airflow/dags/segmentacao_tim/dag_insert_agv_tim.py
[2023-07-09T19:27:02.873+0000] {processor.py:836} INFO - DAG(s) dict_keys(['segmentacao_agv_tim']) retrieved from /opt/airflow/dags/segmentacao_tim/dag_insert_agv_tim.py
[2023-07-09T19:27:02.907+0000] {logging_mixin.py:149} INFO - [2023-07-09T19:27:02.907+0000] {dag.py:2726} INFO - Sync 1 DAGs
[2023-07-09T19:27:02.941+0000] {logging_mixin.py:149} INFO - [2023-07-09T19:27:02.940+0000] {dag.py:3490} INFO - Setting next_dagrun for segmentacao_agv_tim to None, run_after=None
[2023-07-09T19:27:02.974+0000] {processor.py:179} INFO - Processing /opt/airflow/dags/segmentacao_tim/dag_insert_agv_tim.py took 0.119 seconds
[2023-07-09T19:27:33.061+0000] {processor.py:157} INFO - Started process (PID=456) to work on /opt/airflow/dags/segmentacao_tim/dag_insert_agv_tim.py
[2023-07-09T19:27:33.064+0000] {processor.py:826} INFO - Processing file /opt/airflow/dags/segmentacao_tim/dag_insert_agv_tim.py for tasks to queue
[2023-07-09T19:27:33.065+0000] {logging_mixin.py:149} INFO - [2023-07-09T19:27:33.065+0000] {dagbag.py:541} INFO - Filling up the DagBag from /opt/airflow/dags/segmentacao_tim/dag_insert_agv_tim.py
[2023-07-09T19:27:33.073+0000] {processor.py:836} INFO - DAG(s) dict_keys(['segmentacao_agv_tim']) retrieved from /opt/airflow/dags/segmentacao_tim/dag_insert_agv_tim.py
[2023-07-09T19:27:33.086+0000] {logging_mixin.py:149} INFO - [2023-07-09T19:27:33.086+0000] {dag.py:2726} INFO - Sync 1 DAGs
[2023-07-09T19:27:33.115+0000] {logging_mixin.py:149} INFO - [2023-07-09T19:27:33.114+0000] {dag.py:3490} INFO - Setting next_dagrun for segmentacao_agv_tim to None, run_after=None
[2023-07-09T19:27:33.135+0000] {processor.py:179} INFO - Processing /opt/airflow/dags/segmentacao_tim/dag_insert_agv_tim.py took 0.077 seconds
[2023-07-09T19:28:03.410+0000] {processor.py:157} INFO - Started process (PID=469) to work on /opt/airflow/dags/segmentacao_tim/dag_insert_agv_tim.py
[2023-07-09T19:28:03.413+0000] {processor.py:826} INFO - Processing file /opt/airflow/dags/segmentacao_tim/dag_insert_agv_tim.py for tasks to queue
[2023-07-09T19:28:03.414+0000] {logging_mixin.py:149} INFO - [2023-07-09T19:28:03.414+0000] {dagbag.py:541} INFO - Filling up the DagBag from /opt/airflow/dags/segmentacao_tim/dag_insert_agv_tim.py
[2023-07-09T19:28:03.422+0000] {processor.py:836} INFO - DAG(s) dict_keys(['segmentacao_agv_tim']) retrieved from /opt/airflow/dags/segmentacao_tim/dag_insert_agv_tim.py
[2023-07-09T19:28:03.554+0000] {logging_mixin.py:149} INFO - [2023-07-09T19:28:03.554+0000] {dag.py:2726} INFO - Sync 1 DAGs
[2023-07-09T19:28:03.580+0000] {logging_mixin.py:149} INFO - [2023-07-09T19:28:03.580+0000] {dag.py:3490} INFO - Setting next_dagrun for segmentacao_agv_tim to None, run_after=None
[2023-07-09T19:28:03.606+0000] {processor.py:179} INFO - Processing /opt/airflow/dags/segmentacao_tim/dag_insert_agv_tim.py took 0.199 seconds
[2023-07-09T19:28:33.687+0000] {processor.py:157} INFO - Started process (PID=480) to work on /opt/airflow/dags/segmentacao_tim/dag_insert_agv_tim.py
[2023-07-09T19:28:33.691+0000] {processor.py:826} INFO - Processing file /opt/airflow/dags/segmentacao_tim/dag_insert_agv_tim.py for tasks to queue
[2023-07-09T19:28:33.692+0000] {logging_mixin.py:149} INFO - [2023-07-09T19:28:33.692+0000] {dagbag.py:541} INFO - Filling up the DagBag from /opt/airflow/dags/segmentacao_tim/dag_insert_agv_tim.py
[2023-07-09T19:28:33.700+0000] {processor.py:836} INFO - DAG(s) dict_keys(['segmentacao_agv_tim']) retrieved from /opt/airflow/dags/segmentacao_tim/dag_insert_agv_tim.py
[2023-07-09T19:28:33.731+0000] {logging_mixin.py:149} INFO - [2023-07-09T19:28:33.731+0000] {dag.py:2726} INFO - Sync 1 DAGs
[2023-07-09T19:28:33.757+0000] {logging_mixin.py:149} INFO - [2023-07-09T19:28:33.757+0000] {dag.py:3490} INFO - Setting next_dagrun for segmentacao_agv_tim to None, run_after=None
[2023-07-09T19:28:33.778+0000] {processor.py:179} INFO - Processing /opt/airflow/dags/segmentacao_tim/dag_insert_agv_tim.py took 0.095 seconds
[2023-07-09T19:29:04.084+0000] {processor.py:157} INFO - Started process (PID=492) to work on /opt/airflow/dags/segmentacao_tim/dag_insert_agv_tim.py
[2023-07-09T19:29:04.087+0000] {processor.py:826} INFO - Processing file /opt/airflow/dags/segmentacao_tim/dag_insert_agv_tim.py for tasks to queue
[2023-07-09T19:29:04.088+0000] {logging_mixin.py:149} INFO - [2023-07-09T19:29:04.088+0000] {dagbag.py:541} INFO - Filling up the DagBag from /opt/airflow/dags/segmentacao_tim/dag_insert_agv_tim.py
[2023-07-09T19:29:04.095+0000] {processor.py:836} INFO - DAG(s) dict_keys(['segmentacao_agv_tim']) retrieved from /opt/airflow/dags/segmentacao_tim/dag_insert_agv_tim.py
[2023-07-09T19:29:04.107+0000] {logging_mixin.py:149} INFO - [2023-07-09T19:29:04.107+0000] {dag.py:2726} INFO - Sync 1 DAGs
[2023-07-09T19:29:04.133+0000] {logging_mixin.py:149} INFO - [2023-07-09T19:29:04.133+0000] {dag.py:3490} INFO - Setting next_dagrun for segmentacao_agv_tim to None, run_after=None
[2023-07-09T19:29:04.154+0000] {processor.py:179} INFO - Processing /opt/airflow/dags/segmentacao_tim/dag_insert_agv_tim.py took 0.072 seconds
[2023-07-09T19:29:34.362+0000] {processor.py:157} INFO - Started process (PID=503) to work on /opt/airflow/dags/segmentacao_tim/dag_insert_agv_tim.py
[2023-07-09T19:29:34.365+0000] {processor.py:826} INFO - Processing file /opt/airflow/dags/segmentacao_tim/dag_insert_agv_tim.py for tasks to queue
[2023-07-09T19:29:34.366+0000] {logging_mixin.py:149} INFO - [2023-07-09T19:29:34.366+0000] {dagbag.py:541} INFO - Filling up the DagBag from /opt/airflow/dags/segmentacao_tim/dag_insert_agv_tim.py
[2023-07-09T19:29:34.373+0000] {processor.py:836} INFO - DAG(s) dict_keys(['segmentacao_agv_tim']) retrieved from /opt/airflow/dags/segmentacao_tim/dag_insert_agv_tim.py
[2023-07-09T19:29:34.496+0000] {logging_mixin.py:149} INFO - [2023-07-09T19:29:34.495+0000] {dag.py:2726} INFO - Sync 1 DAGs
[2023-07-09T19:29:34.518+0000] {logging_mixin.py:149} INFO - [2023-07-09T19:29:34.517+0000] {dag.py:3490} INFO - Setting next_dagrun for segmentacao_agv_tim to None, run_after=None
[2023-07-09T19:29:34.539+0000] {processor.py:179} INFO - Processing /opt/airflow/dags/segmentacao_tim/dag_insert_agv_tim.py took 0.180 seconds
[2023-07-09T19:30:04.753+0000] {processor.py:157} INFO - Started process (PID=514) to work on /opt/airflow/dags/segmentacao_tim/dag_insert_agv_tim.py
[2023-07-09T19:30:04.755+0000] {processor.py:826} INFO - Processing file /opt/airflow/dags/segmentacao_tim/dag_insert_agv_tim.py for tasks to queue
[2023-07-09T19:30:04.756+0000] {logging_mixin.py:149} INFO - [2023-07-09T19:30:04.756+0000] {dagbag.py:541} INFO - Filling up the DagBag from /opt/airflow/dags/segmentacao_tim/dag_insert_agv_tim.py
[2023-07-09T19:30:04.764+0000] {processor.py:836} INFO - DAG(s) dict_keys(['segmentacao_agv_tim']) retrieved from /opt/airflow/dags/segmentacao_tim/dag_insert_agv_tim.py
[2023-07-09T19:30:04.793+0000] {logging_mixin.py:149} INFO - [2023-07-09T19:30:04.792+0000] {dag.py:2726} INFO - Sync 1 DAGs
[2023-07-09T19:30:04.816+0000] {logging_mixin.py:149} INFO - [2023-07-09T19:30:04.815+0000] {dag.py:3490} INFO - Setting next_dagrun for segmentacao_agv_tim to None, run_after=None
[2023-07-09T19:30:04.837+0000] {processor.py:179} INFO - Processing /opt/airflow/dags/segmentacao_tim/dag_insert_agv_tim.py took 0.088 seconds
[2023-07-09T19:30:35.048+0000] {processor.py:157} INFO - Started process (PID=525) to work on /opt/airflow/dags/segmentacao_tim/dag_insert_agv_tim.py
[2023-07-09T19:30:35.051+0000] {processor.py:826} INFO - Processing file /opt/airflow/dags/segmentacao_tim/dag_insert_agv_tim.py for tasks to queue
[2023-07-09T19:30:35.052+0000] {logging_mixin.py:149} INFO - [2023-07-09T19:30:35.051+0000] {dagbag.py:541} INFO - Filling up the DagBag from /opt/airflow/dags/segmentacao_tim/dag_insert_agv_tim.py
[2023-07-09T19:30:35.061+0000] {processor.py:836} INFO - DAG(s) dict_keys(['segmentacao_agv_tim']) retrieved from /opt/airflow/dags/segmentacao_tim/dag_insert_agv_tim.py
[2023-07-09T19:30:35.074+0000] {logging_mixin.py:149} INFO - [2023-07-09T19:30:35.074+0000] {dag.py:2726} INFO - Sync 1 DAGs
[2023-07-09T19:30:35.102+0000] {logging_mixin.py:149} INFO - [2023-07-09T19:30:35.102+0000] {dag.py:3490} INFO - Setting next_dagrun for segmentacao_agv_tim to None, run_after=None
[2023-07-09T19:30:35.124+0000] {processor.py:179} INFO - Processing /opt/airflow/dags/segmentacao_tim/dag_insert_agv_tim.py took 0.080 seconds
[2023-07-09T19:31:05.442+0000] {processor.py:157} INFO - Started process (PID=536) to work on /opt/airflow/dags/segmentacao_tim/dag_insert_agv_tim.py
[2023-07-09T19:31:05.443+0000] {processor.py:826} INFO - Processing file /opt/airflow/dags/segmentacao_tim/dag_insert_agv_tim.py for tasks to queue
[2023-07-09T19:31:05.443+0000] {logging_mixin.py:149} INFO - [2023-07-09T19:31:05.443+0000] {dagbag.py:541} INFO - Filling up the DagBag from /opt/airflow/dags/segmentacao_tim/dag_insert_agv_tim.py
[2023-07-09T19:31:05.450+0000] {processor.py:836} INFO - DAG(s) dict_keys(['segmentacao_agv_tim']) retrieved from /opt/airflow/dags/segmentacao_tim/dag_insert_agv_tim.py
[2023-07-09T19:31:05.610+0000] {logging_mixin.py:149} INFO - [2023-07-09T19:31:05.610+0000] {dag.py:2726} INFO - Sync 1 DAGs
[2023-07-09T19:31:05.635+0000] {logging_mixin.py:149} INFO - [2023-07-09T19:31:05.635+0000] {dag.py:3490} INFO - Setting next_dagrun for segmentacao_agv_tim to None, run_after=None
[2023-07-09T19:31:05.656+0000] {processor.py:179} INFO - Processing /opt/airflow/dags/segmentacao_tim/dag_insert_agv_tim.py took 0.217 seconds
[2023-07-09T19:31:35.930+0000] {processor.py:157} INFO - Started process (PID=548) to work on /opt/airflow/dags/segmentacao_tim/dag_insert_agv_tim.py
[2023-07-09T19:31:35.931+0000] {processor.py:826} INFO - Processing file /opt/airflow/dags/segmentacao_tim/dag_insert_agv_tim.py for tasks to queue
[2023-07-09T19:31:35.931+0000] {logging_mixin.py:149} INFO - [2023-07-09T19:31:35.931+0000] {dagbag.py:541} INFO - Filling up the DagBag from /opt/airflow/dags/segmentacao_tim/dag_insert_agv_tim.py
[2023-07-09T19:31:35.939+0000] {processor.py:836} INFO - DAG(s) dict_keys(['segmentacao_agv_tim']) retrieved from /opt/airflow/dags/segmentacao_tim/dag_insert_agv_tim.py
[2023-07-09T19:31:35.967+0000] {logging_mixin.py:149} INFO - [2023-07-09T19:31:35.967+0000] {dag.py:2726} INFO - Sync 1 DAGs
[2023-07-09T19:31:35.990+0000] {logging_mixin.py:149} INFO - [2023-07-09T19:31:35.989+0000] {dag.py:3490} INFO - Setting next_dagrun for segmentacao_agv_tim to None, run_after=None
[2023-07-09T19:31:36.012+0000] {processor.py:179} INFO - Processing /opt/airflow/dags/segmentacao_tim/dag_insert_agv_tim.py took 0.085 seconds
[2023-07-09T19:32:06.266+0000] {processor.py:157} INFO - Started process (PID=559) to work on /opt/airflow/dags/segmentacao_tim/dag_insert_agv_tim.py
[2023-07-09T19:32:06.267+0000] {processor.py:826} INFO - Processing file /opt/airflow/dags/segmentacao_tim/dag_insert_agv_tim.py for tasks to queue
[2023-07-09T19:32:06.268+0000] {logging_mixin.py:149} INFO - [2023-07-09T19:32:06.268+0000] {dagbag.py:541} INFO - Filling up the DagBag from /opt/airflow/dags/segmentacao_tim/dag_insert_agv_tim.py
[2023-07-09T19:32:06.277+0000] {processor.py:836} INFO - DAG(s) dict_keys(['segmentacao_agv_tim']) retrieved from /opt/airflow/dags/segmentacao_tim/dag_insert_agv_tim.py
[2023-07-09T19:32:06.290+0000] {logging_mixin.py:149} INFO - [2023-07-09T19:32:06.290+0000] {dag.py:2726} INFO - Sync 1 DAGs
[2023-07-09T19:32:06.318+0000] {logging_mixin.py:149} INFO - [2023-07-09T19:32:06.318+0000] {dag.py:3490} INFO - Setting next_dagrun for segmentacao_agv_tim to None, run_after=None
[2023-07-09T19:32:06.338+0000] {processor.py:179} INFO - Processing /opt/airflow/dags/segmentacao_tim/dag_insert_agv_tim.py took 0.075 seconds
[2023-07-09T19:32:36.650+0000] {processor.py:157} INFO - Started process (PID=570) to work on /opt/airflow/dags/segmentacao_tim/dag_insert_agv_tim.py
[2023-07-09T19:32:36.651+0000] {processor.py:826} INFO - Processing file /opt/airflow/dags/segmentacao_tim/dag_insert_agv_tim.py for tasks to queue
[2023-07-09T19:32:36.651+0000] {logging_mixin.py:149} INFO - [2023-07-09T19:32:36.651+0000] {dagbag.py:541} INFO - Filling up the DagBag from /opt/airflow/dags/segmentacao_tim/dag_insert_agv_tim.py
[2023-07-09T19:32:36.659+0000] {processor.py:836} INFO - DAG(s) dict_keys(['segmentacao_agv_tim']) retrieved from /opt/airflow/dags/segmentacao_tim/dag_insert_agv_tim.py
[2023-07-09T19:32:36.790+0000] {logging_mixin.py:149} INFO - [2023-07-09T19:32:36.790+0000] {dag.py:2726} INFO - Sync 1 DAGs
[2023-07-09T19:32:36.811+0000] {logging_mixin.py:149} INFO - [2023-07-09T19:32:36.811+0000] {dag.py:3490} INFO - Setting next_dagrun for segmentacao_agv_tim to None, run_after=None
[2023-07-09T19:32:36.834+0000] {processor.py:179} INFO - Processing /opt/airflow/dags/segmentacao_tim/dag_insert_agv_tim.py took 0.187 seconds
[2023-07-09T19:33:06.919+0000] {processor.py:157} INFO - Started process (PID=581) to work on /opt/airflow/dags/segmentacao_tim/dag_insert_agv_tim.py
[2023-07-09T19:33:06.922+0000] {processor.py:826} INFO - Processing file /opt/airflow/dags/segmentacao_tim/dag_insert_agv_tim.py for tasks to queue
[2023-07-09T19:33:06.924+0000] {logging_mixin.py:149} INFO - [2023-07-09T19:33:06.924+0000] {dagbag.py:541} INFO - Filling up the DagBag from /opt/airflow/dags/segmentacao_tim/dag_insert_agv_tim.py
[2023-07-09T19:33:06.933+0000] {processor.py:836} INFO - DAG(s) dict_keys(['segmentacao_agv_tim']) retrieved from /opt/airflow/dags/segmentacao_tim/dag_insert_agv_tim.py
[2023-07-09T19:33:06.961+0000] {logging_mixin.py:149} INFO - [2023-07-09T19:33:06.961+0000] {dag.py:2726} INFO - Sync 1 DAGs
[2023-07-09T19:33:06.983+0000] {logging_mixin.py:149} INFO - [2023-07-09T19:33:06.982+0000] {dag.py:3490} INFO - Setting next_dagrun for segmentacao_agv_tim to None, run_after=None
[2023-07-09T19:33:07.004+0000] {processor.py:179} INFO - Processing /opt/airflow/dags/segmentacao_tim/dag_insert_agv_tim.py took 0.090 seconds
[2023-07-09T19:33:37.201+0000] {processor.py:157} INFO - Started process (PID=592) to work on /opt/airflow/dags/segmentacao_tim/dag_insert_agv_tim.py
[2023-07-09T19:33:37.204+0000] {processor.py:826} INFO - Processing file /opt/airflow/dags/segmentacao_tim/dag_insert_agv_tim.py for tasks to queue
[2023-07-09T19:33:37.205+0000] {logging_mixin.py:149} INFO - [2023-07-09T19:33:37.205+0000] {dagbag.py:541} INFO - Filling up the DagBag from /opt/airflow/dags/segmentacao_tim/dag_insert_agv_tim.py
[2023-07-09T19:33:37.215+0000] {processor.py:836} INFO - DAG(s) dict_keys(['segmentacao_agv_tim']) retrieved from /opt/airflow/dags/segmentacao_tim/dag_insert_agv_tim.py
[2023-07-09T19:33:37.228+0000] {logging_mixin.py:149} INFO - [2023-07-09T19:33:37.228+0000] {dag.py:2726} INFO - Sync 1 DAGs
[2023-07-09T19:33:37.255+0000] {logging_mixin.py:149} INFO - [2023-07-09T19:33:37.255+0000] {dag.py:3490} INFO - Setting next_dagrun for segmentacao_agv_tim to None, run_after=None
[2023-07-09T19:33:37.276+0000] {processor.py:179} INFO - Processing /opt/airflow/dags/segmentacao_tim/dag_insert_agv_tim.py took 0.078 seconds
[2023-07-09T19:34:07.549+0000] {processor.py:157} INFO - Started process (PID=604) to work on /opt/airflow/dags/segmentacao_tim/dag_insert_agv_tim.py
[2023-07-09T19:34:07.550+0000] {processor.py:826} INFO - Processing file /opt/airflow/dags/segmentacao_tim/dag_insert_agv_tim.py for tasks to queue
[2023-07-09T19:34:07.551+0000] {logging_mixin.py:149} INFO - [2023-07-09T19:34:07.550+0000] {dagbag.py:541} INFO - Filling up the DagBag from /opt/airflow/dags/segmentacao_tim/dag_insert_agv_tim.py
[2023-07-09T19:34:07.559+0000] {processor.py:836} INFO - DAG(s) dict_keys(['segmentacao_agv_tim']) retrieved from /opt/airflow/dags/segmentacao_tim/dag_insert_agv_tim.py
[2023-07-09T19:34:07.685+0000] {logging_mixin.py:149} INFO - [2023-07-09T19:34:07.685+0000] {dag.py:2726} INFO - Sync 1 DAGs
[2023-07-09T19:34:07.713+0000] {logging_mixin.py:149} INFO - [2023-07-09T19:34:07.713+0000] {dag.py:3490} INFO - Setting next_dagrun for segmentacao_agv_tim to None, run_after=None
[2023-07-09T19:34:07.736+0000] {processor.py:179} INFO - Processing /opt/airflow/dags/segmentacao_tim/dag_insert_agv_tim.py took 0.190 seconds
[2023-07-09T19:35:05.694+0000] {processor.py:157} INFO - Started process (PID=36) to work on /opt/airflow/dags/segmentacao_tim/dag_insert_agv_tim.py
[2023-07-09T19:35:05.695+0000] {processor.py:826} INFO - Processing file /opt/airflow/dags/segmentacao_tim/dag_insert_agv_tim.py for tasks to queue
[2023-07-09T19:35:05.696+0000] {logging_mixin.py:149} INFO - [2023-07-09T19:35:05.696+0000] {dagbag.py:541} INFO - Filling up the DagBag from /opt/airflow/dags/segmentacao_tim/dag_insert_agv_tim.py
[2023-07-09T19:35:05.705+0000] {processor.py:836} INFO - DAG(s) dict_keys(['segmentacao_agv_tim']) retrieved from /opt/airflow/dags/segmentacao_tim/dag_insert_agv_tim.py
[2023-07-09T19:35:05.720+0000] {logging_mixin.py:149} INFO - [2023-07-09T19:35:05.720+0000] {dag.py:2726} INFO - Sync 1 DAGs
[2023-07-09T19:35:05.753+0000] {logging_mixin.py:149} INFO - [2023-07-09T19:35:05.753+0000] {dag.py:3490} INFO - Setting next_dagrun for segmentacao_agv_tim to None, run_after=None
[2023-07-09T19:35:05.791+0000] {processor.py:179} INFO - Processing /opt/airflow/dags/segmentacao_tim/dag_insert_agv_tim.py took 0.101 seconds
[2023-07-09T19:35:36.137+0000] {processor.py:157} INFO - Started process (PID=52) to work on /opt/airflow/dags/segmentacao_tim/dag_insert_agv_tim.py
[2023-07-09T19:35:36.138+0000] {processor.py:826} INFO - Processing file /opt/airflow/dags/segmentacao_tim/dag_insert_agv_tim.py for tasks to queue
[2023-07-09T19:35:36.139+0000] {logging_mixin.py:149} INFO - [2023-07-09T19:35:36.138+0000] {dagbag.py:541} INFO - Filling up the DagBag from /opt/airflow/dags/segmentacao_tim/dag_insert_agv_tim.py
[2023-07-09T19:35:36.146+0000] {processor.py:836} INFO - DAG(s) dict_keys(['segmentacao_agv_tim']) retrieved from /opt/airflow/dags/segmentacao_tim/dag_insert_agv_tim.py
[2023-07-09T19:35:36.257+0000] {logging_mixin.py:149} INFO - [2023-07-09T19:35:36.257+0000] {dag.py:2726} INFO - Sync 1 DAGs
[2023-07-09T19:35:36.281+0000] {logging_mixin.py:149} INFO - [2023-07-09T19:35:36.281+0000] {dag.py:3490} INFO - Setting next_dagrun for segmentacao_agv_tim to None, run_after=None
[2023-07-09T19:35:36.312+0000] {processor.py:179} INFO - Processing /opt/airflow/dags/segmentacao_tim/dag_insert_agv_tim.py took 0.178 seconds
[2023-07-09T19:36:06.729+0000] {processor.py:157} INFO - Started process (PID=64) to work on /opt/airflow/dags/segmentacao_tim/dag_insert_agv_tim.py
[2023-07-09T19:36:06.732+0000] {processor.py:826} INFO - Processing file /opt/airflow/dags/segmentacao_tim/dag_insert_agv_tim.py for tasks to queue
[2023-07-09T19:36:06.733+0000] {logging_mixin.py:149} INFO - [2023-07-09T19:36:06.733+0000] {dagbag.py:541} INFO - Filling up the DagBag from /opt/airflow/dags/segmentacao_tim/dag_insert_agv_tim.py
[2023-07-09T19:36:06.744+0000] {processor.py:836} INFO - DAG(s) dict_keys(['segmentacao_agv_tim']) retrieved from /opt/airflow/dags/segmentacao_tim/dag_insert_agv_tim.py
[2023-07-09T19:36:06.762+0000] {logging_mixin.py:149} INFO - [2023-07-09T19:36:06.762+0000] {dag.py:2726} INFO - Sync 1 DAGs
[2023-07-09T19:36:06.810+0000] {logging_mixin.py:149} INFO - [2023-07-09T19:36:06.809+0000] {dag.py:3490} INFO - Setting next_dagrun for segmentacao_agv_tim to None, run_after=None
[2023-07-09T19:36:06.863+0000] {processor.py:179} INFO - Processing /opt/airflow/dags/segmentacao_tim/dag_insert_agv_tim.py took 0.139 seconds
[2023-07-09T19:36:37.094+0000] {processor.py:157} INFO - Started process (PID=75) to work on /opt/airflow/dags/segmentacao_tim/dag_insert_agv_tim.py
[2023-07-09T19:36:37.095+0000] {processor.py:826} INFO - Processing file /opt/airflow/dags/segmentacao_tim/dag_insert_agv_tim.py for tasks to queue
[2023-07-09T19:36:37.096+0000] {logging_mixin.py:149} INFO - [2023-07-09T19:36:37.095+0000] {dagbag.py:541} INFO - Filling up the DagBag from /opt/airflow/dags/segmentacao_tim/dag_insert_agv_tim.py
[2023-07-09T19:36:37.103+0000] {processor.py:836} INFO - DAG(s) dict_keys(['segmentacao_agv_tim']) retrieved from /opt/airflow/dags/segmentacao_tim/dag_insert_agv_tim.py
[2023-07-09T19:36:37.227+0000] {logging_mixin.py:149} INFO - [2023-07-09T19:36:37.226+0000] {dag.py:2726} INFO - Sync 1 DAGs
[2023-07-09T19:36:37.251+0000] {logging_mixin.py:149} INFO - [2023-07-09T19:36:37.250+0000] {dag.py:3490} INFO - Setting next_dagrun for segmentacao_agv_tim to None, run_after=None
[2023-07-09T19:36:37.278+0000] {processor.py:179} INFO - Processing /opt/airflow/dags/segmentacao_tim/dag_insert_agv_tim.py took 0.188 seconds
[2023-07-09T19:37:07.770+0000] {processor.py:157} INFO - Started process (PID=88) to work on /opt/airflow/dags/segmentacao_tim/dag_insert_agv_tim.py
[2023-07-09T19:37:07.771+0000] {processor.py:826} INFO - Processing file /opt/airflow/dags/segmentacao_tim/dag_insert_agv_tim.py for tasks to queue
[2023-07-09T19:37:07.772+0000] {logging_mixin.py:149} INFO - [2023-07-09T19:37:07.772+0000] {dagbag.py:541} INFO - Filling up the DagBag from /opt/airflow/dags/segmentacao_tim/dag_insert_agv_tim.py
[2023-07-09T19:37:07.781+0000] {processor.py:836} INFO - DAG(s) dict_keys(['segmentacao_agv_tim']) retrieved from /opt/airflow/dags/segmentacao_tim/dag_insert_agv_tim.py
[2023-07-09T19:37:07.795+0000] {logging_mixin.py:149} INFO - [2023-07-09T19:37:07.795+0000] {dag.py:2726} INFO - Sync 1 DAGs
[2023-07-09T19:37:07.824+0000] {logging_mixin.py:149} INFO - [2023-07-09T19:37:07.824+0000] {dag.py:3490} INFO - Setting next_dagrun for segmentacao_agv_tim to None, run_after=None
[2023-07-09T19:37:07.848+0000] {processor.py:179} INFO - Processing /opt/airflow/dags/segmentacao_tim/dag_insert_agv_tim.py took 0.082 seconds
[2023-07-09T19:37:38.140+0000] {processor.py:157} INFO - Started process (PID=100) to work on /opt/airflow/dags/segmentacao_tim/dag_insert_agv_tim.py
[2023-07-09T19:37:38.141+0000] {processor.py:826} INFO - Processing file /opt/airflow/dags/segmentacao_tim/dag_insert_agv_tim.py for tasks to queue
[2023-07-09T19:37:38.142+0000] {logging_mixin.py:149} INFO - [2023-07-09T19:37:38.142+0000] {dagbag.py:541} INFO - Filling up the DagBag from /opt/airflow/dags/segmentacao_tim/dag_insert_agv_tim.py
[2023-07-09T19:37:38.149+0000] {processor.py:836} INFO - DAG(s) dict_keys(['segmentacao_agv_tim']) retrieved from /opt/airflow/dags/segmentacao_tim/dag_insert_agv_tim.py
[2023-07-09T19:37:38.272+0000] {logging_mixin.py:149} INFO - [2023-07-09T19:37:38.272+0000] {dag.py:2726} INFO - Sync 1 DAGs
[2023-07-09T19:37:38.296+0000] {logging_mixin.py:149} INFO - [2023-07-09T19:37:38.296+0000] {dag.py:3490} INFO - Setting next_dagrun for segmentacao_agv_tim to None, run_after=None
[2023-07-09T19:37:38.321+0000] {processor.py:179} INFO - Processing /opt/airflow/dags/segmentacao_tim/dag_insert_agv_tim.py took 0.184 seconds
[2023-07-09T19:38:08.516+0000] {processor.py:157} INFO - Started process (PID=112) to work on /opt/airflow/dags/segmentacao_tim/dag_insert_agv_tim.py
[2023-07-09T19:38:08.518+0000] {processor.py:826} INFO - Processing file /opt/airflow/dags/segmentacao_tim/dag_insert_agv_tim.py for tasks to queue
[2023-07-09T19:38:08.518+0000] {logging_mixin.py:149} INFO - [2023-07-09T19:38:08.518+0000] {dagbag.py:541} INFO - Filling up the DagBag from /opt/airflow/dags/segmentacao_tim/dag_insert_agv_tim.py
[2023-07-09T19:38:08.525+0000] {processor.py:836} INFO - DAG(s) dict_keys(['segmentacao_agv_tim']) retrieved from /opt/airflow/dags/segmentacao_tim/dag_insert_agv_tim.py
[2023-07-09T19:38:08.537+0000] {logging_mixin.py:149} INFO - [2023-07-09T19:38:08.537+0000] {dag.py:2726} INFO - Sync 1 DAGs
[2023-07-09T19:38:08.563+0000] {logging_mixin.py:149} INFO - [2023-07-09T19:38:08.563+0000] {dag.py:3490} INFO - Setting next_dagrun for segmentacao_agv_tim to None, run_after=None
[2023-07-09T19:38:08.582+0000] {processor.py:179} INFO - Processing /opt/airflow/dags/segmentacao_tim/dag_insert_agv_tim.py took 0.068 seconds
[2023-07-09T19:38:38.887+0000] {processor.py:157} INFO - Started process (PID=124) to work on /opt/airflow/dags/segmentacao_tim/dag_insert_agv_tim.py
[2023-07-09T19:38:38.888+0000] {processor.py:826} INFO - Processing file /opt/airflow/dags/segmentacao_tim/dag_insert_agv_tim.py for tasks to queue
[2023-07-09T19:38:38.888+0000] {logging_mixin.py:149} INFO - [2023-07-09T19:38:38.888+0000] {dagbag.py:541} INFO - Filling up the DagBag from /opt/airflow/dags/segmentacao_tim/dag_insert_agv_tim.py
[2023-07-09T19:38:38.896+0000] {processor.py:836} INFO - DAG(s) dict_keys(['segmentacao_agv_tim']) retrieved from /opt/airflow/dags/segmentacao_tim/dag_insert_agv_tim.py
[2023-07-09T19:38:39.039+0000] {logging_mixin.py:149} INFO - [2023-07-09T19:38:39.038+0000] {dag.py:2726} INFO - Sync 1 DAGs
[2023-07-09T19:38:39.074+0000] {logging_mixin.py:149} INFO - [2023-07-09T19:38:39.074+0000] {dag.py:3490} INFO - Setting next_dagrun for segmentacao_agv_tim to None, run_after=None
[2023-07-09T19:38:39.108+0000] {processor.py:179} INFO - Processing /opt/airflow/dags/segmentacao_tim/dag_insert_agv_tim.py took 0.226 seconds
[2023-07-09T19:39:09.377+0000] {processor.py:157} INFO - Started process (PID=136) to work on /opt/airflow/dags/segmentacao_tim/dag_insert_agv_tim.py
[2023-07-09T19:39:09.378+0000] {processor.py:826} INFO - Processing file /opt/airflow/dags/segmentacao_tim/dag_insert_agv_tim.py for tasks to queue
[2023-07-09T19:39:09.379+0000] {logging_mixin.py:149} INFO - [2023-07-09T19:39:09.379+0000] {dagbag.py:541} INFO - Filling up the DagBag from /opt/airflow/dags/segmentacao_tim/dag_insert_agv_tim.py
[2023-07-09T19:39:09.385+0000] {processor.py:836} INFO - DAG(s) dict_keys(['segmentacao_agv_tim']) retrieved from /opt/airflow/dags/segmentacao_tim/dag_insert_agv_tim.py
[2023-07-09T19:39:09.397+0000] {logging_mixin.py:149} INFO - [2023-07-09T19:39:09.397+0000] {dag.py:2726} INFO - Sync 1 DAGs
[2023-07-09T19:39:09.421+0000] {logging_mixin.py:149} INFO - [2023-07-09T19:39:09.421+0000] {dag.py:3490} INFO - Setting next_dagrun for segmentacao_agv_tim to None, run_after=None
[2023-07-09T19:39:09.441+0000] {processor.py:179} INFO - Processing /opt/airflow/dags/segmentacao_tim/dag_insert_agv_tim.py took 0.068 seconds
[2023-07-09T19:39:39.737+0000] {processor.py:157} INFO - Started process (PID=148) to work on /opt/airflow/dags/segmentacao_tim/dag_insert_agv_tim.py
[2023-07-09T19:39:39.738+0000] {processor.py:826} INFO - Processing file /opt/airflow/dags/segmentacao_tim/dag_insert_agv_tim.py for tasks to queue
[2023-07-09T19:39:39.738+0000] {logging_mixin.py:149} INFO - [2023-07-09T19:39:39.738+0000] {dagbag.py:541} INFO - Filling up the DagBag from /opt/airflow/dags/segmentacao_tim/dag_insert_agv_tim.py
[2023-07-09T19:39:39.745+0000] {processor.py:836} INFO - DAG(s) dict_keys(['segmentacao_agv_tim']) retrieved from /opt/airflow/dags/segmentacao_tim/dag_insert_agv_tim.py
[2023-07-09T19:39:39.865+0000] {logging_mixin.py:149} INFO - [2023-07-09T19:39:39.865+0000] {dag.py:2726} INFO - Sync 1 DAGs
[2023-07-09T19:39:39.889+0000] {logging_mixin.py:149} INFO - [2023-07-09T19:39:39.889+0000] {dag.py:3490} INFO - Setting next_dagrun for segmentacao_agv_tim to None, run_after=None
[2023-07-09T19:39:39.912+0000] {processor.py:179} INFO - Processing /opt/airflow/dags/segmentacao_tim/dag_insert_agv_tim.py took 0.179 seconds
[2023-07-09T19:40:10.098+0000] {processor.py:157} INFO - Started process (PID=160) to work on /opt/airflow/dags/segmentacao_tim/dag_insert_agv_tim.py
[2023-07-09T19:40:10.099+0000] {processor.py:826} INFO - Processing file /opt/airflow/dags/segmentacao_tim/dag_insert_agv_tim.py for tasks to queue
[2023-07-09T19:40:10.100+0000] {logging_mixin.py:149} INFO - [2023-07-09T19:40:10.100+0000] {dagbag.py:541} INFO - Filling up the DagBag from /opt/airflow/dags/segmentacao_tim/dag_insert_agv_tim.py
[2023-07-09T19:40:10.108+0000] {processor.py:836} INFO - DAG(s) dict_keys(['segmentacao_agv_tim']) retrieved from /opt/airflow/dags/segmentacao_tim/dag_insert_agv_tim.py
[2023-07-09T19:40:10.133+0000] {logging_mixin.py:149} INFO - [2023-07-09T19:40:10.133+0000] {dag.py:2726} INFO - Sync 1 DAGs
[2023-07-09T19:40:10.180+0000] {logging_mixin.py:149} INFO - [2023-07-09T19:40:10.180+0000] {dag.py:3490} INFO - Setting next_dagrun for segmentacao_agv_tim to None, run_after=None
[2023-07-09T19:40:10.199+0000] {processor.py:179} INFO - Processing /opt/airflow/dags/segmentacao_tim/dag_insert_agv_tim.py took 0.105 seconds
[2023-07-09T19:40:20.247+0000] {processor.py:157} INFO - Started process (PID=161) to work on /opt/airflow/dags/segmentacao_tim/dag_insert_agv_tim.py
[2023-07-09T19:40:20.250+0000] {processor.py:826} INFO - Processing file /opt/airflow/dags/segmentacao_tim/dag_insert_agv_tim.py for tasks to queue
[2023-07-09T19:40:20.251+0000] {logging_mixin.py:149} INFO - [2023-07-09T19:40:20.251+0000] {dagbag.py:541} INFO - Filling up the DagBag from /opt/airflow/dags/segmentacao_tim/dag_insert_agv_tim.py
[2023-07-09T19:40:20.258+0000] {processor.py:836} INFO - DAG(s) dict_keys(['Trigger_insert_agv_preditivo_tim']) retrieved from /opt/airflow/dags/segmentacao_tim/dag_insert_agv_tim.py
[2023-07-09T19:40:20.270+0000] {logging_mixin.py:149} INFO - [2023-07-09T19:40:20.270+0000] {dag.py:2726} INFO - Sync 1 DAGs
[2023-07-09T19:40:20.295+0000] {logging_mixin.py:149} INFO - [2023-07-09T19:40:20.295+0000] {dag.py:3490} INFO - Setting next_dagrun for Trigger_insert_agv_preditivo_tim to None, run_after=None
[2023-07-09T19:40:20.314+0000] {processor.py:179} INFO - Processing /opt/airflow/dags/segmentacao_tim/dag_insert_agv_tim.py took 0.071 seconds
[2023-07-09T19:40:37.464+0000] {processor.py:157} INFO - Started process (PID=171) to work on /opt/airflow/dags/segmentacao_tim/dag_insert_agv_tim.py
[2023-07-09T19:40:37.468+0000] {processor.py:826} INFO - Processing file /opt/airflow/dags/segmentacao_tim/dag_insert_agv_tim.py for tasks to queue
[2023-07-09T19:40:37.468+0000] {logging_mixin.py:149} INFO - [2023-07-09T19:40:37.468+0000] {dagbag.py:541} INFO - Filling up the DagBag from /opt/airflow/dags/segmentacao_tim/dag_insert_agv_tim.py
[2023-07-09T19:40:37.474+0000] {processor.py:836} INFO - DAG(s) dict_keys(['Trigger_insert_agv_preditivo_tim']) retrieved from /opt/airflow/dags/segmentacao_tim/dag_insert_agv_tim.py
[2023-07-09T19:40:37.591+0000] {logging_mixin.py:149} INFO - [2023-07-09T19:40:37.591+0000] {dag.py:2726} INFO - Sync 1 DAGs
[2023-07-09T19:40:37.615+0000] {logging_mixin.py:149} INFO - [2023-07-09T19:40:37.615+0000] {dag.py:3490} INFO - Setting next_dagrun for Trigger_insert_agv_preditivo_tim to None, run_after=None
[2023-07-09T19:40:37.638+0000] {processor.py:179} INFO - Processing /opt/airflow/dags/segmentacao_tim/dag_insert_agv_tim.py took 0.177 seconds
[2023-07-09T19:40:41.674+0000] {processor.py:157} INFO - Started process (PID=174) to work on /opt/airflow/dags/segmentacao_tim/dag_insert_agv_tim.py
[2023-07-09T19:40:41.677+0000] {processor.py:826} INFO - Processing file /opt/airflow/dags/segmentacao_tim/dag_insert_agv_tim.py for tasks to queue
[2023-07-09T19:40:41.678+0000] {logging_mixin.py:149} INFO - [2023-07-09T19:40:41.678+0000] {dagbag.py:541} INFO - Filling up the DagBag from /opt/airflow/dags/segmentacao_tim/dag_insert_agv_tim.py
[2023-07-09T19:40:41.684+0000] {processor.py:836} INFO - DAG(s) dict_keys(['Trigger_insert_agv_preditivo_tim']) retrieved from /opt/airflow/dags/segmentacao_tim/dag_insert_agv_tim.py
[2023-07-09T19:40:41.694+0000] {logging_mixin.py:149} INFO - [2023-07-09T19:40:41.694+0000] {dag.py:2726} INFO - Sync 1 DAGs
[2023-07-09T19:40:41.720+0000] {logging_mixin.py:149} INFO - [2023-07-09T19:40:41.720+0000] {dag.py:3490} INFO - Setting next_dagrun for Trigger_insert_agv_preditivo_tim to None, run_after=None
[2023-07-09T19:40:41.739+0000] {processor.py:179} INFO - Processing /opt/airflow/dags/segmentacao_tim/dag_insert_agv_tim.py took 0.068 seconds
[2023-07-09T19:41:11.977+0000] {processor.py:157} INFO - Started process (PID=186) to work on /opt/airflow/dags/segmentacao_tim/dag_insert_agv_tim.py
[2023-07-09T19:41:11.980+0000] {processor.py:826} INFO - Processing file /opt/airflow/dags/segmentacao_tim/dag_insert_agv_tim.py for tasks to queue
[2023-07-09T19:41:11.981+0000] {logging_mixin.py:149} INFO - [2023-07-09T19:41:11.981+0000] {dagbag.py:541} INFO - Filling up the DagBag from /opt/airflow/dags/segmentacao_tim/dag_insert_agv_tim.py
[2023-07-09T19:41:11.987+0000] {processor.py:836} INFO - DAG(s) dict_keys(['Trigger_insert_agv_preditivo_tim']) retrieved from /opt/airflow/dags/segmentacao_tim/dag_insert_agv_tim.py
[2023-07-09T19:41:12.014+0000] {logging_mixin.py:149} INFO - [2023-07-09T19:41:12.014+0000] {dag.py:2726} INFO - Sync 1 DAGs
[2023-07-09T19:41:12.040+0000] {logging_mixin.py:149} INFO - [2023-07-09T19:41:12.040+0000] {dag.py:3490} INFO - Setting next_dagrun for Trigger_insert_agv_preditivo_tim to None, run_after=None
[2023-07-09T19:41:12.066+0000] {processor.py:179} INFO - Processing /opt/airflow/dags/segmentacao_tim/dag_insert_agv_tim.py took 0.093 seconds
[2023-07-09T19:41:23.103+0000] {processor.py:157} INFO - Started process (PID=187) to work on /opt/airflow/dags/segmentacao_tim/dag_insert_agv_tim.py
[2023-07-09T19:41:23.106+0000] {processor.py:826} INFO - Processing file /opt/airflow/dags/segmentacao_tim/dag_insert_agv_tim.py for tasks to queue
[2023-07-09T19:41:23.107+0000] {logging_mixin.py:149} INFO - [2023-07-09T19:41:23.107+0000] {dagbag.py:541} INFO - Filling up the DagBag from /opt/airflow/dags/segmentacao_tim/dag_insert_agv_tim.py
[2023-07-09T19:41:23.114+0000] {processor.py:836} INFO - DAG(s) dict_keys(['Trigger_insert_agv_preditivo_tim']) retrieved from /opt/airflow/dags/segmentacao_tim/dag_insert_agv_tim.py
[2023-07-09T19:41:23.229+0000] {logging_mixin.py:149} INFO - [2023-07-09T19:41:23.229+0000] {dag.py:2726} INFO - Sync 1 DAGs
[2023-07-09T19:41:23.252+0000] {logging_mixin.py:149} INFO - [2023-07-09T19:41:23.252+0000] {dag.py:3490} INFO - Setting next_dagrun for Trigger_insert_agv_preditivo_tim to None, run_after=None
[2023-07-09T19:41:23.275+0000] {processor.py:179} INFO - Processing /opt/airflow/dags/segmentacao_tim/dag_insert_agv_tim.py took 0.175 seconds
[2023-07-09T19:41:35.363+0000] {processor.py:157} INFO - Started process (PID=197) to work on /opt/airflow/dags/segmentacao_tim/dag_insert_agv_tim.py
[2023-07-09T19:41:35.367+0000] {processor.py:826} INFO - Processing file /opt/airflow/dags/segmentacao_tim/dag_insert_agv_tim.py for tasks to queue
[2023-07-09T19:41:35.368+0000] {logging_mixin.py:149} INFO - [2023-07-09T19:41:35.368+0000] {dagbag.py:541} INFO - Filling up the DagBag from /opt/airflow/dags/segmentacao_tim/dag_insert_agv_tim.py
[2023-07-09T19:41:35.374+0000] {processor.py:836} INFO - DAG(s) dict_keys(['Trigger_insert_agv_tim']) retrieved from /opt/airflow/dags/segmentacao_tim/dag_insert_agv_tim.py
[2023-07-09T19:41:35.489+0000] {logging_mixin.py:149} INFO - [2023-07-09T19:41:35.489+0000] {manager.py:504} INFO - Created Permission View: can edit on DAG:Trigger_insert_agv_tim
[2023-07-09T19:41:35.501+0000] {logging_mixin.py:149} INFO - [2023-07-09T19:41:35.501+0000] {manager.py:504} INFO - Created Permission View: can delete on DAG:Trigger_insert_agv_tim
[2023-07-09T19:41:35.509+0000] {logging_mixin.py:149} INFO - [2023-07-09T19:41:35.509+0000] {manager.py:504} INFO - Created Permission View: can read on DAG:Trigger_insert_agv_tim
[2023-07-09T19:41:35.527+0000] {logging_mixin.py:149} INFO - [2023-07-09T19:41:35.527+0000] {dag.py:2726} INFO - Sync 1 DAGs
[2023-07-09T19:41:35.541+0000] {logging_mixin.py:149} INFO - [2023-07-09T19:41:35.541+0000] {dag.py:2747} INFO - Creating ORM DAG for Trigger_insert_agv_tim
[2023-07-09T19:41:35.553+0000] {logging_mixin.py:149} INFO - [2023-07-09T19:41:35.553+0000] {dag.py:3490} INFO - Setting next_dagrun for Trigger_insert_agv_tim to 2023-07-01T00:00:00+00:00, run_after=2023-07-01T00:00:00+00:00
[2023-07-09T19:41:35.571+0000] {processor.py:179} INFO - Processing /opt/airflow/dags/segmentacao_tim/dag_insert_agv_tim.py took 0.211 seconds
[2023-07-09T19:42:05.679+0000] {processor.py:157} INFO - Started process (PID=209) to work on /opt/airflow/dags/segmentacao_tim/dag_insert_agv_tim.py
[2023-07-09T19:42:05.682+0000] {processor.py:826} INFO - Processing file /opt/airflow/dags/segmentacao_tim/dag_insert_agv_tim.py for tasks to queue
[2023-07-09T19:42:05.683+0000] {logging_mixin.py:149} INFO - [2023-07-09T19:42:05.683+0000] {dagbag.py:541} INFO - Filling up the DagBag from /opt/airflow/dags/segmentacao_tim/dag_insert_agv_tim.py
[2023-07-09T19:42:05.688+0000] {processor.py:836} INFO - DAG(s) dict_keys(['Trigger_insert_agv_tim']) retrieved from /opt/airflow/dags/segmentacao_tim/dag_insert_agv_tim.py
[2023-07-09T19:42:05.713+0000] {logging_mixin.py:149} INFO - [2023-07-09T19:42:05.713+0000] {dag.py:2726} INFO - Sync 1 DAGs
[2023-07-09T19:42:05.737+0000] {logging_mixin.py:149} INFO - [2023-07-09T19:42:05.737+0000] {dag.py:3490} INFO - Setting next_dagrun for Trigger_insert_agv_tim to 2023-07-01T00:00:00+00:00, run_after=2023-07-01T00:00:00+00:00
[2023-07-09T19:42:05.755+0000] {processor.py:179} INFO - Processing /opt/airflow/dags/segmentacao_tim/dag_insert_agv_tim.py took 0.081 seconds
[2023-07-09T19:42:36.054+0000] {processor.py:157} INFO - Started process (PID=222) to work on /opt/airflow/dags/segmentacao_tim/dag_insert_agv_tim.py
[2023-07-09T19:42:36.057+0000] {processor.py:826} INFO - Processing file /opt/airflow/dags/segmentacao_tim/dag_insert_agv_tim.py for tasks to queue
[2023-07-09T19:42:36.058+0000] {logging_mixin.py:149} INFO - [2023-07-09T19:42:36.058+0000] {dagbag.py:541} INFO - Filling up the DagBag from /opt/airflow/dags/segmentacao_tim/dag_insert_agv_tim.py
[2023-07-09T19:42:36.063+0000] {processor.py:836} INFO - DAG(s) dict_keys(['Trigger_insert_agv_tim']) retrieved from /opt/airflow/dags/segmentacao_tim/dag_insert_agv_tim.py
[2023-07-09T19:42:36.088+0000] {logging_mixin.py:149} INFO - [2023-07-09T19:42:36.087+0000] {dag.py:2726} INFO - Sync 1 DAGs
[2023-07-09T19:42:36.111+0000] {logging_mixin.py:149} INFO - [2023-07-09T19:42:36.111+0000] {dag.py:3490} INFO - Setting next_dagrun for Trigger_insert_agv_tim to 2023-07-01T00:00:00+00:00, run_after=2023-07-01T00:00:00+00:00
[2023-07-09T19:42:36.129+0000] {processor.py:179} INFO - Processing /opt/airflow/dags/segmentacao_tim/dag_insert_agv_tim.py took 0.079 seconds
[2023-07-09T19:42:54.259+0000] {processor.py:157} INFO - Started process (PID=225) to work on /opt/airflow/dags/segmentacao_tim/dag_insert_agv_tim.py
[2023-07-09T19:42:54.262+0000] {processor.py:826} INFO - Processing file /opt/airflow/dags/segmentacao_tim/dag_insert_agv_tim.py for tasks to queue
[2023-07-09T19:42:54.263+0000] {logging_mixin.py:149} INFO - [2023-07-09T19:42:54.263+0000] {dagbag.py:541} INFO - Filling up the DagBag from /opt/airflow/dags/segmentacao_tim/dag_insert_agv_tim.py
[2023-07-09T19:42:54.272+0000] {processor.py:836} INFO - DAG(s) dict_keys(['Trigger_insert_agv_tim']) retrieved from /opt/airflow/dags/segmentacao_tim/dag_insert_agv_tim.py
[2023-07-09T19:42:54.300+0000] {logging_mixin.py:149} INFO - [2023-07-09T19:42:54.300+0000] {dag.py:2726} INFO - Sync 1 DAGs
[2023-07-09T19:42:54.326+0000] {logging_mixin.py:149} INFO - [2023-07-09T19:42:54.326+0000] {dag.py:3490} INFO - Setting next_dagrun for Trigger_insert_agv_tim to 2023-07-01T00:00:00+00:00, run_after=2023-07-01T00:00:00+00:00
[2023-07-09T19:42:54.349+0000] {processor.py:179} INFO - Processing /opt/airflow/dags/segmentacao_tim/dag_insert_agv_tim.py took 0.093 seconds
[2023-07-09T19:43:24.596+0000] {processor.py:157} INFO - Started process (PID=238) to work on /opt/airflow/dags/segmentacao_tim/dag_insert_agv_tim.py
[2023-07-09T19:43:24.598+0000] {processor.py:826} INFO - Processing file /opt/airflow/dags/segmentacao_tim/dag_insert_agv_tim.py for tasks to queue
[2023-07-09T19:43:24.598+0000] {logging_mixin.py:149} INFO - [2023-07-09T19:43:24.598+0000] {dagbag.py:541} INFO - Filling up the DagBag from /opt/airflow/dags/segmentacao_tim/dag_insert_agv_tim.py
[2023-07-09T19:43:24.605+0000] {processor.py:836} INFO - DAG(s) dict_keys(['Trigger_insert_agv_tim']) retrieved from /opt/airflow/dags/segmentacao_tim/dag_insert_agv_tim.py
[2023-07-09T19:43:24.631+0000] {logging_mixin.py:149} INFO - [2023-07-09T19:43:24.631+0000] {dag.py:2726} INFO - Sync 1 DAGs
[2023-07-09T19:43:24.659+0000] {logging_mixin.py:149} INFO - [2023-07-09T19:43:24.659+0000] {dag.py:3490} INFO - Setting next_dagrun for Trigger_insert_agv_tim to 2023-07-01T00:00:00+00:00, run_after=2023-07-01T00:00:00+00:00
[2023-07-09T19:43:24.681+0000] {processor.py:179} INFO - Processing /opt/airflow/dags/segmentacao_tim/dag_insert_agv_tim.py took 0.089 seconds
[2023-07-09T19:43:54.975+0000] {processor.py:157} INFO - Started process (PID=251) to work on /opt/airflow/dags/segmentacao_tim/dag_insert_agv_tim.py
[2023-07-09T19:43:54.978+0000] {processor.py:826} INFO - Processing file /opt/airflow/dags/segmentacao_tim/dag_insert_agv_tim.py for tasks to queue
[2023-07-09T19:43:54.979+0000] {logging_mixin.py:149} INFO - [2023-07-09T19:43:54.979+0000] {dagbag.py:541} INFO - Filling up the DagBag from /opt/airflow/dags/segmentacao_tim/dag_insert_agv_tim.py
[2023-07-09T19:43:54.984+0000] {processor.py:836} INFO - DAG(s) dict_keys(['Trigger_insert_agv_tim']) retrieved from /opt/airflow/dags/segmentacao_tim/dag_insert_agv_tim.py
[2023-07-09T19:43:55.017+0000] {logging_mixin.py:149} INFO - [2023-07-09T19:43:55.017+0000] {dag.py:2726} INFO - Sync 1 DAGs
[2023-07-09T19:43:55.044+0000] {logging_mixin.py:149} INFO - [2023-07-09T19:43:55.044+0000] {dag.py:3490} INFO - Setting next_dagrun for Trigger_insert_agv_tim to 2023-07-01T00:00:00+00:00, run_after=2023-07-01T00:00:00+00:00
[2023-07-09T19:43:55.062+0000] {processor.py:179} INFO - Processing /opt/airflow/dags/segmentacao_tim/dag_insert_agv_tim.py took 0.090 seconds
[2023-07-09T19:44:25.238+0000] {processor.py:157} INFO - Started process (PID=264) to work on /opt/airflow/dags/segmentacao_tim/dag_insert_agv_tim.py
[2023-07-09T19:44:25.241+0000] {processor.py:826} INFO - Processing file /opt/airflow/dags/segmentacao_tim/dag_insert_agv_tim.py for tasks to queue
[2023-07-09T19:44:25.242+0000] {logging_mixin.py:149} INFO - [2023-07-09T19:44:25.242+0000] {dagbag.py:541} INFO - Filling up the DagBag from /opt/airflow/dags/segmentacao_tim/dag_insert_agv_tim.py
[2023-07-09T19:44:25.247+0000] {processor.py:836} INFO - DAG(s) dict_keys(['Trigger_insert_agv_tim']) retrieved from /opt/airflow/dags/segmentacao_tim/dag_insert_agv_tim.py
[2023-07-09T19:44:25.272+0000] {logging_mixin.py:149} INFO - [2023-07-09T19:44:25.272+0000] {dag.py:2726} INFO - Sync 1 DAGs
[2023-07-09T19:44:25.295+0000] {logging_mixin.py:149} INFO - [2023-07-09T19:44:25.295+0000] {dag.py:3490} INFO - Setting next_dagrun for Trigger_insert_agv_tim to 2023-07-01T00:00:00+00:00, run_after=2023-07-01T00:00:00+00:00
[2023-07-09T19:44:25.313+0000] {processor.py:179} INFO - Processing /opt/airflow/dags/segmentacao_tim/dag_insert_agv_tim.py took 0.077 seconds
[2023-07-09T19:44:55.619+0000] {processor.py:157} INFO - Started process (PID=277) to work on /opt/airflow/dags/segmentacao_tim/dag_insert_agv_tim.py
[2023-07-09T19:44:55.622+0000] {processor.py:826} INFO - Processing file /opt/airflow/dags/segmentacao_tim/dag_insert_agv_tim.py for tasks to queue
[2023-07-09T19:44:55.623+0000] {logging_mixin.py:149} INFO - [2023-07-09T19:44:55.623+0000] {dagbag.py:541} INFO - Filling up the DagBag from /opt/airflow/dags/segmentacao_tim/dag_insert_agv_tim.py
[2023-07-09T19:44:55.629+0000] {processor.py:836} INFO - DAG(s) dict_keys(['Trigger_insert_agv_tim']) retrieved from /opt/airflow/dags/segmentacao_tim/dag_insert_agv_tim.py
[2023-07-09T19:44:55.656+0000] {logging_mixin.py:149} INFO - [2023-07-09T19:44:55.656+0000] {dag.py:2726} INFO - Sync 1 DAGs
[2023-07-09T19:44:55.686+0000] {logging_mixin.py:149} INFO - [2023-07-09T19:44:55.686+0000] {dag.py:3490} INFO - Setting next_dagrun for Trigger_insert_agv_tim to 2023-07-01T00:00:00+00:00, run_after=2023-07-01T00:00:00+00:00
[2023-07-09T19:44:55.709+0000] {processor.py:179} INFO - Processing /opt/airflow/dags/segmentacao_tim/dag_insert_agv_tim.py took 0.092 seconds
[2023-07-09T19:45:26.068+0000] {processor.py:157} INFO - Started process (PID=290) to work on /opt/airflow/dags/segmentacao_tim/dag_insert_agv_tim.py
[2023-07-09T19:45:26.072+0000] {processor.py:826} INFO - Processing file /opt/airflow/dags/segmentacao_tim/dag_insert_agv_tim.py for tasks to queue
[2023-07-09T19:45:26.073+0000] {logging_mixin.py:149} INFO - [2023-07-09T19:45:26.073+0000] {dagbag.py:541} INFO - Filling up the DagBag from /opt/airflow/dags/segmentacao_tim/dag_insert_agv_tim.py
[2023-07-09T19:45:26.081+0000] {processor.py:836} INFO - DAG(s) dict_keys(['Trigger_insert_agv_tim']) retrieved from /opt/airflow/dags/segmentacao_tim/dag_insert_agv_tim.py
[2023-07-09T19:45:26.108+0000] {logging_mixin.py:149} INFO - [2023-07-09T19:45:26.108+0000] {dag.py:2726} INFO - Sync 1 DAGs
[2023-07-09T19:45:26.132+0000] {logging_mixin.py:149} INFO - [2023-07-09T19:45:26.132+0000] {dag.py:3490} INFO - Setting next_dagrun for Trigger_insert_agv_tim to 2023-07-01T00:00:00+00:00, run_after=2023-07-01T00:00:00+00:00
[2023-07-09T19:45:26.152+0000] {processor.py:179} INFO - Processing /opt/airflow/dags/segmentacao_tim/dag_insert_agv_tim.py took 0.088 seconds
